#! /usr/bin/vvp
:ivl_version "10.3 (stable)";
:ivl_delay_selection "TYPICAL";
:vpi_time_precision + 0;
:vpi_module "system";
:vpi_module "vhdl_sys";
:vpi_module "v2005_math";
:vpi_module "va_math";
S_0x55f5b3103ed0 .scope module, "JAM" "JAM" 2 1;
 .timescale 0 0;
    .port_info 0 /INPUT 1 "CLK"
    .port_info 1 /INPUT 1 "RST"
    .port_info 2 /OUTPUT 3 "W"
    .port_info 3 /OUTPUT 3 "J"
    .port_info 4 /INPUT 7 "Cost"
    .port_info 5 /OUTPUT 4 "MatchCount"
    .port_info 6 /OUTPUT 10 "MinCost"
    .port_info 7 /OUTPUT 1 "Valid"
P_0x55f5b3104070 .param/l "CAL" 0 2 15, C4<010>;
P_0x55f5b31040b0 .param/l "IDLE" 0 2 13, C4<000>;
P_0x55f5b31040f0 .param/l "OUT" 0 2 16, C4<011>;
P_0x55f5b3104130 .param/l "READ" 0 2 14, C4<001>;
L_0x55f5b31543f0 .functor BUFZ 3, L_0x55f5b3155500, C4<000>, C4<000>, C4<000>;
o0x7f7e884fc018 .functor BUFZ 1, C4<z>; HiZ drive
v0x55f5b31061c0_0 .net "CLK", 0 0, o0x7f7e884fc018;  0 drivers
o0x7f7e884fc048 .functor BUFZ 7, C4<zzzzzzz>; HiZ drive
v0x55f5b31062c0_0 .net "Cost", 6 0, o0x7f7e884fc048;  0 drivers
v0x55f5b31095f0_0 .net "J", 2 0, L_0x55f5b31543f0;  1 drivers
v0x55f5b3109690_0 .var "MatchCount", 3 0;
v0x55f5b312e240_0 .var "MinCost", 9 0;
o0x7f7e884fc108 .functor BUFZ 1, C4<z>; HiZ drive
v0x55f5b312e2e0_0 .net "RST", 0 0, o0x7f7e884fc108;  0 drivers
v0x55f5b31504b0_0 .var "Valid", 0 0;
v0x55f5b3150570_0 .net "W", 2 0, L_0x55f5b3155460;  1 drivers
v0x55f5b3150650_0 .net *"_s10", 1 0, L_0x55f5b3153620;  1 drivers
v0x55f5b3150730_0 .net *"_s101", 2 0, L_0x55f5b3155500;  1 drivers
v0x55f5b3150810_0 .net *"_s103", 4 0, L_0x55f5b3155670;  1 drivers
L_0x7f7e884b3408 .functor BUFT 1, C4<0>, C4<0>, C4<0>, C4<0>;
v0x55f5b31508f0_0 .net *"_s106", 0 0, L_0x7f7e884b3408;  1 drivers
v0x55f5b31509d0_0 .net *"_s13", 0 0, L_0x55f5b3153760;  1 drivers
v0x55f5b3150ab0_0 .net *"_s18", 0 0, L_0x55f5b3153850;  1 drivers
L_0x7f7e884b30a8 .functor BUFT 1, C4<01>, C4<0>, C4<0>, C4<0>;
v0x55f5b3150b70_0 .net/2s *"_s20", 1 0, L_0x7f7e884b30a8;  1 drivers
L_0x7f7e884b30f0 .functor BUFT 1, C4<00>, C4<0>, C4<0>, C4<0>;
v0x55f5b3150c50_0 .net/2s *"_s22", 1 0, L_0x7f7e884b30f0;  1 drivers
v0x55f5b3150d30_0 .net *"_s24", 1 0, L_0x55f5b3153970;  1 drivers
v0x55f5b3150f20_0 .net *"_s27", 0 0, L_0x55f5b3153b30;  1 drivers
v0x55f5b3151000_0 .net *"_s32", 0 0, L_0x55f5b3153c60;  1 drivers
L_0x7f7e884b3138 .functor BUFT 1, C4<01>, C4<0>, C4<0>, C4<0>;
v0x55f5b31510c0_0 .net/2s *"_s34", 1 0, L_0x7f7e884b3138;  1 drivers
L_0x7f7e884b3180 .functor BUFT 1, C4<00>, C4<0>, C4<0>, C4<0>;
v0x55f5b31511a0_0 .net/2s *"_s36", 1 0, L_0x7f7e884b3180;  1 drivers
v0x55f5b3151280_0 .net *"_s38", 1 0, L_0x55f5b3153da0;  1 drivers
v0x55f5b3151360_0 .net *"_s4", 0 0, L_0x55f5b3153580;  1 drivers
v0x55f5b3151420_0 .net *"_s41", 0 0, L_0x55f5b3153f80;  1 drivers
v0x55f5b3151500_0 .net *"_s46", 0 0, L_0x55f5b3154070;  1 drivers
L_0x7f7e884b31c8 .functor BUFT 1, C4<01>, C4<0>, C4<0>, C4<0>;
v0x55f5b31515c0_0 .net/2s *"_s48", 1 0, L_0x7f7e884b31c8;  1 drivers
L_0x7f7e884b3210 .functor BUFT 1, C4<00>, C4<0>, C4<0>, C4<0>;
v0x55f5b31516a0_0 .net/2s *"_s50", 1 0, L_0x7f7e884b3210;  1 drivers
v0x55f5b3151780_0 .net *"_s52", 1 0, L_0x55f5b31541c0;  1 drivers
v0x55f5b3151860_0 .net *"_s55", 0 0, L_0x55f5b3154300;  1 drivers
L_0x7f7e884b3018 .functor BUFT 1, C4<01>, C4<0>, C4<0>, C4<0>;
v0x55f5b3151940_0 .net/2s *"_s6", 1 0, L_0x7f7e884b3018;  1 drivers
v0x55f5b3151a20_0 .net *"_s60", 0 0, L_0x55f5b3154460;  1 drivers
L_0x7f7e884b3258 .functor BUFT 1, C4<01>, C4<0>, C4<0>, C4<0>;
v0x55f5b3151ae0_0 .net/2s *"_s62", 1 0, L_0x7f7e884b3258;  1 drivers
L_0x7f7e884b32a0 .functor BUFT 1, C4<00>, C4<0>, C4<0>, C4<0>;
v0x55f5b3151bc0_0 .net/2s *"_s64", 1 0, L_0x7f7e884b32a0;  1 drivers
v0x55f5b3151eb0_0 .net *"_s66", 1 0, L_0x55f5b3154550;  1 drivers
v0x55f5b3151f90_0 .net *"_s69", 0 0, L_0x55f5b3154740;  1 drivers
v0x55f5b3152070_0 .net *"_s74", 0 0, L_0x55f5b3154830;  1 drivers
L_0x7f7e884b32e8 .functor BUFT 1, C4<01>, C4<0>, C4<0>, C4<0>;
v0x55f5b3152130_0 .net/2s *"_s76", 1 0, L_0x7f7e884b32e8;  1 drivers
L_0x7f7e884b3330 .functor BUFT 1, C4<00>, C4<0>, C4<0>, C4<0>;
v0x55f5b3152210_0 .net/2s *"_s78", 1 0, L_0x7f7e884b3330;  1 drivers
L_0x7f7e884b3060 .functor BUFT 1, C4<00>, C4<0>, C4<0>, C4<0>;
v0x55f5b31522f0_0 .net/2s *"_s8", 1 0, L_0x7f7e884b3060;  1 drivers
v0x55f5b31523d0_0 .net *"_s80", 1 0, L_0x55f5b31549b0;  1 drivers
v0x55f5b31524b0_0 .net *"_s83", 0 0, L_0x55f5b3154b70;  1 drivers
v0x55f5b3152590_0 .net *"_s89", 0 0, L_0x55f5b3154fd0;  1 drivers
L_0x7f7e884b3378 .functor BUFT 1, C4<01>, C4<0>, C4<0>, C4<0>;
v0x55f5b3152650_0 .net/2s *"_s91", 1 0, L_0x7f7e884b3378;  1 drivers
L_0x7f7e884b33c0 .functor BUFT 1, C4<00>, C4<0>, C4<0>, C4<0>;
v0x55f5b3152730_0 .net/2s *"_s93", 1 0, L_0x7f7e884b33c0;  1 drivers
v0x55f5b3152810_0 .net *"_s95", 1 0, L_0x55f5b3154c60;  1 drivers
v0x55f5b31528f0_0 .net *"_s98", 0 0, L_0x55f5b3155260;  1 drivers
v0x55f5b31529d0 .array "arr", 7 0, 2 0;
v0x55f5b3152b90_0 .net "cmp", 6 0, L_0x55f5b3154d00;  1 drivers
v0x55f5b3152c70_0 .var "cnt", 3 0;
v0x55f5b3152d50_0 .var "done", 0 0;
v0x55f5b3152e10_0 .var "i", 2 0;
v0x55f5b3152ef0_0 .var "idx", 2 0;
v0x55f5b3152fd0_0 .var "min", 9 0;
v0x55f5b31530b0_0 .var "next_state", 2 0;
v0x55f5b3153190_0 .var "state", 2 0;
v0x55f5b3153270_0 .var "sw", 2 0;
v0x55f5b3153350_0 .var "tmp", 2 0;
E_0x55f5b310d290 .event edge, v0x55f5b31530b0_0;
E_0x55f5b310cb70 .event edge, v0x55f5b3152b90_0;
E_0x55f5b310ca20 .event posedge, v0x55f5b312e2e0_0, v0x55f5b31061c0_0;
v0x55f5b31529d0_0 .array/port v0x55f5b31529d0, 0;
E_0x55f5b310e720/0 .event edge, v0x55f5b312e2e0_0, v0x55f5b3153190_0, v0x55f5b3152c70_0, v0x55f5b31529d0_0;
v0x55f5b31529d0_1 .array/port v0x55f5b31529d0, 1;
v0x55f5b31529d0_2 .array/port v0x55f5b31529d0, 2;
v0x55f5b31529d0_3 .array/port v0x55f5b31529d0, 3;
v0x55f5b31529d0_4 .array/port v0x55f5b31529d0, 4;
E_0x55f5b310e720/1 .event edge, v0x55f5b31529d0_1, v0x55f5b31529d0_2, v0x55f5b31529d0_3, v0x55f5b31529d0_4;
v0x55f5b31529d0_5 .array/port v0x55f5b31529d0, 5;
v0x55f5b31529d0_6 .array/port v0x55f5b31529d0, 6;
v0x55f5b31529d0_7 .array/port v0x55f5b31529d0, 7;
E_0x55f5b310e720/2 .event edge, v0x55f5b31529d0_5, v0x55f5b31529d0_6, v0x55f5b31529d0_7;
E_0x55f5b310e720 .event/or E_0x55f5b310e720/0, E_0x55f5b310e720/1, E_0x55f5b310e720/2;
L_0x55f5b3153580 .cmp/gt 3, v0x55f5b31529d0_7, v0x55f5b31529d0_6;
L_0x55f5b3153620 .functor MUXZ 2, L_0x7f7e884b3060, L_0x7f7e884b3018, L_0x55f5b3153580, C4<>;
L_0x55f5b3153760 .part L_0x55f5b3153620, 0, 1;
L_0x55f5b3153850 .cmp/gt 3, v0x55f5b31529d0_6, v0x55f5b31529d0_5;
L_0x55f5b3153970 .functor MUXZ 2, L_0x7f7e884b30f0, L_0x7f7e884b30a8, L_0x55f5b3153850, C4<>;
L_0x55f5b3153b30 .part L_0x55f5b3153970, 0, 1;
L_0x55f5b3153c60 .cmp/gt 3, v0x55f5b31529d0_5, v0x55f5b31529d0_4;
L_0x55f5b3153da0 .functor MUXZ 2, L_0x7f7e884b3180, L_0x7f7e884b3138, L_0x55f5b3153c60, C4<>;
L_0x55f5b3153f80 .part L_0x55f5b3153da0, 0, 1;
L_0x55f5b3154070 .cmp/gt 3, v0x55f5b31529d0_4, v0x55f5b31529d0_3;
L_0x55f5b31541c0 .functor MUXZ 2, L_0x7f7e884b3210, L_0x7f7e884b31c8, L_0x55f5b3154070, C4<>;
L_0x55f5b3154300 .part L_0x55f5b31541c0, 0, 1;
L_0x55f5b3154460 .cmp/gt 3, v0x55f5b31529d0_3, v0x55f5b31529d0_2;
L_0x55f5b3154550 .functor MUXZ 2, L_0x7f7e884b32a0, L_0x7f7e884b3258, L_0x55f5b3154460, C4<>;
L_0x55f5b3154740 .part L_0x55f5b3154550, 0, 1;
L_0x55f5b3154830 .cmp/gt 3, v0x55f5b31529d0_2, v0x55f5b31529d0_1;
L_0x55f5b31549b0 .functor MUXZ 2, L_0x7f7e884b3330, L_0x7f7e884b32e8, L_0x55f5b3154830, C4<>;
L_0x55f5b3154b70 .part L_0x55f5b31549b0, 0, 1;
LS_0x55f5b3154d00_0_0 .concat8 [ 1 1 1 1], L_0x55f5b3153760, L_0x55f5b3153b30, L_0x55f5b3153f80, L_0x55f5b3154300;
LS_0x55f5b3154d00_0_4 .concat8 [ 1 1 1 0], L_0x55f5b3154740, L_0x55f5b3154b70, L_0x55f5b3155260;
L_0x55f5b3154d00 .concat8 [ 4 3 0 0], LS_0x55f5b3154d00_0_0, LS_0x55f5b3154d00_0_4;
L_0x55f5b3154fd0 .cmp/gt 3, v0x55f5b31529d0_1, v0x55f5b31529d0_0;
L_0x55f5b3154c60 .functor MUXZ 2, L_0x7f7e884b33c0, L_0x7f7e884b3378, L_0x55f5b3154fd0, C4<>;
L_0x55f5b3155260 .part L_0x55f5b3154c60, 0, 1;
L_0x55f5b3155460 .part v0x55f5b3152c70_0, 0, 3;
L_0x55f5b3155500 .array/port v0x55f5b31529d0, L_0x55f5b3155670;
L_0x55f5b3155670 .concat [ 4 1 0 0], v0x55f5b3152c70_0, L_0x7f7e884b3408;
    .scope S_0x55f5b3103ed0;
T_0 ;
    %wait E_0x55f5b310ca20;
    %load/vec4 v0x55f5b312e2e0_0;
    %flag_set/vec4 8;
    %jmp/0xz  T_0.0, 8;
    %pushi/vec4 0, 0, 3;
    %assign/vec4 v0x55f5b3153190_0, 0;
    %jmp T_0.1;
T_0.0 ;
    %load/vec4 v0x55f5b31530b0_0;
    %assign/vec4 v0x55f5b3153190_0, 0;
T_0.1 ;
    %jmp T_0;
    .thread T_0;
    .scope S_0x55f5b3103ed0;
T_1 ;
    %wait E_0x55f5b310e720;
    %load/vec4 v0x55f5b312e2e0_0;
    %flag_set/vec4 8;
    %jmp/0xz  T_1.0, 8;
    %pushi/vec4 0, 0, 3;
    %store/vec4 v0x55f5b31530b0_0, 0, 3;
    %jmp T_1.1;
T_1.0 ;
    %load/vec4 v0x55f5b3153190_0;
    %dup/vec4;
    %pushi/vec4 0, 0, 3;
    %cmp/u;
    %jmp/1 T_1.2, 6;
    %dup/vec4;
    %pushi/vec4 1, 0, 3;
    %cmp/u;
    %jmp/1 T_1.3, 6;
    %dup/vec4;
    %pushi/vec4 2, 0, 3;
    %cmp/u;
    %jmp/1 T_1.4, 6;
    %dup/vec4;
    %pushi/vec4 3, 0, 3;
    %cmp/u;
    %jmp/1 T_1.5, 6;
    %pushi/vec4 0, 0, 3;
    %store/vec4 v0x55f5b31530b0_0, 0, 3;
    %jmp T_1.7;
T_1.2 ;
    %pushi/vec4 1, 0, 3;
    %store/vec4 v0x55f5b31530b0_0, 0, 3;
    %jmp T_1.7;
T_1.3 ;
    %load/vec4 v0x55f5b3152c70_0;
    %cmpi/e 10, 0, 4;
    %jmp/0xz  T_1.8, 4;
    %pushi/vec4 2, 0, 3;
    %store/vec4 v0x55f5b31530b0_0, 0, 3;
    %jmp T_1.9;
T_1.8 ;
    %pushi/vec4 1, 0, 3;
    %store/vec4 v0x55f5b31530b0_0, 0, 3;
T_1.9 ;
    %jmp T_1.7;
T_1.4 ;
    %ix/load 4, 0, 0;
    %flag_set/imm 4, 0;
    %load/vec4a v0x55f5b31529d0, 4;
    %pushi/vec4 7, 0, 3;
    %cmp/e;
    %flag_get/vec4 4;
    %ix/load 4, 1, 0;
    %flag_set/imm 4, 0;
    %load/vec4a v0x55f5b31529d0, 4;
    %pushi/vec4 6, 0, 3;
    %cmp/e;
    %flag_get/vec4 4;
    %and;
    %ix/load 4, 2, 0;
    %flag_set/imm 4, 0;
    %load/vec4a v0x55f5b31529d0, 4;
    %pushi/vec4 5, 0, 3;
    %cmp/e;
    %flag_get/vec4 4;
    %and;
    %ix/load 4, 3, 0;
    %flag_set/imm 4, 0;
    %load/vec4a v0x55f5b31529d0, 4;
    %pushi/vec4 4, 0, 3;
    %cmp/e;
    %flag_get/vec4 4;
    %and;
    %ix/load 4, 4, 0;
    %flag_set/imm 4, 0;
    %load/vec4a v0x55f5b31529d0, 4;
    %pushi/vec4 3, 0, 3;
    %cmp/e;
    %flag_get/vec4 4;
    %and;
    %ix/load 4, 5, 0;
    %flag_set/imm 4, 0;
    %load/vec4a v0x55f5b31529d0, 4;
    %pushi/vec4 2, 0, 3;
    %cmp/e;
    %flag_get/vec4 4;
    %and;
    %ix/load 4, 6, 0;
    %flag_set/imm 4, 0;
    %load/vec4a v0x55f5b31529d0, 4;
    %pushi/vec4 1, 0, 3;
    %cmp/e;
    %flag_get/vec4 4;
    %and;
    %ix/load 4, 7, 0;
    %flag_set/imm 4, 0;
    %load/vec4a v0x55f5b31529d0, 4;
    %pushi/vec4 0, 0, 3;
    %cmp/e;
    %flag_get/vec4 4;
    %and;
    %flag_set/vec4 8;
    %jmp/0xz  T_1.10, 8;
    %pushi/vec4 1, 0, 3;
    %store/vec4 v0x55f5b31530b0_0, 0, 3;
    %jmp T_1.11;
T_1.10 ;
    %pushi/vec4 1, 0, 3;
    %store/vec4 v0x55f5b31530b0_0, 0, 3;
T_1.11 ;
    %jmp T_1.7;
T_1.5 ;
    %pushi/vec4 0, 0, 3;
    %store/vec4 v0x55f5b31530b0_0, 0, 3;
    %jmp T_1.7;
T_1.7 ;
    %pop/vec4 1;
T_1.1 ;
    %jmp T_1;
    .thread T_1, $push;
    .scope S_0x55f5b3103ed0;
T_2 ;
    %wait E_0x55f5b310ca20;
    %load/vec4 v0x55f5b312e2e0_0;
    %flag_set/vec4 8;
    %jmp/0xz  T_2.0, 8;
    %pushi/vec4 0, 0, 4;
    %assign/vec4 v0x55f5b3152c70_0, 0;
    %jmp T_2.1;
T_2.0 ;
    %load/vec4 v0x55f5b3153190_0;
    %cmpi/e 1, 0, 3;
    %jmp/0xz  T_2.2, 4;
    %load/vec4 v0x55f5b3152c70_0;
    %addi 1, 0, 4;
    %assign/vec4 v0x55f5b3152c70_0, 0;
    %jmp T_2.3;
T_2.2 ;
    %pushi/vec4 0, 0, 4;
    %assign/vec4 v0x55f5b3152c70_0, 0;
T_2.3 ;
T_2.1 ;
    %jmp T_2;
    .thread T_2;
    .scope S_0x55f5b3103ed0;
T_3 ;
    %wait E_0x55f5b310ca20;
    %load/vec4 v0x55f5b312e2e0_0;
    %flag_set/vec4 8;
    %jmp/0xz  T_3.0, 8;
    %pushi/vec4 0, 0, 3;
    %ix/load 3, 0, 0;
    %flag_set/imm 4, 0;
    %ix/load 4, 0, 0; Constant delay
    %assign/vec4/a/d v0x55f5b31529d0, 0, 4;
    %pushi/vec4 1, 0, 3;
    %ix/load 3, 1, 0;
    %flag_set/imm 4, 0;
    %ix/load 4, 0, 0; Constant delay
    %assign/vec4/a/d v0x55f5b31529d0, 0, 4;
    %pushi/vec4 2, 0, 3;
    %ix/load 3, 2, 0;
    %flag_set/imm 4, 0;
    %ix/load 4, 0, 0; Constant delay
    %assign/vec4/a/d v0x55f5b31529d0, 0, 4;
    %pushi/vec4 3, 0, 3;
    %ix/load 3, 3, 0;
    %flag_set/imm 4, 0;
    %ix/load 4, 0, 0; Constant delay
    %assign/vec4/a/d v0x55f5b31529d0, 0, 4;
    %pushi/vec4 4, 0, 3;
    %ix/load 3, 4, 0;
    %flag_set/imm 4, 0;
    %ix/load 4, 0, 0; Constant delay
    %assign/vec4/a/d v0x55f5b31529d0, 0, 4;
    %pushi/vec4 5, 0, 3;
    %ix/load 3, 5, 0;
    %flag_set/imm 4, 0;
    %ix/load 4, 0, 0; Constant delay
    %assign/vec4/a/d v0x55f5b31529d0, 0, 4;
    %pushi/vec4 6, 0, 3;
    %ix/load 3, 6, 0;
    %flag_set/imm 4, 0;
    %ix/load 4, 0, 0; Constant delay
    %assign/vec4/a/d v0x55f5b31529d0, 0, 4;
    %pushi/vec4 7, 0, 3;
    %ix/load 3, 7, 0;
    %flag_set/imm 4, 0;
    %ix/load 4, 0, 0; Constant delay
    %assign/vec4/a/d v0x55f5b31529d0, 0, 4;
    %pushi/vec4 0, 0, 1;
    %assign/vec4 v0x55f5b3152d50_0, 0;
    %pushi/vec4 0, 0, 3;
    %assign/vec4 v0x55f5b3152e10_0, 0;
    %jmp T_3.1;
T_3.0 ;
    %load/vec4 v0x55f5b3153190_0;
    %cmpi/e 1, 0, 3;
    %jmp/0xz  T_3.2, 4;
    %load/vec4 v0x55f5b3152c70_0;
    %pad/u 32;
    %cmpi/e 0, 0, 32;
    %jmp/0xz  T_3.4, 4;
    %load/vec4 v0x55f5b3152ef0_0;
    %assign/vec4 v0x55f5b3153270_0, 0;
    %load/vec4 v0x55f5b3152ef0_0;
    %addi 1, 0, 3;
    %assign/vec4 v0x55f5b3152e10_0, 0;
    %pushi/vec4 0, 0, 3;
    %assign/vec4 v0x55f5b3153350_0, 0;
    %jmp T_3.5;
T_3.4 ;
    %pushi/vec4 0, 0, 32;
    %load/vec4 v0x55f5b3152c70_0;
    %pad/u 32;
    %cmp/u;
    %flag_get/vec4 5;
    %load/vec4 v0x55f5b3152c70_0;
    %cmpi/u 9, 0, 4;
    %flag_get/vec4 5;
    %and;
    %flag_set/vec4 8;
    %jmp/0xz  T_3.6, 8;
    %load/vec4 v0x55f5b3153270_0;
    %load/vec4 v0x55f5b3152e10_0;
    %cmp/u;
    %flag_get/vec4 5;
    %load/vec4 v0x55f5b3153270_0;
    %pad/u 5;
    %ix/vec4 4;
    %load/vec4a v0x55f5b31529d0, 4;
    %load/vec4 v0x55f5b3152e10_0;
    %pad/u 5;
    %ix/vec4 4;
    %load/vec4a v0x55f5b31529d0, 4;
    %cmp/u;
    %flag_get/vec4 5;
    %and;
    %load/vec4 v0x55f5b3152e10_0;
    %pad/u 5;
    %ix/vec4 4;
    %load/vec4a v0x55f5b31529d0, 4;
    %load/vec4 v0x55f5b3153350_0;
    %pad/u 5;
    %ix/vec4 4;
    %load/vec4a v0x55f5b31529d0, 4;
    %cmp/u;
    %flag_get/vec4 5;
    %and;
    %flag_set/vec4 8;
    %jmp/0 T_3.8, 8;
    %load/vec4 v0x55f5b3152e10_0;
    %jmp/1 T_3.9, 8;
T_3.8 ; End of true expr.
    %load/vec4 v0x55f5b3153350_0;
    %jmp/0 T_3.9, 8;
 ; End of false expr.
    %blend;
T_3.9;
    %assign/vec4 v0x55f5b3153350_0, 0;
    %load/vec4 v0x55f5b3152c70_0;
    %pad/u 3;
    %assign/vec4 v0x55f5b3152e10_0, 0;
    %jmp T_3.7;
T_3.6 ;
    %load/vec4 v0x55f5b3152c70_0;
    %cmpi/e 9, 0, 4;
    %jmp/0xz  T_3.10, 4;
    %load/vec4 v0x55f5b3153350_0;
    %pad/u 5;
    %ix/vec4 4;
    %load/vec4a v0x55f5b31529d0, 4;
    %load/vec4 v0x55f5b3153270_0;
    %pad/u 5;
    %ix/vec4 3;
    %ix/load 4, 0, 0; Constant delay
    %assign/vec4/a/d v0x55f5b31529d0, 0, 4;
    %load/vec4 v0x55f5b3153270_0;
    %pad/u 5;
    %ix/vec4 4;
    %load/vec4a v0x55f5b31529d0, 4;
    %load/vec4 v0x55f5b3153350_0;
    %pad/u 5;
    %ix/vec4 3;
    %ix/load 4, 0, 0; Constant delay
    %assign/vec4/a/d v0x55f5b31529d0, 0, 4;
    %jmp T_3.11;
T_3.10 ;
    %load/vec4 v0x55f5b3153270_0;
    %dup/vec4;
    %pushi/vec4 0, 0, 3;
    %cmp/u;
    %jmp/1 T_3.12, 6;
    %dup/vec4;
    %pushi/vec4 1, 0, 3;
    %cmp/u;
    %jmp/1 T_3.13, 6;
    %dup/vec4;
    %pushi/vec4 2, 0, 3;
    %cmp/u;
    %jmp/1 T_3.14, 6;
    %dup/vec4;
    %pushi/vec4 3, 0, 3;
    %cmp/u;
    %jmp/1 T_3.15, 6;
    %dup/vec4;
    %pushi/vec4 4, 0, 3;
    %cmp/u;
    %jmp/1 T_3.16, 6;
    %dup/vec4;
    %pushi/vec4 5, 0, 3;
    %cmp/u;
    %jmp/1 T_3.17, 6;
    %jmp T_3.18;
T_3.12 ;
    %ix/load 4, 1, 0;
    %flag_set/imm 4, 0;
    %load/vec4a v0x55f5b31529d0, 4;
    %ix/load 3, 7, 0;
    %flag_set/imm 4, 0;
    %ix/load 4, 0, 0; Constant delay
    %assign/vec4/a/d v0x55f5b31529d0, 0, 4;
    %ix/load 4, 7, 0;
    %flag_set/imm 4, 0;
    %load/vec4a v0x55f5b31529d0, 4;
    %ix/load 3, 1, 0;
    %flag_set/imm 4, 0;
    %ix/load 4, 0, 0; Constant delay
    %assign/vec4/a/d v0x55f5b31529d0, 0, 4;
    %ix/load 4, 6, 0;
    %flag_set/imm 4, 0;
    %load/vec4a v0x55f5b31529d0, 4;
    %ix/load 3, 2, 0;
    %flag_set/imm 4, 0;
    %ix/load 4, 0, 0; Constant delay
    %assign/vec4/a/d v0x55f5b31529d0, 0, 4;
    %ix/load 4, 2, 0;
    %flag_set/imm 4, 0;
    %load/vec4a v0x55f5b31529d0, 4;
    %ix/load 3, 6, 0;
    %flag_set/imm 4, 0;
    %ix/load 4, 0, 0; Constant delay
    %assign/vec4/a/d v0x55f5b31529d0, 0, 4;
    %ix/load 4, 5, 0;
    %flag_set/imm 4, 0;
    %load/vec4a v0x55f5b31529d0, 4;
    %ix/load 3, 3, 0;
    %flag_set/imm 4, 0;
    %ix/load 4, 0, 0; Constant delay
    %assign/vec4/a/d v0x55f5b31529d0, 0, 4;
    %ix/load 4, 3, 0;
    %flag_set/imm 4, 0;
    %load/vec4a v0x55f5b31529d0, 4;
    %ix/load 3, 5, 0;
    %flag_set/imm 4, 0;
    %ix/load 4, 0, 0; Constant delay
    %assign/vec4/a/d v0x55f5b31529d0, 0, 4;
    %jmp T_3.18;
T_3.13 ;
    %ix/load 4, 2, 0;
    %flag_set/imm 4, 0;
    %load/vec4a v0x55f5b31529d0, 4;
    %ix/load 3, 7, 0;
    %flag_set/imm 4, 0;
    %ix/load 4, 0, 0; Constant delay
    %assign/vec4/a/d v0x55f5b31529d0, 0, 4;
    %ix/load 4, 7, 0;
    %flag_set/imm 4, 0;
    %load/vec4a v0x55f5b31529d0, 4;
    %ix/load 3, 2, 0;
    %flag_set/imm 4, 0;
    %ix/load 4, 0, 0; Constant delay
    %assign/vec4/a/d v0x55f5b31529d0, 0, 4;
    %ix/load 4, 6, 0;
    %flag_set/imm 4, 0;
    %load/vec4a v0x55f5b31529d0, 4;
    %ix/load 3, 3, 0;
    %flag_set/imm 4, 0;
    %ix/load 4, 0, 0; Constant delay
    %assign/vec4/a/d v0x55f5b31529d0, 0, 4;
    %ix/load 4, 3, 0;
    %flag_set/imm 4, 0;
    %load/vec4a v0x55f5b31529d0, 4;
    %ix/load 3, 6, 0;
    %flag_set/imm 4, 0;
    %ix/load 4, 0, 0; Constant delay
    %assign/vec4/a/d v0x55f5b31529d0, 0, 4;
    %ix/load 4, 5, 0;
    %flag_set/imm 4, 0;
    %load/vec4a v0x55f5b31529d0, 4;
    %ix/load 3, 4, 0;
    %flag_set/imm 4, 0;
    %ix/load 4, 0, 0; Constant delay
    %assign/vec4/a/d v0x55f5b31529d0, 0, 4;
    %ix/load 4, 4, 0;
    %flag_set/imm 4, 0;
    %load/vec4a v0x55f5b31529d0, 4;
    %ix/load 3, 5, 0;
    %flag_set/imm 4, 0;
    %ix/load 4, 0, 0; Constant delay
    %assign/vec4/a/d v0x55f5b31529d0, 0, 4;
    %jmp T_3.18;
T_3.14 ;
    %ix/load 4, 3, 0;
    %flag_set/imm 4, 0;
    %load/vec4a v0x55f5b31529d0, 4;
    %ix/load 3, 7, 0;
    %flag_set/imm 4, 0;
    %ix/load 4, 0, 0; Constant delay
    %assign/vec4/a/d v0x55f5b31529d0, 0, 4;
    %ix/load 4, 7, 0;
    %flag_set/imm 4, 0;
    %load/vec4a v0x55f5b31529d0, 4;
    %ix/load 3, 3, 0;
    %flag_set/imm 4, 0;
    %ix/load 4, 0, 0; Constant delay
    %assign/vec4/a/d v0x55f5b31529d0, 0, 4;
    %ix/load 4, 4, 0;
    %flag_set/imm 4, 0;
    %load/vec4a v0x55f5b31529d0, 4;
    %ix/load 3, 6, 0;
    %flag_set/imm 4, 0;
    %ix/load 4, 0, 0; Constant delay
    %assign/vec4/a/d v0x55f5b31529d0, 0, 4;
    %ix/load 4, 6, 0;
    %flag_set/imm 4, 0;
    %load/vec4a v0x55f5b31529d0, 4;
    %ix/load 3, 4, 0;
    %flag_set/imm 4, 0;
    %ix/load 4, 0, 0; Constant delay
    %assign/vec4/a/d v0x55f5b31529d0, 0, 4;
    %jmp T_3.18;
T_3.15 ;
    %ix/load 4, 4, 0;
    %flag_set/imm 4, 0;
    %load/vec4a v0x55f5b31529d0, 4;
    %ix/load 3, 7, 0;
    %flag_set/imm 4, 0;
    %ix/load 4, 0, 0; Constant delay
    %assign/vec4/a/d v0x55f5b31529d0, 0, 4;
    %ix/load 4, 7, 0;
    %flag_set/imm 4, 0;
    %load/vec4a v0x55f5b31529d0, 4;
    %ix/load 3, 4, 0;
    %flag_set/imm 4, 0;
    %ix/load 4, 0, 0; Constant delay
    %assign/vec4/a/d v0x55f5b31529d0, 0, 4;
    %ix/load 4, 6, 0;
    %flag_set/imm 4, 0;
    %load/vec4a v0x55f5b31529d0, 4;
    %ix/load 3, 5, 0;
    %flag_set/imm 4, 0;
    %ix/load 4, 0, 0; Constant delay
    %assign/vec4/a/d v0x55f5b31529d0, 0, 4;
    %ix/load 4, 5, 0;
    %flag_set/imm 4, 0;
    %load/vec4a v0x55f5b31529d0, 4;
    %ix/load 3, 6, 0;
    %flag_set/imm 4, 0;
    %ix/load 4, 0, 0; Constant delay
    %assign/vec4/a/d v0x55f5b31529d0, 0, 4;
    %jmp T_3.18;
T_3.16 ;
    %ix/load 4, 5, 0;
    %flag_set/imm 4, 0;
    %load/vec4a v0x55f5b31529d0, 4;
    %ix/load 3, 7, 0;
    %flag_set/imm 4, 0;
    %ix/load 4, 0, 0; Constant delay
    %assign/vec4/a/d v0x55f5b31529d0, 0, 4;
    %ix/load 4, 7, 0;
    %flag_set/imm 4, 0;
    %load/vec4a v0x55f5b31529d0, 4;
    %ix/load 3, 5, 0;
    %flag_set/imm 4, 0;
    %ix/load 4, 0, 0; Constant delay
    %assign/vec4/a/d v0x55f5b31529d0, 0, 4;
    %jmp T_3.18;
T_3.17 ;
    %ix/load 4, 6, 0;
    %flag_set/imm 4, 0;
    %load/vec4a v0x55f5b31529d0, 4;
    %ix/load 3, 7, 0;
    %flag_set/imm 4, 0;
    %ix/load 4, 0, 0; Constant delay
    %assign/vec4/a/d v0x55f5b31529d0, 0, 4;
    %ix/load 4, 7, 0;
    %flag_set/imm 4, 0;
    %load/vec4a v0x55f5b31529d0, 4;
    %ix/load 3, 6, 0;
    %flag_set/imm 4, 0;
    %ix/load 4, 0, 0; Constant delay
    %assign/vec4/a/d v0x55f5b31529d0, 0, 4;
    %jmp T_3.18;
T_3.18 ;
    %pop/vec4 1;
    %pushi/vec4 1, 0, 1;
    %assign/vec4 v0x55f5b3152d50_0, 0;
T_3.11 ;
T_3.7 ;
T_3.5 ;
    %jmp T_3.3;
T_3.2 ;
    %load/vec4 v0x55f5b3153190_0;
    %cmpi/e 2, 0, 3;
    %jmp/0xz  T_3.19, 4;
    %pushi/vec4 0, 0, 1;
    %assign/vec4 v0x55f5b3152d50_0, 0;
T_3.19 ;
T_3.3 ;
T_3.1 ;
    %jmp T_3;
    .thread T_3;
    .scope S_0x55f5b3103ed0;
T_4 ;
    %wait E_0x55f5b310ca20;
    %load/vec4 v0x55f5b312e2e0_0;
    %flag_set/vec4 8;
    %jmp/0xz  T_4.0, 8;
    %pushi/vec4 1023, 0, 10;
    %assign/vec4 v0x55f5b312e240_0, 0;
    %pushi/vec4 0, 0, 10;
    %assign/vec4 v0x55f5b3152fd0_0, 0;
    %pushi/vec4 0, 0, 4;
    %assign/vec4 v0x55f5b3109690_0, 0;
    %jmp T_4.1;
T_4.0 ;
    %load/vec4 v0x55f5b3153190_0;
    %cmpi/e 1, 0, 3;
    %jmp/0xz  T_4.2, 4;
    %load/vec4 v0x55f5b3152c70_0;
    %cmpi/u 8, 0, 4;
    %jmp/0xz  T_4.4, 5;
    %load/vec4 v0x55f5b3152fd0_0;
    %load/vec4 v0x55f5b31062c0_0;
    %pad/u 10;
    %add;
    %assign/vec4 v0x55f5b3152fd0_0, 0;
T_4.4 ;
    %jmp T_4.3;
T_4.2 ;
    %load/vec4 v0x55f5b3153190_0;
    %cmpi/e 2, 0, 3;
    %jmp/0xz  T_4.6, 4;
    %load/vec4 v0x55f5b312e240_0;
    %load/vec4 v0x55f5b3152fd0_0;
    %cmp/e;
    %jmp/0xz  T_4.8, 4;
    %load/vec4 v0x55f5b3109690_0;
    %addi 1, 0, 4;
    %assign/vec4 v0x55f5b3109690_0, 0;
    %jmp T_4.9;
T_4.8 ;
    %load/vec4 v0x55f5b3152fd0_0;
    %load/vec4 v0x55f5b312e240_0;
    %cmp/u;
    %jmp/0xz  T_4.10, 5;
    %load/vec4 v0x55f5b3152fd0_0;
    %assign/vec4 v0x55f5b312e240_0, 0;
    %pushi/vec4 1, 0, 4;
    %assign/vec4 v0x55f5b3109690_0, 0;
T_4.10 ;
T_4.9 ;
    %pushi/vec4 0, 0, 10;
    %assign/vec4 v0x55f5b3152fd0_0, 0;
T_4.6 ;
T_4.3 ;
T_4.1 ;
    %jmp T_4;
    .thread T_4;
    .scope S_0x55f5b3103ed0;
T_5 ;
    %wait E_0x55f5b310cb70;
    %load/vec4 v0x55f5b3152b90_0;
    %dup/vec4;
    %pushi/vec4 127, 126, 7;
    %cmp/x;
    %jmp/1 T_5.0, 4;
    %dup/vec4;
    %pushi/vec4 126, 124, 7;
    %cmp/x;
    %jmp/1 T_5.1, 4;
    %dup/vec4;
    %pushi/vec4 124, 120, 7;
    %cmp/x;
    %jmp/1 T_5.2, 4;
    %dup/vec4;
    %pushi/vec4 120, 112, 7;
    %cmp/x;
    %jmp/1 T_5.3, 4;
    %dup/vec4;
    %pushi/vec4 112, 96, 7;
    %cmp/x;
    %jmp/1 T_5.4, 4;
    %dup/vec4;
    %pushi/vec4 96, 64, 7;
    %cmp/x;
    %jmp/1 T_5.5, 4;
    %dup/vec4;
    %pushi/vec4 64, 0, 7;
    %cmp/x;
    %jmp/1 T_5.6, 4;
    %pushi/vec4 0, 0, 3;
    %store/vec4 v0x55f5b3152ef0_0, 0, 3;
    %jmp T_5.8;
T_5.0 ;
    %pushi/vec4 6, 0, 3;
    %store/vec4 v0x55f5b3152ef0_0, 0, 3;
    %jmp T_5.8;
T_5.1 ;
    %pushi/vec4 5, 0, 3;
    %store/vec4 v0x55f5b3152ef0_0, 0, 3;
    %jmp T_5.8;
T_5.2 ;
    %pushi/vec4 4, 0, 3;
    %store/vec4 v0x55f5b3152ef0_0, 0, 3;
    %jmp T_5.8;
T_5.3 ;
    %pushi/vec4 3, 0, 3;
    %store/vec4 v0x55f5b3152ef0_0, 0, 3;
    %jmp T_5.8;
T_5.4 ;
    %pushi/vec4 2, 0, 3;
    %store/vec4 v0x55f5b3152ef0_0, 0, 3;
    %jmp T_5.8;
T_5.5 ;
    %pushi/vec4 1, 0, 3;
    %store/vec4 v0x55f5b3152ef0_0, 0, 3;
    %jmp T_5.8;
T_5.6 ;
    %pushi/vec4 0, 0, 3;
    %store/vec4 v0x55f5b3152ef0_0, 0, 3;
    %jmp T_5.8;
T_5.8 ;
    %pop/vec4 1;
    %jmp T_5;
    .thread T_5, $push;
    .scope S_0x55f5b3103ed0;
T_6 ;
    %wait E_0x55f5b310d290;
    %load/vec4 v0x55f5b31530b0_0;
    %cmpi/e 3, 0, 3;
    %jmp/0xz  T_6.0, 4;
    %pushi/vec4 1, 0, 1;
    %store/vec4 v0x55f5b31504b0_0, 0, 1;
    %jmp T_6.1;
T_6.0 ;
    %pushi/vec4 0, 0, 1;
    %store/vec4 v0x55f5b31504b0_0, 0, 1;
T_6.1 ;
    %jmp T_6;
    .thread T_6, $push;
# The file index is used to find the file name in the following table.
:file_names 3;
    "N/A";
    "<interactive>";
    "JAM.v";
