Warning: Can't read link_library file 'slow.db'. (UID-3)
Error: Could not read the following target libraries:
slow.db 
 (UIO-3)
Information: Checking out the license 'DesignWare'. (SEC-104)
Warning: Can't read link_library file 'slow.db'. (UID-3)
Warning: Can't read link_library file 'slow.db'. (UID-3)
Warning: Can't read link_library file 'slow.db'. (UID-3)
Warning: Can't read link_library file 'slow.db'. (UID-3)
Warning: Can't read link_library file 'slow.db'. (UID-3)
Warning: Can't read link_library file 'slow.db'. (UID-3)
Warning: Can't read link_library file 'slow.db'. (UID-3)
Warning: Can't read link_library file 'slow.db'. (UID-3)
 
****************************************
Report : area
Design : JAM
Version: Q-2019.12
Date   : Wed Mar 30 12:40:43 2022
****************************************

Information: Updating design information... (UID-85)
Library(s) Used:

    gtech (File: /home/nfs_cad/synopsys/synthesis/cur/libraries/syn/gtech.db)

Number of ports:                          817
Number of nets:                          2744
Number of cells:                         1902
Number of combinational cells:           1572
Number of sequential cells:               226
Number of macros/black boxes:               0
Number of buf/inv:                        377
Number of references:                      38

Combinational area:                  0.000000
Buf/Inv area:                        0.000000
Noncombinational area:               0.000000
Macro/Black Box area:                0.000000
Net Interconnect area:      undefined  (No wire load specified)

Total cell area:                     0.000000
Total area:                 undefined

Information: This design contains unmapped logic. (RPT-7)
1
