#! /usr/bin/vvp
:ivl_version "10.3 (stable)";
:ivl_delay_selection "TYPICAL";
:vpi_time_precision - 11;
:vpi_module "system";
:vpi_module "vhdl_sys";
:vpi_module "v2005_math";
:vpi_module "va_math";
S_0x5618e72e9190 .scope module, "CS" "CS" 2 5;
 .timescale -9 -11;
    .port_info 0 /OUTPUT 10 "Y"
    .port_info 1 /INPUT 8 "X"
    .port_info 2 /INPUT 1 "reset"
    .port_info 3 /INPUT 1 "clk"
o0x7f114bf6b018 .functor BUFZ 8, C4<zzzzzzzz>; HiZ drive
v0x5618e729d400_0 .net "X", 7 0, o0x7f114bf6b018;  0 drivers
v0x5618e7304450_0 .var "Y", 9 0;
v0x5618e7304530_0 .net *"_s101", 13 0, L_0x5618e731ea90;  1 drivers
v0x5618e73045f0_0 .net *"_s107", 13 0, L_0x5618e731ee30;  1 drivers
v0x5618e73046d0_0 .net *"_s11", 13 0, L_0x5618e731ca20;  1 drivers
L_0x7f114bf22408 .functor BUFT 1, C4<0000>, C4<0>, C4<0>, C4<0>;
v0x5618e7304800_0 .net *"_s110", 3 0, L_0x7f114bf22408;  1 drivers
v0x5618e73048e0_0 .net *"_s111", 0 0, L_0x5618e731ef20;  1 drivers
L_0x7f114bf22450 .functor BUFT 1, C4<00000000000000>, C4<0>, C4<0>, C4<0>;
v0x5618e73049a0_0 .net/2u *"_s114", 13 0, L_0x7f114bf22450;  1 drivers
v0x5618e7304a80_0 .net *"_s116", 13 0, L_0x5618e731f110;  1 drivers
v0x5618e7304b60_0 .net *"_s122", 13 0, L_0x5618e731f4d0;  1 drivers
L_0x7f114bf22498 .functor BUFT 1, C4<0000>, C4<0>, C4<0>, C4<0>;
v0x5618e7304c40_0 .net *"_s125", 3 0, L_0x7f114bf22498;  1 drivers
v0x5618e7304d20_0 .net *"_s126", 0 0, L_0x5618e731f6d0;  1 drivers
L_0x7f114bf224e0 .functor BUFT 1, C4<00000000000000>, C4<0>, C4<0>, C4<0>;
v0x5618e7304de0_0 .net/2u *"_s129", 13 0, L_0x7f114bf224e0;  1 drivers
v0x5618e7304ec0_0 .net *"_s131", 13 0, L_0x5618e731f8e0;  1 drivers
v0x5618e7304fa0_0 .net *"_s136", 31 0, L_0x5618e731f7c0;  1 drivers
L_0x7f114bf22528 .functor BUFT 1, C4<000000000000000000>, C4<0>, C4<0>, C4<0>;
v0x5618e7305080_0 .net *"_s139", 17 0, L_0x7f114bf22528;  1 drivers
v0x5618e7305160_0 .net *"_s141", 31 0, L_0x5618e731fcc0;  1 drivers
L_0x7f114bf22570 .functor BUFT 1, C4<000000000000000000>, C4<0>, C4<0>, C4<0>;
v0x5618e7305350_0 .net *"_s144", 17 0, L_0x7f114bf22570;  1 drivers
v0x5618e7305430_0 .net *"_s145", 31 0, L_0x5618e731fef0;  1 drivers
v0x5618e7305510_0 .net *"_s148", 31 0, L_0x5618e7320030;  1 drivers
L_0x7f114bf225b8 .functor BUFT 1, C4<000000000000000000>, C4<0>, C4<0>, C4<0>;
v0x5618e73055f0_0 .net *"_s151", 17 0, L_0x7f114bf225b8;  1 drivers
v0x5618e73056d0_0 .net *"_s152", 31 0, L_0x5618e7320270;  1 drivers
v0x5618e73057b0_0 .net *"_s155", 31 0, L_0x5618e73203b0;  1 drivers
L_0x7f114bf22600 .functor BUFT 1, C4<000000000000000000>, C4<0>, C4<0>, C4<0>;
v0x5618e7305890_0 .net *"_s158", 17 0, L_0x7f114bf22600;  1 drivers
v0x5618e7305970_0 .net *"_s159", 31 0, L_0x5618e7320600;  1 drivers
v0x5618e7305a50_0 .net *"_s162", 31 0, L_0x5618e7320740;  1 drivers
L_0x7f114bf22648 .functor BUFT 1, C4<000000000000000000>, C4<0>, C4<0>, C4<0>;
v0x5618e7305b30_0 .net *"_s165", 17 0, L_0x7f114bf22648;  1 drivers
v0x5618e7305c10_0 .net *"_s166", 31 0, L_0x5618e73209a0;  1 drivers
v0x5618e7305cf0_0 .net *"_s169", 31 0, L_0x5618e7320ae0;  1 drivers
v0x5618e7305dd0_0 .net *"_s17", 13 0, L_0x5618e731cd00;  1 drivers
L_0x7f114bf22690 .functor BUFT 1, C4<000000000000000000>, C4<0>, C4<0>, C4<0>;
v0x5618e7305eb0_0 .net *"_s172", 17 0, L_0x7f114bf22690;  1 drivers
v0x5618e7305f90_0 .net *"_s173", 31 0, L_0x5618e7320d50;  1 drivers
v0x5618e7306070_0 .net *"_s176", 31 0, L_0x5618e7320e90;  1 drivers
L_0x7f114bf226d8 .functor BUFT 1, C4<000000000000000000>, C4<0>, C4<0>, C4<0>;
v0x5618e7306360_0 .net *"_s179", 17 0, L_0x7f114bf226d8;  1 drivers
v0x5618e7306440_0 .net *"_s180", 31 0, L_0x5618e7321110;  1 drivers
v0x5618e7306520_0 .net *"_s183", 31 0, L_0x5618e7321250;  1 drivers
L_0x7f114bf22720 .functor BUFT 1, C4<000000000000000000>, C4<0>, C4<0>, C4<0>;
v0x5618e7306600_0 .net *"_s186", 17 0, L_0x7f114bf22720;  1 drivers
v0x5618e73066e0_0 .net *"_s187", 31 0, L_0x5618e73214e0;  1 drivers
v0x5618e73067c0_0 .net *"_s190", 31 0, L_0x5618e7321620;  1 drivers
L_0x7f114bf22768 .functor BUFT 1, C4<000000000000000000>, C4<0>, C4<0>, C4<0>;
v0x5618e73068a0_0 .net *"_s193", 17 0, L_0x7f114bf22768;  1 drivers
v0x5618e7306980_0 .net *"_s194", 31 0, L_0x5618e73218c0;  1 drivers
L_0x7f114bf227b0 .functor BUFT 1, C4<00000000000000000000000000001001>, C4<0>, C4<0>, C4<0>;
v0x5618e7306a60_0 .net/2u *"_s196", 31 0, L_0x7f114bf227b0;  1 drivers
v0x5618e7306b40_0 .net *"_s198", 31 0, L_0x5618e7321a00;  1 drivers
v0x5618e7306c20_0 .net *"_s2", 13 0, L_0x5618e730c860;  1 drivers
L_0x7f114bf220a8 .functor BUFT 1, C4<0000>, C4<0>, C4<0>, C4<0>;
v0x5618e7306d00_0 .net *"_s20", 3 0, L_0x7f114bf220a8;  1 drivers
v0x5618e7306de0_0 .net *"_s204", 0 0, L_0x5618e7321df0;  1 drivers
v0x5618e7306ea0_0 .net *"_s21", 0 0, L_0x5618e731ce40;  1 drivers
v0x5618e7306f60_0 .net *"_s212", 0 0, L_0x5618e7322100;  1 drivers
v0x5618e7307020_0 .net *"_s220", 0 0, L_0x5618e7322510;  1 drivers
v0x5618e73070e0_0 .net *"_s228", 0 0, L_0x5618e7322930;  1 drivers
v0x5618e73071a0_0 .net *"_s235", 0 0, L_0x5618e7322d60;  1 drivers
L_0x7f114bf220f0 .functor BUFT 1, C4<00000000000000>, C4<0>, C4<0>, C4<0>;
v0x5618e7307260_0 .net/2u *"_s24", 13 0, L_0x7f114bf220f0;  1 drivers
v0x5618e7307340_0 .net *"_s240", 0 0, L_0x5618e73231a0;  1 drivers
v0x5618e7307400_0 .net *"_s244", 0 0, L_0x5618e73235f0;  1 drivers
v0x5618e73074c0_0 .net *"_s248", 0 0, L_0x5618e7323a50;  1 drivers
v0x5618e7307580_0 .net *"_s253", 13 0, L_0x5618e7323ec0;  1 drivers
L_0x7f114bf227f8 .functor BUFT 1, C4<0000>, C4<0>, C4<0>, C4<0>;
v0x5618e7307660_0 .net *"_s256", 3 0, L_0x7f114bf227f8;  1 drivers
v0x5618e7307740_0 .net *"_s257", 13 0, L_0x5618e7324250;  1 drivers
v0x5618e7307820_0 .net *"_s26", 13 0, L_0x5618e731cf70;  1 drivers
v0x5618e7307900_0 .net *"_s260", 13 0, L_0x5618e73242f0;  1 drivers
v0x5618e73079e0_0 .net *"_s262", 13 0, L_0x5618e7324640;  1 drivers
L_0x7f114bf22840 .functor BUFT 1, C4<0000>, C4<0>, C4<0>, C4<0>;
v0x5618e7307ac0_0 .net *"_s265", 3 0, L_0x7f114bf22840;  1 drivers
v0x5618e7307ba0_0 .net *"_s266", 13 0, L_0x5618e73246e0;  1 drivers
v0x5618e7307c80_0 .net *"_s269", 13 0, L_0x5618e7324a90;  1 drivers
v0x5618e7307d60_0 .net *"_s271", 13 0, L_0x5618e7324b80;  1 drivers
L_0x7f114bf22888 .functor BUFT 1, C4<0000>, C4<0>, C4<0>, C4<0>;
v0x5618e7308250_0 .net *"_s274", 3 0, L_0x7f114bf22888;  1 drivers
v0x5618e7308330_0 .net *"_s275", 13 0, L_0x5618e7324ea0;  1 drivers
v0x5618e7308410_0 .net *"_s278", 13 0, L_0x5618e7324f90;  1 drivers
v0x5618e73084f0_0 .net *"_s280", 13 0, L_0x5618e73253a0;  1 drivers
L_0x7f114bf228d0 .functor BUFT 1, C4<0000>, C4<0>, C4<0>, C4<0>;
v0x5618e73085d0_0 .net *"_s283", 3 0, L_0x7f114bf228d0;  1 drivers
v0x5618e73086b0_0 .net *"_s284", 13 0, L_0x5618e7325440;  1 drivers
v0x5618e7308790_0 .net *"_s287", 13 0, L_0x5618e7325820;  1 drivers
v0x5618e7308870_0 .net *"_s289", 13 0, L_0x5618e73259a0;  1 drivers
L_0x7f114bf22918 .functor BUFT 1, C4<0000>, C4<0>, C4<0>, C4<0>;
v0x5618e7308950_0 .net *"_s292", 3 0, L_0x7f114bf22918;  1 drivers
v0x5618e7308a30_0 .net *"_s293", 13 0, L_0x5618e7325cf0;  1 drivers
v0x5618e7308b10_0 .net *"_s296", 13 0, L_0x5618e7325e30;  1 drivers
v0x5618e7308bf0_0 .net *"_s298", 13 0, L_0x5618e7326270;  1 drivers
L_0x7f114bf22960 .functor BUFT 1, C4<0000>, C4<0>, C4<0>, C4<0>;
v0x5618e7308cd0_0 .net *"_s301", 3 0, L_0x7f114bf22960;  1 drivers
v0x5618e7308db0_0 .net *"_s302", 13 0, L_0x5618e7326310;  1 drivers
v0x5618e7308e90_0 .net *"_s305", 13 0, L_0x5618e7326720;  1 drivers
v0x5618e7308f70_0 .net *"_s307", 13 0, L_0x5618e73268a0;  1 drivers
L_0x7f114bf229a8 .functor BUFT 1, C4<0000>, C4<0>, C4<0>, C4<0>;
v0x5618e7309050_0 .net *"_s310", 3 0, L_0x7f114bf229a8;  1 drivers
v0x5618e7309130_0 .net *"_s311", 13 0, L_0x5618e7326c20;  1 drivers
v0x5618e7309210_0 .net *"_s314", 13 0, L_0x5618e7326d60;  1 drivers
v0x5618e73092f0_0 .net *"_s316", 13 0, L_0x5618e7327140;  1 drivers
L_0x7f114bf229f0 .functor BUFT 1, C4<0000>, C4<0>, C4<0>, C4<0>;
v0x5618e73093d0_0 .net *"_s319", 3 0, L_0x7f114bf229f0;  1 drivers
v0x5618e73094b0_0 .net *"_s32", 13 0, L_0x5618e731d240;  1 drivers
v0x5618e7309590_0 .net *"_s320", 13 0, L_0x5618e73271e0;  1 drivers
v0x5618e7309670_0 .net *"_s323", 13 0, L_0x5618e7327620;  1 drivers
v0x5618e7309750_0 .net *"_s325", 13 0, L_0x5618e73277a0;  1 drivers
L_0x7f114bf22a38 .functor BUFT 1, C4<0000>, C4<0>, C4<0>, C4<0>;
v0x5618e7309830_0 .net *"_s328", 3 0, L_0x7f114bf22a38;  1 drivers
L_0x7f114bf22138 .functor BUFT 1, C4<0000>, C4<0>, C4<0>, C4<0>;
v0x5618e7309910_0 .net *"_s35", 3 0, L_0x7f114bf22138;  1 drivers
v0x5618e73099f0_0 .net *"_s36", 0 0, L_0x5618e731d380;  1 drivers
L_0x7f114bf22180 .functor BUFT 1, C4<00000000000000>, C4<0>, C4<0>, C4<0>;
v0x5618e7309ab0_0 .net/2u *"_s39", 13 0, L_0x7f114bf22180;  1 drivers
v0x5618e7309b90_0 .net *"_s41", 13 0, L_0x5618e731d4d0;  1 drivers
v0x5618e7309c70_0 .net *"_s47", 13 0, L_0x5618e731d770;  1 drivers
L_0x7f114bf22018 .functor BUFT 1, C4<0000>, C4<0>, C4<0>, C4<0>;
v0x5618e7309d50_0 .net *"_s5", 3 0, L_0x7f114bf22018;  1 drivers
L_0x7f114bf221c8 .functor BUFT 1, C4<0000>, C4<0>, C4<0>, C4<0>;
v0x5618e7309e30_0 .net *"_s50", 3 0, L_0x7f114bf221c8;  1 drivers
v0x5618e7309f10_0 .net *"_s51", 0 0, L_0x5618e731d810;  1 drivers
L_0x7f114bf22210 .functor BUFT 1, C4<00000000000000>, C4<0>, C4<0>, C4<0>;
v0x5618e7309fd0_0 .net/2u *"_s54", 13 0, L_0x7f114bf22210;  1 drivers
v0x5618e730a0b0_0 .net *"_s56", 13 0, L_0x5618e731d980;  1 drivers
v0x5618e730a190_0 .net *"_s6", 0 0, L_0x5618e730c920;  1 drivers
v0x5618e730a250_0 .net *"_s62", 13 0, L_0x5618e731dcc0;  1 drivers
L_0x7f114bf22258 .functor BUFT 1, C4<0000>, C4<0>, C4<0>, C4<0>;
v0x5618e730a330_0 .net *"_s65", 3 0, L_0x7f114bf22258;  1 drivers
v0x5618e730a410_0 .net *"_s66", 0 0, L_0x5618e731ddb0;  1 drivers
L_0x7f114bf222a0 .functor BUFT 1, C4<00000000000000>, C4<0>, C4<0>, C4<0>;
v0x5618e730a4d0_0 .net/2u *"_s69", 13 0, L_0x7f114bf222a0;  1 drivers
v0x5618e730a5b0_0 .net *"_s71", 13 0, L_0x5618e731def0;  1 drivers
v0x5618e730a690_0 .net *"_s77", 13 0, L_0x5618e731de50;  1 drivers
L_0x7f114bf222e8 .functor BUFT 1, C4<0000>, C4<0>, C4<0>, C4<0>;
v0x5618e730a770_0 .net *"_s80", 3 0, L_0x7f114bf222e8;  1 drivers
v0x5618e730a850_0 .net *"_s81", 0 0, L_0x5618e731e2a0;  1 drivers
L_0x7f114bf22330 .functor BUFT 1, C4<00000000000000>, C4<0>, C4<0>, C4<0>;
v0x5618e730a910_0 .net/2u *"_s84", 13 0, L_0x7f114bf22330;  1 drivers
v0x5618e730a9f0_0 .net *"_s86", 13 0, L_0x5618e731e450;  1 drivers
L_0x7f114bf22060 .functor BUFT 1, C4<00000000000000>, C4<0>, C4<0>, C4<0>;
v0x5618e730aad0_0 .net/2u *"_s9", 13 0, L_0x7f114bf22060;  1 drivers
v0x5618e730abb0_0 .net *"_s92", 13 0, L_0x5618e731e7d0;  1 drivers
L_0x7f114bf22378 .functor BUFT 1, C4<0000>, C4<0>, C4<0>, C4<0>;
v0x5618e730ac90_0 .net *"_s95", 3 0, L_0x7f114bf22378;  1 drivers
v0x5618e730ad70_0 .net *"_s96", 0 0, L_0x5618e731e8c0;  1 drivers
L_0x7f114bf223c0 .functor BUFT 1, C4<00000000000000>, C4<0>, C4<0>, C4<0>;
v0x5618e730ae30_0 .net/2u *"_s99", 13 0, L_0x7f114bf223c0;  1 drivers
v0x5618e730af10_0 .net "a", 9 0, L_0x5618e730c380;  1 drivers
v0x5618e730aff0_0 .net "b", 9 0, L_0x5618e7322420;  1 drivers
v0x5618e730b0d0_0 .net "c", 9 0, L_0x5618e7322840;  1 drivers
o0x7f114bf6c698 .functor BUFZ 1, C4<z>; HiZ drive
v0x5618e730b1b0_0 .net "clk", 0 0, o0x7f114bf6c698;  0 drivers
v0x5618e730b270_0 .var "cnt", 3 0;
v0x5618e730b350_0 .net "d", 9 0, L_0x5618e7322c70;  1 drivers
v0x5618e730b430_0 .net "e", 9 0, L_0x5618e73230b0;  1 drivers
v0x5618e730b510_0 .net "f", 9 0, L_0x5618e7323500;  1 drivers
v0x5618e730b5f0_0 .net "g", 9 0, L_0x5618e7323960;  1 drivers
v0x5618e730b6d0_0 .var/i "i", 31 0;
o0x7f114bf6c7e8 .functor BUFZ 1, C4<z>; HiZ drive
v0x5618e730b7b0_0 .net "reset", 0 0, o0x7f114bf6c7e8;  0 drivers
v0x5618e730b870_0 .net "x_appr", 9 0, L_0x5618e7323dd0;  1 drivers
v0x5618e730c160_0 .net "x_avg", 9 0, L_0x5618e7321d00;  1 drivers
v0x5618e730c240 .array "x_reg", 0 9, 13 0;
v0x5618e730c4a0 .array "x_reg_tmp", 0 9;
v0x5618e730c4a0_0 .net v0x5618e730c4a0 0, 9 0, L_0x5618e731cbe0; 1 drivers
v0x5618e730c4a0_1 .net v0x5618e730c4a0 1, 9 0, L_0x5618e731d100; 1 drivers
v0x5618e730c4a0_2 .net v0x5618e730c4a0 2, 9 0, L_0x5618e731d610; 1 drivers
v0x5618e730c4a0_3 .net v0x5618e730c4a0 3, 9 0, L_0x5618e731db40; 1 drivers
v0x5618e730c4a0_4 .net v0x5618e730c4a0 4, 9 0, L_0x5618e731e0b0; 1 drivers
v0x5618e730c4a0_5 .net v0x5618e730c4a0 5, 9 0, L_0x5618e731e610; 1 drivers
v0x5618e730c4a0_6 .net v0x5618e730c4a0 6, 9 0, L_0x5618e731ec50; 1 drivers
v0x5618e730c4a0_7 .net v0x5618e730c4a0 7, 9 0, L_0x5618e731f2d0; 1 drivers
v0x5618e730c4a0_8 .net v0x5618e730c4a0 8, 9 0, L_0x5618e731faa0; 1 drivers
o0x7f114bf6cc08 .functor BUFZ 10, C4<zzzzzzzzzz>; HiZ drive
v0x5618e730c4a0_9 .net v0x5618e730c4a0 9, 9 0, o0x7f114bf6cc08; 0 drivers
v0x5618e730c700_0 .net "y_tmp", 13 0, L_0x5618e7327b50;  1 drivers
E_0x5618e72c06c0 .event negedge, v0x5618e730b1b0_0;
E_0x5618e72bff30 .event posedge, v0x5618e730b7b0_0, v0x5618e730b1b0_0;
L_0x5618e730c860 .concat [ 10 4 0 0], L_0x5618e7321d00, L_0x7f114bf22018;
v0x5618e730c240_1 .array/port v0x5618e730c240, 1;
L_0x5618e730c920 .cmp/gt 14, L_0x5618e730c860, v0x5618e730c240_1;
L_0x5618e731ca20 .functor MUXZ 14, L_0x7f114bf22060, v0x5618e730c240_1, L_0x5618e730c920, C4<>;
L_0x5618e731cbe0 .part L_0x5618e731ca20, 0, 10;
L_0x5618e731cd00 .concat [ 10 4 0 0], L_0x5618e7321d00, L_0x7f114bf220a8;
v0x5618e730c240_2 .array/port v0x5618e730c240, 2;
L_0x5618e731ce40 .cmp/gt 14, L_0x5618e731cd00, v0x5618e730c240_2;
L_0x5618e731cf70 .functor MUXZ 14, L_0x7f114bf220f0, v0x5618e730c240_2, L_0x5618e731ce40, C4<>;
L_0x5618e731d100 .part L_0x5618e731cf70, 0, 10;
L_0x5618e731d240 .concat [ 10 4 0 0], L_0x5618e7321d00, L_0x7f114bf22138;
v0x5618e730c240_3 .array/port v0x5618e730c240, 3;
L_0x5618e731d380 .cmp/gt 14, L_0x5618e731d240, v0x5618e730c240_3;
L_0x5618e731d4d0 .functor MUXZ 14, L_0x7f114bf22180, v0x5618e730c240_3, L_0x5618e731d380, C4<>;
L_0x5618e731d610 .part L_0x5618e731d4d0, 0, 10;
L_0x5618e731d770 .concat [ 10 4 0 0], L_0x5618e7321d00, L_0x7f114bf221c8;
v0x5618e730c240_4 .array/port v0x5618e730c240, 4;
L_0x5618e731d810 .cmp/gt 14, L_0x5618e731d770, v0x5618e730c240_4;
L_0x5618e731d980 .functor MUXZ 14, L_0x7f114bf22210, v0x5618e730c240_4, L_0x5618e731d810, C4<>;
L_0x5618e731db40 .part L_0x5618e731d980, 0, 10;
L_0x5618e731dcc0 .concat [ 10 4 0 0], L_0x5618e7321d00, L_0x7f114bf22258;
v0x5618e730c240_5 .array/port v0x5618e730c240, 5;
L_0x5618e731ddb0 .cmp/gt 14, L_0x5618e731dcc0, v0x5618e730c240_5;
L_0x5618e731def0 .functor MUXZ 14, L_0x7f114bf222a0, v0x5618e730c240_5, L_0x5618e731ddb0, C4<>;
L_0x5618e731e0b0 .part L_0x5618e731def0, 0, 10;
L_0x5618e731de50 .concat [ 10 4 0 0], L_0x5618e7321d00, L_0x7f114bf222e8;
v0x5618e730c240_6 .array/port v0x5618e730c240, 6;
L_0x5618e731e2a0 .cmp/gt 14, L_0x5618e731de50, v0x5618e730c240_6;
L_0x5618e731e450 .functor MUXZ 14, L_0x7f114bf22330, v0x5618e730c240_6, L_0x5618e731e2a0, C4<>;
L_0x5618e731e610 .part L_0x5618e731e450, 0, 10;
L_0x5618e731e7d0 .concat [ 10 4 0 0], L_0x5618e7321d00, L_0x7f114bf22378;
v0x5618e730c240_7 .array/port v0x5618e730c240, 7;
L_0x5618e731e8c0 .cmp/gt 14, L_0x5618e731e7d0, v0x5618e730c240_7;
L_0x5618e731ea90 .functor MUXZ 14, L_0x7f114bf223c0, v0x5618e730c240_7, L_0x5618e731e8c0, C4<>;
L_0x5618e731ec50 .part L_0x5618e731ea90, 0, 10;
L_0x5618e731ee30 .concat [ 10 4 0 0], L_0x5618e7321d00, L_0x7f114bf22408;
v0x5618e730c240_8 .array/port v0x5618e730c240, 8;
L_0x5618e731ef20 .cmp/gt 14, L_0x5618e731ee30, v0x5618e730c240_8;
L_0x5618e731f110 .functor MUXZ 14, L_0x7f114bf22450, v0x5618e730c240_8, L_0x5618e731ef20, C4<>;
L_0x5618e731f2d0 .part L_0x5618e731f110, 0, 10;
L_0x5618e731f4d0 .concat [ 10 4 0 0], L_0x5618e7321d00, L_0x7f114bf22498;
v0x5618e730c240_9 .array/port v0x5618e730c240, 9;
L_0x5618e731f6d0 .cmp/gt 14, L_0x5618e731f4d0, v0x5618e730c240_9;
L_0x5618e731f8e0 .functor MUXZ 14, L_0x7f114bf224e0, v0x5618e730c240_9, L_0x5618e731f6d0, C4<>;
L_0x5618e731faa0 .part L_0x5618e731f8e0, 0, 10;
L_0x5618e731f7c0 .concat [ 14 18 0 0], v0x5618e730c240_1, L_0x7f114bf22528;
L_0x5618e731fcc0 .concat [ 14 18 0 0], v0x5618e730c240_2, L_0x7f114bf22570;
L_0x5618e731fef0 .arith/sum 32, L_0x5618e731f7c0, L_0x5618e731fcc0;
L_0x5618e7320030 .concat [ 14 18 0 0], v0x5618e730c240_3, L_0x7f114bf225b8;
L_0x5618e7320270 .arith/sum 32, L_0x5618e731fef0, L_0x5618e7320030;
L_0x5618e73203b0 .concat [ 14 18 0 0], v0x5618e730c240_4, L_0x7f114bf22600;
L_0x5618e7320600 .arith/sum 32, L_0x5618e7320270, L_0x5618e73203b0;
L_0x5618e7320740 .concat [ 14 18 0 0], v0x5618e730c240_5, L_0x7f114bf22648;
L_0x5618e73209a0 .arith/sum 32, L_0x5618e7320600, L_0x5618e7320740;
L_0x5618e7320ae0 .concat [ 14 18 0 0], v0x5618e730c240_6, L_0x7f114bf22690;
L_0x5618e7320d50 .arith/sum 32, L_0x5618e73209a0, L_0x5618e7320ae0;
L_0x5618e7320e90 .concat [ 14 18 0 0], v0x5618e730c240_7, L_0x7f114bf226d8;
L_0x5618e7321110 .arith/sum 32, L_0x5618e7320d50, L_0x5618e7320e90;
L_0x5618e7321250 .concat [ 14 18 0 0], v0x5618e730c240_8, L_0x7f114bf22720;
L_0x5618e73214e0 .arith/sum 32, L_0x5618e7321110, L_0x5618e7321250;
L_0x5618e7321620 .concat [ 14 18 0 0], v0x5618e730c240_9, L_0x7f114bf22768;
L_0x5618e73218c0 .arith/sum 32, L_0x5618e73214e0, L_0x5618e7321620;
L_0x5618e7321a00 .arith/div 32, L_0x5618e73218c0, L_0x7f114bf227b0;
L_0x5618e7321d00 .part L_0x5618e7321a00, 0, 10;
L_0x5618e7321df0 .cmp/gt 10, L_0x5618e731cbe0, L_0x5618e731d100;
L_0x5618e730c380 .functor MUXZ 10, L_0x5618e731d100, L_0x5618e731cbe0, L_0x5618e7321df0, C4<>;
L_0x5618e7322100 .cmp/gt 10, L_0x5618e731d610, L_0x5618e731db40;
L_0x5618e7322420 .functor MUXZ 10, L_0x5618e731db40, L_0x5618e731d610, L_0x5618e7322100, C4<>;
L_0x5618e7322510 .cmp/gt 10, L_0x5618e731e0b0, L_0x5618e731e610;
L_0x5618e7322840 .functor MUXZ 10, L_0x5618e731e610, L_0x5618e731e0b0, L_0x5618e7322510, C4<>;
L_0x5618e7322930 .cmp/gt 10, L_0x5618e731ec50, L_0x5618e731f2d0;
L_0x5618e7322c70 .functor MUXZ 10, L_0x5618e731f2d0, L_0x5618e731ec50, L_0x5618e7322930, C4<>;
L_0x5618e7322d60 .cmp/gt 10, L_0x5618e731faa0, L_0x5618e730c380;
L_0x5618e73230b0 .functor MUXZ 10, L_0x5618e730c380, L_0x5618e731faa0, L_0x5618e7322d60, C4<>;
L_0x5618e73231a0 .cmp/gt 10, L_0x5618e7322420, L_0x5618e7322840;
L_0x5618e7323500 .functor MUXZ 10, L_0x5618e7322840, L_0x5618e7322420, L_0x5618e73231a0, C4<>;
L_0x5618e73235f0 .cmp/gt 10, L_0x5618e7322c70, L_0x5618e73230b0;
L_0x5618e7323960 .functor MUXZ 10, L_0x5618e73230b0, L_0x5618e7322c70, L_0x5618e73235f0, C4<>;
L_0x5618e7323a50 .cmp/gt 10, L_0x5618e7323500, L_0x5618e7323960;
L_0x5618e7323dd0 .functor MUXZ 10, L_0x5618e7323960, L_0x5618e7323500, L_0x5618e7323a50, C4<>;
L_0x5618e7323ec0 .concat [ 10 4 0 0], L_0x5618e7323dd0, L_0x7f114bf227f8;
L_0x5618e7324250 .arith/sum 14, v0x5618e730c240_1, L_0x5618e7323ec0;
L_0x5618e73242f0 .arith/sum 14, L_0x5618e7324250, v0x5618e730c240_2;
L_0x5618e7324640 .concat [ 10 4 0 0], L_0x5618e7323dd0, L_0x7f114bf22840;
L_0x5618e73246e0 .arith/sum 14, L_0x5618e73242f0, L_0x5618e7324640;
L_0x5618e7324a90 .arith/sum 14, L_0x5618e73246e0, v0x5618e730c240_3;
L_0x5618e7324b80 .concat [ 10 4 0 0], L_0x5618e7323dd0, L_0x7f114bf22888;
L_0x5618e7324ea0 .arith/sum 14, L_0x5618e7324a90, L_0x5618e7324b80;
L_0x5618e7324f90 .arith/sum 14, L_0x5618e7324ea0, v0x5618e730c240_4;
L_0x5618e73253a0 .concat [ 10 4 0 0], L_0x5618e7323dd0, L_0x7f114bf228d0;
L_0x5618e7325440 .arith/sum 14, L_0x5618e7324f90, L_0x5618e73253a0;
L_0x5618e7325820 .arith/sum 14, L_0x5618e7325440, v0x5618e730c240_5;
L_0x5618e73259a0 .concat [ 10 4 0 0], L_0x5618e7323dd0, L_0x7f114bf22918;
L_0x5618e7325cf0 .arith/sum 14, L_0x5618e7325820, L_0x5618e73259a0;
L_0x5618e7325e30 .arith/sum 14, L_0x5618e7325cf0, v0x5618e730c240_6;
L_0x5618e7326270 .concat [ 10 4 0 0], L_0x5618e7323dd0, L_0x7f114bf22960;
L_0x5618e7326310 .arith/sum 14, L_0x5618e7325e30, L_0x5618e7326270;
L_0x5618e7326720 .arith/sum 14, L_0x5618e7326310, v0x5618e730c240_7;
L_0x5618e73268a0 .concat [ 10 4 0 0], L_0x5618e7323dd0, L_0x7f114bf229a8;
L_0x5618e7326c20 .arith/sum 14, L_0x5618e7326720, L_0x5618e73268a0;
L_0x5618e7326d60 .arith/sum 14, L_0x5618e7326c20, v0x5618e730c240_8;
L_0x5618e7327140 .concat [ 10 4 0 0], L_0x5618e7323dd0, L_0x7f114bf229f0;
L_0x5618e73271e0 .arith/sum 14, L_0x5618e7326d60, L_0x5618e7327140;
L_0x5618e7327620 .arith/sum 14, L_0x5618e73271e0, v0x5618e730c240_9;
L_0x5618e73277a0 .concat [ 10 4 0 0], L_0x5618e7323dd0, L_0x7f114bf22a38;
L_0x5618e7327b50 .arith/sum 14, L_0x5618e7327620, L_0x5618e73277a0;
    .scope S_0x5618e72e9190;
T_0 ;
    %wait E_0x5618e72bff30;
    %load/vec4 v0x5618e730b7b0_0;
    %flag_set/vec4 8;
    %jmp/0xz  T_0.0, 8;
    %pushi/vec4 0, 0, 32;
    %store/vec4 v0x5618e730b6d0_0, 0, 32;
T_0.2 ;
    %load/vec4 v0x5618e730b6d0_0;
    %cmpi/s 10, 0, 32;
    %jmp/0xz T_0.3, 5;
    %pushi/vec4 0, 0, 14;
    %ix/getv/s 3, v0x5618e730b6d0_0;
    %ix/load 4, 0, 0; Constant delay
    %assign/vec4/a/d v0x5618e730c240, 0, 4;
    %load/vec4 v0x5618e730b6d0_0;
    %addi 1, 0, 32;
    %store/vec4 v0x5618e730b6d0_0, 0, 32;
    %jmp T_0.2;
T_0.3 ;
    %pushi/vec4 0, 0, 4;
    %assign/vec4 v0x5618e730b270_0, 0;
    %jmp T_0.1;
T_0.0 ;
    %load/vec4 v0x5618e729d400_0;
    %pad/u 14;
    %ix/load 3, 9, 0;
    %flag_set/imm 4, 0;
    %ix/load 4, 0, 0; Constant delay
    %assign/vec4/a/d v0x5618e730c240, 0, 4;
    %pushi/vec4 0, 0, 32;
    %store/vec4 v0x5618e730b6d0_0, 0, 32;
T_0.4 ;
    %load/vec4 v0x5618e730b6d0_0;
    %cmpi/s 9, 0, 32;
    %jmp/0xz T_0.5, 5;
    %load/vec4 v0x5618e730b6d0_0;
    %pad/s 33;
    %addi 1, 0, 33;
    %ix/vec4/s 4;
    %load/vec4a v0x5618e730c240, 4;
    %ix/getv/s 3, v0x5618e730b6d0_0;
    %ix/load 4, 0, 0; Constant delay
    %assign/vec4/a/d v0x5618e730c240, 0, 4;
    %load/vec4 v0x5618e730b6d0_0;
    %addi 1, 0, 32;
    %store/vec4 v0x5618e730b6d0_0, 0, 32;
    %jmp T_0.4;
T_0.5 ;
    %load/vec4 v0x5618e730b270_0;
    %cmpi/u 9, 0, 4;
    %jmp/0xz  T_0.6, 5;
    %load/vec4 v0x5618e730b270_0;
    %addi 1, 0, 4;
    %assign/vec4 v0x5618e730b270_0, 0;
    %jmp T_0.7;
T_0.6 ;
    %load/vec4 v0x5618e730b270_0;
    %assign/vec4 v0x5618e730b270_0, 0;
T_0.7 ;
T_0.1 ;
    %jmp T_0;
    .thread T_0;
    .scope S_0x5618e72e9190;
T_1 ;
    %wait E_0x5618e72c06c0;
    %load/vec4 v0x5618e730c700_0;
    %parti/s 10, 3, 3;
    %assign/vec4 v0x5618e7304450_0, 0;
    %jmp T_1;
    .thread T_1;
# The file index is used to find the file name in the following table.
:file_names 3;
    "N/A";
    "<interactive>";
    "cs.v";
