#! /usr/bin/vvp
:ivl_version "10.3 (stable)";
:ivl_delay_selection "TYPICAL";
:vpi_time_precision + 0;
:vpi_module "system";
:vpi_module "vhdl_sys";
:vpi_module "v2005_math";
:vpi_module "va_math";
S_0x558cfcfbd030 .scope module, "huffman" "huffman" 2 1;
 .timescale 0 0;
    .port_info 0 /INPUT 1 "clk"
    .port_info 1 /INPUT 1 "reset"
    .port_info 2 /INPUT 1 "gray_valid"
    .port_info 3 /INPUT 8 "gray_data"
    .port_info 4 /OUTPUT 1 "CNT_valid"
    .port_info 5 /OUTPUT 8 "CNT1"
    .port_info 6 /OUTPUT 8 "CNT2"
    .port_info 7 /OUTPUT 8 "CNT3"
    .port_info 8 /OUTPUT 8 "CNT4"
    .port_info 9 /OUTPUT 8 "CNT5"
    .port_info 10 /OUTPUT 8 "CNT6"
    .port_info 11 /OUTPUT 1 "code_valid"
    .port_info 12 /OUTPUT 8 "HC1"
    .port_info 13 /OUTPUT 8 "HC2"
    .port_info 14 /OUTPUT 8 "HC3"
    .port_info 15 /OUTPUT 8 "HC4"
    .port_info 16 /OUTPUT 8 "HC5"
    .port_info 17 /OUTPUT 8 "HC6"
    .port_info 18 /OUTPUT 8 "M1"
    .port_info 19 /OUTPUT 8 "M2"
    .port_info 20 /OUTPUT 8 "M3"
    .port_info 21 /OUTPUT 8 "M4"
    .port_info 22 /OUTPUT 8 "M5"
    .port_info 23 /OUTPUT 8 "M6"
v0x558cfcf90340_0 .var "CNT1", 7 0;
v0x558cfcfed130_0 .var "CNT2", 7 0;
v0x558cfcfed210_0 .var "CNT3", 7 0;
v0x558cfcfed2d0_0 .var "CNT4", 7 0;
v0x558cfcfed3b0_0 .var "CNT5", 7 0;
v0x558cfcfed4e0_0 .var "CNT6", 7 0;
v0x558cfcfed5c0_0 .var "CNT_valid", 0 0;
v0x558cfcfed680_0 .var "HC1", 7 0;
v0x558cfcfed760_0 .var "HC2", 7 0;
v0x558cfcfed840_0 .var "HC3", 7 0;
v0x558cfcfed920_0 .var "HC4", 7 0;
v0x558cfcfeda00_0 .var "HC5", 7 0;
v0x558cfcfedae0_0 .var "HC6", 7 0;
v0x558cfcfedbc0_0 .var "M1", 7 0;
v0x558cfcfedca0_0 .var "M2", 7 0;
v0x558cfcfedd80_0 .var "M3", 7 0;
v0x558cfcfede60_0 .var "M4", 7 0;
v0x558cfcfedf40_0 .var "M5", 7 0;
v0x558cfcfee020_0 .var "M6", 7 0;
v0x558cfcfee100 .array "arr", 6 1, 7 0;
o0x7f04032384c8 .functor BUFZ 1, C4<z>; HiZ drive
v0x558cfcfee280_0 .net "clk", 0 0, o0x7f04032384c8;  0 drivers
v0x558cfcfee340_0 .var "code_valid", 0 0;
o0x7f0403238528 .functor BUFZ 8, C4<zzzzzzzz>; HiZ drive
v0x558cfcfee400_0 .net "gray_data", 7 0, o0x7f0403238528;  0 drivers
o0x7f0403238558 .functor BUFZ 1, C4<z>; HiZ drive
v0x558cfcfee4e0_0 .net "gray_valid", 0 0, o0x7f0403238558;  0 drivers
v0x558cfcfee5a0_0 .var/i "i", 31 0;
v0x558cfcfee680_0 .var/i "j", 31 0;
o0x7f04032385e8 .functor BUFZ 1, C4<z>; HiZ drive
v0x558cfcfee760_0 .net "reset", 0 0, o0x7f04032385e8;  0 drivers
v0x558cfcfee820 .array "rnk", 6 1, 2 0;
v0x558cfcfee9a0_0 .var "state", 2 0;
v0x558cfcfeea80_0 .var "tmp_arr", 7 0;
v0x558cfcfeeb60_0 .var "tmp_rnk", 2 0;
E_0x558cfcfca2b0/0 .event edge, v0x558cfcfee760_0, v0x558cfcf90340_0, v0x558cfcfed130_0, v0x558cfcfed210_0;
E_0x558cfcfca2b0/1 .event edge, v0x558cfcfed2d0_0, v0x558cfcfed3b0_0, v0x558cfcfed4e0_0, v0x558cfcfee5a0_0;
v0x558cfcfee100_0 .array/port v0x558cfcfee100, 0;
v0x558cfcfee100_1 .array/port v0x558cfcfee100, 1;
v0x558cfcfee100_2 .array/port v0x558cfcfee100, 2;
E_0x558cfcfca2b0/2 .event edge, v0x558cfcfee680_0, v0x558cfcfee100_0, v0x558cfcfee100_1, v0x558cfcfee100_2;
v0x558cfcfee100_3 .array/port v0x558cfcfee100, 3;
v0x558cfcfee100_4 .array/port v0x558cfcfee100, 4;
v0x558cfcfee100_5 .array/port v0x558cfcfee100, 5;
E_0x558cfcfca2b0/3 .event edge, v0x558cfcfee100_3, v0x558cfcfee100_4, v0x558cfcfee100_5, v0x558cfcfeea80_0;
v0x558cfcfee820_0 .array/port v0x558cfcfee820, 0;
v0x558cfcfee820_1 .array/port v0x558cfcfee820, 1;
v0x558cfcfee820_2 .array/port v0x558cfcfee820, 2;
v0x558cfcfee820_3 .array/port v0x558cfcfee820, 3;
E_0x558cfcfca2b0/4 .event edge, v0x558cfcfee820_0, v0x558cfcfee820_1, v0x558cfcfee820_2, v0x558cfcfee820_3;
v0x558cfcfee820_4 .array/port v0x558cfcfee820, 4;
v0x558cfcfee820_5 .array/port v0x558cfcfee820, 5;
E_0x558cfcfca2b0/5 .event edge, v0x558cfcfee820_4, v0x558cfcfee820_5, v0x558cfcfeeb60_0;
E_0x558cfcfca2b0 .event/or E_0x558cfcfca2b0/0, E_0x558cfcfca2b0/1, E_0x558cfcfca2b0/2, E_0x558cfcfca2b0/3, E_0x558cfcfca2b0/4, E_0x558cfcfca2b0/5;
E_0x558cfcfc67d0 .event posedge, v0x558cfcfee280_0;
    .scope S_0x558cfcfbd030;
T_0 ;
    %wait E_0x558cfcfc67d0;
    %load/vec4 v0x558cfcfee760_0;
    %flag_set/vec4 8;
    %jmp/0xz  T_0.0, 8;
    %pushi/vec4 0, 0, 1;
    %assign/vec4 v0x558cfcfed5c0_0, 0;
    %pushi/vec4 0, 0, 1;
    %assign/vec4 v0x558cfcfee340_0, 0;
    %pushi/vec4 0, 0, 3;
    %assign/vec4 v0x558cfcfee9a0_0, 0;
    %pushi/vec4 0, 0, 8;
    %assign/vec4 v0x558cfcf90340_0, 0;
    %pushi/vec4 0, 0, 8;
    %assign/vec4 v0x558cfcfed130_0, 0;
    %pushi/vec4 0, 0, 8;
    %assign/vec4 v0x558cfcfed210_0, 0;
    %pushi/vec4 0, 0, 8;
    %assign/vec4 v0x558cfcfed2d0_0, 0;
    %pushi/vec4 0, 0, 8;
    %assign/vec4 v0x558cfcfed3b0_0, 0;
    %pushi/vec4 0, 0, 8;
    %assign/vec4 v0x558cfcfed4e0_0, 0;
    %pushi/vec4 0, 0, 8;
    %assign/vec4 v0x558cfcfed680_0, 0;
    %pushi/vec4 0, 0, 8;
    %assign/vec4 v0x558cfcfed760_0, 0;
    %pushi/vec4 0, 0, 8;
    %assign/vec4 v0x558cfcfed840_0, 0;
    %pushi/vec4 0, 0, 8;
    %assign/vec4 v0x558cfcfed920_0, 0;
    %pushi/vec4 0, 0, 8;
    %assign/vec4 v0x558cfcfeda00_0, 0;
    %pushi/vec4 0, 0, 8;
    %assign/vec4 v0x558cfcfedae0_0, 0;
    %jmp T_0.1;
T_0.0 ;
    %load/vec4 v0x558cfcfee9a0_0;
    %nor/r;
    %flag_set/vec4 8;
    %jmp/0xz  T_0.2, 8;
    %pushi/vec4 0, 0, 1;
    %assign/vec4 v0x558cfcfed5c0_0, 0;
    %pushi/vec4 0, 0, 1;
    %assign/vec4 v0x558cfcfee340_0, 0;
    %load/vec4 v0x558cfcfee4e0_0;
    %flag_set/vec4 8;
    %jmp/0xz  T_0.4, 8;
    %load/vec4 v0x558cfcfee400_0;
    %dup/vec4;
    %pushi/vec4 1, 0, 8;
    %cmp/u;
    %jmp/1 T_0.6, 6;
    %dup/vec4;
    %pushi/vec4 2, 0, 8;
    %cmp/u;
    %jmp/1 T_0.7, 6;
    %dup/vec4;
    %pushi/vec4 3, 0, 8;
    %cmp/u;
    %jmp/1 T_0.8, 6;
    %dup/vec4;
    %pushi/vec4 4, 0, 8;
    %cmp/u;
    %jmp/1 T_0.9, 6;
    %dup/vec4;
    %pushi/vec4 5, 0, 8;
    %cmp/u;
    %jmp/1 T_0.10, 6;
    %dup/vec4;
    %pushi/vec4 6, 0, 8;
    %cmp/u;
    %jmp/1 T_0.11, 6;
    %load/vec4 v0x558cfcfed4e0_0;
    %assign/vec4 v0x558cfcfed4e0_0, 0;
    %jmp T_0.13;
T_0.6 ;
    %load/vec4 v0x558cfcf90340_0;
    %addi 1, 0, 8;
    %assign/vec4 v0x558cfcf90340_0, 0;
    %jmp T_0.13;
T_0.7 ;
    %load/vec4 v0x558cfcfed130_0;
    %addi 1, 0, 8;
    %assign/vec4 v0x558cfcfed130_0, 0;
    %jmp T_0.13;
T_0.8 ;
    %load/vec4 v0x558cfcfed210_0;
    %addi 1, 0, 8;
    %assign/vec4 v0x558cfcfed210_0, 0;
    %jmp T_0.13;
T_0.9 ;
    %load/vec4 v0x558cfcfed2d0_0;
    %addi 1, 0, 8;
    %assign/vec4 v0x558cfcfed2d0_0, 0;
    %jmp T_0.13;
T_0.10 ;
    %load/vec4 v0x558cfcfed3b0_0;
    %addi 1, 0, 8;
    %assign/vec4 v0x558cfcfed3b0_0, 0;
    %jmp T_0.13;
T_0.11 ;
    %load/vec4 v0x558cfcfed4e0_0;
    %addi 1, 0, 8;
    %assign/vec4 v0x558cfcfed4e0_0, 0;
    %jmp T_0.13;
T_0.13 ;
    %pop/vec4 1;
T_0.4 ;
    %load/vec4 v0x558cfcf90340_0;
    %pad/u 32;
    %load/vec4 v0x558cfcfed130_0;
    %pad/u 32;
    %add;
    %load/vec4 v0x558cfcfed210_0;
    %pad/u 32;
    %add;
    %load/vec4 v0x558cfcfed2d0_0;
    %pad/u 32;
    %add;
    %load/vec4 v0x558cfcfed3b0_0;
    %pad/u 32;
    %add;
    %load/vec4 v0x558cfcfed4e0_0;
    %pad/u 32;
    %add;
    %cmpi/e 100, 0, 32;
    %jmp/0xz  T_0.14, 4;
    %pushi/vec4 1, 0, 3;
    %assign/vec4 v0x558cfcfee9a0_0, 0;
T_0.14 ;
    %jmp T_0.3;
T_0.2 ;
    %load/vec4 v0x558cfcfee9a0_0;
    %cmpi/e 1, 0, 3;
    %jmp/0xz  T_0.16, 4;
    %pushi/vec4 1, 0, 1;
    %assign/vec4 v0x558cfcfed5c0_0, 0;
    %pushi/vec4 2, 0, 3;
    %assign/vec4 v0x558cfcfee9a0_0, 0;
    %jmp T_0.17;
T_0.16 ;
    %load/vec4 v0x558cfcfee9a0_0;
    %cmpi/e 2, 0, 3;
    %jmp/0xz  T_0.18, 4;
    %pushi/vec4 0, 0, 1;
    %assign/vec4 v0x558cfcfed5c0_0, 0;
T_0.18 ;
T_0.17 ;
T_0.3 ;
T_0.1 ;
    %jmp T_0;
    .thread T_0;
    .scope S_0x558cfcfbd030;
T_1 ;
    %wait E_0x558cfcfca2b0;
    %load/vec4 v0x558cfcfee760_0;
    %flag_set/vec4 8;
    %jmp/0xz  T_1.0, 8;
    %pushi/vec4 1, 0, 3;
    %ix/load 4, 0, 0;
    %flag_set/imm 4, 0;
    %store/vec4a v0x558cfcfee820, 4, 0;
    %pushi/vec4 2, 0, 3;
    %ix/load 4, 1, 0;
    %flag_set/imm 4, 0;
    %store/vec4a v0x558cfcfee820, 4, 0;
    %pushi/vec4 3, 0, 3;
    %ix/load 4, 2, 0;
    %flag_set/imm 4, 0;
    %store/vec4a v0x558cfcfee820, 4, 0;
    %pushi/vec4 4, 0, 3;
    %ix/load 4, 3, 0;
    %flag_set/imm 4, 0;
    %store/vec4a v0x558cfcfee820, 4, 0;
    %pushi/vec4 5, 0, 3;
    %ix/load 4, 4, 0;
    %flag_set/imm 4, 0;
    %store/vec4a v0x558cfcfee820, 4, 0;
    %pushi/vec4 6, 0, 3;
    %ix/load 4, 5, 0;
    %flag_set/imm 4, 0;
    %store/vec4a v0x558cfcfee820, 4, 0;
T_1.0 ;
    %load/vec4 v0x558cfcf90340_0;
    %ix/load 4, 0, 0;
    %flag_set/imm 4, 0;
    %store/vec4a v0x558cfcfee100, 4, 0;
    %load/vec4 v0x558cfcfed130_0;
    %ix/load 4, 1, 0;
    %flag_set/imm 4, 0;
    %store/vec4a v0x558cfcfee100, 4, 0;
    %load/vec4 v0x558cfcfed210_0;
    %ix/load 4, 2, 0;
    %flag_set/imm 4, 0;
    %store/vec4a v0x558cfcfee100, 4, 0;
    %load/vec4 v0x558cfcfed2d0_0;
    %ix/load 4, 3, 0;
    %flag_set/imm 4, 0;
    %store/vec4a v0x558cfcfee100, 4, 0;
    %load/vec4 v0x558cfcfed3b0_0;
    %ix/load 4, 4, 0;
    %flag_set/imm 4, 0;
    %store/vec4a v0x558cfcfee100, 4, 0;
    %load/vec4 v0x558cfcfed4e0_0;
    %ix/load 4, 5, 0;
    %flag_set/imm 4, 0;
    %store/vec4a v0x558cfcfee100, 4, 0;
    %pushi/vec4 6, 0, 32;
    %store/vec4 v0x558cfcfee5a0_0, 0, 32;
T_1.2 ;
    %pushi/vec4 0, 0, 32;
    %load/vec4 v0x558cfcfee5a0_0;
    %cmp/s;
    %jmp/0xz T_1.3, 5;
    %pushi/vec4 1, 0, 32;
    %store/vec4 v0x558cfcfee680_0, 0, 32;
T_1.4 ;
    %load/vec4 v0x558cfcfee680_0;
    %load/vec4 v0x558cfcfee5a0_0;
    %cmp/s;
    %jmp/0xz T_1.5, 5;
    %load/vec4 v0x558cfcfee680_0;
    %subi 1, 0, 32;
    %ix/vec4/s 4;
    %load/vec4a v0x558cfcfee100, 4;
    %load/vec4 v0x558cfcfee680_0;
    %pad/s 33;
    %addi 1, 0, 33;
    %subi 1, 0, 33;
    %ix/vec4/s 4;
    %load/vec4a v0x558cfcfee100, 4;
    %cmp/u;
    %jmp/0xz  T_1.6, 5;
    %load/vec4 v0x558cfcfee680_0;
    %subi 1, 0, 32;
    %ix/vec4/s 4;
    %load/vec4a v0x558cfcfee100, 4;
    %store/vec4 v0x558cfcfeea80_0, 0, 8;
    %load/vec4 v0x558cfcfee680_0;
    %pad/s 33;
    %addi 1, 0, 33;
    %subi 1, 0, 33;
    %ix/vec4/s 4;
    %load/vec4a v0x558cfcfee100, 4;
    %load/vec4 v0x558cfcfee680_0;
    %subi 1, 0, 32;
    %ix/vec4/s 4;
    %store/vec4a v0x558cfcfee100, 4, 0;
    %load/vec4 v0x558cfcfeea80_0;
    %load/vec4 v0x558cfcfee680_0;
    %pad/s 33;
    %addi 1, 0, 33;
    %subi 1, 0, 33;
    %ix/vec4/s 4;
    %store/vec4a v0x558cfcfee100, 4, 0;
    %load/vec4 v0x558cfcfee680_0;
    %subi 1, 0, 32;
    %ix/vec4/s 4;
    %load/vec4a v0x558cfcfee820, 4;
    %store/vec4 v0x558cfcfeeb60_0, 0, 3;
    %load/vec4 v0x558cfcfee680_0;
    %pad/s 33;
    %addi 1, 0, 33;
    %subi 1, 0, 33;
    %ix/vec4/s 4;
    %load/vec4a v0x558cfcfee820, 4;
    %load/vec4 v0x558cfcfee680_0;
    %subi 1, 0, 32;
    %ix/vec4/s 4;
    %store/vec4a v0x558cfcfee820, 4, 0;
    %load/vec4 v0x558cfcfeeb60_0;
    %load/vec4 v0x558cfcfee680_0;
    %pad/s 33;
    %addi 1, 0, 33;
    %subi 1, 0, 33;
    %ix/vec4/s 4;
    %store/vec4a v0x558cfcfee820, 4, 0;
T_1.6 ;
    %load/vec4 v0x558cfcfee680_0;
    %addi 1, 0, 32;
    %store/vec4 v0x558cfcfee680_0, 0, 32;
    %jmp T_1.4;
T_1.5 ;
    %load/vec4 v0x558cfcfee5a0_0;
    %subi 1, 0, 32;
    %store/vec4 v0x558cfcfee5a0_0, 0, 32;
    %jmp T_1.2;
T_1.3 ;
    %jmp T_1;
    .thread T_1, $push;
# The file index is used to find the file name in the following table.
:file_names 3;
    "N/A";
    "<interactive>";
    "sol.v";
