#! /usr/bin/vvp
:ivl_version "10.3 (stable)";
:ivl_delay_selection "TYPICAL";
:vpi_time_precision + 0;
:vpi_module "system";
:vpi_module "vhdl_sys";
:vpi_module "v2005_math";
:vpi_module "va_math";
S_0x55d6c6ca4130 .scope module, "LCD_CTRL" "LCD_CTRL" 2 1;
 .timescale 0 0;
    .port_info 0 /INPUT 1 "clk"
    .port_info 1 /INPUT 1 "reset"
    .port_info 2 /INPUT 8 "datain"
    .port_info 3 /INPUT 4 "cmd"
    .port_info 4 /INPUT 1 "cmd_valid"
    .port_info 5 /OUTPUT 8 "dataout"
    .port_info 6 /OUTPUT 1 "output_valid"
    .port_info 7 /OUTPUT 1 "busy"
P_0x55d6c6cd58b0 .param/l "CMD_MODE" 1 2 26, C4<1>;
P_0x55d6c6cd58f0 .param/l "DIR_L" 1 2 42, C4<00>;
P_0x55d6c6cd5930 .param/l "DIR_R" 1 2 44, C4<10>;
P_0x55d6c6cd5970 .param/l "DIR_U" 1 2 43, C4<01>;
P_0x55d6c6cd59b0 .param/l "FIT_ST" 1 2 39, C4<01>;
P_0x55d6c6cd59f0 .param/l "INIT_ST" 1 2 38, C4<00>;
P_0x55d6c6cd5a30 .param/l "IN_ST" 1 2 40, C4<10>;
P_0x55d6c6cd5a70 .param/l "LOAD" 1 2 28, C4<0000>;
P_0x55d6c6cd5ab0 .param/l "RST" 1 2 25, C4<0>;
P_0x55d6c6cd5af0 .param/l "Rotate_L" 1 2 29, C4<0001>;
P_0x55d6c6cd5b30 .param/l "Rotate_R" 1 2 30, C4<0010>;
P_0x55d6c6cd5b70 .param/l "SHIFT_D" 1 2 36, C4<1000>;
P_0x55d6c6cd5bb0 .param/l "SHIFT_L" 1 2 34, C4<0110>;
P_0x55d6c6cd5bf0 .param/l "SHIFT_R" 1 2 33, C4<0101>;
P_0x55d6c6cd5c30 .param/l "SHIFT_U" 1 2 35, C4<0111>;
P_0x55d6c6cd5c70 .param/l "ZOOM_FIT" 1 2 32, C4<0100>;
P_0x55d6c6cd5cb0 .param/l "ZOOM_IN" 1 2 31, C4<0011>;
v0x55d6c6cd5f80_0 .var "busy", 0 0;
o0x7f4c93991048 .functor BUFZ 1, C4<z>; HiZ drive
v0x55d6c6d16930_0 .net "clk", 0 0, o0x7f4c93991048;  0 drivers
o0x7f4c93991078 .functor BUFZ 4, C4<zzzz>; HiZ drive
v0x55d6c6d169f0_0 .net "cmd", 3 0, o0x7f4c93991078;  0 drivers
v0x55d6c6d16ab0_0 .var "cmd_use", 3 0;
o0x7f4c939910d8 .functor BUFZ 1, C4<z>; HiZ drive
v0x55d6c6d16b90_0 .net "cmd_valid", 0 0, o0x7f4c939910d8;  0 drivers
o0x7f4c93991108 .functor BUFZ 8, C4<zzzzzzzz>; HiZ drive
v0x55d6c6d16ca0_0 .net "datain", 7 0, o0x7f4c93991108;  0 drivers
v0x55d6c6d16d80_0 .var "dataout", 7 0;
v0x55d6c6d16e60_0 .var "dir", 1 0;
v0x55d6c6d16f40 .array "img_buf", 0 107, 7 0;
v0x55d6c6d17000_0 .var "in_pc", 6 0;
v0x55d6c6d170e0_0 .var "l", 3 0;
v0x55d6c6d171c0 .array "out_buf", 0 15, 7 0;
v0x55d6c6d17280_0 .var "out_cpt", 0 0;
v0x55d6c6d17340_0 .var "out_flag", 0 0;
v0x55d6c6d17400_0 .var "out_pc", 6 0;
v0x55d6c6d174e0_0 .var "output_valid", 0 0;
o0x7f4c939912b8 .functor BUFZ 1, C4<z>; HiZ drive
v0x55d6c6d175a0_0 .net "reset", 0 0, o0x7f4c939912b8;  0 drivers
v0x55d6c6d17770_0 .var "state", 1 0;
v0x55d6c6d17850_0 .var "w", 3 0;
E_0x55d6c6cda160 .event negedge, v0x55d6c6d16930_0;
E_0x55d6c6cd9740 .event posedge, v0x55d6c6d16930_0;
E_0x55d6c6cda830 .event posedge, v0x55d6c6d175a0_0, v0x55d6c6d16930_0;
    .scope S_0x55d6c6ca4130;
T_0 ;
    %wait E_0x55d6c6cda830;
    %load/vec4 v0x55d6c6d175a0_0;
    %flag_set/vec4 8;
    %jmp/0xz  T_0.0, 8;
    %pushi/vec4 0, 0, 2;
    %assign/vec4 v0x55d6c6d17770_0, 0;
    %jmp T_0.1;
T_0.0 ;
    %pushi/vec4 1, 0, 2;
    %assign/vec4 v0x55d6c6d17770_0, 0;
T_0.1 ;
    %jmp T_0;
    .thread T_0;
    .scope S_0x55d6c6ca4130;
T_1 ;
    %wait E_0x55d6c6cd9740;
    %load/vec4 v0x55d6c6d17770_0;
    %cmpi/e 0, 0, 2;
    %jmp/0xz  T_1.0, 4;
    %pushi/vec4 0, 0, 2;
    %assign/vec4 v0x55d6c6d17770_0, 0;
    %pushi/vec4 6, 0, 4;
    %assign/vec4 v0x55d6c6d170e0_0, 0;
    %pushi/vec4 5, 0, 4;
    %assign/vec4 v0x55d6c6d17850_0, 0;
    %pushi/vec4 1, 0, 2;
    %assign/vec4 v0x55d6c6d16e60_0, 0;
    %pushi/vec4 0, 0, 7;
    %assign/vec4 v0x55d6c6d17000_0, 0;
    %jmp T_1.1;
T_1.0 ;
    %load/vec4 v0x55d6c6d16b90_0;
    %flag_set/vec4 8;
    %jmp/0xz  T_1.2, 8;
    %load/vec4 v0x55d6c6d169f0_0;
    %assign/vec4 v0x55d6c6d16ab0_0, 0;
    %load/vec4 v0x55d6c6d169f0_0;
    %dup/vec4;
    %pushi/vec4 0, 0, 4;
    %cmp/u;
    %jmp/1 T_1.4, 6;
    %dup/vec4;
    %pushi/vec4 1, 0, 4;
    %cmp/u;
    %jmp/1 T_1.5, 6;
    %dup/vec4;
    %pushi/vec4 2, 0, 4;
    %cmp/u;
    %jmp/1 T_1.6, 6;
    %dup/vec4;
    %pushi/vec4 3, 0, 4;
    %cmp/u;
    %jmp/1 T_1.7, 6;
    %dup/vec4;
    %pushi/vec4 4, 0, 4;
    %cmp/u;
    %jmp/1 T_1.8, 6;
    %dup/vec4;
    %pushi/vec4 5, 0, 4;
    %cmp/u;
    %jmp/1 T_1.9, 6;
    %dup/vec4;
    %pushi/vec4 6, 0, 4;
    %cmp/u;
    %jmp/1 T_1.10, 6;
    %dup/vec4;
    %pushi/vec4 7, 0, 4;
    %cmp/u;
    %jmp/1 T_1.11, 6;
    %dup/vec4;
    %pushi/vec4 8, 0, 4;
    %cmp/u;
    %jmp/1 T_1.12, 6;
    %load/vec4 v0x55d6c6d17850_0;
    %assign/vec4 v0x55d6c6d17850_0, 0;
    %jmp T_1.14;
T_1.4 ;
    %pushi/vec4 6, 0, 4;
    %assign/vec4 v0x55d6c6d170e0_0, 0;
    %pushi/vec4 5, 0, 4;
    %assign/vec4 v0x55d6c6d17850_0, 0;
    %pushi/vec4 0, 0, 7;
    %assign/vec4 v0x55d6c6d17000_0, 0;
    %pushi/vec4 1, 0, 2;
    %assign/vec4 v0x55d6c6d17770_0, 0;
    %jmp T_1.14;
T_1.5 ;
    %load/vec4 v0x55d6c6d17770_0;
    %cmpi/e 1, 0, 2;
    %jmp/0xz  T_1.15, 4;
    %load/vec4 v0x55d6c6d16e60_0;
    %subi 1, 0, 2;
    %assign/vec4 v0x55d6c6d16e60_0, 0;
T_1.15 ;
    %jmp T_1.14;
T_1.6 ;
    %load/vec4 v0x55d6c6d17770_0;
    %cmpi/e 1, 0, 2;
    %jmp/0xz  T_1.17, 4;
    %load/vec4 v0x55d6c6d16e60_0;
    %addi 1, 0, 2;
    %assign/vec4 v0x55d6c6d16e60_0, 0;
T_1.17 ;
    %jmp T_1.14;
T_1.7 ;
    %pushi/vec4 2, 0, 2;
    %assign/vec4 v0x55d6c6d17770_0, 0;
    %jmp T_1.14;
T_1.8 ;
    %pushi/vec4 1, 0, 2;
    %assign/vec4 v0x55d6c6d17770_0, 0;
    %jmp T_1.14;
T_1.9 ;
    %load/vec4 v0x55d6c6d17770_0;
    %cmpi/e 2, 0, 2;
    %jmp/0xz  T_1.19, 4;
    %load/vec4 v0x55d6c6d16e60_0;
    %dup/vec4;
    %pushi/vec4 1, 0, 2;
    %cmp/u;
    %jmp/1 T_1.21, 6;
    %dup/vec4;
    %pushi/vec4 0, 0, 2;
    %cmp/u;
    %jmp/1 T_1.22, 6;
    %dup/vec4;
    %pushi/vec4 2, 0, 2;
    %cmp/u;
    %jmp/1 T_1.23, 6;
    %load/vec4 v0x55d6c6d17850_0;
    %assign/vec4 v0x55d6c6d17850_0, 0;
    %jmp T_1.25;
T_1.21 ;
    %load/vec4 v0x55d6c6d170e0_0;
    %cmpi/u 10, 0, 4;
    %jmp/0xz  T_1.26, 5;
    %load/vec4 v0x55d6c6d170e0_0;
    %addi 1, 0, 4;
    %assign/vec4 v0x55d6c6d170e0_0, 0;
T_1.26 ;
    %jmp T_1.25;
T_1.22 ;
    %load/vec4 v0x55d6c6d17850_0;
    %cmpi/u 7, 0, 4;
    %jmp/0xz  T_1.28, 5;
    %load/vec4 v0x55d6c6d17850_0;
    %addi 1, 0, 4;
    %assign/vec4 v0x55d6c6d17850_0, 0;
T_1.28 ;
    %jmp T_1.25;
T_1.23 ;
    %pushi/vec4 2, 0, 4;
    %load/vec4 v0x55d6c6d17850_0;
    %cmp/u;
    %jmp/0xz  T_1.30, 5;
    %load/vec4 v0x55d6c6d17850_0;
    %subi 1, 0, 4;
    %assign/vec4 v0x55d6c6d17850_0, 0;
T_1.30 ;
    %jmp T_1.25;
T_1.25 ;
    %pop/vec4 1;
T_1.19 ;
    %jmp T_1.14;
T_1.10 ;
    %load/vec4 v0x55d6c6d17770_0;
    %cmpi/e 2, 0, 2;
    %jmp/0xz  T_1.32, 4;
    %load/vec4 v0x55d6c6d16e60_0;
    %dup/vec4;
    %pushi/vec4 1, 0, 2;
    %cmp/u;
    %jmp/1 T_1.34, 6;
    %dup/vec4;
    %pushi/vec4 0, 0, 2;
    %cmp/u;
    %jmp/1 T_1.35, 6;
    %dup/vec4;
    %pushi/vec4 2, 0, 2;
    %cmp/u;
    %jmp/1 T_1.36, 6;
    %load/vec4 v0x55d6c6d17850_0;
    %assign/vec4 v0x55d6c6d17850_0, 0;
    %jmp T_1.38;
T_1.34 ;
    %pushi/vec4 2, 0, 4;
    %load/vec4 v0x55d6c6d170e0_0;
    %cmp/u;
    %jmp/0xz  T_1.39, 5;
    %load/vec4 v0x55d6c6d170e0_0;
    %subi 1, 0, 4;
    %assign/vec4 v0x55d6c6d170e0_0, 0;
T_1.39 ;
    %jmp T_1.38;
T_1.35 ;
    %pushi/vec4 2, 0, 4;
    %load/vec4 v0x55d6c6d17850_0;
    %cmp/u;
    %jmp/0xz  T_1.41, 5;
    %load/vec4 v0x55d6c6d17850_0;
    %subi 1, 0, 4;
    %assign/vec4 v0x55d6c6d17850_0, 0;
T_1.41 ;
    %jmp T_1.38;
T_1.36 ;
    %load/vec4 v0x55d6c6d17850_0;
    %cmpi/u 7, 0, 4;
    %jmp/0xz  T_1.43, 5;
    %load/vec4 v0x55d6c6d17850_0;
    %addi 1, 0, 4;
    %assign/vec4 v0x55d6c6d17850_0, 0;
T_1.43 ;
    %jmp T_1.38;
T_1.38 ;
    %pop/vec4 1;
T_1.32 ;
    %jmp T_1.14;
T_1.11 ;
    %load/vec4 v0x55d6c6d17770_0;
    %cmpi/e 2, 0, 2;
    %jmp/0xz  T_1.45, 4;
    %load/vec4 v0x55d6c6d16e60_0;
    %dup/vec4;
    %pushi/vec4 1, 0, 2;
    %cmp/u;
    %jmp/1 T_1.47, 6;
    %dup/vec4;
    %pushi/vec4 0, 0, 2;
    %cmp/u;
    %jmp/1 T_1.48, 6;
    %dup/vec4;
    %pushi/vec4 2, 0, 2;
    %cmp/u;
    %jmp/1 T_1.49, 6;
    %load/vec4 v0x55d6c6d17850_0;
    %assign/vec4 v0x55d6c6d17850_0, 0;
    %jmp T_1.51;
T_1.47 ;
    %pushi/vec4 2, 0, 4;
    %load/vec4 v0x55d6c6d17850_0;
    %cmp/u;
    %jmp/0xz  T_1.52, 5;
    %load/vec4 v0x55d6c6d17850_0;
    %subi 1, 0, 4;
    %assign/vec4 v0x55d6c6d17850_0, 0;
T_1.52 ;
    %jmp T_1.51;
T_1.48 ;
    %load/vec4 v0x55d6c6d170e0_0;
    %cmpi/u 10, 0, 4;
    %jmp/0xz  T_1.54, 5;
    %load/vec4 v0x55d6c6d170e0_0;
    %addi 1, 0, 4;
    %assign/vec4 v0x55d6c6d170e0_0, 0;
T_1.54 ;
    %jmp T_1.51;
T_1.49 ;
    %pushi/vec4 2, 0, 4;
    %load/vec4 v0x55d6c6d170e0_0;
    %cmp/u;
    %jmp/0xz  T_1.56, 5;
    %load/vec4 v0x55d6c6d170e0_0;
    %subi 1, 0, 4;
    %assign/vec4 v0x55d6c6d170e0_0, 0;
T_1.56 ;
    %jmp T_1.51;
T_1.51 ;
    %pop/vec4 1;
T_1.45 ;
    %jmp T_1.14;
T_1.12 ;
    %load/vec4 v0x55d6c6d17770_0;
    %cmpi/e 2, 0, 2;
    %jmp/0xz  T_1.58, 4;
    %load/vec4 v0x55d6c6d16e60_0;
    %dup/vec4;
    %pushi/vec4 1, 0, 2;
    %cmp/u;
    %jmp/1 T_1.60, 6;
    %dup/vec4;
    %pushi/vec4 0, 0, 2;
    %cmp/u;
    %jmp/1 T_1.61, 6;
    %dup/vec4;
    %pushi/vec4 2, 0, 2;
    %cmp/u;
    %jmp/1 T_1.62, 6;
    %load/vec4 v0x55d6c6d17850_0;
    %assign/vec4 v0x55d6c6d17850_0, 0;
    %jmp T_1.64;
T_1.60 ;
    %load/vec4 v0x55d6c6d17850_0;
    %cmpi/u 7, 0, 4;
    %jmp/0xz  T_1.65, 5;
    %load/vec4 v0x55d6c6d17850_0;
    %addi 1, 0, 4;
    %assign/vec4 v0x55d6c6d17850_0, 0;
T_1.65 ;
    %jmp T_1.64;
T_1.61 ;
    %pushi/vec4 2, 0, 4;
    %load/vec4 v0x55d6c6d170e0_0;
    %cmp/u;
    %jmp/0xz  T_1.67, 5;
    %load/vec4 v0x55d6c6d170e0_0;
    %subi 1, 0, 4;
    %assign/vec4 v0x55d6c6d170e0_0, 0;
T_1.67 ;
    %jmp T_1.64;
T_1.62 ;
    %load/vec4 v0x55d6c6d170e0_0;
    %cmpi/u 10, 0, 4;
    %jmp/0xz  T_1.69, 5;
    %load/vec4 v0x55d6c6d170e0_0;
    %addi 1, 0, 4;
    %assign/vec4 v0x55d6c6d170e0_0, 0;
T_1.69 ;
    %jmp T_1.64;
T_1.64 ;
    %pop/vec4 1;
T_1.58 ;
    %jmp T_1.14;
T_1.14 ;
    %pop/vec4 1;
    %pushi/vec4 0, 0, 32;
    %load/vec4 v0x55d6c6d169f0_0;
    %pad/u 32;
    %cmp/u;
    %jmp/0xz  T_1.71, 5;
    %pushi/vec4 1, 0, 1;
    %assign/vec4 v0x55d6c6d17340_0, 0;
T_1.71 ;
T_1.2 ;
    %load/vec4 v0x55d6c6d16ab0_0;
    %dup/vec4;
    %pushi/vec4 0, 0, 4;
    %cmp/u;
    %jmp/1 T_1.73, 6;
    %dup/vec4;
    %pushi/vec4 1, 0, 4;
    %cmp/u;
    %jmp/1 T_1.74, 6;
    %dup/vec4;
    %pushi/vec4 2, 0, 4;
    %cmp/u;
    %jmp/1 T_1.75, 6;
    %dup/vec4;
    %pushi/vec4 3, 0, 4;
    %cmp/u;
    %jmp/1 T_1.76, 6;
    %dup/vec4;
    %pushi/vec4 4, 0, 4;
    %cmp/u;
    %jmp/1 T_1.77, 6;
    %dup/vec4;
    %pushi/vec4 5, 0, 4;
    %cmp/u;
    %jmp/1 T_1.78, 6;
    %dup/vec4;
    %pushi/vec4 6, 0, 4;
    %cmp/u;
    %jmp/1 T_1.79, 6;
    %dup/vec4;
    %pushi/vec4 7, 0, 4;
    %cmp/u;
    %jmp/1 T_1.80, 6;
    %dup/vec4;
    %pushi/vec4 8, 0, 4;
    %cmp/u;
    %jmp/1 T_1.81, 6;
    %load/vec4 v0x55d6c6d17850_0;
    %assign/vec4 v0x55d6c6d17850_0, 0;
    %jmp T_1.83;
T_1.73 ;
    %load/vec4 v0x55d6c6d17000_0;
    %cmpi/u 108, 0, 7;
    %jmp/0xz  T_1.84, 5;
    %load/vec4 v0x55d6c6d16ca0_0;
    %load/vec4 v0x55d6c6d17000_0;
    %pad/u 8;
    %ix/vec4 3;
    %ix/load 4, 0, 0; Constant delay
    %assign/vec4/a/d v0x55d6c6d16f40, 0, 4;
    %load/vec4 v0x55d6c6d17000_0;
    %addi 1, 0, 7;
    %assign/vec4 v0x55d6c6d17000_0, 0;
    %jmp T_1.85;
T_1.84 ;
    %load/vec4 v0x55d6c6d17000_0;
    %cmpi/e 108, 0, 7;
    %jmp/0xz  T_1.86, 4;
    %pushi/vec4 1, 0, 1;
    %assign/vec4 v0x55d6c6d17340_0, 0;
    %load/vec4 v0x55d6c6d17000_0;
    %addi 1, 0, 7;
    %assign/vec4 v0x55d6c6d17000_0, 0;
    %jmp T_1.87;
T_1.86 ;
    %load/vec4 v0x55d6c6d17340_0;
    %load/vec4 v0x55d6c6d17400_0;
    %pushi/vec4 17, 0, 7;
    %cmp/e;
    %flag_get/vec4 4;
    %and;
    %flag_set/vec4 8;
    %jmp/0xz  T_1.88, 8;
    %pushi/vec4 0, 0, 1;
    %assign/vec4 v0x55d6c6d17340_0, 0;
T_1.88 ;
T_1.87 ;
T_1.85 ;
    %jmp T_1.83;
T_1.74 ;
    %load/vec4 v0x55d6c6d17400_0;
    %cmpi/e 17, 0, 7;
    %jmp/0xz  T_1.90, 4;
    %pushi/vec4 0, 0, 1;
    %assign/vec4 v0x55d6c6d17340_0, 0;
T_1.90 ;
    %jmp T_1.83;
T_1.75 ;
    %load/vec4 v0x55d6c6d17400_0;
    %cmpi/e 17, 0, 7;
    %jmp/0xz  T_1.92, 4;
    %pushi/vec4 0, 0, 1;
    %assign/vec4 v0x55d6c6d17340_0, 0;
T_1.92 ;
    %jmp T_1.83;
T_1.76 ;
    %load/vec4 v0x55d6c6d17400_0;
    %cmpi/e 17, 0, 7;
    %jmp/0xz  T_1.94, 4;
    %pushi/vec4 0, 0, 1;
    %assign/vec4 v0x55d6c6d17340_0, 0;
T_1.94 ;
    %jmp T_1.83;
T_1.77 ;
    %load/vec4 v0x55d6c6d17400_0;
    %cmpi/e 17, 0, 7;
    %jmp/0xz  T_1.96, 4;
    %pushi/vec4 0, 0, 1;
    %assign/vec4 v0x55d6c6d17340_0, 0;
T_1.96 ;
    %jmp T_1.83;
T_1.78 ;
    %load/vec4 v0x55d6c6d17400_0;
    %cmpi/e 17, 0, 7;
    %jmp/0xz  T_1.98, 4;
    %pushi/vec4 0, 0, 1;
    %assign/vec4 v0x55d6c6d17340_0, 0;
T_1.98 ;
    %jmp T_1.83;
T_1.79 ;
    %load/vec4 v0x55d6c6d17400_0;
    %cmpi/e 17, 0, 7;
    %jmp/0xz  T_1.100, 4;
    %pushi/vec4 0, 0, 1;
    %assign/vec4 v0x55d6c6d17340_0, 0;
T_1.100 ;
    %jmp T_1.83;
T_1.80 ;
    %load/vec4 v0x55d6c6d17400_0;
    %cmpi/e 17, 0, 7;
    %jmp/0xz  T_1.102, 4;
    %pushi/vec4 0, 0, 1;
    %assign/vec4 v0x55d6c6d17340_0, 0;
T_1.102 ;
    %jmp T_1.83;
T_1.81 ;
    %load/vec4 v0x55d6c6d17400_0;
    %cmpi/e 17, 0, 7;
    %jmp/0xz  T_1.104, 4;
    %pushi/vec4 0, 0, 1;
    %assign/vec4 v0x55d6c6d17340_0, 0;
T_1.104 ;
    %jmp T_1.83;
T_1.83 ;
    %pop/vec4 1;
T_1.1 ;
    %jmp T_1;
    .thread T_1;
    .scope S_0x55d6c6ca4130;
T_2 ;
    %wait E_0x55d6c6cda160;
    %load/vec4 v0x55d6c6d17770_0;
    %dup/vec4;
    %pushi/vec4 0, 0, 2;
    %cmp/u;
    %jmp/1 T_2.0, 6;
    %load/vec4 v0x55d6c6d17340_0;
    %pushi/vec4 1, 0, 1;
    %cmp/e;
    %flag_get/vec4 4;
    %load/vec4 v0x55d6c6d17400_0;
    %cmpi/u 17, 0, 7;
    %flag_get/vec4 5;
    %and;
    %flag_set/vec4 8;
    %jmp/0xz  T_2.3, 8;
    %load/vec4 v0x55d6c6d17400_0;
    %dup/vec4;
    %pushi/vec4 1, 0, 7;
    %cmp/u;
    %jmp/1 T_2.5, 6;
    %dup/vec4;
    %pushi/vec4 2, 0, 7;
    %cmp/u;
    %jmp/1 T_2.6, 6;
    %dup/vec4;
    %pushi/vec4 3, 0, 7;
    %cmp/u;
    %jmp/1 T_2.7, 6;
    %dup/vec4;
    %pushi/vec4 4, 0, 7;
    %cmp/u;
    %jmp/1 T_2.8, 6;
    %dup/vec4;
    %pushi/vec4 5, 0, 7;
    %cmp/u;
    %jmp/1 T_2.9, 6;
    %dup/vec4;
    %pushi/vec4 6, 0, 7;
    %cmp/u;
    %jmp/1 T_2.10, 6;
    %dup/vec4;
    %pushi/vec4 7, 0, 7;
    %cmp/u;
    %jmp/1 T_2.11, 6;
    %dup/vec4;
    %pushi/vec4 8, 0, 7;
    %cmp/u;
    %jmp/1 T_2.12, 6;
    %dup/vec4;
    %pushi/vec4 9, 0, 7;
    %cmp/u;
    %jmp/1 T_2.13, 6;
    %dup/vec4;
    %pushi/vec4 10, 0, 7;
    %cmp/u;
    %jmp/1 T_2.14, 6;
    %dup/vec4;
    %pushi/vec4 11, 0, 7;
    %cmp/u;
    %jmp/1 T_2.15, 6;
    %dup/vec4;
    %pushi/vec4 12, 0, 7;
    %cmp/u;
    %jmp/1 T_2.16, 6;
    %dup/vec4;
    %pushi/vec4 13, 0, 7;
    %cmp/u;
    %jmp/1 T_2.17, 6;
    %dup/vec4;
    %pushi/vec4 14, 0, 7;
    %cmp/u;
    %jmp/1 T_2.18, 6;
    %dup/vec4;
    %pushi/vec4 15, 0, 7;
    %cmp/u;
    %jmp/1 T_2.19, 6;
    %dup/vec4;
    %pushi/vec4 16, 0, 7;
    %cmp/u;
    %jmp/1 T_2.20, 6;
    %load/vec4 v0x55d6c6d16d80_0;
    %assign/vec4 v0x55d6c6d16d80_0, 0;
    %jmp T_2.22;
T_2.5 ;
    %ix/load 4, 0, 0;
    %flag_set/imm 4, 0;
    %load/vec4a v0x55d6c6d171c0, 4;
    %assign/vec4 v0x55d6c6d16d80_0, 0;
    %jmp T_2.22;
T_2.6 ;
    %ix/load 4, 1, 0;
    %flag_set/imm 4, 0;
    %load/vec4a v0x55d6c6d171c0, 4;
    %assign/vec4 v0x55d6c6d16d80_0, 0;
    %jmp T_2.22;
T_2.7 ;
    %ix/load 4, 2, 0;
    %flag_set/imm 4, 0;
    %load/vec4a v0x55d6c6d171c0, 4;
    %assign/vec4 v0x55d6c6d16d80_0, 0;
    %jmp T_2.22;
T_2.8 ;
    %ix/load 4, 3, 0;
    %flag_set/imm 4, 0;
    %load/vec4a v0x55d6c6d171c0, 4;
    %assign/vec4 v0x55d6c6d16d80_0, 0;
    %jmp T_2.22;
T_2.9 ;
    %ix/load 4, 4, 0;
    %flag_set/imm 4, 0;
    %load/vec4a v0x55d6c6d171c0, 4;
    %assign/vec4 v0x55d6c6d16d80_0, 0;
    %jmp T_2.22;
T_2.10 ;
    %ix/load 4, 5, 0;
    %flag_set/imm 4, 0;
    %load/vec4a v0x55d6c6d171c0, 4;
    %assign/vec4 v0x55d6c6d16d80_0, 0;
    %jmp T_2.22;
T_2.11 ;
    %ix/load 4, 6, 0;
    %flag_set/imm 4, 0;
    %load/vec4a v0x55d6c6d171c0, 4;
    %assign/vec4 v0x55d6c6d16d80_0, 0;
    %jmp T_2.22;
T_2.12 ;
    %ix/load 4, 7, 0;
    %flag_set/imm 4, 0;
    %load/vec4a v0x55d6c6d171c0, 4;
    %assign/vec4 v0x55d6c6d16d80_0, 0;
    %jmp T_2.22;
T_2.13 ;
    %ix/load 4, 8, 0;
    %flag_set/imm 4, 0;
    %load/vec4a v0x55d6c6d171c0, 4;
    %assign/vec4 v0x55d6c6d16d80_0, 0;
    %jmp T_2.22;
T_2.14 ;
    %ix/load 4, 9, 0;
    %flag_set/imm 4, 0;
    %load/vec4a v0x55d6c6d171c0, 4;
    %assign/vec4 v0x55d6c6d16d80_0, 0;
    %jmp T_2.22;
T_2.15 ;
    %ix/load 4, 10, 0;
    %flag_set/imm 4, 0;
    %load/vec4a v0x55d6c6d171c0, 4;
    %assign/vec4 v0x55d6c6d16d80_0, 0;
    %jmp T_2.22;
T_2.16 ;
    %ix/load 4, 11, 0;
    %flag_set/imm 4, 0;
    %load/vec4a v0x55d6c6d171c0, 4;
    %assign/vec4 v0x55d6c6d16d80_0, 0;
    %jmp T_2.22;
T_2.17 ;
    %ix/load 4, 12, 0;
    %flag_set/imm 4, 0;
    %load/vec4a v0x55d6c6d171c0, 4;
    %assign/vec4 v0x55d6c6d16d80_0, 0;
    %jmp T_2.22;
T_2.18 ;
    %ix/load 4, 13, 0;
    %flag_set/imm 4, 0;
    %load/vec4a v0x55d6c6d171c0, 4;
    %assign/vec4 v0x55d6c6d16d80_0, 0;
    %jmp T_2.22;
T_2.19 ;
    %ix/load 4, 14, 0;
    %flag_set/imm 4, 0;
    %load/vec4a v0x55d6c6d171c0, 4;
    %assign/vec4 v0x55d6c6d16d80_0, 0;
    %jmp T_2.22;
T_2.20 ;
    %ix/load 4, 15, 0;
    %flag_set/imm 4, 0;
    %load/vec4a v0x55d6c6d171c0, 4;
    %assign/vec4 v0x55d6c6d16d80_0, 0;
    %jmp T_2.22;
T_2.22 ;
    %pop/vec4 1;
    %load/vec4 v0x55d6c6d17400_0;
    %addi 1, 0, 7;
    %assign/vec4 v0x55d6c6d17400_0, 0;
    %pushi/vec4 1, 0, 1;
    %assign/vec4 v0x55d6c6d174e0_0, 0;
    %pushi/vec4 0, 0, 1;
    %assign/vec4 v0x55d6c6d17280_0, 0;
    %jmp T_2.4;
T_2.3 ;
    %pushi/vec4 0, 0, 1;
    %assign/vec4 v0x55d6c6d174e0_0, 0;
    %pushi/vec4 1, 0, 7;
    %assign/vec4 v0x55d6c6d17400_0, 0;
T_2.4 ;
    %jmp T_2.2;
T_2.0 ;
    %pushi/vec4 0, 0, 1;
    %assign/vec4 v0x55d6c6d17280_0, 0;
    %pushi/vec4 1, 0, 7;
    %assign/vec4 v0x55d6c6d17400_0, 0;
    %jmp T_2.2;
T_2.2 ;
    %pop/vec4 1;
    %jmp T_2;
    .thread T_2;
# The file index is used to find the file name in the following table.
:file_names 3;
    "N/A";
    "<interactive>";
    "sol.v";
