#! /usr/bin/vvp
:ivl_version "10.3 (stable)";
:ivl_delay_selection "TYPICAL";
:vpi_time_precision - 10;
:vpi_module "system";
:vpi_module "vhdl_sys";
:vpi_module "v2005_math";
:vpi_module "va_math";
S_0x55ce5d8a50f0 .scope module, "FC" "FC" 2 2;
 .timescale -9 -10;
    .port_info 0 /INPUT 1 "clk"
    .port_info 1 /INPUT 1 "rst"
    .port_info 2 /INPUT 33 "cmd"
    .port_info 3 /OUTPUT 1 "done"
    .port_info 4 /OUTPUT 1 "M_RW"
    .port_info 5 /OUTPUT 7 "M_A"
    .port_info 6 /INOUT 8 "M_D"
    .port_info 7 /INOUT 8 "F_IO"
    .port_info 8 /OUTPUT 1 "F_CLE"
    .port_info 9 /OUTPUT 1 "F_ALE"
    .port_info 10 /OUTPUT 1 "F_REN"
    .port_info 11 /OUTPUT 1 "F_WEN"
    .port_info 12 /INPUT 1 "F_RB"
P_0x55ce5d8a5270 .param/l "IDLE" 0 2 20, C4<000>;
P_0x55ce5d8a52b0 .param/l "READ_CMD" 0 2 21, C4<001>;
P_0x55ce5d8a52f0 .param/l "READ_F" 0 2 22, C4<010>;
P_0x55ce5d8a5330 .param/l "READ_M" 0 2 23, C4<011>;
v0x55ce5d8b9a70_0 .var "F_ALE", 0 0;
v0x55ce5d8b9b70_0 .var "F_CLE", 0 0;
v0x55ce5d8b9060_0 .net "F_IO", 7 0, L_0x55ce5d908300;  1 drivers
v0x55ce5d8b8800_0 .var "F_IO_REG", 7 0;
o0x7f37f588c0d8 .functor BUFZ 1, C4<z>; HiZ drive
v0x55ce5d907200_0 .net "F_RB", 0 0, o0x7f37f588c0d8;  0 drivers
v0x55ce5d907310_0 .var "F_REN", 0 0;
v0x55ce5d9073d0_0 .var "F_WEN", 0 0;
v0x55ce5d907490_0 .var "M_A", 6 0;
v0x55ce5d907570_0 .net "M_D", 7 0, L_0x55ce5d9083c0;  1 drivers
v0x55ce5d907650_0 .var "M_D_REG", 7 0;
v0x55ce5d907730_0 .var "M_RW", 0 0;
o0x7f37f588c228 .functor BUFZ 8, C4<zzzzzzzz>; HiZ drive
; Elide local net with no drivers, v0x55ce5d9077f0_0 name=_s0
o0x7f37f588c258 .functor BUFZ 8, C4<zzzzzzzz>; HiZ drive
; Elide local net with no drivers, v0x55ce5d9078d0_0 name=_s4
o0x7f37f588c288 .functor BUFZ 1, C4<z>; HiZ drive
v0x55ce5d9079b0_0 .net "clk", 0 0, o0x7f37f588c288;  0 drivers
o0x7f37f588c2b8 .functor BUFZ 33, C4<zzzzzzzzzzzzzzzzzzzzzzzzzzzzzzzzz>; HiZ drive
v0x55ce5d907a70_0 .net "cmd", 32 0, o0x7f37f588c2b8;  0 drivers
v0x55ce5d907b50_0 .var "cnt", 6 0;
v0x55ce5d907c30_0 .var "done", 0 0;
v0x55ce5d907e00_0 .var "next_state", 2 0;
o0x7f37f588c378 .functor BUFZ 1, C4<z>; HiZ drive
v0x55ce5d907ee0_0 .net "rst", 0 0, o0x7f37f588c378;  0 drivers
v0x55ce5d907fa0_0 .var "state", 2 0;
v0x55ce5d908080_0 .var "write_cnt", 4 0;
E_0x55ce5d8dc270 .event posedge, v0x55ce5d907ee0_0, v0x55ce5d9079b0_0;
E_0x55ce5d8dd4d0/0 .event edge, v0x55ce5d907ee0_0, v0x55ce5d907fa0_0, v0x55ce5d907a70_0, v0x55ce5d907b50_0;
E_0x55ce5d8dd4d0/1 .event edge, v0x55ce5d908080_0;
E_0x55ce5d8dd4d0 .event/or E_0x55ce5d8dd4d0/0, E_0x55ce5d8dd4d0/1;
L_0x55ce5d908300 .functor MUXZ 8, v0x55ce5d8b8800_0, o0x7f37f588c228, v0x55ce5d907310_0, C4<>;
L_0x55ce5d9083c0 .functor MUXZ 8, v0x55ce5d907650_0, o0x7f37f588c258, v0x55ce5d907730_0, C4<>;
    .scope S_0x55ce5d8a50f0;
T_0 ;
    %wait E_0x55ce5d8dc270;
    %load/vec4 v0x55ce5d907ee0_0;
    %flag_set/vec4 8;
    %jmp/0xz  T_0.0, 8;
    %pushi/vec4 0, 0, 3;
    %assign/vec4 v0x55ce5d907fa0_0, 0;
    %jmp T_0.1;
T_0.0 ;
    %load/vec4 v0x55ce5d907e00_0;
    %assign/vec4 v0x55ce5d907fa0_0, 0;
T_0.1 ;
    %jmp T_0;
    .thread T_0;
    .scope S_0x55ce5d8a50f0;
T_1 ;
    %wait E_0x55ce5d8dd4d0;
    %load/vec4 v0x55ce5d907ee0_0;
    %flag_set/vec4 8;
    %jmp/0xz  T_1.0, 8;
    %pushi/vec4 0, 0, 3;
    %store/vec4 v0x55ce5d907e00_0, 0, 3;
    %jmp T_1.1;
T_1.0 ;
    %load/vec4 v0x55ce5d907fa0_0;
    %dup/vec4;
    %pushi/vec4 0, 0, 3;
    %cmp/u;
    %jmp/1 T_1.2, 6;
    %dup/vec4;
    %pushi/vec4 1, 0, 3;
    %cmp/u;
    %jmp/1 T_1.3, 6;
    %dup/vec4;
    %pushi/vec4 2, 0, 3;
    %cmp/u;
    %jmp/1 T_1.4, 6;
    %dup/vec4;
    %pushi/vec4 3, 0, 3;
    %cmp/u;
    %jmp/1 T_1.5, 6;
    %pushi/vec4 0, 0, 3;
    %store/vec4 v0x55ce5d907e00_0, 0, 3;
    %jmp T_1.7;
T_1.2 ;
    %pushi/vec4 1, 0, 3;
    %store/vec4 v0x55ce5d907e00_0, 0, 3;
    %jmp T_1.7;
T_1.3 ;
    %load/vec4 v0x55ce5d907a70_0;
    %parti/s 1, 32, 7;
    %pad/u 32;
    %cmpi/e 0, 0, 32;
    %jmp/0xz  T_1.8, 4;
    %pushi/vec4 3, 0, 3;
    %store/vec4 v0x55ce5d907e00_0, 0, 3;
    %jmp T_1.9;
T_1.8 ;
    %pushi/vec4 2, 0, 3;
    %store/vec4 v0x55ce5d907e00_0, 0, 3;
T_1.9 ;
    %jmp T_1.7;
T_1.4 ;
    %load/vec4 v0x55ce5d907b50_0;
    %load/vec4 v0x55ce5d907a70_0;
    %parti/s 7, 0, 2;
    %cmp/e;
    %jmp/0xz  T_1.10, 4;
    %pushi/vec4 0, 0, 3;
    %store/vec4 v0x55ce5d907e00_0, 0, 3;
    %jmp T_1.11;
T_1.10 ;
    %pushi/vec4 2, 0, 3;
    %store/vec4 v0x55ce5d907e00_0, 0, 3;
T_1.11 ;
    %jmp T_1.7;
T_1.5 ;
    %load/vec4 v0x55ce5d907b50_0;
    %load/vec4 v0x55ce5d907a70_0;
    %parti/s 7, 0, 2;
    %cmp/e;
    %flag_get/vec4 4;
    %load/vec4 v0x55ce5d908080_0;
    %pad/u 32;
    %pushi/vec4 8, 0, 32;
    %cmp/e;
    %flag_get/vec4 4;
    %and;
    %flag_set/vec4 8;
    %jmp/0xz  T_1.12, 8;
    %pushi/vec4 0, 0, 3;
    %store/vec4 v0x55ce5d907e00_0, 0, 3;
    %jmp T_1.13;
T_1.12 ;
    %pushi/vec4 3, 0, 3;
    %store/vec4 v0x55ce5d907e00_0, 0, 3;
T_1.13 ;
    %jmp T_1.7;
T_1.7 ;
    %pop/vec4 1;
T_1.1 ;
    %jmp T_1;
    .thread T_1, $push;
    .scope S_0x55ce5d8a50f0;
T_2 ;
    %wait E_0x55ce5d8dc270;
    %load/vec4 v0x55ce5d907ee0_0;
    %flag_set/vec4 8;
    %jmp/0xz  T_2.0, 8;
    %pushi/vec4 0, 0, 1;
    %assign/vec4 v0x55ce5d907c30_0, 0;
    %pushi/vec4 255, 0, 8;
    %assign/vec4 v0x55ce5d8b8800_0, 0;
    %pushi/vec4 0, 0, 5;
    %assign/vec4 v0x55ce5d908080_0, 0;
    %jmp T_2.1;
T_2.0 ;
    %load/vec4 v0x55ce5d907e00_0;
    %cmpi/e 0, 0, 3;
    %jmp/0xz  T_2.2, 4;
    %pushi/vec4 1, 0, 1;
    %assign/vec4 v0x55ce5d907c30_0, 0;
    %pushi/vec4 0, 0, 7;
    %assign/vec4 v0x55ce5d907b50_0, 0;
    %pushi/vec4 0, 0, 5;
    %assign/vec4 v0x55ce5d908080_0, 0;
    %jmp T_2.3;
T_2.2 ;
    %load/vec4 v0x55ce5d907e00_0;
    %cmpi/e 1, 0, 3;
    %jmp/0xz  T_2.4, 4;
    %pushi/vec4 0, 0, 1;
    %assign/vec4 v0x55ce5d907c30_0, 0;
    %jmp T_2.5;
T_2.4 ;
    %load/vec4 v0x55ce5d907e00_0;
    %cmpi/e 2, 0, 3;
    %jmp/0xz  T_2.6, 4;
    %load/vec4 v0x55ce5d908080_0;
    %dup/vec4;
    %pushi/vec4 0, 0, 5;
    %cmp/u;
    %jmp/1 T_2.8, 6;
    %dup/vec4;
    %pushi/vec4 1, 0, 5;
    %cmp/u;
    %jmp/1 T_2.9, 6;
    %dup/vec4;
    %pushi/vec4 2, 0, 5;
    %cmp/u;
    %jmp/1 T_2.10, 6;
    %dup/vec4;
    %pushi/vec4 3, 0, 5;
    %cmp/u;
    %jmp/1 T_2.11, 6;
    %dup/vec4;
    %pushi/vec4 4, 0, 5;
    %cmp/u;
    %jmp/1 T_2.12, 6;
    %dup/vec4;
    %pushi/vec4 5, 0, 5;
    %cmp/u;
    %jmp/1 T_2.13, 6;
    %jmp T_2.14;
T_2.8 ;
    %pushi/vec4 1, 0, 1;
    %assign/vec4 v0x55ce5d8b9b70_0, 0;
    %load/vec4 v0x55ce5d907a70_0;
    %parti/s 1, 22, 6;
    %pad/u 8;
    %assign/vec4 v0x55ce5d8b8800_0, 0;
    %load/vec4 v0x55ce5d908080_0;
    %addi 1, 0, 5;
    %assign/vec4 v0x55ce5d908080_0, 0;
    %jmp T_2.14;
T_2.9 ;
    %pushi/vec4 0, 0, 1;
    %assign/vec4 v0x55ce5d8b9b70_0, 0;
    %pushi/vec4 1, 0, 1;
    %assign/vec4 v0x55ce5d8b9a70_0, 0;
    %load/vec4 v0x55ce5d907a70_0;
    %parti/s 8, 14, 5;
    %assign/vec4 v0x55ce5d8b8800_0, 0;
    %load/vec4 v0x55ce5d908080_0;
    %addi 1, 0, 5;
    %assign/vec4 v0x55ce5d908080_0, 0;
    %jmp T_2.14;
T_2.10 ;
    %load/vec4 v0x55ce5d907a70_0;
    %parti/s 8, 23, 6;
    %assign/vec4 v0x55ce5d8b8800_0, 0;
    %load/vec4 v0x55ce5d908080_0;
    %addi 1, 0, 5;
    %assign/vec4 v0x55ce5d908080_0, 0;
    %jmp T_2.14;
T_2.11 ;
    %pushi/vec4 0, 0, 7;
    %load/vec4 v0x55ce5d907a70_0;
    %parti/s 1, 31, 6;
    %concat/vec4; draw_concat_vec4
    %assign/vec4 v0x55ce5d8b8800_0, 0;
    %load/vec4 v0x55ce5d908080_0;
    %addi 1, 0, 5;
    %assign/vec4 v0x55ce5d908080_0, 0;
    %jmp T_2.14;
T_2.12 ;
    %load/vec4 v0x55ce5d907200_0;
    %pad/u 32;
    %cmpi/e 1, 0, 32;
    %jmp/0xz  T_2.15, 4;
    %load/vec4 v0x55ce5d908080_0;
    %addi 1, 0, 5;
    %assign/vec4 v0x55ce5d908080_0, 0;
    %pushi/vec4 1, 0, 1;
    %assign/vec4 v0x55ce5d907310_0, 0;
T_2.15 ;
    %jmp T_2.14;
T_2.13 ;
    %pushi/vec4 0, 0, 1;
    %assign/vec4 v0x55ce5d907730_0, 0;
    %load/vec4 v0x55ce5d907a70_0;
    %parti/s 7, 7, 4;
    %load/vec4 v0x55ce5d907b50_0;
    %add;
    %assign/vec4 v0x55ce5d907490_0, 0;
    %load/vec4 v0x55ce5d907b50_0;
    %addi 1, 0, 7;
    %assign/vec4 v0x55ce5d907b50_0, 0;
    %load/vec4 v0x55ce5d8b8800_0;
    %assign/vec4 v0x55ce5d907650_0, 0;
    %jmp T_2.14;
T_2.14 ;
    %pop/vec4 1;
    %jmp T_2.7;
T_2.6 ;
    %load/vec4 v0x55ce5d907e00_0;
    %cmpi/e 3, 0, 3;
    %jmp/0xz  T_2.17, 4;
    %load/vec4 v0x55ce5d908080_0;
    %dup/vec4;
    %pushi/vec4 0, 0, 5;
    %cmp/u;
    %jmp/1 T_2.19, 6;
    %dup/vec4;
    %pushi/vec4 1, 0, 5;
    %cmp/u;
    %jmp/1 T_2.20, 6;
    %dup/vec4;
    %pushi/vec4 2, 0, 5;
    %cmp/u;
    %jmp/1 T_2.21, 6;
    %dup/vec4;
    %pushi/vec4 3, 0, 5;
    %cmp/u;
    %jmp/1 T_2.22, 6;
    %dup/vec4;
    %pushi/vec4 4, 0, 5;
    %cmp/u;
    %jmp/1 T_2.23, 6;
    %dup/vec4;
    %pushi/vec4 5, 0, 5;
    %cmp/u;
    %jmp/1 T_2.24, 6;
    %dup/vec4;
    %pushi/vec4 6, 0, 5;
    %cmp/u;
    %jmp/1 T_2.25, 6;
    %dup/vec4;
    %pushi/vec4 7, 0, 5;
    %cmp/u;
    %jmp/1 T_2.26, 6;
    %dup/vec4;
    %pushi/vec4 8, 0, 5;
    %cmp/u;
    %jmp/1 T_2.27, 6;
    %jmp T_2.28;
T_2.19 ;
    %load/vec4 v0x55ce5d907a70_0;
    %parti/s 7, 7, 4;
    %load/vec4 v0x55ce5d907b50_0;
    %add;
    %assign/vec4 v0x55ce5d907490_0, 0;
    %load/vec4 v0x55ce5d907b50_0;
    %addi 1, 0, 7;
    %assign/vec4 v0x55ce5d907b50_0, 0;
    %load/vec4 v0x55ce5d907a70_0;
    %parti/s 1, 22, 6;
    %pad/u 32;
    %cmpi/e 1, 0, 32;
    %jmp/0xz  T_2.29, 4;
    %pushi/vec4 1, 0, 8;
    %assign/vec4 v0x55ce5d8b8800_0, 0;
    %pushi/vec4 1, 0, 5;
    %assign/vec4 v0x55ce5d908080_0, 0;
    %jmp T_2.30;
T_2.29 ;
    %pushi/vec4 128, 0, 8;
    %assign/vec4 v0x55ce5d8b8800_0, 0;
    %pushi/vec4 2, 0, 5;
    %assign/vec4 v0x55ce5d908080_0, 0;
T_2.30 ;
    %pushi/vec4 1, 0, 1;
    %assign/vec4 v0x55ce5d8b9b70_0, 0;
    %jmp T_2.28;
T_2.20 ;
    %pushi/vec4 128, 0, 8;
    %assign/vec4 v0x55ce5d8b8800_0, 0;
    %pushi/vec4 2, 0, 5;
    %assign/vec4 v0x55ce5d908080_0, 0;
    %jmp T_2.28;
T_2.21 ;
    %pushi/vec4 0, 0, 1;
    %assign/vec4 v0x55ce5d8b9b70_0, 0;
    %pushi/vec4 1, 0, 1;
    %assign/vec4 v0x55ce5d8b9a70_0, 0;
    %load/vec4 v0x55ce5d907a70_0;
    %parti/s 8, 14, 5;
    %assign/vec4 v0x55ce5d8b8800_0, 0;
    %pushi/vec4 3, 0, 5;
    %assign/vec4 v0x55ce5d908080_0, 0;
    %jmp T_2.28;
T_2.22 ;
    %load/vec4 v0x55ce5d907a70_0;
    %parti/s 8, 23, 6;
    %assign/vec4 v0x55ce5d8b8800_0, 0;
    %load/vec4 v0x55ce5d908080_0;
    %addi 1, 0, 5;
    %assign/vec4 v0x55ce5d908080_0, 0;
    %jmp T_2.28;
T_2.23 ;
    %pushi/vec4 0, 0, 7;
    %load/vec4 v0x55ce5d907a70_0;
    %parti/s 1, 31, 6;
    %concat/vec4; draw_concat_vec4
    %assign/vec4 v0x55ce5d8b8800_0, 0;
    %load/vec4 v0x55ce5d908080_0;
    %addi 1, 0, 5;
    %assign/vec4 v0x55ce5d908080_0, 0;
    %jmp T_2.28;
T_2.24 ;
    %pushi/vec4 0, 0, 1;
    %assign/vec4 v0x55ce5d8b9a70_0, 0;
    %pushi/vec4 1, 0, 1;
    %assign/vec4 v0x55ce5d9073d0_0, 0;
    %load/vec4 v0x55ce5d907650_0;
    %assign/vec4 v0x55ce5d8b8800_0, 0;
    %load/vec4 v0x55ce5d908080_0;
    %addi 1, 0, 5;
    %assign/vec4 v0x55ce5d908080_0, 0;
    %jmp T_2.28;
T_2.25 ;
    %pushi/vec4 1, 0, 1;
    %assign/vec4 v0x55ce5d8b9b70_0, 0;
    %pushi/vec4 16, 0, 8;
    %assign/vec4 v0x55ce5d8b8800_0, 0;
    %load/vec4 v0x55ce5d908080_0;
    %addi 1, 0, 5;
    %assign/vec4 v0x55ce5d908080_0, 0;
    %jmp T_2.28;
T_2.26 ;
    %load/vec4 v0x55ce5d907200_0;
    %pad/u 32;
    %cmpi/e 1, 0, 32;
    %jmp/0xz  T_2.31, 4;
    %load/vec4 v0x55ce5d908080_0;
    %addi 1, 0, 5;
    %assign/vec4 v0x55ce5d908080_0, 0;
T_2.31 ;
    %jmp T_2.28;
T_2.27 ;
    %load/vec4 v0x55ce5d907a70_0;
    %parti/s 7, 7, 4;
    %load/vec4 v0x55ce5d907b50_0;
    %add;
    %assign/vec4 v0x55ce5d907490_0, 0;
    %load/vec4 v0x55ce5d907b50_0;
    %addi 1, 0, 7;
    %assign/vec4 v0x55ce5d907b50_0, 0;
    %pushi/vec4 5, 0, 5;
    %assign/vec4 v0x55ce5d908080_0, 0;
    %jmp T_2.28;
T_2.28 ;
    %pop/vec4 1;
T_2.17 ;
T_2.7 ;
T_2.5 ;
T_2.3 ;
T_2.1 ;
    %jmp T_2;
    .thread T_2;
# The file index is used to find the file name in the following table.
:file_names 3;
    "N/A";
    "<interactive>";
    "FC.v";
