#! /usr/bin/vvp
:ivl_version "10.3 (stable)";
:ivl_delay_selection "TYPICAL";
:vpi_time_precision + 0;
:vpi_module "system";
:vpi_module "vhdl_sys";
:vpi_module "v2005_math";
:vpi_module "va_math";
S_0x562583a530d0 .scope module, "geofence" "geofence" 2 1;
 .timescale 0 0;
    .port_info 0 /INPUT 1 "clk"
    .port_info 1 /INPUT 1 "reset"
    .port_info 2 /INPUT 10 "X"
    .port_info 3 /INPUT 10 "Y"
    .port_info 4 /OUTPUT 1 "valid"
    .port_info 5 /OUTPUT 1 "is_inside"
P_0x562583a53250 .param/l "CAL" 0 2 14, C4<011>;
P_0x562583a53290 .param/l "IDLE" 0 2 11, C4<000>;
P_0x562583a532d0 .param/l "OUT" 0 2 15, C4<100>;
P_0x562583a53310 .param/l "READ" 0 2 12, C4<001>;
P_0x562583a53350 .param/l "SORTING" 0 2 13, C4<010>;
L_0x562583a894a0 .functor NOT 6, v0x562583ab9650_0, C4<000000>, C4<000000>, C4<000000>;
L_0x562583a89170 .functor OR 1, L_0x562583aba2a0, L_0x562583aba420, C4<0>, C4<0>;
o0x7fb11c580018 .functor BUFZ 10, C4<zzzzzzzzzz>; HiZ drive
v0x562583a793c0_0 .net "X", 9 0, o0x7fb11c580018;  0 drivers
o0x7fb11c580048 .functor BUFZ 10, C4<zzzzzzzzzz>; HiZ drive
v0x562583ab85a0_0 .net "Y", 9 0, o0x7fb11c580048;  0 drivers
v0x562583ab8680_0 .net/s *"_s0", 19 0, L_0x562583ab9f70;  1 drivers
v0x562583ab8740_0 .net *"_s10", 5 0, L_0x562583a894a0;  1 drivers
v0x562583ab8820_0 .net *"_s13", 0 0, L_0x562583aba420;  1 drivers
v0x562583ab88e0_0 .net/s *"_s2", 19 0, L_0x562583aba010;  1 drivers
v0x562583ab89c0_0 .net *"_s9", 0 0, L_0x562583aba2a0;  1 drivers
v0x562583ab8a80_0 .var/s "buf1", 9 0;
v0x562583ab8b60_0 .var/s "buf2", 9 0;
o0x7fb11c5801c8 .functor BUFZ 1, C4<z>; HiZ drive
v0x562583ab8c40_0 .net "clk", 0 0, o0x7fb11c5801c8;  0 drivers
v0x562583ab8d00_0 .var "cnt", 2 0;
v0x562583ab8de0_0 .var "cnt_dot", 2 0;
v0x562583ab8ec0_0 .var "done", 0 0;
v0x562583ab8f80_0 .net "is_inside", 0 0, L_0x562583a89170;  1 drivers
v0x562583ab9040_0 .net/s "mul", 19 0, L_0x562583aba0b0;  1 drivers
v0x562583ab9120_0 .var/s "mul1", 19 0;
v0x562583ab9200_0 .var/s "mul2", 19 0;
v0x562583ab93f0_0 .var "next_state", 2 0;
v0x562583ab94d0_0 .net "out_", 0 0, L_0x562583aba1a0;  1 drivers
o0x7fb11c5803a8 .functor BUFZ 1, C4<z>; HiZ drive
v0x562583ab9590_0 .net "reset", 0 0, o0x7fb11c5803a8;  0 drivers
v0x562583ab9650_0 .var "result", 5 0;
v0x562583ab9730_0 .var "sort_cnt", 2 0;
v0x562583ab9810_0 .var "sort_idx", 2 0;
v0x562583ab98f0_0 .var "state", 2 0;
v0x562583ab99d0_0 .var "target_x", 9 0;
v0x562583ab9ab0_0 .var "target_y", 9 0;
v0x562583ab9b90_0 .var/s "tmp", 19 0;
v0x562583ab9c70 .array "tmp_x", 5 0, 9 0;
v0x562583ab9d30 .array "tmp_y", 5 0, 9 0;
v0x562583ab9df0_0 .var "valid", 0 0;
E_0x562583a8a3e0 .event posedge, v0x562583ab9590_0, v0x562583ab8c40_0;
E_0x562583a88b90/0 .event edge, v0x562583ab9590_0, v0x562583ab98f0_0, v0x562583ab8ec0_0, v0x562583ab9810_0;
E_0x562583a88b90/1 .event edge, v0x562583ab8de0_0;
E_0x562583a88b90 .event/or E_0x562583a88b90/0, E_0x562583a88b90/1;
L_0x562583ab9f70 .extend/s 20, v0x562583ab8a80_0;
L_0x562583aba010 .extend/s 20, v0x562583ab8b60_0;
L_0x562583aba0b0 .arith/mult 20, L_0x562583ab9f70, L_0x562583aba010;
L_0x562583aba1a0 .cmp/gt.s 20, v0x562583ab9120_0, v0x562583ab9200_0;
L_0x562583aba2a0 .reduce/and v0x562583ab9650_0;
L_0x562583aba420 .reduce/and L_0x562583a894a0;
    .scope S_0x562583a530d0;
T_0 ;
    %wait E_0x562583a8a3e0;
    %load/vec4 v0x562583ab9590_0;
    %flag_set/vec4 8;
    %jmp/0xz  T_0.0, 8;
    %pushi/vec4 0, 0, 3;
    %assign/vec4 v0x562583ab98f0_0, 0;
    %jmp T_0.1;
T_0.0 ;
    %load/vec4 v0x562583ab93f0_0;
    %assign/vec4 v0x562583ab98f0_0, 0;
T_0.1 ;
    %jmp T_0;
    .thread T_0;
    .scope S_0x562583a530d0;
T_1 ;
    %wait E_0x562583a88b90;
    %load/vec4 v0x562583ab9590_0;
    %flag_set/vec4 8;
    %jmp/0xz  T_1.0, 8;
    %pushi/vec4 0, 0, 3;
    %store/vec4 v0x562583ab93f0_0, 0, 3;
    %jmp T_1.1;
T_1.0 ;
    %load/vec4 v0x562583ab98f0_0;
    %dup/vec4;
    %pushi/vec4 0, 0, 3;
    %cmp/u;
    %jmp/1 T_1.2, 6;
    %dup/vec4;
    %pushi/vec4 1, 0, 3;
    %cmp/u;
    %jmp/1 T_1.3, 6;
    %dup/vec4;
    %pushi/vec4 2, 0, 3;
    %cmp/u;
    %jmp/1 T_1.4, 6;
    %dup/vec4;
    %pushi/vec4 3, 0, 3;
    %cmp/u;
    %jmp/1 T_1.5, 6;
    %dup/vec4;
    %pushi/vec4 4, 0, 3;
    %cmp/u;
    %jmp/1 T_1.6, 6;
    %pushi/vec4 0, 0, 3;
    %store/vec4 v0x562583ab93f0_0, 0, 3;
    %jmp T_1.8;
T_1.2 ;
    %pushi/vec4 1, 0, 3;
    %store/vec4 v0x562583ab93f0_0, 0, 3;
    %jmp T_1.8;
T_1.3 ;
    %load/vec4 v0x562583ab8ec0_0;
    %pad/u 32;
    %cmpi/e 1, 0, 32;
    %jmp/0xz  T_1.9, 4;
    %pushi/vec4 2, 0, 3;
    %store/vec4 v0x562583ab93f0_0, 0, 3;
    %jmp T_1.10;
T_1.9 ;
    %pushi/vec4 1, 0, 3;
    %store/vec4 v0x562583ab93f0_0, 0, 3;
T_1.10 ;
    %jmp T_1.8;
T_1.4 ;
    %load/vec4 v0x562583ab9810_0;
    %pad/u 32;
    %cmpi/e 0, 0, 32;
    %jmp/0xz  T_1.11, 4;
    %pushi/vec4 3, 0, 3;
    %store/vec4 v0x562583ab93f0_0, 0, 3;
    %jmp T_1.12;
T_1.11 ;
    %pushi/vec4 2, 0, 3;
    %store/vec4 v0x562583ab93f0_0, 0, 3;
T_1.12 ;
    %jmp T_1.8;
T_1.5 ;
    %load/vec4 v0x562583ab8de0_0;
    %pad/u 32;
    %cmpi/e 6, 0, 32;
    %jmp/0xz  T_1.13, 4;
    %pushi/vec4 4, 0, 3;
    %store/vec4 v0x562583ab93f0_0, 0, 3;
    %jmp T_1.14;
T_1.13 ;
    %pushi/vec4 3, 0, 3;
    %store/vec4 v0x562583ab93f0_0, 0, 3;
T_1.14 ;
    %jmp T_1.8;
T_1.6 ;
    %pushi/vec4 1, 0, 3;
    %store/vec4 v0x562583ab93f0_0, 0, 3;
    %jmp T_1.8;
T_1.8 ;
    %pop/vec4 1;
T_1.1 ;
    %jmp T_1;
    .thread T_1, $push;
    .scope S_0x562583a530d0;
T_2 ;
    %wait E_0x562583a8a3e0;
    %load/vec4 v0x562583ab9590_0;
    %flag_set/vec4 8;
    %jmp/0xz  T_2.0, 8;
    %pushi/vec4 0, 0, 3;
    %assign/vec4 v0x562583ab8d00_0, 0;
    %pushi/vec4 0, 0, 1;
    %assign/vec4 v0x562583ab8ec0_0, 0;
    %pushi/vec4 1, 0, 3;
    %assign/vec4 v0x562583ab9730_0, 0;
    %pushi/vec4 3, 0, 3;
    %assign/vec4 v0x562583ab9810_0, 0;
    %pushi/vec4 0, 0, 3;
    %assign/vec4 v0x562583ab8de0_0, 0;
    %jmp T_2.1;
T_2.0 ;
    %load/vec4 v0x562583ab93f0_0;
    %cmpi/e 1, 0, 3;
    %jmp/0xz  T_2.2, 4;
    %load/vec4 v0x562583ab8d00_0;
    %pad/u 32;
    %cmpi/e 0, 0, 32;
    %jmp/0xz  T_2.4, 4;
    %load/vec4 v0x562583a793c0_0;
    %assign/vec4 v0x562583ab99d0_0, 0;
    %load/vec4 v0x562583ab85a0_0;
    %assign/vec4 v0x562583ab9ab0_0, 0;
    %jmp T_2.5;
T_2.4 ;
    %load/vec4 v0x562583a793c0_0;
    %load/vec4 v0x562583ab8d00_0;
    %pad/u 33;
    %subi 1, 0, 33;
    %ix/vec4 3;
    %ix/load 4, 0, 0; Constant delay
    %assign/vec4/a/d v0x562583ab9c70, 0, 4;
    %load/vec4 v0x562583ab85a0_0;
    %load/vec4 v0x562583ab8d00_0;
    %pad/u 33;
    %subi 1, 0, 33;
    %ix/vec4 3;
    %ix/load 4, 0, 0; Constant delay
    %assign/vec4/a/d v0x562583ab9d30, 0, 4;
T_2.5 ;
    %load/vec4 v0x562583ab8d00_0;
    %pad/u 32;
    %cmpi/u 6, 0, 32;
    %jmp/0xz  T_2.6, 5;
    %load/vec4 v0x562583ab8d00_0;
    %addi 1, 0, 3;
    %assign/vec4 v0x562583ab8d00_0, 0;
    %jmp T_2.7;
T_2.6 ;
    %pushi/vec4 0, 0, 3;
    %assign/vec4 v0x562583ab8d00_0, 0;
    %pushi/vec4 1, 0, 1;
    %assign/vec4 v0x562583ab8ec0_0, 0;
T_2.7 ;
    %jmp T_2.3;
T_2.2 ;
    %load/vec4 v0x562583ab93f0_0;
    %cmpi/e 2, 0, 3;
    %jmp/0xz  T_2.8, 4;
    %pushi/vec4 0, 0, 1;
    %assign/vec4 v0x562583ab8ec0_0, 0;
    %load/vec4 v0x562583ab8d00_0;
    %dup/vec4;
    %pushi/vec4 0, 0, 3;
    %cmp/u;
    %jmp/1 T_2.10, 6;
    %dup/vec4;
    %pushi/vec4 1, 0, 3;
    %cmp/u;
    %jmp/1 T_2.11, 6;
    %dup/vec4;
    %pushi/vec4 2, 0, 3;
    %cmp/u;
    %jmp/1 T_2.12, 6;
    %dup/vec4;
    %pushi/vec4 3, 0, 3;
    %cmp/u;
    %jmp/1 T_2.13, 6;
    %jmp T_2.14;
T_2.10 ;
    %load/vec4 v0x562583ab9730_0;
    %pad/u 4;
    %ix/vec4 4;
    %load/vec4a v0x562583ab9c70, 4;
    %ix/load 4, 0, 0;
    %flag_set/imm 4, 0;
    %load/vec4a v0x562583ab9c70, 4;
    %sub;
    %assign/vec4 v0x562583ab8a80_0, 0;
    %load/vec4 v0x562583ab9730_0;
    %pad/u 33;
    %addi 1, 0, 33;
    %ix/vec4 4;
    %load/vec4a v0x562583ab9d30, 4;
    %ix/load 4, 0, 0;
    %flag_set/imm 4, 0;
    %load/vec4a v0x562583ab9d30, 4;
    %sub;
    %assign/vec4 v0x562583ab8b60_0, 0;
    %load/vec4 v0x562583ab8d00_0;
    %addi 1, 0, 3;
    %assign/vec4 v0x562583ab8d00_0, 0;
    %jmp T_2.14;
T_2.11 ;
    %load/vec4 v0x562583ab9040_0;
    %assign/vec4 v0x562583ab9b90_0, 0;
    %load/vec4 v0x562583ab9730_0;
    %pad/u 4;
    %ix/vec4 4;
    %load/vec4a v0x562583ab9d30, 4;
    %ix/load 4, 0, 0;
    %flag_set/imm 4, 0;
    %load/vec4a v0x562583ab9d30, 4;
    %sub;
    %assign/vec4 v0x562583ab8b60_0, 0;
    %load/vec4 v0x562583ab9730_0;
    %pad/u 33;
    %addi 1, 0, 33;
    %ix/vec4 4;
    %load/vec4a v0x562583ab9c70, 4;
    %ix/load 4, 0, 0;
    %flag_set/imm 4, 0;
    %load/vec4a v0x562583ab9c70, 4;
    %sub;
    %assign/vec4 v0x562583ab8a80_0, 0;
    %load/vec4 v0x562583ab8d00_0;
    %addi 1, 0, 3;
    %assign/vec4 v0x562583ab8d00_0, 0;
    %jmp T_2.14;
T_2.12 ;
    %load/vec4 v0x562583ab9040_0;
    %load/vec4 v0x562583ab9b90_0;
    %cmp/s;
    %jmp/0xz  T_2.15, 5;
    %pushi/vec4 3, 0, 3;
    %assign/vec4 v0x562583ab8d00_0, 0;
    %jmp T_2.16;
T_2.15 ;
    %load/vec4 v0x562583ab9730_0;
    %load/vec4 v0x562583ab9810_0;
    %cmp/e;
    %jmp/0xz  T_2.17, 4;
    %load/vec4 v0x562583ab9810_0;
    %subi 1, 0, 3;
    %assign/vec4 v0x562583ab9810_0, 0;
    %pushi/vec4 1, 0, 3;
    %assign/vec4 v0x562583ab9730_0, 0;
    %jmp T_2.18;
T_2.17 ;
    %load/vec4 v0x562583ab9730_0;
    %addi 1, 0, 3;
    %assign/vec4 v0x562583ab9730_0, 0;
T_2.18 ;
    %pushi/vec4 0, 0, 3;
    %assign/vec4 v0x562583ab8d00_0, 0;
T_2.16 ;
    %jmp T_2.14;
T_2.13 ;
    %load/vec4 v0x562583ab9730_0;
    %pad/u 33;
    %addi 1, 0, 33;
    %ix/vec4 4;
    %load/vec4a v0x562583ab9c70, 4;
    %load/vec4 v0x562583ab9730_0;
    %pad/u 4;
    %ix/vec4 3;
    %ix/load 4, 0, 0; Constant delay
    %assign/vec4/a/d v0x562583ab9c70, 0, 4;
    %load/vec4 v0x562583ab9730_0;
    %pad/u 4;
    %ix/vec4 4;
    %load/vec4a v0x562583ab9c70, 4;
    %load/vec4 v0x562583ab9730_0;
    %pad/u 33;
    %addi 1, 0, 33;
    %ix/vec4 3;
    %ix/load 4, 0, 0; Constant delay
    %assign/vec4/a/d v0x562583ab9c70, 0, 4;
    %load/vec4 v0x562583ab9730_0;
    %pad/u 33;
    %addi 1, 0, 33;
    %ix/vec4 4;
    %load/vec4a v0x562583ab9d30, 4;
    %load/vec4 v0x562583ab9730_0;
    %pad/u 4;
    %ix/vec4 3;
    %ix/load 4, 0, 0; Constant delay
    %assign/vec4/a/d v0x562583ab9d30, 0, 4;
    %load/vec4 v0x562583ab9730_0;
    %pad/u 4;
    %ix/vec4 4;
    %load/vec4a v0x562583ab9d30, 4;
    %load/vec4 v0x562583ab9730_0;
    %pad/u 33;
    %addi 1, 0, 33;
    %ix/vec4 3;
    %ix/load 4, 0, 0; Constant delay
    %assign/vec4/a/d v0x562583ab9d30, 0, 4;
    %load/vec4 v0x562583ab9730_0;
    %load/vec4 v0x562583ab9810_0;
    %cmp/e;
    %jmp/0xz  T_2.19, 4;
    %load/vec4 v0x562583ab9810_0;
    %subi 1, 0, 3;
    %assign/vec4 v0x562583ab9810_0, 0;
    %pushi/vec4 1, 0, 3;
    %assign/vec4 v0x562583ab9730_0, 0;
    %jmp T_2.20;
T_2.19 ;
    %load/vec4 v0x562583ab9730_0;
    %addi 1, 0, 3;
    %assign/vec4 v0x562583ab9730_0, 0;
T_2.20 ;
    %pushi/vec4 0, 0, 3;
    %assign/vec4 v0x562583ab8d00_0, 0;
    %jmp T_2.14;
T_2.14 ;
    %pop/vec4 1;
    %jmp T_2.9;
T_2.8 ;
    %load/vec4 v0x562583ab93f0_0;
    %cmpi/e 3, 0, 3;
    %jmp/0xz  T_2.21, 4;
    %load/vec4 v0x562583ab8d00_0;
    %pad/u 32;
    %cmpi/e 0, 0, 32;
    %jmp/0xz  T_2.23, 4;
    %load/vec4 v0x562583ab8de0_0;
    %pad/u 4;
    %ix/vec4 4;
    %load/vec4a v0x562583ab9c70, 4;
    %load/vec4 v0x562583ab99d0_0;
    %sub;
    %assign/vec4 v0x562583ab8a80_0, 0;
    %load/vec4 v0x562583ab8de0_0;
    %pad/u 33;
    %addi 1, 0, 33;
    %ix/vec4 4;
    %load/vec4a v0x562583ab9d30, 4;
    %load/vec4 v0x562583ab9ab0_0;
    %sub;
    %assign/vec4 v0x562583ab8b60_0, 0;
    %jmp T_2.24;
T_2.23 ;
    %load/vec4 v0x562583ab8d00_0;
    %pad/u 32;
    %cmpi/e 1, 0, 32;
    %jmp/0xz  T_2.25, 4;
    %load/vec4 v0x562583ab9040_0;
    %assign/vec4 v0x562583ab9120_0, 0;
    %load/vec4 v0x562583ab8de0_0;
    %pad/u 33;
    %addi 1, 0, 33;
    %ix/vec4 4;
    %load/vec4a v0x562583ab9c70, 4;
    %load/vec4 v0x562583ab99d0_0;
    %sub;
    %assign/vec4 v0x562583ab8a80_0, 0;
    %load/vec4 v0x562583ab8de0_0;
    %pad/u 4;
    %ix/vec4 4;
    %load/vec4a v0x562583ab9d30, 4;
    %load/vec4 v0x562583ab9ab0_0;
    %sub;
    %assign/vec4 v0x562583ab8b60_0, 0;
    %jmp T_2.26;
T_2.25 ;
    %load/vec4 v0x562583ab8d00_0;
    %pad/u 32;
    %cmpi/e 2, 0, 32;
    %jmp/0xz  T_2.27, 4;
    %load/vec4 v0x562583ab9040_0;
    %assign/vec4 v0x562583ab9200_0, 0;
    %load/vec4 v0x562583ab8de0_0;
    %pad/u 4;
    %ix/vec4 4;
    %load/vec4a v0x562583ab9c70, 4;
    %assign/vec4 v0x562583ab8a80_0, 0;
    %load/vec4 v0x562583ab9ab0_0;
    %assign/vec4 v0x562583ab8b60_0, 0;
    %jmp T_2.28;
T_2.27 ;
    %load/vec4 v0x562583ab8d00_0;
    %pad/u 32;
    %cmpi/e 3, 0, 32;
    %jmp/0xz  T_2.29, 4;
    %load/vec4 v0x562583ab8de0_0;
    %addi 1, 0, 3;
    %assign/vec4 v0x562583ab8de0_0, 0;
    %load/vec4 v0x562583ab94d0_0;
    %ix/load 5, 0, 0;
    %ix/getv 4, v0x562583ab8de0_0;
    %assign/vec4/off/d v0x562583ab9650_0, 4, 5;
    %pushi/vec4 0, 0, 3;
    %assign/vec4 v0x562583ab8d00_0, 0;
T_2.29 ;
T_2.28 ;
T_2.26 ;
T_2.24 ;
    %load/vec4 v0x562583ab8d00_0;
    %pad/u 32;
    %cmpi/u 3, 0, 32;
    %jmp/0xz  T_2.31, 5;
    %load/vec4 v0x562583ab8d00_0;
    %addi 1, 0, 3;
    %assign/vec4 v0x562583ab8d00_0, 0;
T_2.31 ;
    %jmp T_2.22;
T_2.21 ;
    %load/vec4 v0x562583ab93f0_0;
    %cmpi/e 4, 0, 3;
    %jmp/0xz  T_2.33, 4;
    %pushi/vec4 0, 0, 1;
    %assign/vec4 v0x562583ab9df0_0, 0;
T_2.33 ;
T_2.22 ;
T_2.9 ;
T_2.3 ;
T_2.1 ;
    %jmp T_2;
    .thread T_2;
# The file index is used to find the file name in the following table.
:file_names 3;
    "N/A";
    "<interactive>";
    "geofence.v";
