#! /usr/bin/vvp
:ivl_version "10.3 (stable)";
:ivl_delay_selection "TYPICAL";
:vpi_time_precision + 0;
:vpi_module "system";
:vpi_module "vhdl_sys";
:vpi_module "v2005_math";
:vpi_module "va_math";
S_0x5649bf7843e0 .scope module, "geofence" "geofence" 2 3;
 .timescale 0 0;
    .port_info 0 /INPUT 1 "clk"
    .port_info 1 /INPUT 1 "reset"
    .port_info 2 /INPUT 10 "X"
    .port_info 3 /INPUT 10 "Y"
    .port_info 4 /OUTPUT 1 "valid"
    .port_info 5 /OUTPUT 1 "is_inside"
P_0x5649bf782c20 .param/l "CAL" 0 2 15, C4<011>;
P_0x5649bf782c60 .param/l "IDLE" 0 2 12, C4<000>;
P_0x5649bf782ca0 .param/l "OUT" 0 2 16, C4<100>;
P_0x5649bf782ce0 .param/l "READ" 0 2 13, C4<001>;
P_0x5649bf782d20 .param/l "SET" 0 2 14, C4<010>;
L_0x5649bf7c7d30 .functor NOT 6, v0x5649bf7c5d10_0, C4<000000>, C4<000000>, C4<000000>;
L_0x5649bf78f4a0 .functor OR 1, L_0x5649bf7c9f90, L_0x5649bf7ca080, C4<0>, C4<0>;
o0x7f631f275018 .functor BUFZ 10, C4<zzzzzzzzzz>; HiZ drive
v0x5649bf78afc0_0 .net "X", 9 0, o0x7f631f275018;  0 drivers
o0x7f631f275048 .functor BUFZ 10, C4<zzzzzzzzzz>; HiZ drive
v0x5649bf78d5b0_0 .net "Y", 9 0, o0x7f631f275048;  0 drivers
v0x5649bf78d650_0 .net *"_s0", 9 0, L_0x5649bf7c6fc0;  1 drivers
L_0x7f631f22c498 .functor BUFT 1, C4<01>, C4<0>, C4<0>, C4<0>;
v0x5649bf7a0160_0 .net/2s *"_s100", 1 0, L_0x7f631f22c498;  1 drivers
L_0x7f631f22c4e0 .functor BUFT 1, C4<00>, C4<0>, C4<0>, C4<0>;
v0x5649bf7a2430_0 .net/2s *"_s102", 1 0, L_0x7f631f22c4e0;  1 drivers
v0x5649bf7a24d0_0 .net *"_s104", 1 0, L_0x5649bf7c9bf0;  1 drivers
v0x5649bf7c2e10_0 .net *"_s109", 0 0, L_0x5649bf7c9f90;  1 drivers
v0x5649bf7c2ed0_0 .net *"_s11", 10 0, L_0x5649bf7c72b0;  1 drivers
v0x5649bf7c2fb0_0 .net *"_s110", 5 0, L_0x5649bf7c7d30;  1 drivers
v0x5649bf7c3090_0 .net *"_s113", 0 0, L_0x5649bf7ca080;  1 drivers
L_0x7f631f22c0a8 .functor BUFT 1, C4<0>, C4<0>, C4<0>, C4<0>;
v0x5649bf7c3150_0 .net *"_s14", 0 0, L_0x7f631f22c0a8;  1 drivers
v0x5649bf7c3230_0 .net *"_s17", 9 0, L_0x5649bf7c7510;  1 drivers
v0x5649bf7c3310_0 .net *"_s19", 3 0, L_0x5649bf7c75f0;  1 drivers
v0x5649bf7c33f0_0 .net *"_s2", 3 0, L_0x5649bf7c7080;  1 drivers
L_0x7f631f22c0f0 .functor BUFT 1, C4<0>, C4<0>, C4<0>, C4<0>;
v0x5649bf7c34d0_0 .net *"_s22", 0 0, L_0x7f631f22c0f0;  1 drivers
v0x5649bf7c35b0_0 .net *"_s23", 10 0, L_0x5649bf7c7780;  1 drivers
L_0x7f631f22c138 .functor BUFT 1, C4<0>, C4<0>, C4<0>, C4<0>;
v0x5649bf7c3690_0 .net *"_s26", 0 0, L_0x7f631f22c138;  1 drivers
v0x5649bf7c3880_0 .net *"_s28", 10 0, L_0x5649bf7c7960;  1 drivers
L_0x7f631f22c180 .functor BUFT 1, C4<0>, C4<0>, C4<0>, C4<0>;
v0x5649bf7c3960_0 .net *"_s31", 0 0, L_0x7f631f22c180;  1 drivers
v0x5649bf7c3a40_0 .net *"_s34", 9 0, L_0x5649bf7c7bf0;  1 drivers
v0x5649bf7c3b20_0 .net *"_s36", 3 0, L_0x5649bf7c7c90;  1 drivers
L_0x7f631f22c1c8 .functor BUFT 1, C4<0>, C4<0>, C4<0>, C4<0>;
v0x5649bf7c3c00_0 .net *"_s39", 0 0, L_0x7f631f22c1c8;  1 drivers
v0x5649bf7c3ce0_0 .net *"_s40", 10 0, L_0x5649bf7c7df0;  1 drivers
L_0x7f631f22c210 .functor BUFT 1, C4<0>, C4<0>, C4<0>, C4<0>;
v0x5649bf7c3dc0_0 .net *"_s43", 0 0, L_0x7f631f22c210;  1 drivers
v0x5649bf7c3ea0_0 .net *"_s45", 10 0, L_0x5649bf7c7f30;  1 drivers
L_0x7f631f22c258 .functor BUFT 1, C4<0>, C4<0>, C4<0>, C4<0>;
v0x5649bf7c3f80_0 .net *"_s48", 0 0, L_0x7f631f22c258;  1 drivers
L_0x7f631f22c018 .functor BUFT 1, C4<0>, C4<0>, C4<0>, C4<0>;
v0x5649bf7c4060_0 .net *"_s5", 0 0, L_0x7f631f22c018;  1 drivers
v0x5649bf7c4140_0 .net *"_s51", 9 0, L_0x5649bf7c81e0;  1 drivers
v0x5649bf7c4220_0 .net *"_s53", 3 0, L_0x5649bf7c8310;  1 drivers
L_0x7f631f22c2a0 .functor BUFT 1, C4<0>, C4<0>, C4<0>, C4<0>;
v0x5649bf7c4300_0 .net *"_s56", 0 0, L_0x7f631f22c2a0;  1 drivers
v0x5649bf7c43e0_0 .net *"_s57", 10 0, L_0x5649bf7c84a0;  1 drivers
v0x5649bf7c44c0_0 .net *"_s6", 10 0, L_0x5649bf7c7170;  1 drivers
L_0x7f631f22c2e8 .functor BUFT 1, C4<0>, C4<0>, C4<0>, C4<0>;
v0x5649bf7c45a0_0 .net *"_s60", 0 0, L_0x7f631f22c2e8;  1 drivers
v0x5649bf7c4890_0 .net *"_s62", 10 0, L_0x5649bf7c8680;  1 drivers
L_0x7f631f22c330 .functor BUFT 1, C4<0>, C4<0>, C4<0>, C4<0>;
v0x5649bf7c4970_0 .net *"_s65", 0 0, L_0x7f631f22c330;  1 drivers
v0x5649bf7c4a50_0 .net/s *"_s69", 10 0, L_0x5649bf7c8590;  1 drivers
v0x5649bf7c4b30_0 .net/s *"_s71", 10 0, L_0x5649bf7c8a50;  1 drivers
v0x5649bf7c4c10_0 .net *"_s72", 0 0, L_0x5649bf7c8c50;  1 drivers
L_0x7f631f22c378 .functor BUFT 1, C4<01>, C4<0>, C4<0>, C4<0>;
v0x5649bf7c4cd0_0 .net/2s *"_s74", 1 0, L_0x7f631f22c378;  1 drivers
L_0x7f631f22c3c0 .functor BUFT 1, C4<00>, C4<0>, C4<0>, C4<0>;
v0x5649bf7c4db0_0 .net/2s *"_s76", 1 0, L_0x7f631f22c3c0;  1 drivers
v0x5649bf7c4e90_0 .net *"_s78", 1 0, L_0x5649bf7c8d90;  1 drivers
v0x5649bf7c4f70_0 .net *"_s82", 9 0, L_0x5649bf7c90e0;  1 drivers
v0x5649bf7c5050_0 .net *"_s84", 3 0, L_0x5649bf7c9260;  1 drivers
L_0x7f631f22c408 .functor BUFT 1, C4<0>, C4<0>, C4<0>, C4<0>;
v0x5649bf7c5130_0 .net *"_s87", 0 0, L_0x7f631f22c408;  1 drivers
v0x5649bf7c5210_0 .net *"_s89", 9 0, L_0x5649bf7c93a0;  1 drivers
L_0x7f631f22c060 .functor BUFT 1, C4<0>, C4<0>, C4<0>, C4<0>;
v0x5649bf7c52f0_0 .net *"_s9", 0 0, L_0x7f631f22c060;  1 drivers
v0x5649bf7c53d0_0 .net *"_s90", 9 0, L_0x5649bf7c9580;  1 drivers
v0x5649bf7c54b0_0 .net *"_s92", 3 0, L_0x5649bf7c9620;  1 drivers
L_0x7f631f22c450 .functor BUFT 1, C4<0>, C4<0>, C4<0>, C4<0>;
v0x5649bf7c5590_0 .net *"_s95", 0 0, L_0x7f631f22c450;  1 drivers
v0x5649bf7c5670_0 .net *"_s97", 9 0, L_0x5649bf7c98b0;  1 drivers
v0x5649bf7c5750_0 .net *"_s98", 0 0, L_0x5649bf7c99a0;  1 drivers
v0x5649bf7c5810_0 .var "cal_cnt", 2 0;
o0x7f631f2759d8 .functor BUFZ 1, C4<z>; HiZ drive
v0x5649bf7c58f0_0 .net "clk", 0 0, o0x7f631f2759d8;  0 drivers
v0x5649bf7c59b0_0 .var "cmp1", 2 0;
v0x5649bf7c5a90_0 .var "cmp2", 2 0;
v0x5649bf7c5b70_0 .var "counter", 2 0;
v0x5649bf7c5c50_0 .net "is_inside", 0 0, L_0x5649bf78f4a0;  1 drivers
v0x5649bf7c5d10_0 .var "judge", 5 0;
v0x5649bf7c5df0 .array "loc_x", 5 0, 9 0;
v0x5649bf7c5f70 .array "loc_y", 5 0, 9 0;
v0x5649bf7c60f0_0 .var "next_state", 2 0;
v0x5649bf7c61d0_0 .net "outer_set", 0 0, L_0x5649bf7c8ff0;  1 drivers
v0x5649bf7c6290_0 .net "outer_tmp", 0 0, L_0x5649bf7c9d80;  1 drivers
o0x7f631f275dc8 .functor BUFZ 1, C4<z>; HiZ drive
v0x5649bf7c6350_0 .net "reset", 0 0, o0x7f631f275dc8;  0 drivers
v0x5649bf7c6410_0 .var "state", 2 0;
v0x5649bf7c6900_0 .var "target_x", 9 0;
v0x5649bf7c69e0_0 .var "target_y", 9 0;
v0x5649bf7c6ac0_0 .net/s "v1_x", 10 0, L_0x5649bf7c73d0;  1 drivers
v0x5649bf7c6ba0_0 .net/s "v1_y", 10 0, L_0x5649bf7c7a50;  1 drivers
v0x5649bf7c6c80_0 .net/s "v2_x", 10 0, L_0x5649bf7c80f0;  1 drivers
v0x5649bf7c6d60_0 .net/s "v2_y", 10 0, L_0x5649bf7c87c0;  1 drivers
v0x5649bf7c6e40_0 .var "valid", 0 0;
E_0x5649bf791960 .event edge, v0x5649bf7c60f0_0;
E_0x5649bf791a90 .event posedge, v0x5649bf7c6350_0, v0x5649bf7c58f0_0;
E_0x5649bf78eb90 .event posedge, v0x5649bf7c58f0_0;
E_0x5649bf759aa0/0 .event edge, v0x5649bf7c6350_0, v0x5649bf7c6410_0, v0x5649bf7c5b70_0, v0x5649bf7c59b0_0;
E_0x5649bf759aa0/1 .event edge, v0x5649bf7c5a90_0, v0x5649bf7c5810_0;
E_0x5649bf759aa0 .event/or E_0x5649bf759aa0/0, E_0x5649bf759aa0/1;
L_0x5649bf7c6fc0 .array/port v0x5649bf7c5df0, L_0x5649bf7c7080;
L_0x5649bf7c7080 .concat [ 3 1 0 0], v0x5649bf7c59b0_0, L_0x7f631f22c018;
L_0x5649bf7c7170 .concat [ 10 1 0 0], L_0x5649bf7c6fc0, L_0x7f631f22c060;
v0x5649bf7c5df0_0 .array/port v0x5649bf7c5df0, 0;
L_0x5649bf7c72b0 .concat [ 10 1 0 0], v0x5649bf7c5df0_0, L_0x7f631f22c0a8;
L_0x5649bf7c73d0 .arith/sub 11, L_0x5649bf7c7170, L_0x5649bf7c72b0;
L_0x5649bf7c7510 .array/port v0x5649bf7c5f70, L_0x5649bf7c75f0;
L_0x5649bf7c75f0 .concat [ 3 1 0 0], v0x5649bf7c59b0_0, L_0x7f631f22c0f0;
L_0x5649bf7c7780 .concat [ 10 1 0 0], L_0x5649bf7c7510, L_0x7f631f22c138;
v0x5649bf7c5f70_0 .array/port v0x5649bf7c5f70, 0;
L_0x5649bf7c7960 .concat [ 10 1 0 0], v0x5649bf7c5f70_0, L_0x7f631f22c180;
L_0x5649bf7c7a50 .arith/sub 11, L_0x5649bf7c7780, L_0x5649bf7c7960;
L_0x5649bf7c7bf0 .array/port v0x5649bf7c5df0, L_0x5649bf7c7c90;
L_0x5649bf7c7c90 .concat [ 3 1 0 0], v0x5649bf7c5a90_0, L_0x7f631f22c1c8;
L_0x5649bf7c7df0 .concat [ 10 1 0 0], L_0x5649bf7c7bf0, L_0x7f631f22c210;
L_0x5649bf7c7f30 .concat [ 10 1 0 0], v0x5649bf7c5df0_0, L_0x7f631f22c258;
L_0x5649bf7c80f0 .arith/sub 11, L_0x5649bf7c7df0, L_0x5649bf7c7f30;
L_0x5649bf7c81e0 .array/port v0x5649bf7c5f70, L_0x5649bf7c8310;
L_0x5649bf7c8310 .concat [ 3 1 0 0], v0x5649bf7c5a90_0, L_0x7f631f22c2a0;
L_0x5649bf7c84a0 .concat [ 10 1 0 0], L_0x5649bf7c81e0, L_0x7f631f22c2e8;
L_0x5649bf7c8680 .concat [ 10 1 0 0], v0x5649bf7c5f70_0, L_0x7f631f22c330;
L_0x5649bf7c87c0 .arith/sub 11, L_0x5649bf7c84a0, L_0x5649bf7c8680;
L_0x5649bf7c8590 .arith/mult 11, L_0x5649bf7c73d0, L_0x5649bf7c87c0;
L_0x5649bf7c8a50 .arith/mult 11, L_0x5649bf7c7a50, L_0x5649bf7c80f0;
L_0x5649bf7c8c50 .cmp/gt.s 11, L_0x5649bf7c8590, L_0x5649bf7c8a50;
L_0x5649bf7c8d90 .functor MUXZ 2, L_0x7f631f22c3c0, L_0x7f631f22c378, L_0x5649bf7c8c50, C4<>;
L_0x5649bf7c8ff0 .part L_0x5649bf7c8d90, 0, 1;
L_0x5649bf7c90e0 .array/port v0x5649bf7c5f70, L_0x5649bf7c9260;
L_0x5649bf7c9260 .concat [ 3 1 0 0], v0x5649bf7c5810_0, L_0x7f631f22c408;
L_0x5649bf7c93a0 .arith/mult 10, v0x5649bf7c6900_0, L_0x5649bf7c90e0;
L_0x5649bf7c9580 .array/port v0x5649bf7c5df0, L_0x5649bf7c9620;
L_0x5649bf7c9620 .concat [ 3 1 0 0], v0x5649bf7c5810_0, L_0x7f631f22c450;
L_0x5649bf7c98b0 .arith/mult 10, v0x5649bf7c69e0_0, L_0x5649bf7c9580;
L_0x5649bf7c99a0 .cmp/gt 10, L_0x5649bf7c93a0, L_0x5649bf7c98b0;
L_0x5649bf7c9bf0 .functor MUXZ 2, L_0x7f631f22c4e0, L_0x7f631f22c498, L_0x5649bf7c99a0, C4<>;
L_0x5649bf7c9d80 .part L_0x5649bf7c9bf0, 0, 1;
L_0x5649bf7c9f90 .reduce/and v0x5649bf7c5d10_0;
L_0x5649bf7ca080 .reduce/and L_0x5649bf7c7d30;
    .scope S_0x5649bf7843e0;
T_0 ;
    %wait E_0x5649bf791a90;
    %load/vec4 v0x5649bf7c6350_0;
    %flag_set/vec4 8;
    %jmp/0xz  T_0.0, 8;
    %pushi/vec4 0, 0, 3;
    %assign/vec4 v0x5649bf7c6410_0, 0;
    %jmp T_0.1;
T_0.0 ;
    %load/vec4 v0x5649bf7c60f0_0;
    %assign/vec4 v0x5649bf7c6410_0, 0;
T_0.1 ;
    %jmp T_0;
    .thread T_0;
    .scope S_0x5649bf7843e0;
T_1 ;
    %wait E_0x5649bf759aa0;
    %load/vec4 v0x5649bf7c6350_0;
    %flag_set/vec4 8;
    %jmp/0xz  T_1.0, 8;
    %pushi/vec4 0, 0, 3;
    %assign/vec4 v0x5649bf7c60f0_0, 0;
    %jmp T_1.1;
T_1.0 ;
    %load/vec4 v0x5649bf7c6410_0;
    %dup/vec4;
    %pushi/vec4 0, 0, 3;
    %cmp/u;
    %jmp/1 T_1.2, 6;
    %dup/vec4;
    %pushi/vec4 1, 0, 3;
    %cmp/u;
    %jmp/1 T_1.3, 6;
    %dup/vec4;
    %pushi/vec4 2, 0, 3;
    %cmp/u;
    %jmp/1 T_1.4, 6;
    %dup/vec4;
    %pushi/vec4 3, 0, 3;
    %cmp/u;
    %jmp/1 T_1.5, 6;
    %dup/vec4;
    %pushi/vec4 4, 0, 3;
    %cmp/u;
    %jmp/1 T_1.6, 6;
    %pushi/vec4 0, 0, 3;
    %store/vec4 v0x5649bf7c60f0_0, 0, 3;
    %jmp T_1.8;
T_1.2 ;
    %pushi/vec4 1, 0, 3;
    %store/vec4 v0x5649bf7c60f0_0, 0, 3;
    %jmp T_1.8;
T_1.3 ;
    %load/vec4 v0x5649bf7c5b70_0;
    %pad/u 32;
    %cmpi/e 7, 0, 32;
    %jmp/0xz  T_1.9, 4;
    %pushi/vec4 2, 0, 3;
    %store/vec4 v0x5649bf7c60f0_0, 0, 3;
    %jmp T_1.10;
T_1.9 ;
    %pushi/vec4 1, 0, 3;
    %store/vec4 v0x5649bf7c60f0_0, 0, 3;
T_1.10 ;
    %jmp T_1.8;
T_1.4 ;
    %load/vec4 v0x5649bf7c59b0_0;
    %pushi/vec4 4, 0, 3;
    %cmp/e;
    %flag_get/vec4 4;
    %load/vec4 v0x5649bf7c5a90_0;
    %pushi/vec4 5, 0, 3;
    %cmp/e;
    %flag_get/vec4 4;
    %and;
    %flag_set/vec4 8;
    %jmp/0xz  T_1.11, 8;
    %pushi/vec4 3, 0, 3;
    %store/vec4 v0x5649bf7c60f0_0, 0, 3;
    %jmp T_1.12;
T_1.11 ;
    %pushi/vec4 2, 0, 3;
    %store/vec4 v0x5649bf7c60f0_0, 0, 3;
T_1.12 ;
    %jmp T_1.8;
T_1.5 ;
    %load/vec4 v0x5649bf7c5810_0;
    %pad/u 32;
    %cmpi/e 6, 0, 32;
    %jmp/0xz  T_1.13, 4;
    %pushi/vec4 4, 0, 3;
    %store/vec4 v0x5649bf7c60f0_0, 0, 3;
    %jmp T_1.14;
T_1.13 ;
    %pushi/vec4 3, 0, 3;
    %store/vec4 v0x5649bf7c60f0_0, 0, 3;
T_1.14 ;
    %jmp T_1.8;
T_1.6 ;
    %pushi/vec4 1, 0, 3;
    %store/vec4 v0x5649bf7c60f0_0, 0, 3;
    %jmp T_1.8;
T_1.8 ;
    %pop/vec4 1;
T_1.1 ;
    %jmp T_1;
    .thread T_1, $push;
    .scope S_0x5649bf7843e0;
T_2 ;
    %wait E_0x5649bf791a90;
    %load/vec4 v0x5649bf7c6350_0;
    %flag_set/vec4 8;
    %jmp/0xz  T_2.0, 8;
    %pushi/vec4 0, 0, 3;
    %assign/vec4 v0x5649bf7c5b70_0, 0;
    %jmp T_2.1;
T_2.0 ;
    %load/vec4 v0x5649bf7c60f0_0;
    %cmpi/e 2, 0, 3;
    %jmp/0xz  T_2.2, 4;
    %pushi/vec4 0, 0, 3;
    %assign/vec4 v0x5649bf7c5b70_0, 0;
    %jmp T_2.3;
T_2.2 ;
    %load/vec4 v0x5649bf7c5b70_0;
    %addi 1, 0, 3;
    %assign/vec4 v0x5649bf7c5b70_0, 0;
T_2.3 ;
T_2.1 ;
    %jmp T_2;
    .thread T_2;
    .scope S_0x5649bf7843e0;
T_3 ;
    %wait E_0x5649bf791a90;
    %load/vec4 v0x5649bf7c6350_0;
    %flag_set/vec4 8;
    %jmp/0xz  T_3.0, 8;
    %pushi/vec4 1, 0, 3;
    %assign/vec4 v0x5649bf7c59b0_0, 0;
    %pushi/vec4 2, 0, 3;
    %assign/vec4 v0x5649bf7c5a90_0, 0;
    %jmp T_3.1;
T_3.0 ;
    %load/vec4 v0x5649bf7c60f0_0;
    %cmpi/e 2, 0, 3;
    %jmp/0xz  T_3.2, 4;
    %load/vec4 v0x5649bf7c5a90_0;
    %cmpi/e 5, 0, 3;
    %jmp/0xz  T_3.4, 4;
    %load/vec4 v0x5649bf7c59b0_0;
    %addi 1, 0, 3;
    %assign/vec4 v0x5649bf7c59b0_0, 0;
    %load/vec4 v0x5649bf7c59b0_0;
    %addi 2, 0, 3;
    %assign/vec4 v0x5649bf7c5a90_0, 0;
    %jmp T_3.5;
T_3.4 ;
    %load/vec4 v0x5649bf7c5a90_0;
    %addi 1, 0, 3;
    %assign/vec4 v0x5649bf7c5a90_0, 0;
T_3.5 ;
T_3.2 ;
T_3.1 ;
    %jmp T_3;
    .thread T_3;
    .scope S_0x5649bf7843e0;
T_4 ;
    %wait E_0x5649bf78eb90;
    %load/vec4 v0x5649bf7c60f0_0;
    %cmpi/e 1, 0, 3;
    %jmp/0xz  T_4.0, 4;
    %load/vec4 v0x5649bf7c5b70_0;
    %pad/u 32;
    %cmpi/e 0, 0, 32;
    %jmp/0xz  T_4.2, 4;
    %load/vec4 v0x5649bf78afc0_0;
    %assign/vec4 v0x5649bf7c6900_0, 0;
    %load/vec4 v0x5649bf78d5b0_0;
    %assign/vec4 v0x5649bf7c69e0_0, 0;
    %jmp T_4.3;
T_4.2 ;
    %load/vec4 v0x5649bf78afc0_0;
    %load/vec4 v0x5649bf7c5b70_0;
    %pad/u 33;
    %subi 1, 0, 33;
    %ix/vec4 3;
    %ix/load 4, 0, 0; Constant delay
    %assign/vec4/a/d v0x5649bf7c5df0, 0, 4;
    %load/vec4 v0x5649bf78d5b0_0;
    %load/vec4 v0x5649bf7c5b70_0;
    %pad/u 33;
    %subi 1, 0, 33;
    %ix/vec4 3;
    %ix/load 4, 0, 0; Constant delay
    %assign/vec4/a/d v0x5649bf7c5f70, 0, 4;
T_4.3 ;
    %jmp T_4.1;
T_4.0 ;
    %load/vec4 v0x5649bf7c60f0_0;
    %cmpi/e 2, 0, 3;
    %jmp/0xz  T_4.4, 4;
    %load/vec4 v0x5649bf7c61d0_0;
    %pad/u 32;
    %cmpi/e 0, 0, 32;
    %jmp/0xz  T_4.6, 4;
    %load/vec4 v0x5649bf7c5a90_0;
    %pad/u 4;
    %ix/vec4 4;
    %load/vec4a v0x5649bf7c5df0, 4;
    %load/vec4 v0x5649bf7c59b0_0;
    %pad/u 4;
    %ix/vec4 3;
    %ix/load 4, 0, 0; Constant delay
    %assign/vec4/a/d v0x5649bf7c5df0, 0, 4;
    %load/vec4 v0x5649bf7c59b0_0;
    %pad/u 4;
    %ix/vec4 4;
    %load/vec4a v0x5649bf7c5df0, 4;
    %load/vec4 v0x5649bf7c5a90_0;
    %pad/u 4;
    %ix/vec4 3;
    %ix/load 4, 0, 0; Constant delay
    %assign/vec4/a/d v0x5649bf7c5df0, 0, 4;
    %load/vec4 v0x5649bf7c5a90_0;
    %pad/u 4;
    %ix/vec4 4;
    %load/vec4a v0x5649bf7c5f70, 4;
    %load/vec4 v0x5649bf7c59b0_0;
    %pad/u 4;
    %ix/vec4 3;
    %ix/load 4, 0, 0; Constant delay
    %assign/vec4/a/d v0x5649bf7c5f70, 0, 4;
    %load/vec4 v0x5649bf7c59b0_0;
    %pad/u 4;
    %ix/vec4 4;
    %load/vec4a v0x5649bf7c5f70, 4;
    %load/vec4 v0x5649bf7c5a90_0;
    %pad/u 4;
    %ix/vec4 3;
    %ix/load 4, 0, 0; Constant delay
    %assign/vec4/a/d v0x5649bf7c5f70, 0, 4;
T_4.6 ;
T_4.4 ;
T_4.1 ;
    %jmp T_4;
    .thread T_4;
    .scope S_0x5649bf7843e0;
T_5 ;
    %wait E_0x5649bf791a90;
    %load/vec4 v0x5649bf7c6350_0;
    %flag_set/vec4 8;
    %jmp/0xz  T_5.0, 8;
    %pushi/vec4 0, 0, 3;
    %assign/vec4 v0x5649bf7c5810_0, 0;
    %jmp T_5.1;
T_5.0 ;
    %load/vec4 v0x5649bf7c60f0_0;
    %cmpi/e 4, 0, 3;
    %jmp/0xz  T_5.2, 4;
    %pushi/vec4 0, 0, 3;
    %assign/vec4 v0x5649bf7c5810_0, 0;
    %jmp T_5.3;
T_5.2 ;
    %load/vec4 v0x5649bf7c5810_0;
    %addi 1, 0, 3;
    %assign/vec4 v0x5649bf7c5810_0, 0;
T_5.3 ;
T_5.1 ;
    %jmp T_5;
    .thread T_5;
    .scope S_0x5649bf7843e0;
T_6 ;
    %wait E_0x5649bf791a90;
    %load/vec4 v0x5649bf7c6350_0;
    %flag_set/vec4 8;
    %jmp/0xz  T_6.0, 8;
    %pushi/vec4 0, 0, 6;
    %assign/vec4 v0x5649bf7c5d10_0, 0;
    %jmp T_6.1;
T_6.0 ;
    %load/vec4 v0x5649bf7c60f0_0;
    %cmpi/e 3, 0, 3;
    %jmp/0xz  T_6.2, 4;
    %load/vec4 v0x5649bf7c6290_0;
    %ix/load 5, 0, 0;
    %ix/getv 4, v0x5649bf7c5810_0;
    %assign/vec4/off/d v0x5649bf7c5d10_0, 4, 5;
T_6.2 ;
T_6.1 ;
    %jmp T_6;
    .thread T_6;
    .scope S_0x5649bf7843e0;
T_7 ;
    %wait E_0x5649bf791960;
    %load/vec4 v0x5649bf7c60f0_0;
    %cmpi/e 4, 0, 3;
    %jmp/0xz  T_7.0, 4;
    %pushi/vec4 1, 0, 1;
    %store/vec4 v0x5649bf7c6e40_0, 0, 1;
    %jmp T_7.1;
T_7.0 ;
    %pushi/vec4 0, 0, 1;
    %store/vec4 v0x5649bf7c6e40_0, 0, 1;
T_7.1 ;
    %jmp T_7;
    .thread T_7, $push;
# The file index is used to find the file name in the following table.
:file_names 3;
    "N/A";
    "<interactive>";
    "geofence.v";
