#! /usr/bin/vvp
:ivl_version "10.3 (stable)";
:ivl_delay_selection "TYPICAL";
:vpi_time_precision + 0;
:vpi_module "system";
:vpi_module "vhdl_sys";
:vpi_module "v2005_math";
:vpi_module "va_math";
S_0x563870658590 .scope module, "FAS" "FAS" 2 2;
 .timescale 0 0;
    .port_info 0 /INPUT 1 "clk"
    .port_info 1 /INPUT 1 "rst"
    .port_info 2 /INPUT 1 "data_valid"
    .port_info 3 /INPUT 16 "data"
    .port_info 4 /OUTPUT 32 "fft_d0"
    .port_info 5 /OUTPUT 32 "fft_d1"
    .port_info 6 /OUTPUT 32 "fft_d2"
    .port_info 7 /OUTPUT 32 "fft_d3"
    .port_info 8 /OUTPUT 32 "fft_d4"
    .port_info 9 /OUTPUT 32 "fft_d5"
    .port_info 10 /OUTPUT 32 "fft_d6"
    .port_info 11 /OUTPUT 32 "fft_d7"
    .port_info 12 /OUTPUT 32 "fft_d8"
    .port_info 13 /OUTPUT 32 "fft_d9"
    .port_info 14 /OUTPUT 32 "fft_d10"
    .port_info 15 /OUTPUT 32 "fft_d11"
    .port_info 16 /OUTPUT 32 "fft_d12"
    .port_info 17 /OUTPUT 32 "fft_d13"
    .port_info 18 /OUTPUT 32 "fft_d14"
    .port_info 19 /OUTPUT 32 "fft_d15"
    .port_info 20 /OUTPUT 1 "fft_valid"
    .port_info 21 /OUTPUT 1 "done"
    .port_info 22 /OUTPUT 4 "freq"
P_0x5638706568e0 .param/l "CAL" 0 2 27, C4<011>;
P_0x563870656920 .param/l "FINISH" 0 2 28, C4<100>;
P_0x563870656960 .param/l "IDLE" 0 2 24, C4<000>;
P_0x5638706569a0 .param/l "READ" 0 2 25, C4<001>;
P_0x5638706569e0 .param/l "WRITE" 0 2 26, C4<010>;
v0x5638706c4ad0_0 .var "buf_0", 15 0;
v0x563870626fb0_0 .var "buf_1", 15 0;
v0x563870627080_0 .var "buf_10", 15 0;
v0x5638706293e0_0 .var "buf_11", 15 0;
v0x563870629480_0 .var "buf_12", 15 0;
v0x5638706b0120_0 .var "buf_13", 15 0;
v0x5638706b01c0_0 .var "buf_14", 15 0;
v0x5638706e8a40_0 .var "buf_15", 15 0;
v0x5638706e8b20_0 .var "buf_2", 15 0;
v0x5638706e8c00_0 .var "buf_3", 15 0;
v0x5638706e8ce0_0 .var "buf_4", 15 0;
v0x5638706e8dc0_0 .var "buf_5", 15 0;
v0x5638706e8ea0_0 .var "buf_6", 15 0;
v0x5638706e8f80_0 .var "buf_7", 15 0;
v0x5638706e9060_0 .var "buf_8", 15 0;
v0x5638706e9140_0 .var "buf_9", 15 0;
v0x5638706e9220 .array "buff", 159 0, 15 0;
o0x7f35efb33318 .functor BUFZ 1, C4<z>; HiZ drive
v0x5638706e93f0_0 .net "clk", 0 0, o0x7f35efb33318;  0 drivers
o0x7f35efb33348 .functor BUFZ 16, C4<zzzzzzzzzzzzzzzz>; HiZ drive
v0x5638706e94b0_0 .net/s "data", 15 0, o0x7f35efb33348;  0 drivers
o0x7f35efb33378 .functor BUFZ 1, C4<z>; HiZ drive
v0x5638706e9590_0 .net "data_valid", 0 0, o0x7f35efb33378;  0 drivers
v0x5638706e9650_0 .var "done", 0 0;
v0x5638706e9710_0 .var "fft_d0", 31 0;
v0x5638706e97f0_0 .var "fft_d1", 31 0;
v0x5638706e98d0_0 .var "fft_d10", 31 0;
v0x5638706e99b0_0 .var "fft_d11", 31 0;
v0x5638706e9a90_0 .var "fft_d12", 31 0;
v0x5638706e9b70_0 .var "fft_d13", 31 0;
v0x5638706e9c50_0 .var "fft_d14", 31 0;
v0x5638706e9d30_0 .var "fft_d15", 31 0;
v0x5638706e9e10_0 .var "fft_d2", 31 0;
v0x5638706e9ef0_0 .var "fft_d3", 31 0;
v0x5638706e9fd0_0 .var "fft_d4", 31 0;
v0x5638706ea0b0_0 .var "fft_d5", 31 0;
v0x5638706ea190_0 .var "fft_d6", 31 0;
v0x5638706ea270_0 .var "fft_d7", 31 0;
v0x5638706ea350_0 .var "fft_d8", 31 0;
v0x5638706ea430_0 .var "fft_d9", 31 0;
v0x5638706ea510_0 .var "fft_valid", 0 0;
v0x5638706ea5d0_0 .var "freq", 3 0;
v0x5638706ea6b0_0 .var "next_state", 2 0;
v0x5638706ea790_0 .var "pc", 7 0;
o0x7f35efb33798 .functor BUFZ 1, C4<z>; HiZ drive
v0x5638706ea870_0 .net "rst", 0 0, o0x7f35efb33798;  0 drivers
v0x5638706ea930_0 .var "state", 2 0;
E_0x563870643b80 .event posedge, v0x5638706ea870_0, v0x5638706e93f0_0;
E_0x563870643f80 .event edge, v0x5638706ea870_0, v0x5638706ea930_0, v0x5638706e9590_0, v0x5638706ea790_0;
S_0x5638706580b0 .scope module, "FFT_PE" "FFT_PE" 3 1;
 .timescale 0 0;
    .port_info 0 /INPUT 1 "clk"
    .port_info 1 /INPUT 1 "rst"
    .port_info 2 /INPUT 32 "a"
    .port_info 3 /INPUT 32 "b"
    .port_info 4 /INPUT 3 "power"
    .port_info 5 /INPUT 1 "ab_valid"
    .port_info 6 /OUTPUT 32 "fft_a"
    .port_info 7 /OUTPUT 32 "fft_b"
    .port_info 8 /OUTPUT 1 "fft_pe_valid"
P_0x5638706411c0 .param/l "FINISH" 0 3 29, C4<011>;
P_0x563870641200 .param/l "IDLE" 0 3 26, C4<000>;
P_0x563870641240 .param/l "READ" 0 3 27, C4<001>;
P_0x563870641280 .param/l "WRITE" 0 3 28, C4<010>;
v0x5638706eae40_0 .var/s "W_img", 31 0;
v0x5638706eaf20_0 .var/s "W_real", 31 0;
o0x7f35efb33ca8 .functor BUFZ 32, C4<zzzzzzzzzzzzzzzzzzzzzzzzzzzzzzzz>; HiZ drive
v0x5638706eb000_0 .net/s "a", 31 0, o0x7f35efb33ca8;  0 drivers
v0x5638706eb0c0_0 .var/s "a_img", 31 0;
v0x5638706eb1a0_0 .var/s "a_real", 31 0;
v0x5638706eb280_0 .var/s "a_tmp_img", 31 0;
v0x5638706eb360_0 .var/s "a_tmp_real", 31 0;
o0x7f35efb33d98 .functor BUFZ 1, C4<z>; HiZ drive
v0x5638706eb440_0 .net "ab_valid", 0 0, o0x7f35efb33d98;  0 drivers
o0x7f35efb33dc8 .functor BUFZ 32, C4<zzzzzzzzzzzzzzzzzzzzzzzzzzzzzzzz>; HiZ drive
v0x5638706eb500_0 .net/s "b", 31 0, o0x7f35efb33dc8;  0 drivers
v0x5638706eb5e0_0 .var/s "b_img", 31 0;
v0x5638706eb6c0_0 .var/s "b_real", 31 0;
v0x5638706eb7a0_0 .var/s "b_tmp_img", 31 0;
v0x5638706eb880_0 .var/s "b_tmp_real", 31 0;
o0x7f35efb33eb8 .functor BUFZ 1, C4<z>; HiZ drive
v0x5638706eb960_0 .net "clk", 0 0, o0x7f35efb33eb8;  0 drivers
v0x5638706eba20_0 .var "fft_a", 31 0;
v0x5638706ebb00_0 .var "fft_b", 31 0;
v0x5638706ebbe0_0 .var "fft_pe_valid", 0 0;
v0x5638706ebca0_0 .var "next_state", 2 0;
v0x5638706ebd80_0 .var "pe_flag", 0 0;
o0x7f35efb33fd8 .functor BUFZ 3, C4<zzz>; HiZ drive
v0x5638706ebe40_0 .net "power", 2 0, o0x7f35efb33fd8;  0 drivers
o0x7f35efb34008 .functor BUFZ 1, C4<z>; HiZ drive
v0x5638706ebf20_0 .net "rst", 0 0, o0x7f35efb34008;  0 drivers
v0x5638706ebfe0_0 .var "state", 2 0;
E_0x563870644890/0 .event edge, v0x5638706eb1a0_0, v0x5638706eb6c0_0, v0x5638706eb0c0_0, v0x5638706eb5e0_0;
E_0x563870644890/1 .event edge, v0x5638706eaf20_0, v0x5638706eae40_0;
E_0x563870644890 .event/or E_0x563870644890/0, E_0x563870644890/1;
E_0x563870644ae0 .event negedge, v0x5638706eb960_0;
E_0x563870641b40 .event posedge, v0x5638706eb960_0;
E_0x563870644740 .event edge, v0x5638706ebe40_0;
E_0x5638706eade0 .event posedge, v0x5638706ebf20_0, v0x5638706eb960_0;
    .scope S_0x563870658590;
T_0 ;
    %wait E_0x563870643b80;
    %load/vec4 v0x5638706ea870_0;
    %pad/u 32;
    %cmpi/e 1, 0, 32;
    %jmp/0xz  T_0.0, 4;
    %pushi/vec4 0, 0, 3;
    %assign/vec4 v0x5638706ea930_0, 0;
    %jmp T_0.1;
T_0.0 ;
    %load/vec4 v0x5638706ea6b0_0;
    %assign/vec4 v0x5638706ea930_0, 0;
T_0.1 ;
    %jmp T_0;
    .thread T_0;
    .scope S_0x563870658590;
T_1 ;
    %wait E_0x563870643f80;
    %load/vec4 v0x5638706ea870_0;
    %flag_set/vec4 8;
    %jmp/0xz  T_1.0, 8;
    %pushi/vec4 0, 0, 3;
    %store/vec4 v0x5638706ea6b0_0, 0, 3;
    %jmp T_1.1;
T_1.0 ;
    %load/vec4 v0x5638706ea930_0;
    %dup/vec4;
    %pushi/vec4 0, 0, 3;
    %cmp/u;
    %jmp/1 T_1.2, 6;
    %dup/vec4;
    %pushi/vec4 1, 0, 3;
    %cmp/u;
    %jmp/1 T_1.3, 6;
    %dup/vec4;
    %pushi/vec4 3, 0, 3;
    %cmp/u;
    %jmp/1 T_1.4, 6;
    %pushi/vec4 0, 0, 3;
    %store/vec4 v0x5638706ea6b0_0, 0, 3;
    %jmp T_1.6;
T_1.2 ;
    %load/vec4 v0x5638706e9590_0;
    %flag_set/vec4 8;
    %jmp/0xz  T_1.7, 8;
    %pushi/vec4 1, 0, 3;
    %store/vec4 v0x5638706ea6b0_0, 0, 3;
    %jmp T_1.8;
T_1.7 ;
    %pushi/vec4 0, 0, 3;
    %store/vec4 v0x5638706ea6b0_0, 0, 3;
T_1.8 ;
    %jmp T_1.6;
T_1.3 ;
    %load/vec4 v0x5638706ea790_0;
    %pad/u 32;
    %cmpi/e 160, 0, 32;
    %jmp/0xz  T_1.9, 4;
    %pushi/vec4 3, 0, 3;
    %store/vec4 v0x5638706ea6b0_0, 0, 3;
    %jmp T_1.10;
T_1.9 ;
    %pushi/vec4 1, 0, 3;
    %store/vec4 v0x5638706ea6b0_0, 0, 3;
T_1.10 ;
    %jmp T_1.6;
T_1.4 ;
    %load/vec4 v0x5638706ea790_0;
    %pad/u 32;
    %cmpi/e 14, 0, 32;
    %jmp/0xz  T_1.11, 4;
    %pushi/vec4 4, 0, 3;
    %store/vec4 v0x5638706ea6b0_0, 0, 3;
    %jmp T_1.12;
T_1.11 ;
    %pushi/vec4 3, 0, 3;
    %store/vec4 v0x5638706ea6b0_0, 0, 3;
T_1.12 ;
    %jmp T_1.6;
T_1.6 ;
    %pop/vec4 1;
T_1.1 ;
    %jmp T_1;
    .thread T_1, $push;
    .scope S_0x563870658590;
T_2 ;
    %wait E_0x563870643b80;
    %load/vec4 v0x5638706ea870_0;
    %flag_set/vec4 8;
    %jmp/0xz  T_2.0, 8;
    %pushi/vec4 0, 0, 8;
    %assign/vec4 v0x5638706ea790_0, 0;
    %jmp T_2.1;
T_2.0 ;
    %load/vec4 v0x5638706ea790_0;
    %pad/u 32;
    %cmpi/e 159, 0, 32;
    %jmp/0xz  T_2.2, 4;
    %pushi/vec4 0, 0, 8;
    %assign/vec4 v0x5638706ea790_0, 0;
    %jmp T_2.3;
T_2.2 ;
    %load/vec4 v0x5638706ea790_0;
    %pad/u 32;
    %pushi/vec4 10, 0, 32;
    %cmp/e;
    %flag_get/vec4 4;
    %load/vec4 v0x5638706ea930_0;
    %pushi/vec4 3, 0, 3;
    %cmp/e;
    %flag_get/vec4 4;
    %and;
    %flag_set/vec4 8;
    %jmp/0xz  T_2.4, 8;
    %pushi/vec4 0, 0, 8;
    %assign/vec4 v0x5638706ea790_0, 0;
    %jmp T_2.5;
T_2.4 ;
    %load/vec4 v0x5638706ea790_0;
    %addi 1, 0, 8;
    %assign/vec4 v0x5638706ea790_0, 0;
T_2.5 ;
T_2.3 ;
T_2.1 ;
    %jmp T_2;
    .thread T_2;
    .scope S_0x563870658590;
T_3 ;
    %wait E_0x563870643b80;
    %load/vec4 v0x5638706ea6b0_0;
    %cmpi/e 1, 0, 3;
    %jmp/0xz  T_3.0, 4;
    %load/vec4 v0x5638706ea790_0;
    %dup/vec4;
    %pushi/vec4 0, 0, 8;
    %cmp/u;
    %jmp/1 T_3.2, 6;
    %dup/vec4;
    %pushi/vec4 1, 0, 8;
    %cmp/u;
    %jmp/1 T_3.3, 6;
    %dup/vec4;
    %pushi/vec4 2, 0, 8;
    %cmp/u;
    %jmp/1 T_3.4, 6;
    %dup/vec4;
    %pushi/vec4 3, 0, 8;
    %cmp/u;
    %jmp/1 T_3.5, 6;
    %dup/vec4;
    %pushi/vec4 4, 0, 8;
    %cmp/u;
    %jmp/1 T_3.6, 6;
    %dup/vec4;
    %pushi/vec4 5, 0, 8;
    %cmp/u;
    %jmp/1 T_3.7, 6;
    %dup/vec4;
    %pushi/vec4 6, 0, 8;
    %cmp/u;
    %jmp/1 T_3.8, 6;
    %dup/vec4;
    %pushi/vec4 7, 0, 8;
    %cmp/u;
    %jmp/1 T_3.9, 6;
    %dup/vec4;
    %pushi/vec4 8, 0, 8;
    %cmp/u;
    %jmp/1 T_3.10, 6;
    %dup/vec4;
    %pushi/vec4 9, 0, 8;
    %cmp/u;
    %jmp/1 T_3.11, 6;
    %dup/vec4;
    %pushi/vec4 10, 0, 8;
    %cmp/u;
    %jmp/1 T_3.12, 6;
    %dup/vec4;
    %pushi/vec4 11, 0, 8;
    %cmp/u;
    %jmp/1 T_3.13, 6;
    %dup/vec4;
    %pushi/vec4 12, 0, 8;
    %cmp/u;
    %jmp/1 T_3.14, 6;
    %dup/vec4;
    %pushi/vec4 13, 0, 8;
    %cmp/u;
    %jmp/1 T_3.15, 6;
    %dup/vec4;
    %pushi/vec4 14, 0, 8;
    %cmp/u;
    %jmp/1 T_3.16, 6;
    %dup/vec4;
    %pushi/vec4 15, 0, 8;
    %cmp/u;
    %jmp/1 T_3.17, 6;
    %dup/vec4;
    %pushi/vec4 16, 0, 8;
    %cmp/u;
    %jmp/1 T_3.18, 6;
    %dup/vec4;
    %pushi/vec4 17, 0, 8;
    %cmp/u;
    %jmp/1 T_3.19, 6;
    %dup/vec4;
    %pushi/vec4 18, 0, 8;
    %cmp/u;
    %jmp/1 T_3.20, 6;
    %dup/vec4;
    %pushi/vec4 19, 0, 8;
    %cmp/u;
    %jmp/1 T_3.21, 6;
    %dup/vec4;
    %pushi/vec4 20, 0, 8;
    %cmp/u;
    %jmp/1 T_3.22, 6;
    %dup/vec4;
    %pushi/vec4 21, 0, 8;
    %cmp/u;
    %jmp/1 T_3.23, 6;
    %dup/vec4;
    %pushi/vec4 22, 0, 8;
    %cmp/u;
    %jmp/1 T_3.24, 6;
    %dup/vec4;
    %pushi/vec4 23, 0, 8;
    %cmp/u;
    %jmp/1 T_3.25, 6;
    %dup/vec4;
    %pushi/vec4 24, 0, 8;
    %cmp/u;
    %jmp/1 T_3.26, 6;
    %dup/vec4;
    %pushi/vec4 25, 0, 8;
    %cmp/u;
    %jmp/1 T_3.27, 6;
    %dup/vec4;
    %pushi/vec4 26, 0, 8;
    %cmp/u;
    %jmp/1 T_3.28, 6;
    %dup/vec4;
    %pushi/vec4 27, 0, 8;
    %cmp/u;
    %jmp/1 T_3.29, 6;
    %dup/vec4;
    %pushi/vec4 28, 0, 8;
    %cmp/u;
    %jmp/1 T_3.30, 6;
    %dup/vec4;
    %pushi/vec4 29, 0, 8;
    %cmp/u;
    %jmp/1 T_3.31, 6;
    %dup/vec4;
    %pushi/vec4 30, 0, 8;
    %cmp/u;
    %jmp/1 T_3.32, 6;
    %dup/vec4;
    %pushi/vec4 31, 0, 8;
    %cmp/u;
    %jmp/1 T_3.33, 6;
    %dup/vec4;
    %pushi/vec4 32, 0, 8;
    %cmp/u;
    %jmp/1 T_3.34, 6;
    %dup/vec4;
    %pushi/vec4 33, 0, 8;
    %cmp/u;
    %jmp/1 T_3.35, 6;
    %dup/vec4;
    %pushi/vec4 34, 0, 8;
    %cmp/u;
    %jmp/1 T_3.36, 6;
    %dup/vec4;
    %pushi/vec4 35, 0, 8;
    %cmp/u;
    %jmp/1 T_3.37, 6;
    %dup/vec4;
    %pushi/vec4 36, 0, 8;
    %cmp/u;
    %jmp/1 T_3.38, 6;
    %dup/vec4;
    %pushi/vec4 37, 0, 8;
    %cmp/u;
    %jmp/1 T_3.39, 6;
    %dup/vec4;
    %pushi/vec4 38, 0, 8;
    %cmp/u;
    %jmp/1 T_3.40, 6;
    %dup/vec4;
    %pushi/vec4 39, 0, 8;
    %cmp/u;
    %jmp/1 T_3.41, 6;
    %dup/vec4;
    %pushi/vec4 40, 0, 8;
    %cmp/u;
    %jmp/1 T_3.42, 6;
    %dup/vec4;
    %pushi/vec4 41, 0, 8;
    %cmp/u;
    %jmp/1 T_3.43, 6;
    %dup/vec4;
    %pushi/vec4 42, 0, 8;
    %cmp/u;
    %jmp/1 T_3.44, 6;
    %dup/vec4;
    %pushi/vec4 43, 0, 8;
    %cmp/u;
    %jmp/1 T_3.45, 6;
    %dup/vec4;
    %pushi/vec4 44, 0, 8;
    %cmp/u;
    %jmp/1 T_3.46, 6;
    %dup/vec4;
    %pushi/vec4 45, 0, 8;
    %cmp/u;
    %jmp/1 T_3.47, 6;
    %dup/vec4;
    %pushi/vec4 46, 0, 8;
    %cmp/u;
    %jmp/1 T_3.48, 6;
    %dup/vec4;
    %pushi/vec4 47, 0, 8;
    %cmp/u;
    %jmp/1 T_3.49, 6;
    %dup/vec4;
    %pushi/vec4 48, 0, 8;
    %cmp/u;
    %jmp/1 T_3.50, 6;
    %dup/vec4;
    %pushi/vec4 49, 0, 8;
    %cmp/u;
    %jmp/1 T_3.51, 6;
    %dup/vec4;
    %pushi/vec4 50, 0, 8;
    %cmp/u;
    %jmp/1 T_3.52, 6;
    %dup/vec4;
    %pushi/vec4 51, 0, 8;
    %cmp/u;
    %jmp/1 T_3.53, 6;
    %dup/vec4;
    %pushi/vec4 52, 0, 8;
    %cmp/u;
    %jmp/1 T_3.54, 6;
    %dup/vec4;
    %pushi/vec4 53, 0, 8;
    %cmp/u;
    %jmp/1 T_3.55, 6;
    %dup/vec4;
    %pushi/vec4 54, 0, 8;
    %cmp/u;
    %jmp/1 T_3.56, 6;
    %dup/vec4;
    %pushi/vec4 55, 0, 8;
    %cmp/u;
    %jmp/1 T_3.57, 6;
    %dup/vec4;
    %pushi/vec4 56, 0, 8;
    %cmp/u;
    %jmp/1 T_3.58, 6;
    %dup/vec4;
    %pushi/vec4 57, 0, 8;
    %cmp/u;
    %jmp/1 T_3.59, 6;
    %dup/vec4;
    %pushi/vec4 58, 0, 8;
    %cmp/u;
    %jmp/1 T_3.60, 6;
    %dup/vec4;
    %pushi/vec4 59, 0, 8;
    %cmp/u;
    %jmp/1 T_3.61, 6;
    %dup/vec4;
    %pushi/vec4 60, 0, 8;
    %cmp/u;
    %jmp/1 T_3.62, 6;
    %dup/vec4;
    %pushi/vec4 61, 0, 8;
    %cmp/u;
    %jmp/1 T_3.63, 6;
    %dup/vec4;
    %pushi/vec4 62, 0, 8;
    %cmp/u;
    %jmp/1 T_3.64, 6;
    %dup/vec4;
    %pushi/vec4 63, 0, 8;
    %cmp/u;
    %jmp/1 T_3.65, 6;
    %dup/vec4;
    %pushi/vec4 64, 0, 8;
    %cmp/u;
    %jmp/1 T_3.66, 6;
    %dup/vec4;
    %pushi/vec4 65, 0, 8;
    %cmp/u;
    %jmp/1 T_3.67, 6;
    %dup/vec4;
    %pushi/vec4 66, 0, 8;
    %cmp/u;
    %jmp/1 T_3.68, 6;
    %dup/vec4;
    %pushi/vec4 67, 0, 8;
    %cmp/u;
    %jmp/1 T_3.69, 6;
    %dup/vec4;
    %pushi/vec4 68, 0, 8;
    %cmp/u;
    %jmp/1 T_3.70, 6;
    %dup/vec4;
    %pushi/vec4 69, 0, 8;
    %cmp/u;
    %jmp/1 T_3.71, 6;
    %dup/vec4;
    %pushi/vec4 70, 0, 8;
    %cmp/u;
    %jmp/1 T_3.72, 6;
    %dup/vec4;
    %pushi/vec4 71, 0, 8;
    %cmp/u;
    %jmp/1 T_3.73, 6;
    %dup/vec4;
    %pushi/vec4 72, 0, 8;
    %cmp/u;
    %jmp/1 T_3.74, 6;
    %dup/vec4;
    %pushi/vec4 73, 0, 8;
    %cmp/u;
    %jmp/1 T_3.75, 6;
    %dup/vec4;
    %pushi/vec4 74, 0, 8;
    %cmp/u;
    %jmp/1 T_3.76, 6;
    %dup/vec4;
    %pushi/vec4 75, 0, 8;
    %cmp/u;
    %jmp/1 T_3.77, 6;
    %dup/vec4;
    %pushi/vec4 76, 0, 8;
    %cmp/u;
    %jmp/1 T_3.78, 6;
    %dup/vec4;
    %pushi/vec4 77, 0, 8;
    %cmp/u;
    %jmp/1 T_3.79, 6;
    %dup/vec4;
    %pushi/vec4 78, 0, 8;
    %cmp/u;
    %jmp/1 T_3.80, 6;
    %dup/vec4;
    %pushi/vec4 79, 0, 8;
    %cmp/u;
    %jmp/1 T_3.81, 6;
    %dup/vec4;
    %pushi/vec4 80, 0, 8;
    %cmp/u;
    %jmp/1 T_3.82, 6;
    %dup/vec4;
    %pushi/vec4 81, 0, 8;
    %cmp/u;
    %jmp/1 T_3.83, 6;
    %dup/vec4;
    %pushi/vec4 82, 0, 8;
    %cmp/u;
    %jmp/1 T_3.84, 6;
    %dup/vec4;
    %pushi/vec4 83, 0, 8;
    %cmp/u;
    %jmp/1 T_3.85, 6;
    %dup/vec4;
    %pushi/vec4 84, 0, 8;
    %cmp/u;
    %jmp/1 T_3.86, 6;
    %dup/vec4;
    %pushi/vec4 85, 0, 8;
    %cmp/u;
    %jmp/1 T_3.87, 6;
    %dup/vec4;
    %pushi/vec4 86, 0, 8;
    %cmp/u;
    %jmp/1 T_3.88, 6;
    %dup/vec4;
    %pushi/vec4 87, 0, 8;
    %cmp/u;
    %jmp/1 T_3.89, 6;
    %dup/vec4;
    %pushi/vec4 88, 0, 8;
    %cmp/u;
    %jmp/1 T_3.90, 6;
    %dup/vec4;
    %pushi/vec4 89, 0, 8;
    %cmp/u;
    %jmp/1 T_3.91, 6;
    %dup/vec4;
    %pushi/vec4 90, 0, 8;
    %cmp/u;
    %jmp/1 T_3.92, 6;
    %dup/vec4;
    %pushi/vec4 91, 0, 8;
    %cmp/u;
    %jmp/1 T_3.93, 6;
    %dup/vec4;
    %pushi/vec4 92, 0, 8;
    %cmp/u;
    %jmp/1 T_3.94, 6;
    %dup/vec4;
    %pushi/vec4 93, 0, 8;
    %cmp/u;
    %jmp/1 T_3.95, 6;
    %dup/vec4;
    %pushi/vec4 94, 0, 8;
    %cmp/u;
    %jmp/1 T_3.96, 6;
    %dup/vec4;
    %pushi/vec4 95, 0, 8;
    %cmp/u;
    %jmp/1 T_3.97, 6;
    %dup/vec4;
    %pushi/vec4 96, 0, 8;
    %cmp/u;
    %jmp/1 T_3.98, 6;
    %dup/vec4;
    %pushi/vec4 97, 0, 8;
    %cmp/u;
    %jmp/1 T_3.99, 6;
    %dup/vec4;
    %pushi/vec4 98, 0, 8;
    %cmp/u;
    %jmp/1 T_3.100, 6;
    %dup/vec4;
    %pushi/vec4 99, 0, 8;
    %cmp/u;
    %jmp/1 T_3.101, 6;
    %dup/vec4;
    %pushi/vec4 100, 0, 8;
    %cmp/u;
    %jmp/1 T_3.102, 6;
    %dup/vec4;
    %pushi/vec4 101, 0, 8;
    %cmp/u;
    %jmp/1 T_3.103, 6;
    %dup/vec4;
    %pushi/vec4 102, 0, 8;
    %cmp/u;
    %jmp/1 T_3.104, 6;
    %dup/vec4;
    %pushi/vec4 103, 0, 8;
    %cmp/u;
    %jmp/1 T_3.105, 6;
    %dup/vec4;
    %pushi/vec4 104, 0, 8;
    %cmp/u;
    %jmp/1 T_3.106, 6;
    %dup/vec4;
    %pushi/vec4 105, 0, 8;
    %cmp/u;
    %jmp/1 T_3.107, 6;
    %dup/vec4;
    %pushi/vec4 106, 0, 8;
    %cmp/u;
    %jmp/1 T_3.108, 6;
    %dup/vec4;
    %pushi/vec4 107, 0, 8;
    %cmp/u;
    %jmp/1 T_3.109, 6;
    %dup/vec4;
    %pushi/vec4 108, 0, 8;
    %cmp/u;
    %jmp/1 T_3.110, 6;
    %dup/vec4;
    %pushi/vec4 109, 0, 8;
    %cmp/u;
    %jmp/1 T_3.111, 6;
    %dup/vec4;
    %pushi/vec4 110, 0, 8;
    %cmp/u;
    %jmp/1 T_3.112, 6;
    %dup/vec4;
    %pushi/vec4 111, 0, 8;
    %cmp/u;
    %jmp/1 T_3.113, 6;
    %dup/vec4;
    %pushi/vec4 112, 0, 8;
    %cmp/u;
    %jmp/1 T_3.114, 6;
    %dup/vec4;
    %pushi/vec4 113, 0, 8;
    %cmp/u;
    %jmp/1 T_3.115, 6;
    %dup/vec4;
    %pushi/vec4 114, 0, 8;
    %cmp/u;
    %jmp/1 T_3.116, 6;
    %dup/vec4;
    %pushi/vec4 115, 0, 8;
    %cmp/u;
    %jmp/1 T_3.117, 6;
    %dup/vec4;
    %pushi/vec4 116, 0, 8;
    %cmp/u;
    %jmp/1 T_3.118, 6;
    %dup/vec4;
    %pushi/vec4 117, 0, 8;
    %cmp/u;
    %jmp/1 T_3.119, 6;
    %dup/vec4;
    %pushi/vec4 118, 0, 8;
    %cmp/u;
    %jmp/1 T_3.120, 6;
    %dup/vec4;
    %pushi/vec4 119, 0, 8;
    %cmp/u;
    %jmp/1 T_3.121, 6;
    %dup/vec4;
    %pushi/vec4 120, 0, 8;
    %cmp/u;
    %jmp/1 T_3.122, 6;
    %dup/vec4;
    %pushi/vec4 121, 0, 8;
    %cmp/u;
    %jmp/1 T_3.123, 6;
    %dup/vec4;
    %pushi/vec4 122, 0, 8;
    %cmp/u;
    %jmp/1 T_3.124, 6;
    %dup/vec4;
    %pushi/vec4 123, 0, 8;
    %cmp/u;
    %jmp/1 T_3.125, 6;
    %dup/vec4;
    %pushi/vec4 124, 0, 8;
    %cmp/u;
    %jmp/1 T_3.126, 6;
    %dup/vec4;
    %pushi/vec4 125, 0, 8;
    %cmp/u;
    %jmp/1 T_3.127, 6;
    %dup/vec4;
    %pushi/vec4 126, 0, 8;
    %cmp/u;
    %jmp/1 T_3.128, 6;
    %dup/vec4;
    %pushi/vec4 127, 0, 8;
    %cmp/u;
    %jmp/1 T_3.129, 6;
    %dup/vec4;
    %pushi/vec4 128, 0, 8;
    %cmp/u;
    %jmp/1 T_3.130, 6;
    %dup/vec4;
    %pushi/vec4 129, 0, 8;
    %cmp/u;
    %jmp/1 T_3.131, 6;
    %dup/vec4;
    %pushi/vec4 130, 0, 8;
    %cmp/u;
    %jmp/1 T_3.132, 6;
    %dup/vec4;
    %pushi/vec4 131, 0, 8;
    %cmp/u;
    %jmp/1 T_3.133, 6;
    %dup/vec4;
    %pushi/vec4 132, 0, 8;
    %cmp/u;
    %jmp/1 T_3.134, 6;
    %dup/vec4;
    %pushi/vec4 133, 0, 8;
    %cmp/u;
    %jmp/1 T_3.135, 6;
    %dup/vec4;
    %pushi/vec4 134, 0, 8;
    %cmp/u;
    %jmp/1 T_3.136, 6;
    %dup/vec4;
    %pushi/vec4 135, 0, 8;
    %cmp/u;
    %jmp/1 T_3.137, 6;
    %dup/vec4;
    %pushi/vec4 136, 0, 8;
    %cmp/u;
    %jmp/1 T_3.138, 6;
    %dup/vec4;
    %pushi/vec4 137, 0, 8;
    %cmp/u;
    %jmp/1 T_3.139, 6;
    %dup/vec4;
    %pushi/vec4 138, 0, 8;
    %cmp/u;
    %jmp/1 T_3.140, 6;
    %dup/vec4;
    %pushi/vec4 139, 0, 8;
    %cmp/u;
    %jmp/1 T_3.141, 6;
    %dup/vec4;
    %pushi/vec4 140, 0, 8;
    %cmp/u;
    %jmp/1 T_3.142, 6;
    %dup/vec4;
    %pushi/vec4 141, 0, 8;
    %cmp/u;
    %jmp/1 T_3.143, 6;
    %dup/vec4;
    %pushi/vec4 142, 0, 8;
    %cmp/u;
    %jmp/1 T_3.144, 6;
    %dup/vec4;
    %pushi/vec4 143, 0, 8;
    %cmp/u;
    %jmp/1 T_3.145, 6;
    %dup/vec4;
    %pushi/vec4 144, 0, 8;
    %cmp/u;
    %jmp/1 T_3.146, 6;
    %dup/vec4;
    %pushi/vec4 145, 0, 8;
    %cmp/u;
    %jmp/1 T_3.147, 6;
    %dup/vec4;
    %pushi/vec4 146, 0, 8;
    %cmp/u;
    %jmp/1 T_3.148, 6;
    %dup/vec4;
    %pushi/vec4 147, 0, 8;
    %cmp/u;
    %jmp/1 T_3.149, 6;
    %dup/vec4;
    %pushi/vec4 148, 0, 8;
    %cmp/u;
    %jmp/1 T_3.150, 6;
    %dup/vec4;
    %pushi/vec4 149, 0, 8;
    %cmp/u;
    %jmp/1 T_3.151, 6;
    %dup/vec4;
    %pushi/vec4 150, 0, 8;
    %cmp/u;
    %jmp/1 T_3.152, 6;
    %dup/vec4;
    %pushi/vec4 151, 0, 8;
    %cmp/u;
    %jmp/1 T_3.153, 6;
    %dup/vec4;
    %pushi/vec4 152, 0, 8;
    %cmp/u;
    %jmp/1 T_3.154, 6;
    %dup/vec4;
    %pushi/vec4 153, 0, 8;
    %cmp/u;
    %jmp/1 T_3.155, 6;
    %dup/vec4;
    %pushi/vec4 154, 0, 8;
    %cmp/u;
    %jmp/1 T_3.156, 6;
    %dup/vec4;
    %pushi/vec4 155, 0, 8;
    %cmp/u;
    %jmp/1 T_3.157, 6;
    %dup/vec4;
    %pushi/vec4 156, 0, 8;
    %cmp/u;
    %jmp/1 T_3.158, 6;
    %dup/vec4;
    %pushi/vec4 157, 0, 8;
    %cmp/u;
    %jmp/1 T_3.159, 6;
    %dup/vec4;
    %pushi/vec4 158, 0, 8;
    %cmp/u;
    %jmp/1 T_3.160, 6;
    %dup/vec4;
    %pushi/vec4 159, 0, 8;
    %cmp/u;
    %jmp/1 T_3.161, 6;
    %jmp T_3.162;
T_3.2 ;
    %load/vec4 v0x5638706e94b0_0;
    %ix/load 3, 0, 0;
    %flag_set/imm 4, 0;
    %ix/load 4, 0, 0; Constant delay
    %assign/vec4/a/d v0x5638706e9220, 0, 4;
    %jmp T_3.162;
T_3.3 ;
    %load/vec4 v0x5638706e94b0_0;
    %ix/load 3, 1, 0;
    %flag_set/imm 4, 0;
    %ix/load 4, 0, 0; Constant delay
    %assign/vec4/a/d v0x5638706e9220, 0, 4;
    %jmp T_3.162;
T_3.4 ;
    %load/vec4 v0x5638706e94b0_0;
    %ix/load 3, 2, 0;
    %flag_set/imm 4, 0;
    %ix/load 4, 0, 0; Constant delay
    %assign/vec4/a/d v0x5638706e9220, 0, 4;
    %jmp T_3.162;
T_3.5 ;
    %load/vec4 v0x5638706e94b0_0;
    %ix/load 3, 3, 0;
    %flag_set/imm 4, 0;
    %ix/load 4, 0, 0; Constant delay
    %assign/vec4/a/d v0x5638706e9220, 0, 4;
    %jmp T_3.162;
T_3.6 ;
    %load/vec4 v0x5638706e94b0_0;
    %ix/load 3, 4, 0;
    %flag_set/imm 4, 0;
    %ix/load 4, 0, 0; Constant delay
    %assign/vec4/a/d v0x5638706e9220, 0, 4;
    %jmp T_3.162;
T_3.7 ;
    %load/vec4 v0x5638706e94b0_0;
    %ix/load 3, 5, 0;
    %flag_set/imm 4, 0;
    %ix/load 4, 0, 0; Constant delay
    %assign/vec4/a/d v0x5638706e9220, 0, 4;
    %jmp T_3.162;
T_3.8 ;
    %load/vec4 v0x5638706e94b0_0;
    %ix/load 3, 6, 0;
    %flag_set/imm 4, 0;
    %ix/load 4, 0, 0; Constant delay
    %assign/vec4/a/d v0x5638706e9220, 0, 4;
    %jmp T_3.162;
T_3.9 ;
    %load/vec4 v0x5638706e94b0_0;
    %ix/load 3, 7, 0;
    %flag_set/imm 4, 0;
    %ix/load 4, 0, 0; Constant delay
    %assign/vec4/a/d v0x5638706e9220, 0, 4;
    %jmp T_3.162;
T_3.10 ;
    %load/vec4 v0x5638706e94b0_0;
    %ix/load 3, 8, 0;
    %flag_set/imm 4, 0;
    %ix/load 4, 0, 0; Constant delay
    %assign/vec4/a/d v0x5638706e9220, 0, 4;
    %jmp T_3.162;
T_3.11 ;
    %load/vec4 v0x5638706e94b0_0;
    %ix/load 3, 9, 0;
    %flag_set/imm 4, 0;
    %ix/load 4, 0, 0; Constant delay
    %assign/vec4/a/d v0x5638706e9220, 0, 4;
    %jmp T_3.162;
T_3.12 ;
    %load/vec4 v0x5638706e94b0_0;
    %ix/load 3, 10, 0;
    %flag_set/imm 4, 0;
    %ix/load 4, 0, 0; Constant delay
    %assign/vec4/a/d v0x5638706e9220, 0, 4;
    %jmp T_3.162;
T_3.13 ;
    %load/vec4 v0x5638706e94b0_0;
    %ix/load 3, 11, 0;
    %flag_set/imm 4, 0;
    %ix/load 4, 0, 0; Constant delay
    %assign/vec4/a/d v0x5638706e9220, 0, 4;
    %jmp T_3.162;
T_3.14 ;
    %load/vec4 v0x5638706e94b0_0;
    %ix/load 3, 12, 0;
    %flag_set/imm 4, 0;
    %ix/load 4, 0, 0; Constant delay
    %assign/vec4/a/d v0x5638706e9220, 0, 4;
    %jmp T_3.162;
T_3.15 ;
    %load/vec4 v0x5638706e94b0_0;
    %ix/load 3, 13, 0;
    %flag_set/imm 4, 0;
    %ix/load 4, 0, 0; Constant delay
    %assign/vec4/a/d v0x5638706e9220, 0, 4;
    %jmp T_3.162;
T_3.16 ;
    %load/vec4 v0x5638706e94b0_0;
    %ix/load 3, 14, 0;
    %flag_set/imm 4, 0;
    %ix/load 4, 0, 0; Constant delay
    %assign/vec4/a/d v0x5638706e9220, 0, 4;
    %jmp T_3.162;
T_3.17 ;
    %load/vec4 v0x5638706e94b0_0;
    %ix/load 3, 15, 0;
    %flag_set/imm 4, 0;
    %ix/load 4, 0, 0; Constant delay
    %assign/vec4/a/d v0x5638706e9220, 0, 4;
    %jmp T_3.162;
T_3.18 ;
    %load/vec4 v0x5638706e94b0_0;
    %ix/load 3, 16, 0;
    %flag_set/imm 4, 0;
    %ix/load 4, 0, 0; Constant delay
    %assign/vec4/a/d v0x5638706e9220, 0, 4;
    %jmp T_3.162;
T_3.19 ;
    %load/vec4 v0x5638706e94b0_0;
    %ix/load 3, 17, 0;
    %flag_set/imm 4, 0;
    %ix/load 4, 0, 0; Constant delay
    %assign/vec4/a/d v0x5638706e9220, 0, 4;
    %jmp T_3.162;
T_3.20 ;
    %load/vec4 v0x5638706e94b0_0;
    %ix/load 3, 18, 0;
    %flag_set/imm 4, 0;
    %ix/load 4, 0, 0; Constant delay
    %assign/vec4/a/d v0x5638706e9220, 0, 4;
    %jmp T_3.162;
T_3.21 ;
    %load/vec4 v0x5638706e94b0_0;
    %ix/load 3, 19, 0;
    %flag_set/imm 4, 0;
    %ix/load 4, 0, 0; Constant delay
    %assign/vec4/a/d v0x5638706e9220, 0, 4;
    %jmp T_3.162;
T_3.22 ;
    %load/vec4 v0x5638706e94b0_0;
    %ix/load 3, 20, 0;
    %flag_set/imm 4, 0;
    %ix/load 4, 0, 0; Constant delay
    %assign/vec4/a/d v0x5638706e9220, 0, 4;
    %jmp T_3.162;
T_3.23 ;
    %load/vec4 v0x5638706e94b0_0;
    %ix/load 3, 21, 0;
    %flag_set/imm 4, 0;
    %ix/load 4, 0, 0; Constant delay
    %assign/vec4/a/d v0x5638706e9220, 0, 4;
    %jmp T_3.162;
T_3.24 ;
    %load/vec4 v0x5638706e94b0_0;
    %ix/load 3, 22, 0;
    %flag_set/imm 4, 0;
    %ix/load 4, 0, 0; Constant delay
    %assign/vec4/a/d v0x5638706e9220, 0, 4;
    %jmp T_3.162;
T_3.25 ;
    %load/vec4 v0x5638706e94b0_0;
    %ix/load 3, 23, 0;
    %flag_set/imm 4, 0;
    %ix/load 4, 0, 0; Constant delay
    %assign/vec4/a/d v0x5638706e9220, 0, 4;
    %jmp T_3.162;
T_3.26 ;
    %load/vec4 v0x5638706e94b0_0;
    %ix/load 3, 24, 0;
    %flag_set/imm 4, 0;
    %ix/load 4, 0, 0; Constant delay
    %assign/vec4/a/d v0x5638706e9220, 0, 4;
    %jmp T_3.162;
T_3.27 ;
    %load/vec4 v0x5638706e94b0_0;
    %ix/load 3, 25, 0;
    %flag_set/imm 4, 0;
    %ix/load 4, 0, 0; Constant delay
    %assign/vec4/a/d v0x5638706e9220, 0, 4;
    %jmp T_3.162;
T_3.28 ;
    %load/vec4 v0x5638706e94b0_0;
    %ix/load 3, 26, 0;
    %flag_set/imm 4, 0;
    %ix/load 4, 0, 0; Constant delay
    %assign/vec4/a/d v0x5638706e9220, 0, 4;
    %jmp T_3.162;
T_3.29 ;
    %load/vec4 v0x5638706e94b0_0;
    %ix/load 3, 27, 0;
    %flag_set/imm 4, 0;
    %ix/load 4, 0, 0; Constant delay
    %assign/vec4/a/d v0x5638706e9220, 0, 4;
    %jmp T_3.162;
T_3.30 ;
    %load/vec4 v0x5638706e94b0_0;
    %ix/load 3, 28, 0;
    %flag_set/imm 4, 0;
    %ix/load 4, 0, 0; Constant delay
    %assign/vec4/a/d v0x5638706e9220, 0, 4;
    %jmp T_3.162;
T_3.31 ;
    %load/vec4 v0x5638706e94b0_0;
    %ix/load 3, 29, 0;
    %flag_set/imm 4, 0;
    %ix/load 4, 0, 0; Constant delay
    %assign/vec4/a/d v0x5638706e9220, 0, 4;
    %jmp T_3.162;
T_3.32 ;
    %load/vec4 v0x5638706e94b0_0;
    %ix/load 3, 30, 0;
    %flag_set/imm 4, 0;
    %ix/load 4, 0, 0; Constant delay
    %assign/vec4/a/d v0x5638706e9220, 0, 4;
    %jmp T_3.162;
T_3.33 ;
    %load/vec4 v0x5638706e94b0_0;
    %ix/load 3, 31, 0;
    %flag_set/imm 4, 0;
    %ix/load 4, 0, 0; Constant delay
    %assign/vec4/a/d v0x5638706e9220, 0, 4;
    %jmp T_3.162;
T_3.34 ;
    %load/vec4 v0x5638706e94b0_0;
    %ix/load 3, 32, 0;
    %flag_set/imm 4, 0;
    %ix/load 4, 0, 0; Constant delay
    %assign/vec4/a/d v0x5638706e9220, 0, 4;
    %jmp T_3.162;
T_3.35 ;
    %load/vec4 v0x5638706e94b0_0;
    %ix/load 3, 33, 0;
    %flag_set/imm 4, 0;
    %ix/load 4, 0, 0; Constant delay
    %assign/vec4/a/d v0x5638706e9220, 0, 4;
    %jmp T_3.162;
T_3.36 ;
    %load/vec4 v0x5638706e94b0_0;
    %ix/load 3, 34, 0;
    %flag_set/imm 4, 0;
    %ix/load 4, 0, 0; Constant delay
    %assign/vec4/a/d v0x5638706e9220, 0, 4;
    %jmp T_3.162;
T_3.37 ;
    %load/vec4 v0x5638706e94b0_0;
    %ix/load 3, 35, 0;
    %flag_set/imm 4, 0;
    %ix/load 4, 0, 0; Constant delay
    %assign/vec4/a/d v0x5638706e9220, 0, 4;
    %jmp T_3.162;
T_3.38 ;
    %load/vec4 v0x5638706e94b0_0;
    %ix/load 3, 36, 0;
    %flag_set/imm 4, 0;
    %ix/load 4, 0, 0; Constant delay
    %assign/vec4/a/d v0x5638706e9220, 0, 4;
    %jmp T_3.162;
T_3.39 ;
    %load/vec4 v0x5638706e94b0_0;
    %ix/load 3, 37, 0;
    %flag_set/imm 4, 0;
    %ix/load 4, 0, 0; Constant delay
    %assign/vec4/a/d v0x5638706e9220, 0, 4;
    %jmp T_3.162;
T_3.40 ;
    %load/vec4 v0x5638706e94b0_0;
    %ix/load 3, 38, 0;
    %flag_set/imm 4, 0;
    %ix/load 4, 0, 0; Constant delay
    %assign/vec4/a/d v0x5638706e9220, 0, 4;
    %jmp T_3.162;
T_3.41 ;
    %load/vec4 v0x5638706e94b0_0;
    %ix/load 3, 39, 0;
    %flag_set/imm 4, 0;
    %ix/load 4, 0, 0; Constant delay
    %assign/vec4/a/d v0x5638706e9220, 0, 4;
    %jmp T_3.162;
T_3.42 ;
    %load/vec4 v0x5638706e94b0_0;
    %ix/load 3, 40, 0;
    %flag_set/imm 4, 0;
    %ix/load 4, 0, 0; Constant delay
    %assign/vec4/a/d v0x5638706e9220, 0, 4;
    %jmp T_3.162;
T_3.43 ;
    %load/vec4 v0x5638706e94b0_0;
    %ix/load 3, 41, 0;
    %flag_set/imm 4, 0;
    %ix/load 4, 0, 0; Constant delay
    %assign/vec4/a/d v0x5638706e9220, 0, 4;
    %jmp T_3.162;
T_3.44 ;
    %load/vec4 v0x5638706e94b0_0;
    %ix/load 3, 42, 0;
    %flag_set/imm 4, 0;
    %ix/load 4, 0, 0; Constant delay
    %assign/vec4/a/d v0x5638706e9220, 0, 4;
    %jmp T_3.162;
T_3.45 ;
    %load/vec4 v0x5638706e94b0_0;
    %ix/load 3, 43, 0;
    %flag_set/imm 4, 0;
    %ix/load 4, 0, 0; Constant delay
    %assign/vec4/a/d v0x5638706e9220, 0, 4;
    %jmp T_3.162;
T_3.46 ;
    %load/vec4 v0x5638706e94b0_0;
    %ix/load 3, 44, 0;
    %flag_set/imm 4, 0;
    %ix/load 4, 0, 0; Constant delay
    %assign/vec4/a/d v0x5638706e9220, 0, 4;
    %jmp T_3.162;
T_3.47 ;
    %load/vec4 v0x5638706e94b0_0;
    %ix/load 3, 45, 0;
    %flag_set/imm 4, 0;
    %ix/load 4, 0, 0; Constant delay
    %assign/vec4/a/d v0x5638706e9220, 0, 4;
    %jmp T_3.162;
T_3.48 ;
    %load/vec4 v0x5638706e94b0_0;
    %ix/load 3, 46, 0;
    %flag_set/imm 4, 0;
    %ix/load 4, 0, 0; Constant delay
    %assign/vec4/a/d v0x5638706e9220, 0, 4;
    %jmp T_3.162;
T_3.49 ;
    %load/vec4 v0x5638706e94b0_0;
    %ix/load 3, 47, 0;
    %flag_set/imm 4, 0;
    %ix/load 4, 0, 0; Constant delay
    %assign/vec4/a/d v0x5638706e9220, 0, 4;
    %jmp T_3.162;
T_3.50 ;
    %load/vec4 v0x5638706e94b0_0;
    %ix/load 3, 48, 0;
    %flag_set/imm 4, 0;
    %ix/load 4, 0, 0; Constant delay
    %assign/vec4/a/d v0x5638706e9220, 0, 4;
    %jmp T_3.162;
T_3.51 ;
    %load/vec4 v0x5638706e94b0_0;
    %ix/load 3, 49, 0;
    %flag_set/imm 4, 0;
    %ix/load 4, 0, 0; Constant delay
    %assign/vec4/a/d v0x5638706e9220, 0, 4;
    %jmp T_3.162;
T_3.52 ;
    %load/vec4 v0x5638706e94b0_0;
    %ix/load 3, 50, 0;
    %flag_set/imm 4, 0;
    %ix/load 4, 0, 0; Constant delay
    %assign/vec4/a/d v0x5638706e9220, 0, 4;
    %jmp T_3.162;
T_3.53 ;
    %load/vec4 v0x5638706e94b0_0;
    %ix/load 3, 51, 0;
    %flag_set/imm 4, 0;
    %ix/load 4, 0, 0; Constant delay
    %assign/vec4/a/d v0x5638706e9220, 0, 4;
    %jmp T_3.162;
T_3.54 ;
    %load/vec4 v0x5638706e94b0_0;
    %ix/load 3, 52, 0;
    %flag_set/imm 4, 0;
    %ix/load 4, 0, 0; Constant delay
    %assign/vec4/a/d v0x5638706e9220, 0, 4;
    %jmp T_3.162;
T_3.55 ;
    %load/vec4 v0x5638706e94b0_0;
    %ix/load 3, 53, 0;
    %flag_set/imm 4, 0;
    %ix/load 4, 0, 0; Constant delay
    %assign/vec4/a/d v0x5638706e9220, 0, 4;
    %jmp T_3.162;
T_3.56 ;
    %load/vec4 v0x5638706e94b0_0;
    %ix/load 3, 54, 0;
    %flag_set/imm 4, 0;
    %ix/load 4, 0, 0; Constant delay
    %assign/vec4/a/d v0x5638706e9220, 0, 4;
    %jmp T_3.162;
T_3.57 ;
    %load/vec4 v0x5638706e94b0_0;
    %ix/load 3, 55, 0;
    %flag_set/imm 4, 0;
    %ix/load 4, 0, 0; Constant delay
    %assign/vec4/a/d v0x5638706e9220, 0, 4;
    %jmp T_3.162;
T_3.58 ;
    %load/vec4 v0x5638706e94b0_0;
    %ix/load 3, 56, 0;
    %flag_set/imm 4, 0;
    %ix/load 4, 0, 0; Constant delay
    %assign/vec4/a/d v0x5638706e9220, 0, 4;
    %jmp T_3.162;
T_3.59 ;
    %load/vec4 v0x5638706e94b0_0;
    %ix/load 3, 57, 0;
    %flag_set/imm 4, 0;
    %ix/load 4, 0, 0; Constant delay
    %assign/vec4/a/d v0x5638706e9220, 0, 4;
    %jmp T_3.162;
T_3.60 ;
    %load/vec4 v0x5638706e94b0_0;
    %ix/load 3, 58, 0;
    %flag_set/imm 4, 0;
    %ix/load 4, 0, 0; Constant delay
    %assign/vec4/a/d v0x5638706e9220, 0, 4;
    %jmp T_3.162;
T_3.61 ;
    %load/vec4 v0x5638706e94b0_0;
    %ix/load 3, 59, 0;
    %flag_set/imm 4, 0;
    %ix/load 4, 0, 0; Constant delay
    %assign/vec4/a/d v0x5638706e9220, 0, 4;
    %jmp T_3.162;
T_3.62 ;
    %load/vec4 v0x5638706e94b0_0;
    %ix/load 3, 60, 0;
    %flag_set/imm 4, 0;
    %ix/load 4, 0, 0; Constant delay
    %assign/vec4/a/d v0x5638706e9220, 0, 4;
    %jmp T_3.162;
T_3.63 ;
    %load/vec4 v0x5638706e94b0_0;
    %ix/load 3, 61, 0;
    %flag_set/imm 4, 0;
    %ix/load 4, 0, 0; Constant delay
    %assign/vec4/a/d v0x5638706e9220, 0, 4;
    %jmp T_3.162;
T_3.64 ;
    %load/vec4 v0x5638706e94b0_0;
    %ix/load 3, 62, 0;
    %flag_set/imm 4, 0;
    %ix/load 4, 0, 0; Constant delay
    %assign/vec4/a/d v0x5638706e9220, 0, 4;
    %jmp T_3.162;
T_3.65 ;
    %load/vec4 v0x5638706e94b0_0;
    %ix/load 3, 63, 0;
    %flag_set/imm 4, 0;
    %ix/load 4, 0, 0; Constant delay
    %assign/vec4/a/d v0x5638706e9220, 0, 4;
    %jmp T_3.162;
T_3.66 ;
    %load/vec4 v0x5638706e94b0_0;
    %ix/load 3, 64, 0;
    %flag_set/imm 4, 0;
    %ix/load 4, 0, 0; Constant delay
    %assign/vec4/a/d v0x5638706e9220, 0, 4;
    %jmp T_3.162;
T_3.67 ;
    %load/vec4 v0x5638706e94b0_0;
    %ix/load 3, 65, 0;
    %flag_set/imm 4, 0;
    %ix/load 4, 0, 0; Constant delay
    %assign/vec4/a/d v0x5638706e9220, 0, 4;
    %jmp T_3.162;
T_3.68 ;
    %load/vec4 v0x5638706e94b0_0;
    %ix/load 3, 66, 0;
    %flag_set/imm 4, 0;
    %ix/load 4, 0, 0; Constant delay
    %assign/vec4/a/d v0x5638706e9220, 0, 4;
    %jmp T_3.162;
T_3.69 ;
    %load/vec4 v0x5638706e94b0_0;
    %ix/load 3, 67, 0;
    %flag_set/imm 4, 0;
    %ix/load 4, 0, 0; Constant delay
    %assign/vec4/a/d v0x5638706e9220, 0, 4;
    %jmp T_3.162;
T_3.70 ;
    %load/vec4 v0x5638706e94b0_0;
    %ix/load 3, 68, 0;
    %flag_set/imm 4, 0;
    %ix/load 4, 0, 0; Constant delay
    %assign/vec4/a/d v0x5638706e9220, 0, 4;
    %jmp T_3.162;
T_3.71 ;
    %load/vec4 v0x5638706e94b0_0;
    %ix/load 3, 69, 0;
    %flag_set/imm 4, 0;
    %ix/load 4, 0, 0; Constant delay
    %assign/vec4/a/d v0x5638706e9220, 0, 4;
    %jmp T_3.162;
T_3.72 ;
    %load/vec4 v0x5638706e94b0_0;
    %ix/load 3, 70, 0;
    %flag_set/imm 4, 0;
    %ix/load 4, 0, 0; Constant delay
    %assign/vec4/a/d v0x5638706e9220, 0, 4;
    %jmp T_3.162;
T_3.73 ;
    %load/vec4 v0x5638706e94b0_0;
    %ix/load 3, 71, 0;
    %flag_set/imm 4, 0;
    %ix/load 4, 0, 0; Constant delay
    %assign/vec4/a/d v0x5638706e9220, 0, 4;
    %jmp T_3.162;
T_3.74 ;
    %load/vec4 v0x5638706e94b0_0;
    %ix/load 3, 72, 0;
    %flag_set/imm 4, 0;
    %ix/load 4, 0, 0; Constant delay
    %assign/vec4/a/d v0x5638706e9220, 0, 4;
    %jmp T_3.162;
T_3.75 ;
    %load/vec4 v0x5638706e94b0_0;
    %ix/load 3, 73, 0;
    %flag_set/imm 4, 0;
    %ix/load 4, 0, 0; Constant delay
    %assign/vec4/a/d v0x5638706e9220, 0, 4;
    %jmp T_3.162;
T_3.76 ;
    %load/vec4 v0x5638706e94b0_0;
    %ix/load 3, 74, 0;
    %flag_set/imm 4, 0;
    %ix/load 4, 0, 0; Constant delay
    %assign/vec4/a/d v0x5638706e9220, 0, 4;
    %jmp T_3.162;
T_3.77 ;
    %load/vec4 v0x5638706e94b0_0;
    %ix/load 3, 75, 0;
    %flag_set/imm 4, 0;
    %ix/load 4, 0, 0; Constant delay
    %assign/vec4/a/d v0x5638706e9220, 0, 4;
    %jmp T_3.162;
T_3.78 ;
    %load/vec4 v0x5638706e94b0_0;
    %ix/load 3, 76, 0;
    %flag_set/imm 4, 0;
    %ix/load 4, 0, 0; Constant delay
    %assign/vec4/a/d v0x5638706e9220, 0, 4;
    %jmp T_3.162;
T_3.79 ;
    %load/vec4 v0x5638706e94b0_0;
    %ix/load 3, 77, 0;
    %flag_set/imm 4, 0;
    %ix/load 4, 0, 0; Constant delay
    %assign/vec4/a/d v0x5638706e9220, 0, 4;
    %jmp T_3.162;
T_3.80 ;
    %load/vec4 v0x5638706e94b0_0;
    %ix/load 3, 78, 0;
    %flag_set/imm 4, 0;
    %ix/load 4, 0, 0; Constant delay
    %assign/vec4/a/d v0x5638706e9220, 0, 4;
    %jmp T_3.162;
T_3.81 ;
    %load/vec4 v0x5638706e94b0_0;
    %ix/load 3, 79, 0;
    %flag_set/imm 4, 0;
    %ix/load 4, 0, 0; Constant delay
    %assign/vec4/a/d v0x5638706e9220, 0, 4;
    %jmp T_3.162;
T_3.82 ;
    %load/vec4 v0x5638706e94b0_0;
    %ix/load 3, 80, 0;
    %flag_set/imm 4, 0;
    %ix/load 4, 0, 0; Constant delay
    %assign/vec4/a/d v0x5638706e9220, 0, 4;
    %jmp T_3.162;
T_3.83 ;
    %load/vec4 v0x5638706e94b0_0;
    %ix/load 3, 81, 0;
    %flag_set/imm 4, 0;
    %ix/load 4, 0, 0; Constant delay
    %assign/vec4/a/d v0x5638706e9220, 0, 4;
    %jmp T_3.162;
T_3.84 ;
    %load/vec4 v0x5638706e94b0_0;
    %ix/load 3, 82, 0;
    %flag_set/imm 4, 0;
    %ix/load 4, 0, 0; Constant delay
    %assign/vec4/a/d v0x5638706e9220, 0, 4;
    %jmp T_3.162;
T_3.85 ;
    %load/vec4 v0x5638706e94b0_0;
    %ix/load 3, 83, 0;
    %flag_set/imm 4, 0;
    %ix/load 4, 0, 0; Constant delay
    %assign/vec4/a/d v0x5638706e9220, 0, 4;
    %jmp T_3.162;
T_3.86 ;
    %load/vec4 v0x5638706e94b0_0;
    %ix/load 3, 84, 0;
    %flag_set/imm 4, 0;
    %ix/load 4, 0, 0; Constant delay
    %assign/vec4/a/d v0x5638706e9220, 0, 4;
    %jmp T_3.162;
T_3.87 ;
    %load/vec4 v0x5638706e94b0_0;
    %ix/load 3, 85, 0;
    %flag_set/imm 4, 0;
    %ix/load 4, 0, 0; Constant delay
    %assign/vec4/a/d v0x5638706e9220, 0, 4;
    %jmp T_3.162;
T_3.88 ;
    %load/vec4 v0x5638706e94b0_0;
    %ix/load 3, 86, 0;
    %flag_set/imm 4, 0;
    %ix/load 4, 0, 0; Constant delay
    %assign/vec4/a/d v0x5638706e9220, 0, 4;
    %jmp T_3.162;
T_3.89 ;
    %load/vec4 v0x5638706e94b0_0;
    %ix/load 3, 87, 0;
    %flag_set/imm 4, 0;
    %ix/load 4, 0, 0; Constant delay
    %assign/vec4/a/d v0x5638706e9220, 0, 4;
    %jmp T_3.162;
T_3.90 ;
    %load/vec4 v0x5638706e94b0_0;
    %ix/load 3, 88, 0;
    %flag_set/imm 4, 0;
    %ix/load 4, 0, 0; Constant delay
    %assign/vec4/a/d v0x5638706e9220, 0, 4;
    %jmp T_3.162;
T_3.91 ;
    %load/vec4 v0x5638706e94b0_0;
    %ix/load 3, 89, 0;
    %flag_set/imm 4, 0;
    %ix/load 4, 0, 0; Constant delay
    %assign/vec4/a/d v0x5638706e9220, 0, 4;
    %jmp T_3.162;
T_3.92 ;
    %load/vec4 v0x5638706e94b0_0;
    %ix/load 3, 90, 0;
    %flag_set/imm 4, 0;
    %ix/load 4, 0, 0; Constant delay
    %assign/vec4/a/d v0x5638706e9220, 0, 4;
    %jmp T_3.162;
T_3.93 ;
    %load/vec4 v0x5638706e94b0_0;
    %ix/load 3, 91, 0;
    %flag_set/imm 4, 0;
    %ix/load 4, 0, 0; Constant delay
    %assign/vec4/a/d v0x5638706e9220, 0, 4;
    %jmp T_3.162;
T_3.94 ;
    %load/vec4 v0x5638706e94b0_0;
    %ix/load 3, 92, 0;
    %flag_set/imm 4, 0;
    %ix/load 4, 0, 0; Constant delay
    %assign/vec4/a/d v0x5638706e9220, 0, 4;
    %jmp T_3.162;
T_3.95 ;
    %load/vec4 v0x5638706e94b0_0;
    %ix/load 3, 93, 0;
    %flag_set/imm 4, 0;
    %ix/load 4, 0, 0; Constant delay
    %assign/vec4/a/d v0x5638706e9220, 0, 4;
    %jmp T_3.162;
T_3.96 ;
    %load/vec4 v0x5638706e94b0_0;
    %ix/load 3, 94, 0;
    %flag_set/imm 4, 0;
    %ix/load 4, 0, 0; Constant delay
    %assign/vec4/a/d v0x5638706e9220, 0, 4;
    %jmp T_3.162;
T_3.97 ;
    %load/vec4 v0x5638706e94b0_0;
    %ix/load 3, 95, 0;
    %flag_set/imm 4, 0;
    %ix/load 4, 0, 0; Constant delay
    %assign/vec4/a/d v0x5638706e9220, 0, 4;
    %jmp T_3.162;
T_3.98 ;
    %load/vec4 v0x5638706e94b0_0;
    %ix/load 3, 96, 0;
    %flag_set/imm 4, 0;
    %ix/load 4, 0, 0; Constant delay
    %assign/vec4/a/d v0x5638706e9220, 0, 4;
    %jmp T_3.162;
T_3.99 ;
    %load/vec4 v0x5638706e94b0_0;
    %ix/load 3, 97, 0;
    %flag_set/imm 4, 0;
    %ix/load 4, 0, 0; Constant delay
    %assign/vec4/a/d v0x5638706e9220, 0, 4;
    %jmp T_3.162;
T_3.100 ;
    %load/vec4 v0x5638706e94b0_0;
    %ix/load 3, 98, 0;
    %flag_set/imm 4, 0;
    %ix/load 4, 0, 0; Constant delay
    %assign/vec4/a/d v0x5638706e9220, 0, 4;
    %jmp T_3.162;
T_3.101 ;
    %load/vec4 v0x5638706e94b0_0;
    %ix/load 3, 99, 0;
    %flag_set/imm 4, 0;
    %ix/load 4, 0, 0; Constant delay
    %assign/vec4/a/d v0x5638706e9220, 0, 4;
    %jmp T_3.162;
T_3.102 ;
    %load/vec4 v0x5638706e94b0_0;
    %ix/load 3, 100, 0;
    %flag_set/imm 4, 0;
    %ix/load 4, 0, 0; Constant delay
    %assign/vec4/a/d v0x5638706e9220, 0, 4;
    %jmp T_3.162;
T_3.103 ;
    %load/vec4 v0x5638706e94b0_0;
    %ix/load 3, 101, 0;
    %flag_set/imm 4, 0;
    %ix/load 4, 0, 0; Constant delay
    %assign/vec4/a/d v0x5638706e9220, 0, 4;
    %jmp T_3.162;
T_3.104 ;
    %load/vec4 v0x5638706e94b0_0;
    %ix/load 3, 102, 0;
    %flag_set/imm 4, 0;
    %ix/load 4, 0, 0; Constant delay
    %assign/vec4/a/d v0x5638706e9220, 0, 4;
    %jmp T_3.162;
T_3.105 ;
    %load/vec4 v0x5638706e94b0_0;
    %ix/load 3, 103, 0;
    %flag_set/imm 4, 0;
    %ix/load 4, 0, 0; Constant delay
    %assign/vec4/a/d v0x5638706e9220, 0, 4;
    %jmp T_3.162;
T_3.106 ;
    %load/vec4 v0x5638706e94b0_0;
    %ix/load 3, 104, 0;
    %flag_set/imm 4, 0;
    %ix/load 4, 0, 0; Constant delay
    %assign/vec4/a/d v0x5638706e9220, 0, 4;
    %jmp T_3.162;
T_3.107 ;
    %load/vec4 v0x5638706e94b0_0;
    %ix/load 3, 105, 0;
    %flag_set/imm 4, 0;
    %ix/load 4, 0, 0; Constant delay
    %assign/vec4/a/d v0x5638706e9220, 0, 4;
    %jmp T_3.162;
T_3.108 ;
    %load/vec4 v0x5638706e94b0_0;
    %ix/load 3, 106, 0;
    %flag_set/imm 4, 0;
    %ix/load 4, 0, 0; Constant delay
    %assign/vec4/a/d v0x5638706e9220, 0, 4;
    %jmp T_3.162;
T_3.109 ;
    %load/vec4 v0x5638706e94b0_0;
    %ix/load 3, 107, 0;
    %flag_set/imm 4, 0;
    %ix/load 4, 0, 0; Constant delay
    %assign/vec4/a/d v0x5638706e9220, 0, 4;
    %jmp T_3.162;
T_3.110 ;
    %load/vec4 v0x5638706e94b0_0;
    %ix/load 3, 108, 0;
    %flag_set/imm 4, 0;
    %ix/load 4, 0, 0; Constant delay
    %assign/vec4/a/d v0x5638706e9220, 0, 4;
    %jmp T_3.162;
T_3.111 ;
    %load/vec4 v0x5638706e94b0_0;
    %ix/load 3, 109, 0;
    %flag_set/imm 4, 0;
    %ix/load 4, 0, 0; Constant delay
    %assign/vec4/a/d v0x5638706e9220, 0, 4;
    %jmp T_3.162;
T_3.112 ;
    %load/vec4 v0x5638706e94b0_0;
    %ix/load 3, 110, 0;
    %flag_set/imm 4, 0;
    %ix/load 4, 0, 0; Constant delay
    %assign/vec4/a/d v0x5638706e9220, 0, 4;
    %jmp T_3.162;
T_3.113 ;
    %load/vec4 v0x5638706e94b0_0;
    %ix/load 3, 111, 0;
    %flag_set/imm 4, 0;
    %ix/load 4, 0, 0; Constant delay
    %assign/vec4/a/d v0x5638706e9220, 0, 4;
    %jmp T_3.162;
T_3.114 ;
    %load/vec4 v0x5638706e94b0_0;
    %ix/load 3, 112, 0;
    %flag_set/imm 4, 0;
    %ix/load 4, 0, 0; Constant delay
    %assign/vec4/a/d v0x5638706e9220, 0, 4;
    %jmp T_3.162;
T_3.115 ;
    %load/vec4 v0x5638706e94b0_0;
    %ix/load 3, 113, 0;
    %flag_set/imm 4, 0;
    %ix/load 4, 0, 0; Constant delay
    %assign/vec4/a/d v0x5638706e9220, 0, 4;
    %jmp T_3.162;
T_3.116 ;
    %load/vec4 v0x5638706e94b0_0;
    %ix/load 3, 114, 0;
    %flag_set/imm 4, 0;
    %ix/load 4, 0, 0; Constant delay
    %assign/vec4/a/d v0x5638706e9220, 0, 4;
    %jmp T_3.162;
T_3.117 ;
    %load/vec4 v0x5638706e94b0_0;
    %ix/load 3, 115, 0;
    %flag_set/imm 4, 0;
    %ix/load 4, 0, 0; Constant delay
    %assign/vec4/a/d v0x5638706e9220, 0, 4;
    %jmp T_3.162;
T_3.118 ;
    %load/vec4 v0x5638706e94b0_0;
    %ix/load 3, 116, 0;
    %flag_set/imm 4, 0;
    %ix/load 4, 0, 0; Constant delay
    %assign/vec4/a/d v0x5638706e9220, 0, 4;
    %jmp T_3.162;
T_3.119 ;
    %load/vec4 v0x5638706e94b0_0;
    %ix/load 3, 117, 0;
    %flag_set/imm 4, 0;
    %ix/load 4, 0, 0; Constant delay
    %assign/vec4/a/d v0x5638706e9220, 0, 4;
    %jmp T_3.162;
T_3.120 ;
    %load/vec4 v0x5638706e94b0_0;
    %ix/load 3, 118, 0;
    %flag_set/imm 4, 0;
    %ix/load 4, 0, 0; Constant delay
    %assign/vec4/a/d v0x5638706e9220, 0, 4;
    %jmp T_3.162;
T_3.121 ;
    %load/vec4 v0x5638706e94b0_0;
    %ix/load 3, 119, 0;
    %flag_set/imm 4, 0;
    %ix/load 4, 0, 0; Constant delay
    %assign/vec4/a/d v0x5638706e9220, 0, 4;
    %jmp T_3.162;
T_3.122 ;
    %load/vec4 v0x5638706e94b0_0;
    %ix/load 3, 120, 0;
    %flag_set/imm 4, 0;
    %ix/load 4, 0, 0; Constant delay
    %assign/vec4/a/d v0x5638706e9220, 0, 4;
    %jmp T_3.162;
T_3.123 ;
    %load/vec4 v0x5638706e94b0_0;
    %ix/load 3, 121, 0;
    %flag_set/imm 4, 0;
    %ix/load 4, 0, 0; Constant delay
    %assign/vec4/a/d v0x5638706e9220, 0, 4;
    %jmp T_3.162;
T_3.124 ;
    %load/vec4 v0x5638706e94b0_0;
    %ix/load 3, 122, 0;
    %flag_set/imm 4, 0;
    %ix/load 4, 0, 0; Constant delay
    %assign/vec4/a/d v0x5638706e9220, 0, 4;
    %jmp T_3.162;
T_3.125 ;
    %load/vec4 v0x5638706e94b0_0;
    %ix/load 3, 123, 0;
    %flag_set/imm 4, 0;
    %ix/load 4, 0, 0; Constant delay
    %assign/vec4/a/d v0x5638706e9220, 0, 4;
    %jmp T_3.162;
T_3.126 ;
    %load/vec4 v0x5638706e94b0_0;
    %ix/load 3, 124, 0;
    %flag_set/imm 4, 0;
    %ix/load 4, 0, 0; Constant delay
    %assign/vec4/a/d v0x5638706e9220, 0, 4;
    %jmp T_3.162;
T_3.127 ;
    %load/vec4 v0x5638706e94b0_0;
    %ix/load 3, 125, 0;
    %flag_set/imm 4, 0;
    %ix/load 4, 0, 0; Constant delay
    %assign/vec4/a/d v0x5638706e9220, 0, 4;
    %jmp T_3.162;
T_3.128 ;
    %load/vec4 v0x5638706e94b0_0;
    %ix/load 3, 126, 0;
    %flag_set/imm 4, 0;
    %ix/load 4, 0, 0; Constant delay
    %assign/vec4/a/d v0x5638706e9220, 0, 4;
    %jmp T_3.162;
T_3.129 ;
    %load/vec4 v0x5638706e94b0_0;
    %ix/load 3, 127, 0;
    %flag_set/imm 4, 0;
    %ix/load 4, 0, 0; Constant delay
    %assign/vec4/a/d v0x5638706e9220, 0, 4;
    %jmp T_3.162;
T_3.130 ;
    %load/vec4 v0x5638706e94b0_0;
    %ix/load 3, 128, 0;
    %flag_set/imm 4, 0;
    %ix/load 4, 0, 0; Constant delay
    %assign/vec4/a/d v0x5638706e9220, 0, 4;
    %jmp T_3.162;
T_3.131 ;
    %load/vec4 v0x5638706e94b0_0;
    %ix/load 3, 129, 0;
    %flag_set/imm 4, 0;
    %ix/load 4, 0, 0; Constant delay
    %assign/vec4/a/d v0x5638706e9220, 0, 4;
    %jmp T_3.162;
T_3.132 ;
    %load/vec4 v0x5638706e94b0_0;
    %ix/load 3, 130, 0;
    %flag_set/imm 4, 0;
    %ix/load 4, 0, 0; Constant delay
    %assign/vec4/a/d v0x5638706e9220, 0, 4;
    %jmp T_3.162;
T_3.133 ;
    %load/vec4 v0x5638706e94b0_0;
    %ix/load 3, 131, 0;
    %flag_set/imm 4, 0;
    %ix/load 4, 0, 0; Constant delay
    %assign/vec4/a/d v0x5638706e9220, 0, 4;
    %jmp T_3.162;
T_3.134 ;
    %load/vec4 v0x5638706e94b0_0;
    %ix/load 3, 132, 0;
    %flag_set/imm 4, 0;
    %ix/load 4, 0, 0; Constant delay
    %assign/vec4/a/d v0x5638706e9220, 0, 4;
    %jmp T_3.162;
T_3.135 ;
    %load/vec4 v0x5638706e94b0_0;
    %ix/load 3, 133, 0;
    %flag_set/imm 4, 0;
    %ix/load 4, 0, 0; Constant delay
    %assign/vec4/a/d v0x5638706e9220, 0, 4;
    %jmp T_3.162;
T_3.136 ;
    %load/vec4 v0x5638706e94b0_0;
    %ix/load 3, 134, 0;
    %flag_set/imm 4, 0;
    %ix/load 4, 0, 0; Constant delay
    %assign/vec4/a/d v0x5638706e9220, 0, 4;
    %jmp T_3.162;
T_3.137 ;
    %load/vec4 v0x5638706e94b0_0;
    %ix/load 3, 135, 0;
    %flag_set/imm 4, 0;
    %ix/load 4, 0, 0; Constant delay
    %assign/vec4/a/d v0x5638706e9220, 0, 4;
    %jmp T_3.162;
T_3.138 ;
    %load/vec4 v0x5638706e94b0_0;
    %ix/load 3, 136, 0;
    %flag_set/imm 4, 0;
    %ix/load 4, 0, 0; Constant delay
    %assign/vec4/a/d v0x5638706e9220, 0, 4;
    %jmp T_3.162;
T_3.139 ;
    %load/vec4 v0x5638706e94b0_0;
    %ix/load 3, 137, 0;
    %flag_set/imm 4, 0;
    %ix/load 4, 0, 0; Constant delay
    %assign/vec4/a/d v0x5638706e9220, 0, 4;
    %jmp T_3.162;
T_3.140 ;
    %load/vec4 v0x5638706e94b0_0;
    %ix/load 3, 138, 0;
    %flag_set/imm 4, 0;
    %ix/load 4, 0, 0; Constant delay
    %assign/vec4/a/d v0x5638706e9220, 0, 4;
    %jmp T_3.162;
T_3.141 ;
    %load/vec4 v0x5638706e94b0_0;
    %ix/load 3, 139, 0;
    %flag_set/imm 4, 0;
    %ix/load 4, 0, 0; Constant delay
    %assign/vec4/a/d v0x5638706e9220, 0, 4;
    %jmp T_3.162;
T_3.142 ;
    %load/vec4 v0x5638706e94b0_0;
    %ix/load 3, 140, 0;
    %flag_set/imm 4, 0;
    %ix/load 4, 0, 0; Constant delay
    %assign/vec4/a/d v0x5638706e9220, 0, 4;
    %jmp T_3.162;
T_3.143 ;
    %load/vec4 v0x5638706e94b0_0;
    %ix/load 3, 141, 0;
    %flag_set/imm 4, 0;
    %ix/load 4, 0, 0; Constant delay
    %assign/vec4/a/d v0x5638706e9220, 0, 4;
    %jmp T_3.162;
T_3.144 ;
    %load/vec4 v0x5638706e94b0_0;
    %ix/load 3, 142, 0;
    %flag_set/imm 4, 0;
    %ix/load 4, 0, 0; Constant delay
    %assign/vec4/a/d v0x5638706e9220, 0, 4;
    %jmp T_3.162;
T_3.145 ;
    %load/vec4 v0x5638706e94b0_0;
    %ix/load 3, 143, 0;
    %flag_set/imm 4, 0;
    %ix/load 4, 0, 0; Constant delay
    %assign/vec4/a/d v0x5638706e9220, 0, 4;
    %jmp T_3.162;
T_3.146 ;
    %load/vec4 v0x5638706e94b0_0;
    %ix/load 3, 144, 0;
    %flag_set/imm 4, 0;
    %ix/load 4, 0, 0; Constant delay
    %assign/vec4/a/d v0x5638706e9220, 0, 4;
    %jmp T_3.162;
T_3.147 ;
    %load/vec4 v0x5638706e94b0_0;
    %ix/load 3, 145, 0;
    %flag_set/imm 4, 0;
    %ix/load 4, 0, 0; Constant delay
    %assign/vec4/a/d v0x5638706e9220, 0, 4;
    %jmp T_3.162;
T_3.148 ;
    %load/vec4 v0x5638706e94b0_0;
    %ix/load 3, 146, 0;
    %flag_set/imm 4, 0;
    %ix/load 4, 0, 0; Constant delay
    %assign/vec4/a/d v0x5638706e9220, 0, 4;
    %jmp T_3.162;
T_3.149 ;
    %load/vec4 v0x5638706e94b0_0;
    %ix/load 3, 147, 0;
    %flag_set/imm 4, 0;
    %ix/load 4, 0, 0; Constant delay
    %assign/vec4/a/d v0x5638706e9220, 0, 4;
    %jmp T_3.162;
T_3.150 ;
    %load/vec4 v0x5638706e94b0_0;
    %ix/load 3, 148, 0;
    %flag_set/imm 4, 0;
    %ix/load 4, 0, 0; Constant delay
    %assign/vec4/a/d v0x5638706e9220, 0, 4;
    %jmp T_3.162;
T_3.151 ;
    %load/vec4 v0x5638706e94b0_0;
    %ix/load 3, 149, 0;
    %flag_set/imm 4, 0;
    %ix/load 4, 0, 0; Constant delay
    %assign/vec4/a/d v0x5638706e9220, 0, 4;
    %jmp T_3.162;
T_3.152 ;
    %load/vec4 v0x5638706e94b0_0;
    %ix/load 3, 150, 0;
    %flag_set/imm 4, 0;
    %ix/load 4, 0, 0; Constant delay
    %assign/vec4/a/d v0x5638706e9220, 0, 4;
    %jmp T_3.162;
T_3.153 ;
    %load/vec4 v0x5638706e94b0_0;
    %ix/load 3, 151, 0;
    %flag_set/imm 4, 0;
    %ix/load 4, 0, 0; Constant delay
    %assign/vec4/a/d v0x5638706e9220, 0, 4;
    %jmp T_3.162;
T_3.154 ;
    %load/vec4 v0x5638706e94b0_0;
    %ix/load 3, 152, 0;
    %flag_set/imm 4, 0;
    %ix/load 4, 0, 0; Constant delay
    %assign/vec4/a/d v0x5638706e9220, 0, 4;
    %jmp T_3.162;
T_3.155 ;
    %load/vec4 v0x5638706e94b0_0;
    %ix/load 3, 153, 0;
    %flag_set/imm 4, 0;
    %ix/load 4, 0, 0; Constant delay
    %assign/vec4/a/d v0x5638706e9220, 0, 4;
    %jmp T_3.162;
T_3.156 ;
    %load/vec4 v0x5638706e94b0_0;
    %ix/load 3, 154, 0;
    %flag_set/imm 4, 0;
    %ix/load 4, 0, 0; Constant delay
    %assign/vec4/a/d v0x5638706e9220, 0, 4;
    %jmp T_3.162;
T_3.157 ;
    %load/vec4 v0x5638706e94b0_0;
    %ix/load 3, 155, 0;
    %flag_set/imm 4, 0;
    %ix/load 4, 0, 0; Constant delay
    %assign/vec4/a/d v0x5638706e9220, 0, 4;
    %jmp T_3.162;
T_3.158 ;
    %load/vec4 v0x5638706e94b0_0;
    %ix/load 3, 156, 0;
    %flag_set/imm 4, 0;
    %ix/load 4, 0, 0; Constant delay
    %assign/vec4/a/d v0x5638706e9220, 0, 4;
    %jmp T_3.162;
T_3.159 ;
    %load/vec4 v0x5638706e94b0_0;
    %ix/load 3, 157, 0;
    %flag_set/imm 4, 0;
    %ix/load 4, 0, 0; Constant delay
    %assign/vec4/a/d v0x5638706e9220, 0, 4;
    %jmp T_3.162;
T_3.160 ;
    %load/vec4 v0x5638706e94b0_0;
    %ix/load 3, 158, 0;
    %flag_set/imm 4, 0;
    %ix/load 4, 0, 0; Constant delay
    %assign/vec4/a/d v0x5638706e9220, 0, 4;
    %jmp T_3.162;
T_3.161 ;
    %load/vec4 v0x5638706e94b0_0;
    %ix/load 3, 159, 0;
    %flag_set/imm 4, 0;
    %ix/load 4, 0, 0; Constant delay
    %assign/vec4/a/d v0x5638706e9220, 0, 4;
    %jmp T_3.162;
T_3.162 ;
    %pop/vec4 1;
T_3.0 ;
    %jmp T_3;
    .thread T_3;
    .scope S_0x563870658590;
T_4 ;
    %wait E_0x563870643b80;
    %load/vec4 v0x5638706ea6b0_0;
    %cmpi/e 3, 0, 3;
    %jmp/0xz  T_4.0, 4;
    %load/vec4 v0x5638706ea790_0;
    %dup/vec4;
    %pushi/vec4 0, 0, 8;
    %cmp/u;
    %jmp/1 T_4.2, 6;
    %dup/vec4;
    %pushi/vec4 1, 0, 8;
    %cmp/u;
    %jmp/1 T_4.3, 6;
    %dup/vec4;
    %pushi/vec4 2, 0, 8;
    %cmp/u;
    %jmp/1 T_4.4, 6;
    %dup/vec4;
    %pushi/vec4 3, 0, 8;
    %cmp/u;
    %jmp/1 T_4.5, 6;
    %dup/vec4;
    %pushi/vec4 4, 0, 8;
    %cmp/u;
    %jmp/1 T_4.6, 6;
    %dup/vec4;
    %pushi/vec4 5, 0, 8;
    %cmp/u;
    %jmp/1 T_4.7, 6;
    %dup/vec4;
    %pushi/vec4 6, 0, 8;
    %cmp/u;
    %jmp/1 T_4.8, 6;
    %dup/vec4;
    %pushi/vec4 7, 0, 8;
    %cmp/u;
    %jmp/1 T_4.9, 6;
    %dup/vec4;
    %pushi/vec4 8, 0, 8;
    %cmp/u;
    %jmp/1 T_4.10, 6;
    %dup/vec4;
    %pushi/vec4 9, 0, 8;
    %cmp/u;
    %jmp/1 T_4.11, 6;
    %jmp T_4.12;
T_4.2 ;
    %ix/load 4, 0, 0;
    %flag_set/imm 4, 0;
    %load/vec4a v0x5638706e9220, 4;
    %assign/vec4 v0x5638706c4ad0_0, 0;
    %ix/load 4, 1, 0;
    %flag_set/imm 4, 0;
    %load/vec4a v0x5638706e9220, 4;
    %assign/vec4 v0x563870626fb0_0, 0;
    %ix/load 4, 2, 0;
    %flag_set/imm 4, 0;
    %load/vec4a v0x5638706e9220, 4;
    %assign/vec4 v0x5638706e8b20_0, 0;
    %ix/load 4, 3, 0;
    %flag_set/imm 4, 0;
    %load/vec4a v0x5638706e9220, 4;
    %assign/vec4 v0x5638706e8c00_0, 0;
    %ix/load 4, 4, 0;
    %flag_set/imm 4, 0;
    %load/vec4a v0x5638706e9220, 4;
    %assign/vec4 v0x5638706e8ce0_0, 0;
    %ix/load 4, 5, 0;
    %flag_set/imm 4, 0;
    %load/vec4a v0x5638706e9220, 4;
    %assign/vec4 v0x5638706e8dc0_0, 0;
    %ix/load 4, 6, 0;
    %flag_set/imm 4, 0;
    %load/vec4a v0x5638706e9220, 4;
    %assign/vec4 v0x5638706e8ea0_0, 0;
    %ix/load 4, 7, 0;
    %flag_set/imm 4, 0;
    %load/vec4a v0x5638706e9220, 4;
    %assign/vec4 v0x5638706e8f80_0, 0;
    %ix/load 4, 8, 0;
    %flag_set/imm 4, 0;
    %load/vec4a v0x5638706e9220, 4;
    %assign/vec4 v0x5638706e9060_0, 0;
    %ix/load 4, 9, 0;
    %flag_set/imm 4, 0;
    %load/vec4a v0x5638706e9220, 4;
    %assign/vec4 v0x5638706e9140_0, 0;
    %ix/load 4, 10, 0;
    %flag_set/imm 4, 0;
    %load/vec4a v0x5638706e9220, 4;
    %assign/vec4 v0x563870627080_0, 0;
    %ix/load 4, 11, 0;
    %flag_set/imm 4, 0;
    %load/vec4a v0x5638706e9220, 4;
    %assign/vec4 v0x5638706293e0_0, 0;
    %ix/load 4, 12, 0;
    %flag_set/imm 4, 0;
    %load/vec4a v0x5638706e9220, 4;
    %assign/vec4 v0x563870629480_0, 0;
    %ix/load 4, 13, 0;
    %flag_set/imm 4, 0;
    %load/vec4a v0x5638706e9220, 4;
    %assign/vec4 v0x5638706b0120_0, 0;
    %ix/load 4, 14, 0;
    %flag_set/imm 4, 0;
    %load/vec4a v0x5638706e9220, 4;
    %assign/vec4 v0x5638706b01c0_0, 0;
    %ix/load 4, 15, 0;
    %flag_set/imm 4, 0;
    %load/vec4a v0x5638706e9220, 4;
    %assign/vec4 v0x5638706e8a40_0, 0;
    %jmp T_4.12;
T_4.3 ;
    %ix/load 4, 16, 0;
    %flag_set/imm 4, 0;
    %load/vec4a v0x5638706e9220, 4;
    %assign/vec4 v0x5638706c4ad0_0, 0;
    %ix/load 4, 17, 0;
    %flag_set/imm 4, 0;
    %load/vec4a v0x5638706e9220, 4;
    %assign/vec4 v0x563870626fb0_0, 0;
    %ix/load 4, 18, 0;
    %flag_set/imm 4, 0;
    %load/vec4a v0x5638706e9220, 4;
    %assign/vec4 v0x5638706e8b20_0, 0;
    %ix/load 4, 19, 0;
    %flag_set/imm 4, 0;
    %load/vec4a v0x5638706e9220, 4;
    %assign/vec4 v0x5638706e8c00_0, 0;
    %ix/load 4, 20, 0;
    %flag_set/imm 4, 0;
    %load/vec4a v0x5638706e9220, 4;
    %assign/vec4 v0x5638706e8ce0_0, 0;
    %ix/load 4, 21, 0;
    %flag_set/imm 4, 0;
    %load/vec4a v0x5638706e9220, 4;
    %assign/vec4 v0x5638706e8dc0_0, 0;
    %ix/load 4, 22, 0;
    %flag_set/imm 4, 0;
    %load/vec4a v0x5638706e9220, 4;
    %assign/vec4 v0x5638706e8ea0_0, 0;
    %ix/load 4, 23, 0;
    %flag_set/imm 4, 0;
    %load/vec4a v0x5638706e9220, 4;
    %assign/vec4 v0x5638706e8f80_0, 0;
    %ix/load 4, 24, 0;
    %flag_set/imm 4, 0;
    %load/vec4a v0x5638706e9220, 4;
    %assign/vec4 v0x5638706e9060_0, 0;
    %ix/load 4, 25, 0;
    %flag_set/imm 4, 0;
    %load/vec4a v0x5638706e9220, 4;
    %assign/vec4 v0x5638706e9140_0, 0;
    %ix/load 4, 26, 0;
    %flag_set/imm 4, 0;
    %load/vec4a v0x5638706e9220, 4;
    %assign/vec4 v0x563870627080_0, 0;
    %ix/load 4, 27, 0;
    %flag_set/imm 4, 0;
    %load/vec4a v0x5638706e9220, 4;
    %assign/vec4 v0x5638706293e0_0, 0;
    %ix/load 4, 28, 0;
    %flag_set/imm 4, 0;
    %load/vec4a v0x5638706e9220, 4;
    %assign/vec4 v0x563870629480_0, 0;
    %ix/load 4, 29, 0;
    %flag_set/imm 4, 0;
    %load/vec4a v0x5638706e9220, 4;
    %assign/vec4 v0x5638706b0120_0, 0;
    %ix/load 4, 30, 0;
    %flag_set/imm 4, 0;
    %load/vec4a v0x5638706e9220, 4;
    %assign/vec4 v0x5638706b01c0_0, 0;
    %ix/load 4, 31, 0;
    %flag_set/imm 4, 0;
    %load/vec4a v0x5638706e9220, 4;
    %assign/vec4 v0x5638706e8a40_0, 0;
    %jmp T_4.12;
T_4.4 ;
    %ix/load 4, 32, 0;
    %flag_set/imm 4, 0;
    %load/vec4a v0x5638706e9220, 4;
    %assign/vec4 v0x5638706c4ad0_0, 0;
    %ix/load 4, 33, 0;
    %flag_set/imm 4, 0;
    %load/vec4a v0x5638706e9220, 4;
    %assign/vec4 v0x563870626fb0_0, 0;
    %ix/load 4, 34, 0;
    %flag_set/imm 4, 0;
    %load/vec4a v0x5638706e9220, 4;
    %assign/vec4 v0x5638706e8b20_0, 0;
    %ix/load 4, 35, 0;
    %flag_set/imm 4, 0;
    %load/vec4a v0x5638706e9220, 4;
    %assign/vec4 v0x5638706e8c00_0, 0;
    %ix/load 4, 36, 0;
    %flag_set/imm 4, 0;
    %load/vec4a v0x5638706e9220, 4;
    %assign/vec4 v0x5638706e8ce0_0, 0;
    %ix/load 4, 37, 0;
    %flag_set/imm 4, 0;
    %load/vec4a v0x5638706e9220, 4;
    %assign/vec4 v0x5638706e8dc0_0, 0;
    %ix/load 4, 38, 0;
    %flag_set/imm 4, 0;
    %load/vec4a v0x5638706e9220, 4;
    %assign/vec4 v0x5638706e8ea0_0, 0;
    %ix/load 4, 39, 0;
    %flag_set/imm 4, 0;
    %load/vec4a v0x5638706e9220, 4;
    %assign/vec4 v0x5638706e8f80_0, 0;
    %ix/load 4, 40, 0;
    %flag_set/imm 4, 0;
    %load/vec4a v0x5638706e9220, 4;
    %assign/vec4 v0x5638706e9060_0, 0;
    %ix/load 4, 41, 0;
    %flag_set/imm 4, 0;
    %load/vec4a v0x5638706e9220, 4;
    %assign/vec4 v0x5638706e9140_0, 0;
    %ix/load 4, 42, 0;
    %flag_set/imm 4, 0;
    %load/vec4a v0x5638706e9220, 4;
    %assign/vec4 v0x563870627080_0, 0;
    %ix/load 4, 43, 0;
    %flag_set/imm 4, 0;
    %load/vec4a v0x5638706e9220, 4;
    %assign/vec4 v0x5638706293e0_0, 0;
    %ix/load 4, 44, 0;
    %flag_set/imm 4, 0;
    %load/vec4a v0x5638706e9220, 4;
    %assign/vec4 v0x563870629480_0, 0;
    %ix/load 4, 45, 0;
    %flag_set/imm 4, 0;
    %load/vec4a v0x5638706e9220, 4;
    %assign/vec4 v0x5638706b0120_0, 0;
    %ix/load 4, 46, 0;
    %flag_set/imm 4, 0;
    %load/vec4a v0x5638706e9220, 4;
    %assign/vec4 v0x5638706b01c0_0, 0;
    %ix/load 4, 47, 0;
    %flag_set/imm 4, 0;
    %load/vec4a v0x5638706e9220, 4;
    %assign/vec4 v0x5638706e8a40_0, 0;
    %jmp T_4.12;
T_4.5 ;
    %ix/load 4, 48, 0;
    %flag_set/imm 4, 0;
    %load/vec4a v0x5638706e9220, 4;
    %assign/vec4 v0x5638706c4ad0_0, 0;
    %ix/load 4, 49, 0;
    %flag_set/imm 4, 0;
    %load/vec4a v0x5638706e9220, 4;
    %assign/vec4 v0x563870626fb0_0, 0;
    %ix/load 4, 50, 0;
    %flag_set/imm 4, 0;
    %load/vec4a v0x5638706e9220, 4;
    %assign/vec4 v0x5638706e8b20_0, 0;
    %ix/load 4, 51, 0;
    %flag_set/imm 4, 0;
    %load/vec4a v0x5638706e9220, 4;
    %assign/vec4 v0x5638706e8c00_0, 0;
    %ix/load 4, 52, 0;
    %flag_set/imm 4, 0;
    %load/vec4a v0x5638706e9220, 4;
    %assign/vec4 v0x5638706e8ce0_0, 0;
    %ix/load 4, 53, 0;
    %flag_set/imm 4, 0;
    %load/vec4a v0x5638706e9220, 4;
    %assign/vec4 v0x5638706e8dc0_0, 0;
    %ix/load 4, 54, 0;
    %flag_set/imm 4, 0;
    %load/vec4a v0x5638706e9220, 4;
    %assign/vec4 v0x5638706e8ea0_0, 0;
    %ix/load 4, 55, 0;
    %flag_set/imm 4, 0;
    %load/vec4a v0x5638706e9220, 4;
    %assign/vec4 v0x5638706e8f80_0, 0;
    %ix/load 4, 56, 0;
    %flag_set/imm 4, 0;
    %load/vec4a v0x5638706e9220, 4;
    %assign/vec4 v0x5638706e9060_0, 0;
    %ix/load 4, 57, 0;
    %flag_set/imm 4, 0;
    %load/vec4a v0x5638706e9220, 4;
    %assign/vec4 v0x5638706e9140_0, 0;
    %ix/load 4, 58, 0;
    %flag_set/imm 4, 0;
    %load/vec4a v0x5638706e9220, 4;
    %assign/vec4 v0x563870627080_0, 0;
    %ix/load 4, 59, 0;
    %flag_set/imm 4, 0;
    %load/vec4a v0x5638706e9220, 4;
    %assign/vec4 v0x5638706293e0_0, 0;
    %ix/load 4, 60, 0;
    %flag_set/imm 4, 0;
    %load/vec4a v0x5638706e9220, 4;
    %assign/vec4 v0x563870629480_0, 0;
    %ix/load 4, 61, 0;
    %flag_set/imm 4, 0;
    %load/vec4a v0x5638706e9220, 4;
    %assign/vec4 v0x5638706b0120_0, 0;
    %ix/load 4, 62, 0;
    %flag_set/imm 4, 0;
    %load/vec4a v0x5638706e9220, 4;
    %assign/vec4 v0x5638706b01c0_0, 0;
    %ix/load 4, 63, 0;
    %flag_set/imm 4, 0;
    %load/vec4a v0x5638706e9220, 4;
    %assign/vec4 v0x5638706e8a40_0, 0;
    %jmp T_4.12;
T_4.6 ;
    %ix/load 4, 64, 0;
    %flag_set/imm 4, 0;
    %load/vec4a v0x5638706e9220, 4;
    %assign/vec4 v0x5638706c4ad0_0, 0;
    %ix/load 4, 65, 0;
    %flag_set/imm 4, 0;
    %load/vec4a v0x5638706e9220, 4;
    %assign/vec4 v0x563870626fb0_0, 0;
    %ix/load 4, 66, 0;
    %flag_set/imm 4, 0;
    %load/vec4a v0x5638706e9220, 4;
    %assign/vec4 v0x5638706e8b20_0, 0;
    %ix/load 4, 67, 0;
    %flag_set/imm 4, 0;
    %load/vec4a v0x5638706e9220, 4;
    %assign/vec4 v0x5638706e8c00_0, 0;
    %ix/load 4, 68, 0;
    %flag_set/imm 4, 0;
    %load/vec4a v0x5638706e9220, 4;
    %assign/vec4 v0x5638706e8ce0_0, 0;
    %ix/load 4, 69, 0;
    %flag_set/imm 4, 0;
    %load/vec4a v0x5638706e9220, 4;
    %assign/vec4 v0x5638706e8dc0_0, 0;
    %ix/load 4, 70, 0;
    %flag_set/imm 4, 0;
    %load/vec4a v0x5638706e9220, 4;
    %assign/vec4 v0x5638706e8ea0_0, 0;
    %ix/load 4, 71, 0;
    %flag_set/imm 4, 0;
    %load/vec4a v0x5638706e9220, 4;
    %assign/vec4 v0x5638706e8f80_0, 0;
    %ix/load 4, 72, 0;
    %flag_set/imm 4, 0;
    %load/vec4a v0x5638706e9220, 4;
    %assign/vec4 v0x5638706e9060_0, 0;
    %ix/load 4, 73, 0;
    %flag_set/imm 4, 0;
    %load/vec4a v0x5638706e9220, 4;
    %assign/vec4 v0x5638706e9140_0, 0;
    %ix/load 4, 74, 0;
    %flag_set/imm 4, 0;
    %load/vec4a v0x5638706e9220, 4;
    %assign/vec4 v0x563870627080_0, 0;
    %ix/load 4, 75, 0;
    %flag_set/imm 4, 0;
    %load/vec4a v0x5638706e9220, 4;
    %assign/vec4 v0x5638706293e0_0, 0;
    %ix/load 4, 76, 0;
    %flag_set/imm 4, 0;
    %load/vec4a v0x5638706e9220, 4;
    %assign/vec4 v0x563870629480_0, 0;
    %ix/load 4, 77, 0;
    %flag_set/imm 4, 0;
    %load/vec4a v0x5638706e9220, 4;
    %assign/vec4 v0x5638706b0120_0, 0;
    %ix/load 4, 78, 0;
    %flag_set/imm 4, 0;
    %load/vec4a v0x5638706e9220, 4;
    %assign/vec4 v0x5638706b01c0_0, 0;
    %ix/load 4, 79, 0;
    %flag_set/imm 4, 0;
    %load/vec4a v0x5638706e9220, 4;
    %assign/vec4 v0x5638706e8a40_0, 0;
    %jmp T_4.12;
T_4.7 ;
    %ix/load 4, 80, 0;
    %flag_set/imm 4, 0;
    %load/vec4a v0x5638706e9220, 4;
    %assign/vec4 v0x5638706c4ad0_0, 0;
    %ix/load 4, 81, 0;
    %flag_set/imm 4, 0;
    %load/vec4a v0x5638706e9220, 4;
    %assign/vec4 v0x563870626fb0_0, 0;
    %ix/load 4, 82, 0;
    %flag_set/imm 4, 0;
    %load/vec4a v0x5638706e9220, 4;
    %assign/vec4 v0x5638706e8b20_0, 0;
    %ix/load 4, 83, 0;
    %flag_set/imm 4, 0;
    %load/vec4a v0x5638706e9220, 4;
    %assign/vec4 v0x5638706e8c00_0, 0;
    %ix/load 4, 84, 0;
    %flag_set/imm 4, 0;
    %load/vec4a v0x5638706e9220, 4;
    %assign/vec4 v0x5638706e8ce0_0, 0;
    %ix/load 4, 85, 0;
    %flag_set/imm 4, 0;
    %load/vec4a v0x5638706e9220, 4;
    %assign/vec4 v0x5638706e8dc0_0, 0;
    %ix/load 4, 86, 0;
    %flag_set/imm 4, 0;
    %load/vec4a v0x5638706e9220, 4;
    %assign/vec4 v0x5638706e8ea0_0, 0;
    %ix/load 4, 87, 0;
    %flag_set/imm 4, 0;
    %load/vec4a v0x5638706e9220, 4;
    %assign/vec4 v0x5638706e8f80_0, 0;
    %ix/load 4, 88, 0;
    %flag_set/imm 4, 0;
    %load/vec4a v0x5638706e9220, 4;
    %assign/vec4 v0x5638706e9060_0, 0;
    %ix/load 4, 89, 0;
    %flag_set/imm 4, 0;
    %load/vec4a v0x5638706e9220, 4;
    %assign/vec4 v0x5638706e9140_0, 0;
    %ix/load 4, 90, 0;
    %flag_set/imm 4, 0;
    %load/vec4a v0x5638706e9220, 4;
    %assign/vec4 v0x563870627080_0, 0;
    %ix/load 4, 91, 0;
    %flag_set/imm 4, 0;
    %load/vec4a v0x5638706e9220, 4;
    %assign/vec4 v0x5638706293e0_0, 0;
    %ix/load 4, 92, 0;
    %flag_set/imm 4, 0;
    %load/vec4a v0x5638706e9220, 4;
    %assign/vec4 v0x563870629480_0, 0;
    %ix/load 4, 93, 0;
    %flag_set/imm 4, 0;
    %load/vec4a v0x5638706e9220, 4;
    %assign/vec4 v0x5638706b0120_0, 0;
    %ix/load 4, 94, 0;
    %flag_set/imm 4, 0;
    %load/vec4a v0x5638706e9220, 4;
    %assign/vec4 v0x5638706b01c0_0, 0;
    %ix/load 4, 95, 0;
    %flag_set/imm 4, 0;
    %load/vec4a v0x5638706e9220, 4;
    %assign/vec4 v0x5638706e8a40_0, 0;
    %jmp T_4.12;
T_4.8 ;
    %ix/load 4, 96, 0;
    %flag_set/imm 4, 0;
    %load/vec4a v0x5638706e9220, 4;
    %assign/vec4 v0x5638706c4ad0_0, 0;
    %ix/load 4, 97, 0;
    %flag_set/imm 4, 0;
    %load/vec4a v0x5638706e9220, 4;
    %assign/vec4 v0x563870626fb0_0, 0;
    %ix/load 4, 98, 0;
    %flag_set/imm 4, 0;
    %load/vec4a v0x5638706e9220, 4;
    %assign/vec4 v0x5638706e8b20_0, 0;
    %ix/load 4, 99, 0;
    %flag_set/imm 4, 0;
    %load/vec4a v0x5638706e9220, 4;
    %assign/vec4 v0x5638706e8c00_0, 0;
    %ix/load 4, 100, 0;
    %flag_set/imm 4, 0;
    %load/vec4a v0x5638706e9220, 4;
    %assign/vec4 v0x5638706e8ce0_0, 0;
    %ix/load 4, 101, 0;
    %flag_set/imm 4, 0;
    %load/vec4a v0x5638706e9220, 4;
    %assign/vec4 v0x5638706e8dc0_0, 0;
    %ix/load 4, 102, 0;
    %flag_set/imm 4, 0;
    %load/vec4a v0x5638706e9220, 4;
    %assign/vec4 v0x5638706e8ea0_0, 0;
    %ix/load 4, 103, 0;
    %flag_set/imm 4, 0;
    %load/vec4a v0x5638706e9220, 4;
    %assign/vec4 v0x5638706e8f80_0, 0;
    %ix/load 4, 104, 0;
    %flag_set/imm 4, 0;
    %load/vec4a v0x5638706e9220, 4;
    %assign/vec4 v0x5638706e9060_0, 0;
    %ix/load 4, 105, 0;
    %flag_set/imm 4, 0;
    %load/vec4a v0x5638706e9220, 4;
    %assign/vec4 v0x5638706e9140_0, 0;
    %ix/load 4, 106, 0;
    %flag_set/imm 4, 0;
    %load/vec4a v0x5638706e9220, 4;
    %assign/vec4 v0x563870627080_0, 0;
    %ix/load 4, 107, 0;
    %flag_set/imm 4, 0;
    %load/vec4a v0x5638706e9220, 4;
    %assign/vec4 v0x5638706293e0_0, 0;
    %ix/load 4, 108, 0;
    %flag_set/imm 4, 0;
    %load/vec4a v0x5638706e9220, 4;
    %assign/vec4 v0x563870629480_0, 0;
    %ix/load 4, 109, 0;
    %flag_set/imm 4, 0;
    %load/vec4a v0x5638706e9220, 4;
    %assign/vec4 v0x5638706b0120_0, 0;
    %ix/load 4, 110, 0;
    %flag_set/imm 4, 0;
    %load/vec4a v0x5638706e9220, 4;
    %assign/vec4 v0x5638706b01c0_0, 0;
    %ix/load 4, 111, 0;
    %flag_set/imm 4, 0;
    %load/vec4a v0x5638706e9220, 4;
    %assign/vec4 v0x5638706e8a40_0, 0;
    %jmp T_4.12;
T_4.9 ;
    %ix/load 4, 112, 0;
    %flag_set/imm 4, 0;
    %load/vec4a v0x5638706e9220, 4;
    %assign/vec4 v0x5638706c4ad0_0, 0;
    %ix/load 4, 113, 0;
    %flag_set/imm 4, 0;
    %load/vec4a v0x5638706e9220, 4;
    %assign/vec4 v0x563870626fb0_0, 0;
    %ix/load 4, 114, 0;
    %flag_set/imm 4, 0;
    %load/vec4a v0x5638706e9220, 4;
    %assign/vec4 v0x5638706e8b20_0, 0;
    %ix/load 4, 115, 0;
    %flag_set/imm 4, 0;
    %load/vec4a v0x5638706e9220, 4;
    %assign/vec4 v0x5638706e8c00_0, 0;
    %ix/load 4, 116, 0;
    %flag_set/imm 4, 0;
    %load/vec4a v0x5638706e9220, 4;
    %assign/vec4 v0x5638706e8ce0_0, 0;
    %ix/load 4, 117, 0;
    %flag_set/imm 4, 0;
    %load/vec4a v0x5638706e9220, 4;
    %assign/vec4 v0x5638706e8dc0_0, 0;
    %ix/load 4, 118, 0;
    %flag_set/imm 4, 0;
    %load/vec4a v0x5638706e9220, 4;
    %assign/vec4 v0x5638706e8ea0_0, 0;
    %ix/load 4, 119, 0;
    %flag_set/imm 4, 0;
    %load/vec4a v0x5638706e9220, 4;
    %assign/vec4 v0x5638706e8f80_0, 0;
    %ix/load 4, 120, 0;
    %flag_set/imm 4, 0;
    %load/vec4a v0x5638706e9220, 4;
    %assign/vec4 v0x5638706e9060_0, 0;
    %ix/load 4, 121, 0;
    %flag_set/imm 4, 0;
    %load/vec4a v0x5638706e9220, 4;
    %assign/vec4 v0x5638706e9140_0, 0;
    %ix/load 4, 122, 0;
    %flag_set/imm 4, 0;
    %load/vec4a v0x5638706e9220, 4;
    %assign/vec4 v0x563870627080_0, 0;
    %ix/load 4, 123, 0;
    %flag_set/imm 4, 0;
    %load/vec4a v0x5638706e9220, 4;
    %assign/vec4 v0x5638706293e0_0, 0;
    %ix/load 4, 124, 0;
    %flag_set/imm 4, 0;
    %load/vec4a v0x5638706e9220, 4;
    %assign/vec4 v0x563870629480_0, 0;
    %ix/load 4, 125, 0;
    %flag_set/imm 4, 0;
    %load/vec4a v0x5638706e9220, 4;
    %assign/vec4 v0x5638706b0120_0, 0;
    %ix/load 4, 126, 0;
    %flag_set/imm 4, 0;
    %load/vec4a v0x5638706e9220, 4;
    %assign/vec4 v0x5638706b01c0_0, 0;
    %ix/load 4, 127, 0;
    %flag_set/imm 4, 0;
    %load/vec4a v0x5638706e9220, 4;
    %assign/vec4 v0x5638706e8a40_0, 0;
    %jmp T_4.12;
T_4.10 ;
    %ix/load 4, 128, 0;
    %flag_set/imm 4, 0;
    %load/vec4a v0x5638706e9220, 4;
    %assign/vec4 v0x5638706c4ad0_0, 0;
    %ix/load 4, 129, 0;
    %flag_set/imm 4, 0;
    %load/vec4a v0x5638706e9220, 4;
    %assign/vec4 v0x563870626fb0_0, 0;
    %ix/load 4, 130, 0;
    %flag_set/imm 4, 0;
    %load/vec4a v0x5638706e9220, 4;
    %assign/vec4 v0x5638706e8b20_0, 0;
    %ix/load 4, 131, 0;
    %flag_set/imm 4, 0;
    %load/vec4a v0x5638706e9220, 4;
    %assign/vec4 v0x5638706e8c00_0, 0;
    %ix/load 4, 132, 0;
    %flag_set/imm 4, 0;
    %load/vec4a v0x5638706e9220, 4;
    %assign/vec4 v0x5638706e8ce0_0, 0;
    %ix/load 4, 133, 0;
    %flag_set/imm 4, 0;
    %load/vec4a v0x5638706e9220, 4;
    %assign/vec4 v0x5638706e8dc0_0, 0;
    %ix/load 4, 134, 0;
    %flag_set/imm 4, 0;
    %load/vec4a v0x5638706e9220, 4;
    %assign/vec4 v0x5638706e8ea0_0, 0;
    %ix/load 4, 135, 0;
    %flag_set/imm 4, 0;
    %load/vec4a v0x5638706e9220, 4;
    %assign/vec4 v0x5638706e8f80_0, 0;
    %ix/load 4, 136, 0;
    %flag_set/imm 4, 0;
    %load/vec4a v0x5638706e9220, 4;
    %assign/vec4 v0x5638706e9060_0, 0;
    %ix/load 4, 137, 0;
    %flag_set/imm 4, 0;
    %load/vec4a v0x5638706e9220, 4;
    %assign/vec4 v0x5638706e9140_0, 0;
    %ix/load 4, 138, 0;
    %flag_set/imm 4, 0;
    %load/vec4a v0x5638706e9220, 4;
    %assign/vec4 v0x563870627080_0, 0;
    %ix/load 4, 139, 0;
    %flag_set/imm 4, 0;
    %load/vec4a v0x5638706e9220, 4;
    %assign/vec4 v0x5638706293e0_0, 0;
    %ix/load 4, 140, 0;
    %flag_set/imm 4, 0;
    %load/vec4a v0x5638706e9220, 4;
    %assign/vec4 v0x563870629480_0, 0;
    %ix/load 4, 141, 0;
    %flag_set/imm 4, 0;
    %load/vec4a v0x5638706e9220, 4;
    %assign/vec4 v0x5638706b0120_0, 0;
    %ix/load 4, 142, 0;
    %flag_set/imm 4, 0;
    %load/vec4a v0x5638706e9220, 4;
    %assign/vec4 v0x5638706b01c0_0, 0;
    %ix/load 4, 143, 0;
    %flag_set/imm 4, 0;
    %load/vec4a v0x5638706e9220, 4;
    %assign/vec4 v0x5638706e8a40_0, 0;
    %jmp T_4.12;
T_4.11 ;
    %ix/load 4, 144, 0;
    %flag_set/imm 4, 0;
    %load/vec4a v0x5638706e9220, 4;
    %assign/vec4 v0x5638706c4ad0_0, 0;
    %ix/load 4, 145, 0;
    %flag_set/imm 4, 0;
    %load/vec4a v0x5638706e9220, 4;
    %assign/vec4 v0x563870626fb0_0, 0;
    %ix/load 4, 146, 0;
    %flag_set/imm 4, 0;
    %load/vec4a v0x5638706e9220, 4;
    %assign/vec4 v0x5638706e8b20_0, 0;
    %ix/load 4, 147, 0;
    %flag_set/imm 4, 0;
    %load/vec4a v0x5638706e9220, 4;
    %assign/vec4 v0x5638706e8c00_0, 0;
    %ix/load 4, 148, 0;
    %flag_set/imm 4, 0;
    %load/vec4a v0x5638706e9220, 4;
    %assign/vec4 v0x5638706e8ce0_0, 0;
    %ix/load 4, 149, 0;
    %flag_set/imm 4, 0;
    %load/vec4a v0x5638706e9220, 4;
    %assign/vec4 v0x5638706e8dc0_0, 0;
    %ix/load 4, 150, 0;
    %flag_set/imm 4, 0;
    %load/vec4a v0x5638706e9220, 4;
    %assign/vec4 v0x5638706e8ea0_0, 0;
    %ix/load 4, 151, 0;
    %flag_set/imm 4, 0;
    %load/vec4a v0x5638706e9220, 4;
    %assign/vec4 v0x5638706e8f80_0, 0;
    %ix/load 4, 152, 0;
    %flag_set/imm 4, 0;
    %load/vec4a v0x5638706e9220, 4;
    %assign/vec4 v0x5638706e9060_0, 0;
    %ix/load 4, 153, 0;
    %flag_set/imm 4, 0;
    %load/vec4a v0x5638706e9220, 4;
    %assign/vec4 v0x5638706e9140_0, 0;
    %ix/load 4, 154, 0;
    %flag_set/imm 4, 0;
    %load/vec4a v0x5638706e9220, 4;
    %assign/vec4 v0x563870627080_0, 0;
    %ix/load 4, 155, 0;
    %flag_set/imm 4, 0;
    %load/vec4a v0x5638706e9220, 4;
    %assign/vec4 v0x5638706293e0_0, 0;
    %ix/load 4, 156, 0;
    %flag_set/imm 4, 0;
    %load/vec4a v0x5638706e9220, 4;
    %assign/vec4 v0x563870629480_0, 0;
    %ix/load 4, 157, 0;
    %flag_set/imm 4, 0;
    %load/vec4a v0x5638706e9220, 4;
    %assign/vec4 v0x5638706b0120_0, 0;
    %ix/load 4, 158, 0;
    %flag_set/imm 4, 0;
    %load/vec4a v0x5638706e9220, 4;
    %assign/vec4 v0x5638706b01c0_0, 0;
    %ix/load 4, 159, 0;
    %flag_set/imm 4, 0;
    %load/vec4a v0x5638706e9220, 4;
    %assign/vec4 v0x5638706e8a40_0, 0;
    %jmp T_4.12;
T_4.12 ;
    %pop/vec4 1;
T_4.0 ;
    %jmp T_4;
    .thread T_4;
    .scope S_0x5638706580b0;
T_5 ;
    %wait E_0x5638706eade0;
    %load/vec4 v0x5638706ebf20_0;
    %pad/u 32;
    %cmpi/e 1, 0, 32;
    %jmp/0xz  T_5.0, 4;
    %pushi/vec4 0, 0, 3;
    %assign/vec4 v0x5638706ebfe0_0, 0;
    %jmp T_5.1;
T_5.0 ;
    %load/vec4 v0x5638706ebca0_0;
    %assign/vec4 v0x5638706ebfe0_0, 0;
T_5.1 ;
    %jmp T_5;
    .thread T_5;
    .scope S_0x5638706580b0;
T_6 ;
    %wait E_0x563870641b40;
    %load/vec4 v0x5638706eb440_0;
    %flag_set/vec4 8;
    %jmp/0xz  T_6.0, 8;
    %pushi/vec4 1, 0, 3;
    %assign/vec4 v0x5638706ebca0_0, 0;
    %jmp T_6.1;
T_6.0 ;
    %load/vec4 v0x5638706ebd80_0;
    %flag_set/vec4 8;
    %jmp/0xz  T_6.2, 8;
    %pushi/vec4 2, 0, 3;
    %assign/vec4 v0x5638706ebca0_0, 0;
    %jmp T_6.3;
T_6.2 ;
    %pushi/vec4 0, 0, 3;
    %assign/vec4 v0x5638706ebca0_0, 0;
T_6.3 ;
T_6.1 ;
    %jmp T_6;
    .thread T_6;
    .scope S_0x5638706580b0;
T_7 ;
    %wait E_0x563870644740;
    %load/vec4 v0x5638706ebe40_0;
    %dup/vec4;
    %pushi/vec4 0, 0, 3;
    %cmp/u;
    %jmp/1 T_7.0, 6;
    %dup/vec4;
    %pushi/vec4 1, 0, 3;
    %cmp/u;
    %jmp/1 T_7.1, 6;
    %dup/vec4;
    %pushi/vec4 2, 0, 3;
    %cmp/u;
    %jmp/1 T_7.2, 6;
    %dup/vec4;
    %pushi/vec4 3, 0, 3;
    %cmp/u;
    %jmp/1 T_7.3, 6;
    %dup/vec4;
    %pushi/vec4 4, 0, 3;
    %cmp/u;
    %jmp/1 T_7.4, 6;
    %dup/vec4;
    %pushi/vec4 5, 0, 3;
    %cmp/u;
    %jmp/1 T_7.5, 6;
    %dup/vec4;
    %pushi/vec4 6, 0, 3;
    %cmp/u;
    %jmp/1 T_7.6, 6;
    %dup/vec4;
    %pushi/vec4 7, 0, 3;
    %cmp/u;
    %jmp/1 T_7.7, 6;
    %jmp T_7.8;
T_7.0 ;
    %pushi/vec4 65536, 0, 32;
    %store/vec4 v0x5638706eaf20_0, 0, 32;
    %pushi/vec4 0, 0, 32;
    %store/vec4 v0x5638706eae40_0, 0, 32;
    %jmp T_7.8;
T_7.1 ;
    %pushi/vec4 60547, 0, 32;
    %store/vec4 v0x5638706eaf20_0, 0, 32;
    %pushi/vec4 4294942217, 0, 32;
    %store/vec4 v0x5638706eae40_0, 0, 32;
    %jmp T_7.8;
T_7.2 ;
    %pushi/vec4 46340, 0, 32;
    %store/vec4 v0x5638706eaf20_0, 0, 32;
    %pushi/vec4 4294920956, 0, 32;
    %store/vec4 v0x5638706eae40_0, 0, 32;
    %jmp T_7.8;
T_7.3 ;
    %pushi/vec4 25079, 0, 32;
    %store/vec4 v0x5638706eaf20_0, 0, 32;
    %pushi/vec4 4294906749, 0, 32;
    %store/vec4 v0x5638706eae40_0, 0, 32;
    %jmp T_7.8;
T_7.4 ;
    %pushi/vec4 0, 0, 32;
    %store/vec4 v0x5638706eaf20_0, 0, 32;
    %pushi/vec4 4294901760, 0, 32;
    %store/vec4 v0x5638706eae40_0, 0, 32;
    %jmp T_7.8;
T_7.5 ;
    %pushi/vec4 4294942217, 0, 32;
    %store/vec4 v0x5638706eaf20_0, 0, 32;
    %pushi/vec4 4294906749, 0, 32;
    %store/vec4 v0x5638706eae40_0, 0, 32;
    %jmp T_7.8;
T_7.6 ;
    %pushi/vec4 4294920956, 0, 32;
    %store/vec4 v0x5638706eaf20_0, 0, 32;
    %pushi/vec4 4294920956, 0, 32;
    %store/vec4 v0x5638706eae40_0, 0, 32;
    %jmp T_7.8;
T_7.7 ;
    %pushi/vec4 4294906749, 0, 32;
    %store/vec4 v0x5638706eaf20_0, 0, 32;
    %pushi/vec4 4294942217, 0, 32;
    %store/vec4 v0x5638706eae40_0, 0, 32;
    %jmp T_7.8;
T_7.8 ;
    %pop/vec4 1;
    %jmp T_7;
    .thread T_7, $push;
    .scope S_0x5638706580b0;
T_8 ;
    %wait E_0x563870641b40;
    %load/vec4 v0x5638706eb440_0;
    %flag_set/vec4 8;
    %jmp/0xz  T_8.0, 8;
    %load/vec4 v0x5638706eb000_0;
    %parti/s 16, 16, 6;
    %pad/u 32;
    %assign/vec4 v0x5638706eb1a0_0, 0;
    %load/vec4 v0x5638706eb000_0;
    %parti/s 16, 0, 2;
    %pad/u 32;
    %assign/vec4 v0x5638706eb0c0_0, 0;
    %load/vec4 v0x5638706eb500_0;
    %parti/s 16, 16, 6;
    %pad/u 32;
    %assign/vec4 v0x5638706eb6c0_0, 0;
    %load/vec4 v0x5638706eb500_0;
    %parti/s 16, 0, 2;
    %pad/u 32;
    %assign/vec4 v0x5638706eb5e0_0, 0;
    %pushi/vec4 1, 0, 1;
    %assign/vec4 v0x5638706ebd80_0, 0;
    %jmp T_8.1;
T_8.0 ;
    %pushi/vec4 0, 0, 1;
    %assign/vec4 v0x5638706ebd80_0, 0;
T_8.1 ;
    %jmp T_8;
    .thread T_8;
    .scope S_0x5638706580b0;
T_9 ;
    %wait E_0x563870644ae0;
    %load/vec4 v0x5638706ebd80_0;
    %flag_set/vec4 8;
    %jmp/0xz  T_9.0, 8;
    %pushi/vec4 1, 0, 1;
    %assign/vec4 v0x5638706ebbe0_0, 0;
    %load/vec4 v0x5638706eb360_0;
    %parti/s 16, 0, 2;
    %load/vec4 v0x5638706eb280_0;
    %parti/s 16, 0, 2;
    %concat/vec4; draw_concat_vec4
    %assign/vec4 v0x5638706eba20_0, 0;
    %load/vec4 v0x5638706eb880_0;
    %parti/s 16, 16, 6;
    %load/vec4 v0x5638706eb7a0_0;
    %parti/s 16, 16, 6;
    %concat/vec4; draw_concat_vec4
    %assign/vec4 v0x5638706ebb00_0, 0;
    %jmp T_9.1;
T_9.0 ;
    %pushi/vec4 0, 0, 1;
    %assign/vec4 v0x5638706ebbe0_0, 0;
T_9.1 ;
    %jmp T_9;
    .thread T_9;
    .scope S_0x5638706580b0;
T_10 ;
    %wait E_0x563870644890;
    %load/vec4 v0x5638706eb1a0_0;
    %load/vec4 v0x5638706eb6c0_0;
    %add;
    %store/vec4 v0x5638706eb360_0, 0, 32;
    %load/vec4 v0x5638706eb0c0_0;
    %load/vec4 v0x5638706eb5e0_0;
    %add;
    %store/vec4 v0x5638706eb280_0, 0, 32;
    %load/vec4 v0x5638706eb1a0_0;
    %load/vec4 v0x5638706eb6c0_0;
    %sub;
    %load/vec4 v0x5638706eaf20_0;
    %mul;
    %load/vec4 v0x5638706eb5e0_0;
    %load/vec4 v0x5638706eb0c0_0;
    %sub;
    %load/vec4 v0x5638706eae40_0;
    %mul;
    %add;
    %store/vec4 v0x5638706eb880_0, 0, 32;
    %load/vec4 v0x5638706eb1a0_0;
    %load/vec4 v0x5638706eb6c0_0;
    %sub;
    %load/vec4 v0x5638706eae40_0;
    %mul;
    %load/vec4 v0x5638706eb0c0_0;
    %load/vec4 v0x5638706eb5e0_0;
    %sub;
    %load/vec4 v0x5638706eaf20_0;
    %mul;
    %add;
    %store/vec4 v0x5638706eb7a0_0, 0, 32;
    %jmp T_10;
    .thread T_10, $push;
# The file index is used to find the file name in the following table.
:file_names 4;
    "N/A";
    "<interactive>";
    "FAS.v";
    "./../FFT_PE/FFT_PE.v";
