#! /usr/bin/vvp
:ivl_version "10.3 (stable)";
:ivl_delay_selection "TYPICAL";
:vpi_time_precision + 0;
:vpi_module "system";
:vpi_module "vhdl_sys";
:vpi_module "v2005_math";
:vpi_module "va_math";
S_0x55c3af158190 .scope module, "LCD_CTRL" "LCD_CTRL" 2 1;
 .timescale 0 0;
    .port_info 0 /INPUT 1 "clk"
    .port_info 1 /INPUT 1 "reset"
    .port_info 2 /INPUT 4 "cmd"
    .port_info 3 /INPUT 1 "cmd_valid"
    .port_info 4 /INPUT 8 "IROM_Q"
    .port_info 5 /OUTPUT 1 "IROM_rd"
    .port_info 6 /OUTPUT 6 "IROM_A"
    .port_info 7 /OUTPUT 1 "IRAM_valid"
    .port_info 8 /OUTPUT 8 "IRAM_D"
    .port_info 9 /OUTPUT 6 "IRAM_A"
    .port_info 10 /OUTPUT 1 "busy"
    .port_info 11 /OUTPUT 1 "done"
P_0x55c3af1303f0 .param/l "CMD" 0 2 25, C4<010>;
P_0x55c3af130430 .param/l "DONE" 0 2 27, C4<100>;
P_0x55c3af130470 .param/l "IDLE" 0 2 23, C4<000>;
P_0x55c3af1304b0 .param/l "READ" 0 2 24, C4<001>;
P_0x55c3af1304f0 .param/l "WRITE" 0 2 26, C4<011>;
L_0x55c3af1371f0 .functor BUFZ 8, L_0x55c3af189570, C4<00000000>, C4<00000000>, C4<00000000>;
L_0x55c3af136fd0 .functor BUFZ 8, L_0x55c3af189840, C4<00000000>, C4<00000000>, C4<00000000>;
L_0x55c3af1370e0 .functor BUFZ 8, L_0x55c3af189ad0, C4<00000000>, C4<00000000>, C4<00000000>;
L_0x55c3af189cb0 .functor BUFZ 8, L_0x55c3af189e10, C4<00000000>, C4<00000000>, C4<00000000>;
L_0x55c3af137300 .functor BUFZ 8, L_0x55c3af18a5e0, C4<00000000>, C4<00000000>, C4<00000000>;
L_0x55c3af1348a0 .functor BUFZ 8, L_0x55c3af18ac00, C4<00000000>, C4<00000000>, C4<00000000>;
L_0x55c3af18b200 .functor BUFZ 8, L_0x55c3af18af40, C4<00000000>, C4<00000000>, C4<00000000>;
L_0x55c3af18b540 .functor BUFZ 8, L_0x55c3af18b270, C4<00000000>, C4<00000000>, C4<00000000>;
L_0x55c3af18c9b0 .functor BUFZ 6, v0x55c3af187610_0, C4<000000>, C4<000000>, C4<000000>;
L_0x55c3af18ecf0 .functor BUFZ 8, L_0x55c3af18e8e0, C4<00000000>, C4<00000000>, C4<00000000>;
L_0x55c3af18ee10 .functor BUFZ 6, v0x55c3af187610_0, C4<000000>, C4<000000>, C4<000000>;
L_0x55c3af18f780 .functor OR 1, L_0x55c3af18f3f0, L_0x55c3af18f690, C4<0>, C4<0>;
L_0x55c3af18fc00 .functor OR 1, L_0x55c3af18f780, L_0x55c3af18f900, C4<0>, C4<0>;
v0x55c3af15cae0_0 .net "IRAM_A", 5 0, L_0x55c3af18ee10;  1 drivers
v0x55c3af15cbe0_0 .net "IRAM_D", 7 0, L_0x55c3af18ecf0;  1 drivers
v0x55c3af181fb0_0 .net "IRAM_valid", 0 0, L_0x55c3af18e620;  1 drivers
v0x55c3af182050_0 .net "IROM_A", 5 0, L_0x55c3af18c9b0;  1 drivers
o0x7f263741e0d8 .functor BUFZ 8, C4<zzzzzzzz>; HiZ drive
v0x55c3af182130_0 .net "IROM_Q", 7 0, o0x7f263741e0d8;  0 drivers
v0x55c3af182260_0 .net "IROM_rd", 0 0, L_0x55c3af18e0a0;  1 drivers
L_0x7f26373d5018 .functor BUFT 1, C4<001>, C4<0>, C4<0>, C4<0>;
v0x55c3af182320_0 .net/2u *"_s0", 2 0, L_0x7f26373d5018;  1 drivers
v0x55c3af182400_0 .net *"_s100", 0 0, L_0x55c3af18bcc0;  1 drivers
v0x55c3af1824c0_0 .net *"_s104", 7 0, L_0x55c3af18c010;  1 drivers
v0x55c3af1825a0_0 .net *"_s106", 7 0, L_0x55c3af18c0b0;  1 drivers
L_0x7f26373d52e8 .functor BUFT 1, C4<00>, C4<0>, C4<0>, C4<0>;
v0x55c3af182680_0 .net *"_s109", 1 0, L_0x7f26373d52e8;  1 drivers
v0x55c3af182760_0 .net *"_s110", 9 0, L_0x55c3af18bea0;  1 drivers
L_0x7f26373d5330 .functor BUFT 1, C4<00>, C4<0>, C4<0>, C4<0>;
v0x55c3af182840_0 .net *"_s113", 1 0, L_0x7f26373d5330;  1 drivers
v0x55c3af182920_0 .net *"_s114", 7 0, L_0x55c3af18c320;  1 drivers
v0x55c3af182a00_0 .net *"_s116", 7 0, L_0x55c3af18c500;  1 drivers
L_0x7f26373d5378 .functor BUFT 1, C4<00>, C4<0>, C4<0>, C4<0>;
v0x55c3af182ae0_0 .net *"_s119", 1 0, L_0x7f26373d5378;  1 drivers
v0x55c3af182bc0_0 .net *"_s120", 9 0, L_0x55c3af18c680;  1 drivers
L_0x7f26373d53c0 .functor BUFT 1, C4<00>, C4<0>, C4<0>, C4<0>;
v0x55c3af182db0_0 .net *"_s123", 1 0, L_0x7f26373d53c0;  1 drivers
v0x55c3af182e90_0 .net *"_s124", 9 0, L_0x55c3af18c910;  1 drivers
v0x55c3af182f70_0 .net *"_s126", 7 0, L_0x55c3af18cac0;  1 drivers
v0x55c3af183050_0 .net *"_s128", 7 0, L_0x55c3af18ccc0;  1 drivers
L_0x7f26373d5408 .functor BUFT 1, C4<00>, C4<0>, C4<0>, C4<0>;
v0x55c3af183130_0 .net *"_s131", 1 0, L_0x7f26373d5408;  1 drivers
v0x55c3af183210_0 .net *"_s132", 9 0, L_0x55c3af18ce40;  1 drivers
L_0x7f26373d5450 .functor BUFT 1, C4<00>, C4<0>, C4<0>, C4<0>;
v0x55c3af1832f0_0 .net *"_s135", 1 0, L_0x7f26373d5450;  1 drivers
v0x55c3af1833d0_0 .net *"_s136", 9 0, L_0x55c3af18d0f0;  1 drivers
v0x55c3af1834b0_0 .net *"_s138", 7 0, L_0x55c3af18d230;  1 drivers
v0x55c3af183590_0 .net *"_s140", 7 0, L_0x55c3af18d450;  1 drivers
L_0x7f26373d5498 .functor BUFT 1, C4<00>, C4<0>, C4<0>, C4<0>;
v0x55c3af183670_0 .net *"_s143", 1 0, L_0x7f26373d5498;  1 drivers
v0x55c3af183750_0 .net *"_s144", 9 0, L_0x55c3af18d5d0;  1 drivers
L_0x7f26373d54e0 .functor BUFT 1, C4<00>, C4<0>, C4<0>, C4<0>;
v0x55c3af183830_0 .net *"_s147", 1 0, L_0x7f26373d54e0;  1 drivers
L_0x7f26373d5528 .functor BUFT 1, C4<001>, C4<0>, C4<0>, C4<0>;
v0x55c3af183910_0 .net/2u *"_s154", 2 0, L_0x7f26373d5528;  1 drivers
v0x55c3af1839f0_0 .net *"_s156", 0 0, L_0x55c3af18dc70;  1 drivers
L_0x7f26373d5570 .functor BUFT 1, C4<01>, C4<0>, C4<0>, C4<0>;
v0x55c3af183ab0_0 .net/2s *"_s158", 1 0, L_0x7f26373d5570;  1 drivers
v0x55c3af183da0_0 .net *"_s16", 7 0, L_0x55c3af189570;  1 drivers
L_0x7f26373d55b8 .functor BUFT 1, C4<00>, C4<0>, C4<0>, C4<0>;
v0x55c3af183e80_0 .net/2s *"_s160", 1 0, L_0x7f26373d55b8;  1 drivers
v0x55c3af183f60_0 .net *"_s162", 1 0, L_0x55c3af18dd60;  1 drivers
L_0x7f26373d5600 .functor BUFT 1, C4<011>, C4<0>, C4<0>, C4<0>;
v0x55c3af184040_0 .net/2u *"_s166", 2 0, L_0x7f26373d5600;  1 drivers
v0x55c3af184120_0 .net *"_s168", 0 0, L_0x55c3af18e190;  1 drivers
L_0x7f26373d5648 .functor BUFT 1, C4<01>, C4<0>, C4<0>, C4<0>;
v0x55c3af1841e0_0 .net/2s *"_s170", 1 0, L_0x7f26373d5648;  1 drivers
L_0x7f26373d5690 .functor BUFT 1, C4<00>, C4<0>, C4<0>, C4<0>;
v0x55c3af1842c0_0 .net/2s *"_s172", 1 0, L_0x7f26373d5690;  1 drivers
v0x55c3af1843a0_0 .net *"_s174", 1 0, L_0x55c3af18e490;  1 drivers
v0x55c3af184480_0 .net *"_s178", 7 0, L_0x55c3af18e8e0;  1 drivers
v0x55c3af184560_0 .net *"_s18", 7 0, L_0x55c3af189610;  1 drivers
v0x55c3af184640_0 .net *"_s180", 7 0, L_0x55c3af18e980;  1 drivers
L_0x7f26373d56d8 .functor BUFT 1, C4<00>, C4<0>, C4<0>, C4<0>;
v0x55c3af184720_0 .net *"_s183", 1 0, L_0x7f26373d56d8;  1 drivers
L_0x7f26373d5720 .functor BUFT 1, C4<100>, C4<0>, C4<0>, C4<0>;
v0x55c3af184800_0 .net/2u *"_s188", 2 0, L_0x7f26373d5720;  1 drivers
v0x55c3af1848e0_0 .net *"_s190", 0 0, L_0x55c3af18ee80;  1 drivers
L_0x7f26373d5768 .functor BUFT 1, C4<01>, C4<0>, C4<0>, C4<0>;
v0x55c3af1849a0_0 .net/2s *"_s192", 1 0, L_0x7f26373d5768;  1 drivers
L_0x7f26373d57b0 .functor BUFT 1, C4<00>, C4<0>, C4<0>, C4<0>;
v0x55c3af184a80_0 .net/2s *"_s194", 1 0, L_0x7f26373d57b0;  1 drivers
v0x55c3af184b60_0 .net *"_s196", 1 0, L_0x55c3af18ef50;  1 drivers
L_0x7f26373d57f8 .functor BUFT 1, C4<000>, C4<0>, C4<0>, C4<0>;
v0x55c3af184c40_0 .net/2u *"_s200", 2 0, L_0x7f26373d57f8;  1 drivers
v0x55c3af184d20_0 .net *"_s202", 0 0, L_0x55c3af18f3f0;  1 drivers
L_0x7f26373d5840 .functor BUFT 1, C4<001>, C4<0>, C4<0>, C4<0>;
v0x55c3af184de0_0 .net/2u *"_s204", 2 0, L_0x7f26373d5840;  1 drivers
v0x55c3af184ec0_0 .net *"_s206", 0 0, L_0x55c3af18f690;  1 drivers
v0x55c3af184f80_0 .net *"_s208", 0 0, L_0x55c3af18f780;  1 drivers
L_0x7f26373d50a8 .functor BUFT 1, C4<00>, C4<0>, C4<0>, C4<0>;
v0x55c3af185040_0 .net *"_s21", 1 0, L_0x7f26373d50a8;  1 drivers
L_0x7f26373d5888 .functor BUFT 1, C4<011>, C4<0>, C4<0>, C4<0>;
v0x55c3af185120_0 .net/2u *"_s210", 2 0, L_0x7f26373d5888;  1 drivers
v0x55c3af185200_0 .net *"_s212", 0 0, L_0x55c3af18f900;  1 drivers
v0x55c3af1852c0_0 .net *"_s214", 0 0, L_0x55c3af18fc00;  1 drivers
L_0x7f26373d58d0 .functor BUFT 1, C4<01>, C4<0>, C4<0>, C4<0>;
v0x55c3af185380_0 .net/2s *"_s216", 1 0, L_0x7f26373d58d0;  1 drivers
L_0x7f26373d5918 .functor BUFT 1, C4<00>, C4<0>, C4<0>, C4<0>;
v0x55c3af185460_0 .net/2s *"_s218", 1 0, L_0x7f26373d5918;  1 drivers
v0x55c3af185540_0 .net *"_s220", 1 0, L_0x55c3af18fd10;  1 drivers
v0x55c3af185620_0 .net *"_s24", 7 0, L_0x55c3af189840;  1 drivers
v0x55c3af185700_0 .net *"_s26", 7 0, L_0x55c3af1898e0;  1 drivers
L_0x7f26373d50f0 .functor BUFT 1, C4<00>, C4<0>, C4<0>, C4<0>;
v0x55c3af1857e0_0 .net *"_s29", 1 0, L_0x7f26373d50f0;  1 drivers
v0x55c3af185cd0_0 .net *"_s32", 7 0, L_0x55c3af189ad0;  1 drivers
v0x55c3af185db0_0 .net *"_s34", 7 0, L_0x55c3af189b70;  1 drivers
L_0x7f26373d5138 .functor BUFT 1, C4<00>, C4<0>, C4<0>, C4<0>;
v0x55c3af185e90_0 .net *"_s37", 1 0, L_0x7f26373d5138;  1 drivers
L_0x7f26373d5060 .functor BUFT 1, C4<001>, C4<0>, C4<0>, C4<0>;
v0x55c3af185f70_0 .net/2u *"_s4", 2 0, L_0x7f26373d5060;  1 drivers
v0x55c3af186050_0 .net *"_s40", 7 0, L_0x55c3af189e10;  1 drivers
v0x55c3af186130_0 .net *"_s42", 7 0, L_0x55c3af189eb0;  1 drivers
L_0x7f26373d5180 .functor BUFT 1, C4<00>, C4<0>, C4<0>, C4<0>;
v0x55c3af186210_0 .net *"_s45", 1 0, L_0x7f26373d5180;  1 drivers
v0x55c3af1862f0_0 .net *"_s48", 0 0, L_0x55c3af18a140;  1 drivers
v0x55c3af1863b0_0 .net *"_s52", 0 0, L_0x55c3af18a400;  1 drivers
v0x55c3af186470_0 .net *"_s56", 0 0, L_0x55c3af18a6d0;  1 drivers
v0x55c3af186530_0 .net *"_s60", 7 0, L_0x55c3af18a5e0;  1 drivers
v0x55c3af186610_0 .net *"_s62", 7 0, L_0x55c3af18a9b0;  1 drivers
L_0x7f26373d51c8 .functor BUFT 1, C4<00>, C4<0>, C4<0>, C4<0>;
v0x55c3af1866f0_0 .net *"_s65", 1 0, L_0x7f26373d51c8;  1 drivers
v0x55c3af1867d0_0 .net *"_s68", 7 0, L_0x55c3af18ac00;  1 drivers
v0x55c3af1868b0_0 .net *"_s70", 7 0, L_0x55c3af18aca0;  1 drivers
L_0x7f26373d5210 .functor BUFT 1, C4<00>, C4<0>, C4<0>, C4<0>;
v0x55c3af186990_0 .net *"_s73", 1 0, L_0x7f26373d5210;  1 drivers
v0x55c3af186a70_0 .net *"_s76", 7 0, L_0x55c3af18af40;  1 drivers
v0x55c3af186b50_0 .net *"_s78", 7 0, L_0x55c3af18afe0;  1 drivers
L_0x7f26373d5258 .functor BUFT 1, C4<00>, C4<0>, C4<0>, C4<0>;
v0x55c3af186c30_0 .net *"_s81", 1 0, L_0x7f26373d5258;  1 drivers
v0x55c3af186d10_0 .net *"_s84", 7 0, L_0x55c3af18b270;  1 drivers
v0x55c3af186df0_0 .net *"_s86", 7 0, L_0x55c3af18b310;  1 drivers
L_0x7f26373d52a0 .functor BUFT 1, C4<00>, C4<0>, C4<0>, C4<0>;
v0x55c3af186ed0_0 .net *"_s89", 1 0, L_0x7f26373d52a0;  1 drivers
v0x55c3af186fb0_0 .net *"_s92", 0 0, L_0x55c3af18b650;  1 drivers
v0x55c3af187070_0 .net *"_s96", 0 0, L_0x55c3af18b980;  1 drivers
v0x55c3af187130_0 .net "avg", 7 0, L_0x55c3af18d9e0;  1 drivers
v0x55c3af187210_0 .net "avg_sum", 9 0, L_0x55c3af18d8a0;  1 drivers
v0x55c3af1872f0_0 .net "busy", 0 0, L_0x55c3af18fed0;  1 drivers
o0x7f263741f158 .functor BUFZ 1, C4<z>; HiZ drive
v0x55c3af1873b0_0 .net "clk", 0 0, o0x7f263741f158;  0 drivers
o0x7f263741f188 .functor BUFZ 4, C4<zzzz>; HiZ drive
v0x55c3af187470_0 .net "cmd", 3 0, o0x7f263741f188;  0 drivers
o0x7f263741f1b8 .functor BUFZ 1, C4<z>; HiZ drive
v0x55c3af187550_0 .net "cmd_valid", 0 0, o0x7f263741f1b8;  0 drivers
v0x55c3af187610_0 .var "cnt", 5 0;
v0x55c3af1876f0 .array "data", 63 0, 7 0;
v0x55c3af1877b0_0 .net "done", 0 0, L_0x55c3af18f300;  1 drivers
v0x55c3af187870_0 .net "loc1", 5 0, L_0x55c3af189140;  1 drivers
v0x55c3af187950_0 .net "loc2", 5 0, L_0x55c3af189280;  1 drivers
v0x55c3af187a30_0 .net "loc3", 5 0, L_0x55c3af1893a0;  1 drivers
v0x55c3af187b10_0 .net "loc4", 5 0, L_0x55c3af189490;  1 drivers
v0x55c3af187bf0_0 .net "max", 7 0, L_0x55c3af18be00;  1 drivers
v0x55c3af187cd0_0 .net "max1", 7 0, L_0x55c3af137300;  1 drivers
v0x55c3af187db0_0 .net "max2", 7 0, L_0x55c3af1348a0;  1 drivers
v0x55c3af187e90_0 .net "max3", 7 0, L_0x55c3af18b200;  1 drivers
v0x55c3af187f70_0 .net "max4", 7 0, L_0x55c3af18b540;  1 drivers
v0x55c3af188050_0 .net "max5", 7 0, L_0x55c3af18b790;  1 drivers
v0x55c3af188130_0 .net "max6", 7 0, L_0x55c3af18bac0;  1 drivers
v0x55c3af188210_0 .net "min", 7 0, L_0x55c3af18a810;  1 drivers
v0x55c3af1882f0_0 .net "min1", 7 0, L_0x55c3af1371f0;  1 drivers
v0x55c3af1883d0_0 .net "min2", 7 0, L_0x55c3af136fd0;  1 drivers
v0x55c3af1884b0_0 .net "min3", 7 0, L_0x55c3af1370e0;  1 drivers
v0x55c3af188590_0 .net "min4", 7 0, L_0x55c3af189cb0;  1 drivers
v0x55c3af188670_0 .net "min5", 7 0, L_0x55c3af18a280;  1 drivers
v0x55c3af188750_0 .net "min6", 7 0, L_0x55c3af18a540;  1 drivers
v0x55c3af188830_0 .var "next_state", 2 0;
o0x7f263741f5d8 .functor BUFZ 1, C4<z>; HiZ drive
v0x55c3af188910_0 .net "reset", 0 0, o0x7f263741f5d8;  0 drivers
v0x55c3af1889d0_0 .var "state", 2 0;
v0x55c3af188ab0_0 .var "x", 2 0;
v0x55c3af188b90_0 .net "x_1", 2 0, L_0x55c3af189050;  1 drivers
v0x55c3af188c70_0 .var "y", 2 0;
v0x55c3af188d50_0 .net "y_1", 2 0, L_0x55c3af188fb0;  1 drivers
E_0x55c3af136400 .event posedge, v0x55c3af1873b0_0;
E_0x55c3af13c920 .event posedge, v0x55c3af188910_0, v0x55c3af1873b0_0;
E_0x55c3af1366f0 .event edge, v0x55c3af1889d0_0, v0x55c3af187610_0, v0x55c3af187550_0, v0x55c3af187470_0;
L_0x55c3af188fb0 .arith/sub 3, v0x55c3af188c70_0, L_0x7f26373d5018;
L_0x55c3af189050 .arith/sub 3, v0x55c3af188ab0_0, L_0x7f26373d5060;
L_0x55c3af189140 .concat [ 3 3 0 0], L_0x55c3af189050, L_0x55c3af188fb0;
L_0x55c3af189280 .concat [ 3 3 0 0], v0x55c3af188ab0_0, L_0x55c3af188fb0;
L_0x55c3af1893a0 .concat [ 3 3 0 0], L_0x55c3af189050, v0x55c3af188c70_0;
L_0x55c3af189490 .concat [ 3 3 0 0], v0x55c3af188ab0_0, v0x55c3af188c70_0;
L_0x55c3af189570 .array/port v0x55c3af1876f0, L_0x55c3af189610;
L_0x55c3af189610 .concat [ 6 2 0 0], L_0x55c3af189140, L_0x7f26373d50a8;
L_0x55c3af189840 .array/port v0x55c3af1876f0, L_0x55c3af1898e0;
L_0x55c3af1898e0 .concat [ 6 2 0 0], L_0x55c3af189280, L_0x7f26373d50f0;
L_0x55c3af189ad0 .array/port v0x55c3af1876f0, L_0x55c3af189b70;
L_0x55c3af189b70 .concat [ 6 2 0 0], L_0x55c3af1893a0, L_0x7f26373d5138;
L_0x55c3af189e10 .array/port v0x55c3af1876f0, L_0x55c3af189eb0;
L_0x55c3af189eb0 .concat [ 6 2 0 0], L_0x55c3af189490, L_0x7f26373d5180;
L_0x55c3af18a140 .cmp/gt 8, L_0x55c3af136fd0, L_0x55c3af1371f0;
L_0x55c3af18a280 .functor MUXZ 8, L_0x55c3af136fd0, L_0x55c3af1371f0, L_0x55c3af18a140, C4<>;
L_0x55c3af18a400 .cmp/gt 8, L_0x55c3af189cb0, L_0x55c3af1370e0;
L_0x55c3af18a540 .functor MUXZ 8, L_0x55c3af189cb0, L_0x55c3af1370e0, L_0x55c3af18a400, C4<>;
L_0x55c3af18a6d0 .cmp/gt 8, L_0x55c3af18a540, L_0x55c3af18a280;
L_0x55c3af18a810 .functor MUXZ 8, L_0x55c3af18a540, L_0x55c3af18a280, L_0x55c3af18a6d0, C4<>;
L_0x55c3af18a5e0 .array/port v0x55c3af1876f0, L_0x55c3af18a9b0;
L_0x55c3af18a9b0 .concat [ 6 2 0 0], L_0x55c3af189140, L_0x7f26373d51c8;
L_0x55c3af18ac00 .array/port v0x55c3af1876f0, L_0x55c3af18aca0;
L_0x55c3af18aca0 .concat [ 6 2 0 0], L_0x55c3af189280, L_0x7f26373d5210;
L_0x55c3af18af40 .array/port v0x55c3af1876f0, L_0x55c3af18afe0;
L_0x55c3af18afe0 .concat [ 6 2 0 0], L_0x55c3af1893a0, L_0x7f26373d5258;
L_0x55c3af18b270 .array/port v0x55c3af1876f0, L_0x55c3af18b310;
L_0x55c3af18b310 .concat [ 6 2 0 0], L_0x55c3af189490, L_0x7f26373d52a0;
L_0x55c3af18b650 .cmp/gt 8, L_0x55c3af137300, L_0x55c3af1348a0;
L_0x55c3af18b790 .functor MUXZ 8, L_0x55c3af1348a0, L_0x55c3af137300, L_0x55c3af18b650, C4<>;
L_0x55c3af18b980 .cmp/gt 8, L_0x55c3af18b200, L_0x55c3af18b540;
L_0x55c3af18bac0 .functor MUXZ 8, L_0x55c3af18b540, L_0x55c3af18b200, L_0x55c3af18b980, C4<>;
L_0x55c3af18bcc0 .cmp/gt 8, L_0x55c3af18b790, L_0x55c3af18bac0;
L_0x55c3af18be00 .functor MUXZ 8, L_0x55c3af18bac0, L_0x55c3af18b790, L_0x55c3af18bcc0, C4<>;
L_0x55c3af18c010 .array/port v0x55c3af1876f0, L_0x55c3af18c0b0;
L_0x55c3af18c0b0 .concat [ 6 2 0 0], L_0x55c3af189140, L_0x7f26373d52e8;
L_0x55c3af18bea0 .concat [ 8 2 0 0], L_0x55c3af18c010, L_0x7f26373d5330;
L_0x55c3af18c320 .array/port v0x55c3af1876f0, L_0x55c3af18c500;
L_0x55c3af18c500 .concat [ 6 2 0 0], L_0x55c3af189280, L_0x7f26373d5378;
L_0x55c3af18c680 .concat [ 8 2 0 0], L_0x55c3af18c320, L_0x7f26373d53c0;
L_0x55c3af18c910 .arith/sum 10, L_0x55c3af18bea0, L_0x55c3af18c680;
L_0x55c3af18cac0 .array/port v0x55c3af1876f0, L_0x55c3af18ccc0;
L_0x55c3af18ccc0 .concat [ 6 2 0 0], L_0x55c3af1893a0, L_0x7f26373d5408;
L_0x55c3af18ce40 .concat [ 8 2 0 0], L_0x55c3af18cac0, L_0x7f26373d5450;
L_0x55c3af18d0f0 .arith/sum 10, L_0x55c3af18c910, L_0x55c3af18ce40;
L_0x55c3af18d230 .array/port v0x55c3af1876f0, L_0x55c3af18d450;
L_0x55c3af18d450 .concat [ 6 2 0 0], L_0x55c3af189490, L_0x7f26373d5498;
L_0x55c3af18d5d0 .concat [ 8 2 0 0], L_0x55c3af18d230, L_0x7f26373d54e0;
L_0x55c3af18d8a0 .arith/sum 10, L_0x55c3af18d0f0, L_0x55c3af18d5d0;
L_0x55c3af18d9e0 .part L_0x55c3af18d8a0, 2, 8;
L_0x55c3af18dc70 .cmp/eq 3, v0x55c3af1889d0_0, L_0x7f26373d5528;
L_0x55c3af18dd60 .functor MUXZ 2, L_0x7f26373d55b8, L_0x7f26373d5570, L_0x55c3af18dc70, C4<>;
L_0x55c3af18e0a0 .part L_0x55c3af18dd60, 0, 1;
L_0x55c3af18e190 .cmp/eq 3, v0x55c3af1889d0_0, L_0x7f26373d5600;
L_0x55c3af18e490 .functor MUXZ 2, L_0x7f26373d5690, L_0x7f26373d5648, L_0x55c3af18e190, C4<>;
L_0x55c3af18e620 .part L_0x55c3af18e490, 0, 1;
L_0x55c3af18e8e0 .array/port v0x55c3af1876f0, L_0x55c3af18e980;
L_0x55c3af18e980 .concat [ 6 2 0 0], v0x55c3af187610_0, L_0x7f26373d56d8;
L_0x55c3af18ee80 .cmp/eq 3, v0x55c3af1889d0_0, L_0x7f26373d5720;
L_0x55c3af18ef50 .functor MUXZ 2, L_0x7f26373d57b0, L_0x7f26373d5768, L_0x55c3af18ee80, C4<>;
L_0x55c3af18f300 .part L_0x55c3af18ef50, 0, 1;
L_0x55c3af18f3f0 .cmp/eq 3, v0x55c3af1889d0_0, L_0x7f26373d57f8;
L_0x55c3af18f690 .cmp/eq 3, v0x55c3af1889d0_0, L_0x7f26373d5840;
L_0x55c3af18f900 .cmp/eq 3, v0x55c3af1889d0_0, L_0x7f26373d5888;
L_0x55c3af18fd10 .functor MUXZ 2, L_0x7f26373d5918, L_0x7f26373d58d0, L_0x55c3af18fc00, C4<>;
L_0x55c3af18fed0 .part L_0x55c3af18fd10, 0, 1;
    .scope S_0x55c3af158190;
T_0 ;
    %wait E_0x55c3af13c920;
    %load/vec4 v0x55c3af188910_0;
    %flag_set/vec4 8;
    %jmp/0xz  T_0.0, 8;
    %pushi/vec4 0, 0, 3;
    %assign/vec4 v0x55c3af1889d0_0, 0;
    %jmp T_0.1;
T_0.0 ;
    %load/vec4 v0x55c3af188830_0;
    %assign/vec4 v0x55c3af1889d0_0, 0;
T_0.1 ;
    %jmp T_0;
    .thread T_0;
    .scope S_0x55c3af158190;
T_1 ;
    %wait E_0x55c3af1366f0;
    %load/vec4 v0x55c3af1889d0_0;
    %dup/vec4;
    %pushi/vec4 0, 0, 3;
    %cmp/u;
    %jmp/1 T_1.0, 6;
    %dup/vec4;
    %pushi/vec4 1, 0, 3;
    %cmp/u;
    %jmp/1 T_1.1, 6;
    %dup/vec4;
    %pushi/vec4 2, 0, 3;
    %cmp/u;
    %jmp/1 T_1.2, 6;
    %dup/vec4;
    %pushi/vec4 3, 0, 3;
    %cmp/u;
    %jmp/1 T_1.3, 6;
    %dup/vec4;
    %pushi/vec4 4, 0, 3;
    %cmp/u;
    %jmp/1 T_1.4, 6;
    %pushi/vec4 0, 0, 3;
    %store/vec4 v0x55c3af188830_0, 0, 3;
    %jmp T_1.6;
T_1.0 ;
    %pushi/vec4 1, 0, 3;
    %store/vec4 v0x55c3af188830_0, 0, 3;
    %jmp T_1.6;
T_1.1 ;
    %load/vec4 v0x55c3af187610_0;
    %cmpi/e 63, 0, 6;
    %jmp/0xz  T_1.7, 4;
    %pushi/vec4 2, 0, 3;
    %store/vec4 v0x55c3af188830_0, 0, 3;
    %jmp T_1.8;
T_1.7 ;
    %pushi/vec4 1, 0, 3;
    %store/vec4 v0x55c3af188830_0, 0, 3;
T_1.8 ;
    %jmp T_1.6;
T_1.2 ;
    %load/vec4 v0x55c3af187550_0;
    %load/vec4 v0x55c3af187470_0;
    %pad/u 32;
    %pushi/vec4 0, 0, 32;
    %cmp/e;
    %flag_get/vec4 4;
    %and;
    %flag_set/vec4 8;
    %jmp/0xz  T_1.9, 8;
    %pushi/vec4 3, 0, 3;
    %store/vec4 v0x55c3af188830_0, 0, 3;
    %jmp T_1.10;
T_1.9 ;
    %pushi/vec4 2, 0, 3;
    %store/vec4 v0x55c3af188830_0, 0, 3;
T_1.10 ;
    %jmp T_1.6;
T_1.3 ;
    %load/vec4 v0x55c3af187610_0;
    %cmpi/e 63, 0, 6;
    %jmp/0xz  T_1.11, 4;
    %pushi/vec4 4, 0, 3;
    %store/vec4 v0x55c3af188830_0, 0, 3;
    %jmp T_1.12;
T_1.11 ;
    %pushi/vec4 3, 0, 3;
    %store/vec4 v0x55c3af188830_0, 0, 3;
T_1.12 ;
    %jmp T_1.6;
T_1.4 ;
    %pushi/vec4 4, 0, 3;
    %store/vec4 v0x55c3af188830_0, 0, 3;
    %jmp T_1.6;
T_1.6 ;
    %pop/vec4 1;
    %jmp T_1;
    .thread T_1, $push;
    .scope S_0x55c3af158190;
T_2 ;
    %wait E_0x55c3af13c920;
    %load/vec4 v0x55c3af188910_0;
    %flag_set/vec4 8;
    %jmp/0xz  T_2.0, 8;
    %pushi/vec4 0, 0, 6;
    %assign/vec4 v0x55c3af187610_0, 0;
    %jmp T_2.1;
T_2.0 ;
    %load/vec4 v0x55c3af1889d0_0;
    %cmpi/e 1, 0, 3;
    %jmp/0xz  T_2.2, 4;
    %load/vec4 v0x55c3af187610_0;
    %addi 1, 0, 6;
    %assign/vec4 v0x55c3af187610_0, 0;
    %jmp T_2.3;
T_2.2 ;
    %load/vec4 v0x55c3af1889d0_0;
    %cmpi/e 2, 0, 3;
    %jmp/0xz  T_2.4, 4;
    %pushi/vec4 0, 0, 6;
    %assign/vec4 v0x55c3af187610_0, 0;
    %jmp T_2.5;
T_2.4 ;
    %load/vec4 v0x55c3af1889d0_0;
    %cmpi/e 3, 0, 3;
    %jmp/0xz  T_2.6, 4;
    %load/vec4 v0x55c3af187610_0;
    %addi 1, 0, 6;
    %assign/vec4 v0x55c3af187610_0, 0;
T_2.6 ;
T_2.5 ;
T_2.3 ;
T_2.1 ;
    %jmp T_2;
    .thread T_2;
    .scope S_0x55c3af158190;
T_3 ;
    %wait E_0x55c3af136400;
    %load/vec4 v0x55c3af188910_0;
    %flag_set/vec4 8;
    %jmp/0xz  T_3.0, 8;
    %pushi/vec4 4, 0, 3;
    %assign/vec4 v0x55c3af188ab0_0, 0;
    %pushi/vec4 4, 0, 3;
    %assign/vec4 v0x55c3af188c70_0, 0;
T_3.0 ;
    %load/vec4 v0x55c3af1889d0_0;
    %cmpi/e 1, 0, 3;
    %jmp/0xz  T_3.2, 4;
    %load/vec4 v0x55c3af182130_0;
    %load/vec4 v0x55c3af187610_0;
    %pad/u 8;
    %ix/vec4 3;
    %ix/load 4, 0, 0; Constant delay
    %assign/vec4/a/d v0x55c3af1876f0, 0, 4;
    %jmp T_3.3;
T_3.2 ;
    %load/vec4 v0x55c3af1889d0_0;
    %cmpi/e 2, 0, 3;
    %jmp/0xz  T_3.4, 4;
    %load/vec4 v0x55c3af187470_0;
    %dup/vec4;
    %pushi/vec4 1, 0, 4;
    %cmp/u;
    %jmp/1 T_3.6, 6;
    %dup/vec4;
    %pushi/vec4 2, 0, 4;
    %cmp/u;
    %jmp/1 T_3.7, 6;
    %dup/vec4;
    %pushi/vec4 3, 0, 4;
    %cmp/u;
    %jmp/1 T_3.8, 6;
    %dup/vec4;
    %pushi/vec4 4, 0, 4;
    %cmp/u;
    %jmp/1 T_3.9, 6;
    %dup/vec4;
    %pushi/vec4 5, 0, 4;
    %cmp/u;
    %jmp/1 T_3.10, 6;
    %dup/vec4;
    %pushi/vec4 6, 0, 4;
    %cmp/u;
    %jmp/1 T_3.11, 6;
    %dup/vec4;
    %pushi/vec4 7, 0, 4;
    %cmp/u;
    %jmp/1 T_3.12, 6;
    %dup/vec4;
    %pushi/vec4 8, 0, 4;
    %cmp/u;
    %jmp/1 T_3.13, 6;
    %dup/vec4;
    %pushi/vec4 9, 0, 4;
    %cmp/u;
    %jmp/1 T_3.14, 6;
    %dup/vec4;
    %pushi/vec4 10, 0, 4;
    %cmp/u;
    %jmp/1 T_3.15, 6;
    %dup/vec4;
    %pushi/vec4 11, 0, 4;
    %cmp/u;
    %jmp/1 T_3.16, 6;
    %jmp T_3.17;
T_3.6 ;
    %pushi/vec4 1, 0, 32;
    %load/vec4 v0x55c3af188c70_0;
    %pad/u 32;
    %cmp/u;
    %jmp/0xz  T_3.18, 5;
    %load/vec4 v0x55c3af188c70_0;
    %subi 1, 0, 3;
    %assign/vec4 v0x55c3af188c70_0, 0;
T_3.18 ;
    %jmp T_3.17;
T_3.7 ;
    %load/vec4 v0x55c3af188c70_0;
    %pad/u 32;
    %cmpi/u 7, 0, 32;
    %jmp/0xz  T_3.20, 5;
    %load/vec4 v0x55c3af188c70_0;
    %addi 1, 0, 3;
    %assign/vec4 v0x55c3af188c70_0, 0;
T_3.20 ;
    %jmp T_3.17;
T_3.8 ;
    %pushi/vec4 1, 0, 32;
    %load/vec4 v0x55c3af188ab0_0;
    %pad/u 32;
    %cmp/u;
    %jmp/0xz  T_3.22, 5;
    %load/vec4 v0x55c3af188ab0_0;
    %subi 1, 0, 3;
    %assign/vec4 v0x55c3af188ab0_0, 0;
T_3.22 ;
    %jmp T_3.17;
T_3.9 ;
    %load/vec4 v0x55c3af188ab0_0;
    %pad/u 32;
    %cmpi/u 7, 0, 32;
    %jmp/0xz  T_3.24, 5;
    %load/vec4 v0x55c3af188ab0_0;
    %addi 1, 0, 3;
    %assign/vec4 v0x55c3af188ab0_0, 0;
T_3.24 ;
    %jmp T_3.17;
T_3.10 ;
    %load/vec4 v0x55c3af187bf0_0;
    %load/vec4 v0x55c3af187870_0;
    %pad/u 8;
    %ix/vec4 3;
    %ix/load 4, 0, 0; Constant delay
    %assign/vec4/a/d v0x55c3af1876f0, 0, 4;
    %load/vec4 v0x55c3af187bf0_0;
    %load/vec4 v0x55c3af187950_0;
    %pad/u 8;
    %ix/vec4 3;
    %ix/load 4, 0, 0; Constant delay
    %assign/vec4/a/d v0x55c3af1876f0, 0, 4;
    %load/vec4 v0x55c3af187bf0_0;
    %load/vec4 v0x55c3af187a30_0;
    %pad/u 8;
    %ix/vec4 3;
    %ix/load 4, 0, 0; Constant delay
    %assign/vec4/a/d v0x55c3af1876f0, 0, 4;
    %load/vec4 v0x55c3af187bf0_0;
    %load/vec4 v0x55c3af187b10_0;
    %pad/u 8;
    %ix/vec4 3;
    %ix/load 4, 0, 0; Constant delay
    %assign/vec4/a/d v0x55c3af1876f0, 0, 4;
    %jmp T_3.17;
T_3.11 ;
    %load/vec4 v0x55c3af188210_0;
    %load/vec4 v0x55c3af187870_0;
    %pad/u 8;
    %ix/vec4 3;
    %ix/load 4, 0, 0; Constant delay
    %assign/vec4/a/d v0x55c3af1876f0, 0, 4;
    %load/vec4 v0x55c3af188210_0;
    %load/vec4 v0x55c3af187950_0;
    %pad/u 8;
    %ix/vec4 3;
    %ix/load 4, 0, 0; Constant delay
    %assign/vec4/a/d v0x55c3af1876f0, 0, 4;
    %load/vec4 v0x55c3af188210_0;
    %load/vec4 v0x55c3af187a30_0;
    %pad/u 8;
    %ix/vec4 3;
    %ix/load 4, 0, 0; Constant delay
    %assign/vec4/a/d v0x55c3af1876f0, 0, 4;
    %load/vec4 v0x55c3af188210_0;
    %load/vec4 v0x55c3af187b10_0;
    %pad/u 8;
    %ix/vec4 3;
    %ix/load 4, 0, 0; Constant delay
    %assign/vec4/a/d v0x55c3af1876f0, 0, 4;
    %jmp T_3.17;
T_3.12 ;
    %load/vec4 v0x55c3af187130_0;
    %load/vec4 v0x55c3af187870_0;
    %pad/u 8;
    %ix/vec4 3;
    %ix/load 4, 0, 0; Constant delay
    %assign/vec4/a/d v0x55c3af1876f0, 0, 4;
    %load/vec4 v0x55c3af187130_0;
    %load/vec4 v0x55c3af187950_0;
    %pad/u 8;
    %ix/vec4 3;
    %ix/load 4, 0, 0; Constant delay
    %assign/vec4/a/d v0x55c3af1876f0, 0, 4;
    %load/vec4 v0x55c3af187130_0;
    %load/vec4 v0x55c3af187a30_0;
    %pad/u 8;
    %ix/vec4 3;
    %ix/load 4, 0, 0; Constant delay
    %assign/vec4/a/d v0x55c3af1876f0, 0, 4;
    %load/vec4 v0x55c3af187130_0;
    %load/vec4 v0x55c3af187b10_0;
    %pad/u 8;
    %ix/vec4 3;
    %ix/load 4, 0, 0; Constant delay
    %assign/vec4/a/d v0x55c3af1876f0, 0, 4;
    %jmp T_3.17;
T_3.13 ;
    %load/vec4 v0x55c3af187950_0;
    %pad/u 8;
    %ix/vec4 4;
    %load/vec4a v0x55c3af1876f0, 4;
    %load/vec4 v0x55c3af187870_0;
    %pad/u 8;
    %ix/vec4 3;
    %ix/load 4, 0, 0; Constant delay
    %assign/vec4/a/d v0x55c3af1876f0, 0, 4;
    %load/vec4 v0x55c3af187b10_0;
    %pad/u 8;
    %ix/vec4 4;
    %load/vec4a v0x55c3af1876f0, 4;
    %load/vec4 v0x55c3af187950_0;
    %pad/u 8;
    %ix/vec4 3;
    %ix/load 4, 0, 0; Constant delay
    %assign/vec4/a/d v0x55c3af1876f0, 0, 4;
    %load/vec4 v0x55c3af187870_0;
    %pad/u 8;
    %ix/vec4 4;
    %load/vec4a v0x55c3af1876f0, 4;
    %load/vec4 v0x55c3af187a30_0;
    %pad/u 8;
    %ix/vec4 3;
    %ix/load 4, 0, 0; Constant delay
    %assign/vec4/a/d v0x55c3af1876f0, 0, 4;
    %load/vec4 v0x55c3af187a30_0;
    %pad/u 8;
    %ix/vec4 4;
    %load/vec4a v0x55c3af1876f0, 4;
    %load/vec4 v0x55c3af187b10_0;
    %pad/u 8;
    %ix/vec4 3;
    %ix/load 4, 0, 0; Constant delay
    %assign/vec4/a/d v0x55c3af1876f0, 0, 4;
    %jmp T_3.17;
T_3.14 ;
    %load/vec4 v0x55c3af187a30_0;
    %pad/u 8;
    %ix/vec4 4;
    %load/vec4a v0x55c3af1876f0, 4;
    %load/vec4 v0x55c3af187870_0;
    %pad/u 8;
    %ix/vec4 3;
    %ix/load 4, 0, 0; Constant delay
    %assign/vec4/a/d v0x55c3af1876f0, 0, 4;
    %load/vec4 v0x55c3af187870_0;
    %pad/u 8;
    %ix/vec4 4;
    %load/vec4a v0x55c3af1876f0, 4;
    %load/vec4 v0x55c3af187950_0;
    %pad/u 8;
    %ix/vec4 3;
    %ix/load 4, 0, 0; Constant delay
    %assign/vec4/a/d v0x55c3af1876f0, 0, 4;
    %load/vec4 v0x55c3af187b10_0;
    %pad/u 8;
    %ix/vec4 4;
    %load/vec4a v0x55c3af1876f0, 4;
    %load/vec4 v0x55c3af187a30_0;
    %pad/u 8;
    %ix/vec4 3;
    %ix/load 4, 0, 0; Constant delay
    %assign/vec4/a/d v0x55c3af1876f0, 0, 4;
    %load/vec4 v0x55c3af187950_0;
    %pad/u 8;
    %ix/vec4 4;
    %load/vec4a v0x55c3af1876f0, 4;
    %load/vec4 v0x55c3af187b10_0;
    %pad/u 8;
    %ix/vec4 3;
    %ix/load 4, 0, 0; Constant delay
    %assign/vec4/a/d v0x55c3af1876f0, 0, 4;
    %jmp T_3.17;
T_3.15 ;
    %load/vec4 v0x55c3af187a30_0;
    %pad/u 8;
    %ix/vec4 4;
    %load/vec4a v0x55c3af1876f0, 4;
    %load/vec4 v0x55c3af187870_0;
    %pad/u 8;
    %ix/vec4 3;
    %ix/load 4, 0, 0; Constant delay
    %assign/vec4/a/d v0x55c3af1876f0, 0, 4;
    %load/vec4 v0x55c3af187b10_0;
    %pad/u 8;
    %ix/vec4 4;
    %load/vec4a v0x55c3af1876f0, 4;
    %load/vec4 v0x55c3af187950_0;
    %pad/u 8;
    %ix/vec4 3;
    %ix/load 4, 0, 0; Constant delay
    %assign/vec4/a/d v0x55c3af1876f0, 0, 4;
    %load/vec4 v0x55c3af187870_0;
    %pad/u 8;
    %ix/vec4 4;
    %load/vec4a v0x55c3af1876f0, 4;
    %load/vec4 v0x55c3af187a30_0;
    %pad/u 8;
    %ix/vec4 3;
    %ix/load 4, 0, 0; Constant delay
    %assign/vec4/a/d v0x55c3af1876f0, 0, 4;
    %load/vec4 v0x55c3af187950_0;
    %pad/u 8;
    %ix/vec4 4;
    %load/vec4a v0x55c3af1876f0, 4;
    %load/vec4 v0x55c3af187b10_0;
    %pad/u 8;
    %ix/vec4 3;
    %ix/load 4, 0, 0; Constant delay
    %assign/vec4/a/d v0x55c3af1876f0, 0, 4;
    %jmp T_3.17;
T_3.16 ;
    %load/vec4 v0x55c3af187950_0;
    %pad/u 8;
    %ix/vec4 4;
    %load/vec4a v0x55c3af1876f0, 4;
    %load/vec4 v0x55c3af187870_0;
    %pad/u 8;
    %ix/vec4 3;
    %ix/load 4, 0, 0; Constant delay
    %assign/vec4/a/d v0x55c3af1876f0, 0, 4;
    %load/vec4 v0x55c3af187870_0;
    %pad/u 8;
    %ix/vec4 4;
    %load/vec4a v0x55c3af1876f0, 4;
    %load/vec4 v0x55c3af187950_0;
    %pad/u 8;
    %ix/vec4 3;
    %ix/load 4, 0, 0; Constant delay
    %assign/vec4/a/d v0x55c3af1876f0, 0, 4;
    %load/vec4 v0x55c3af187b10_0;
    %pad/u 8;
    %ix/vec4 4;
    %load/vec4a v0x55c3af1876f0, 4;
    %load/vec4 v0x55c3af187a30_0;
    %pad/u 8;
    %ix/vec4 3;
    %ix/load 4, 0, 0; Constant delay
    %assign/vec4/a/d v0x55c3af1876f0, 0, 4;
    %load/vec4 v0x55c3af187a30_0;
    %pad/u 8;
    %ix/vec4 4;
    %load/vec4a v0x55c3af1876f0, 4;
    %load/vec4 v0x55c3af187b10_0;
    %pad/u 8;
    %ix/vec4 3;
    %ix/load 4, 0, 0; Constant delay
    %assign/vec4/a/d v0x55c3af1876f0, 0, 4;
    %jmp T_3.17;
T_3.17 ;
    %pop/vec4 1;
T_3.4 ;
T_3.3 ;
    %jmp T_3;
    .thread T_3;
# The file index is used to find the file name in the following table.
:file_names 3;
    "N/A";
    "<interactive>";
    "LCD_CTRL.v";
