#! /usr/bin/vvp
:ivl_version "10.3 (stable)";
:ivl_delay_selection "TYPICAL";
:vpi_time_precision - 11;
:vpi_module "system";
:vpi_module "vhdl_sys";
:vpi_module "v2005_math";
:vpi_module "va_math";
S_0x56190f3780c0 .scope module, "LBP" "LBP" 2 3;
 .timescale -9 -11;
    .port_info 0 /INPUT 1 "clk"
    .port_info 1 /INPUT 1 "reset"
    .port_info 2 /OUTPUT 14 "gray_addr"
    .port_info 3 /OUTPUT 1 "gray_req"
    .port_info 4 /INPUT 1 "gray_ready"
    .port_info 5 /INPUT 8 "gray_data"
    .port_info 6 /OUTPUT 14 "lbp_addr"
    .port_info 7 /OUTPUT 1 "lbp_valid"
    .port_info 8 /OUTPUT 8 "lbp_data"
    .port_info 9 /OUTPUT 1 "finish"
P_0x56190f378240 .param/l "FINISH" 0 2 28, C4<0101>;
P_0x56190f378280 .param/l "IDLE" 0 2 25, C4<0000>;
P_0x56190f3782c0 .param/l "READ" 0 2 26, C4<0001>;
P_0x56190f378300 .param/l "WRITE" 0 2 27, C4<0010>;
v0x56190f356a90 .array "buff", 7 0, 0 0;
o0x7fea05bed198 .functor BUFZ 1, C4<z>; HiZ drive
v0x56190f356b90_0 .net "clk", 0 0, o0x7fea05bed198;  0 drivers
v0x56190f369ac0_0 .var "col", 6 0;
v0x56190f369b60_0 .var "counterRead", 3 0;
v0x56190f36d8e0 .array "data", 8 0, 7 0;
v0x56190f36d980_0 .var "finish", 0 0;
v0x56190f374ea0_0 .var "gray_addr", 13 0;
o0x7fea05bed288 .functor BUFZ 8, C4<zzzzzzzz>; HiZ drive
v0x56190f3b3b60_0 .net "gray_data", 7 0, o0x7fea05bed288;  0 drivers
o0x7fea05bed2b8 .functor BUFZ 1, C4<z>; HiZ drive
v0x56190f3b3c40_0 .net "gray_ready", 0 0, o0x7fea05bed2b8;  0 drivers
v0x56190f3b3d00_0 .var "gray_req", 0 0;
v0x56190f3b3dc0_0 .net "lbp_addr", 13 0, L_0x56190f3b45f0;  1 drivers
v0x56190f3b3ea0_0 .var "lbp_data", 7 0;
v0x56190f3b3f80_0 .var "lbp_valid", 0 0;
v0x56190f3b4040_0 .var "next_state", 2 0;
o0x7fea05bed3d8 .functor BUFZ 1, C4<z>; HiZ drive
v0x56190f3b4120_0 .net "reset", 0 0, o0x7fea05bed3d8;  0 drivers
v0x56190f3b41e0_0 .var "row", 6 0;
v0x56190f3b42c0_0 .var "state", 2 0;
E_0x56190f379d30 .event edge, v0x56190f3b42c0_0;
v0x56190f356a90_0 .array/port v0x56190f356a90, 0;
v0x56190f356a90_1 .array/port v0x56190f356a90, 1;
v0x56190f356a90_2 .array/port v0x56190f356a90, 2;
E_0x56190f37a010/0 .event edge, v0x56190f3b42c0_0, v0x56190f356a90_0, v0x56190f356a90_1, v0x56190f356a90_2;
v0x56190f356a90_3 .array/port v0x56190f356a90, 3;
v0x56190f356a90_4 .array/port v0x56190f356a90, 4;
v0x56190f356a90_5 .array/port v0x56190f356a90, 5;
v0x56190f356a90_6 .array/port v0x56190f356a90, 6;
E_0x56190f37a010/1 .event edge, v0x56190f356a90_3, v0x56190f356a90_4, v0x56190f356a90_5, v0x56190f356a90_6;
v0x56190f356a90_7 .array/port v0x56190f356a90, 7;
E_0x56190f37a010/2 .event edge, v0x56190f356a90_7;
E_0x56190f37a010 .event/or E_0x56190f37a010/0, E_0x56190f37a010/1, E_0x56190f37a010/2;
E_0x56190f378950 .event posedge, v0x56190f3b4120_0, v0x56190f356b90_0;
E_0x56190f37a740 .event posedge, v0x56190f356b90_0;
E_0x56190f379be0/0 .event edge, v0x56190f3b4120_0, v0x56190f3b42c0_0, v0x56190f3b3c40_0, v0x56190f369b60_0;
E_0x56190f379be0/1 .event edge, v0x56190f369ac0_0, v0x56190f3b41e0_0;
E_0x56190f379be0 .event/or E_0x56190f379be0/0, E_0x56190f379be0/1;
L_0x56190f3b45f0 .concat [ 7 7 0 0], v0x56190f369ac0_0, v0x56190f3b41e0_0;
    .scope S_0x56190f3780c0;
T_0 ;
    %wait E_0x56190f378950;
    %load/vec4 v0x56190f3b4120_0;
    %flag_set/vec4 8;
    %jmp/0xz  T_0.0, 8;
    %pushi/vec4 0, 0, 3;
    %assign/vec4 v0x56190f3b42c0_0, 0;
    %jmp T_0.1;
T_0.0 ;
    %load/vec4 v0x56190f3b4040_0;
    %assign/vec4 v0x56190f3b42c0_0, 0;
T_0.1 ;
    %jmp T_0;
    .thread T_0;
    .scope S_0x56190f3780c0;
T_1 ;
    %wait E_0x56190f379be0;
    %load/vec4 v0x56190f3b4120_0;
    %flag_set/vec4 8;
    %jmp/0xz  T_1.0, 8;
    %pushi/vec4 0, 0, 3;
    %store/vec4 v0x56190f3b4040_0, 0, 3;
    %jmp T_1.1;
T_1.0 ;
    %load/vec4 v0x56190f3b42c0_0;
    %dup/vec4;
    %pushi/vec4 0, 0, 3;
    %cmp/u;
    %jmp/1 T_1.2, 6;
    %dup/vec4;
    %pushi/vec4 1, 0, 3;
    %cmp/u;
    %jmp/1 T_1.3, 6;
    %dup/vec4;
    %pushi/vec4 2, 0, 3;
    %cmp/u;
    %jmp/1 T_1.4, 6;
    %dup/vec4;
    %pushi/vec4 5, 0, 3;
    %cmp/u;
    %jmp/1 T_1.5, 6;
    %pushi/vec4 0, 0, 3;
    %store/vec4 v0x56190f3b4040_0, 0, 3;
    %jmp T_1.7;
T_1.2 ;
    %load/vec4 v0x56190f3b3c40_0;
    %pad/u 32;
    %cmpi/e 1, 0, 32;
    %jmp/0xz  T_1.8, 4;
    %pushi/vec4 1, 0, 3;
    %store/vec4 v0x56190f3b4040_0, 0, 3;
    %jmp T_1.9;
T_1.8 ;
    %pushi/vec4 0, 0, 3;
    %store/vec4 v0x56190f3b4040_0, 0, 3;
T_1.9 ;
    %jmp T_1.7;
T_1.3 ;
    %load/vec4 v0x56190f369b60_0;
    %pad/u 32;
    %pushi/vec4 10, 0, 32;
    %cmp/e;
    %flag_get/vec4 4;
    %load/vec4 v0x56190f369ac0_0;
    %pad/u 32;
    %pushi/vec4 1, 0, 32;
    %cmp/e;
    %flag_get/vec4 4;
    %and;
    %flag_set/vec4 8;
    %load/vec4 v0x56190f369b60_0;
    %pad/u 32;
    %pushi/vec4 4, 0, 32;
    %cmp/e;
    %flag_get/vec4 4;
    %load/vec4 v0x56190f369ac0_0;
    %pad/u 32;
    %pushi/vec4 1, 0, 32;
    %cmp/e;
    %flag_get/vec4 4;
    %inv;
    %and;
    %flag_set/vec4 9;
    %flag_or 9, 8;
    %jmp/0xz  T_1.10, 9;
    %pushi/vec4 2, 0, 3;
    %store/vec4 v0x56190f3b4040_0, 0, 3;
    %jmp T_1.11;
T_1.10 ;
    %pushi/vec4 1, 0, 3;
    %store/vec4 v0x56190f3b4040_0, 0, 3;
T_1.11 ;
    %jmp T_1.7;
T_1.4 ;
    %load/vec4 v0x56190f369ac0_0;
    %pad/u 32;
    %pushi/vec4 126, 0, 32;
    %cmp/e;
    %flag_get/vec4 4;
    %load/vec4 v0x56190f3b41e0_0;
    %pad/u 32;
    %pushi/vec4 126, 0, 32;
    %cmp/e;
    %flag_get/vec4 4;
    %and;
    %flag_set/vec4 8;
    %jmp/0xz  T_1.12, 8;
    %pushi/vec4 5, 0, 3;
    %store/vec4 v0x56190f3b4040_0, 0, 3;
    %jmp T_1.13;
T_1.12 ;
    %pushi/vec4 1, 0, 3;
    %store/vec4 v0x56190f3b4040_0, 0, 3;
T_1.13 ;
    %jmp T_1.7;
T_1.5 ;
    %pushi/vec4 5, 0, 3;
    %store/vec4 v0x56190f3b4040_0, 0, 3;
    %jmp T_1.7;
T_1.7 ;
    %pop/vec4 1;
T_1.1 ;
    %jmp T_1;
    .thread T_1, $push;
    .scope S_0x56190f3780c0;
T_2 ;
    %wait E_0x56190f378950;
    %load/vec4 v0x56190f3b4120_0;
    %flag_set/vec4 8;
    %jmp/0xz  T_2.0, 8;
    %pushi/vec4 129, 0, 14;
    %split/vec4 7;
    %assign/vec4 v0x56190f369ac0_0, 0;
    %assign/vec4 v0x56190f3b41e0_0, 0;
    %jmp T_2.1;
T_2.0 ;
    %load/vec4 v0x56190f3b42c0_0;
    %pad/u 4;
    %cmpi/e 2, 0, 4;
    %jmp/0xz  T_2.2, 4;
    %load/vec4 v0x56190f369ac0_0;
    %pad/u 32;
    %cmpi/e 126, 0, 32;
    %jmp/0xz  T_2.4, 4;
    %pushi/vec4 1, 0, 7;
    %assign/vec4 v0x56190f369ac0_0, 0;
    %load/vec4 v0x56190f3b41e0_0;
    %addi 1, 0, 7;
    %assign/vec4 v0x56190f3b41e0_0, 0;
    %jmp T_2.5;
T_2.4 ;
    %load/vec4 v0x56190f369ac0_0;
    %addi 1, 0, 7;
    %assign/vec4 v0x56190f369ac0_0, 0;
T_2.5 ;
T_2.2 ;
T_2.1 ;
    %jmp T_2;
    .thread T_2;
    .scope S_0x56190f3780c0;
T_3 ;
    %wait E_0x56190f378950;
    %load/vec4 v0x56190f3b4120_0;
    %flag_set/vec4 8;
    %jmp/0xz  T_3.0, 8;
    %pushi/vec4 0, 0, 14;
    %assign/vec4 v0x56190f374ea0_0, 0;
    %pushi/vec4 0, 0, 4;
    %assign/vec4 v0x56190f369b60_0, 0;
    %jmp T_3.1;
T_3.0 ;
    %load/vec4 v0x56190f3b42c0_0;
    %pad/u 4;
    %pushi/vec4 1, 0, 4;
    %cmp/e;
    %flag_get/vec4 4;
    %load/vec4 v0x56190f369ac0_0;
    %pad/u 32;
    %pushi/vec4 1, 0, 32;
    %cmp/e;
    %flag_get/vec4 4;
    %and;
    %flag_set/vec4 8;
    %jmp/0xz  T_3.2, 8;
    %load/vec4 v0x56190f369b60_0;
    %dup/vec4;
    %pushi/vec4 1, 0, 4;
    %cmp/u;
    %jmp/1 T_3.4, 6;
    %dup/vec4;
    %pushi/vec4 2, 0, 4;
    %cmp/u;
    %jmp/1 T_3.5, 6;
    %dup/vec4;
    %pushi/vec4 3, 0, 4;
    %cmp/u;
    %jmp/1 T_3.6, 6;
    %dup/vec4;
    %pushi/vec4 4, 0, 4;
    %cmp/u;
    %jmp/1 T_3.7, 6;
    %dup/vec4;
    %pushi/vec4 5, 0, 4;
    %cmp/u;
    %jmp/1 T_3.8, 6;
    %dup/vec4;
    %pushi/vec4 6, 0, 4;
    %cmp/u;
    %jmp/1 T_3.9, 6;
    %dup/vec4;
    %pushi/vec4 7, 0, 4;
    %cmp/u;
    %jmp/1 T_3.10, 6;
    %dup/vec4;
    %pushi/vec4 8, 0, 4;
    %cmp/u;
    %jmp/1 T_3.11, 6;
    %dup/vec4;
    %pushi/vec4 9, 0, 4;
    %cmp/u;
    %jmp/1 T_3.12, 6;
    %pushi/vec4 0, 0, 14;
    %assign/vec4 v0x56190f374ea0_0, 0;
    %jmp T_3.14;
T_3.4 ;
    %load/vec4 v0x56190f3b41e0_0;
    %load/vec4 v0x56190f369ac0_0;
    %concat/vec4; draw_concat_vec4
    %assign/vec4 v0x56190f374ea0_0, 0;
    %jmp T_3.14;
T_3.5 ;
    %load/vec4 v0x56190f3b41e0_0;
    %subi 1, 0, 7;
    %load/vec4 v0x56190f369ac0_0;
    %subi 1, 0, 7;
    %concat/vec4; draw_concat_vec4
    %assign/vec4 v0x56190f374ea0_0, 0;
    %jmp T_3.14;
T_3.6 ;
    %load/vec4 v0x56190f3b41e0_0;
    %subi 1, 0, 7;
    %load/vec4 v0x56190f369ac0_0;
    %concat/vec4; draw_concat_vec4
    %assign/vec4 v0x56190f374ea0_0, 0;
    %jmp T_3.14;
T_3.7 ;
    %load/vec4 v0x56190f3b41e0_0;
    %subi 1, 0, 7;
    %load/vec4 v0x56190f369ac0_0;
    %addi 1, 0, 7;
    %concat/vec4; draw_concat_vec4
    %assign/vec4 v0x56190f374ea0_0, 0;
    %jmp T_3.14;
T_3.8 ;
    %load/vec4 v0x56190f3b41e0_0;
    %load/vec4 v0x56190f369ac0_0;
    %subi 1, 0, 7;
    %concat/vec4; draw_concat_vec4
    %assign/vec4 v0x56190f374ea0_0, 0;
    %jmp T_3.14;
T_3.9 ;
    %load/vec4 v0x56190f3b41e0_0;
    %load/vec4 v0x56190f369ac0_0;
    %addi 1, 0, 7;
    %concat/vec4; draw_concat_vec4
    %assign/vec4 v0x56190f374ea0_0, 0;
    %jmp T_3.14;
T_3.10 ;
    %load/vec4 v0x56190f3b41e0_0;
    %addi 1, 0, 7;
    %load/vec4 v0x56190f369ac0_0;
    %subi 1, 0, 7;
    %concat/vec4; draw_concat_vec4
    %assign/vec4 v0x56190f374ea0_0, 0;
    %jmp T_3.14;
T_3.11 ;
    %load/vec4 v0x56190f3b41e0_0;
    %addi 1, 0, 7;
    %load/vec4 v0x56190f369ac0_0;
    %concat/vec4; draw_concat_vec4
    %assign/vec4 v0x56190f374ea0_0, 0;
    %jmp T_3.14;
T_3.12 ;
    %load/vec4 v0x56190f3b41e0_0;
    %addi 1, 0, 7;
    %load/vec4 v0x56190f369ac0_0;
    %addi 1, 0, 7;
    %concat/vec4; draw_concat_vec4
    %assign/vec4 v0x56190f374ea0_0, 0;
    %jmp T_3.14;
T_3.14 ;
    %pop/vec4 1;
    %load/vec4 v0x56190f369b60_0;
    %addi 1, 0, 4;
    %assign/vec4 v0x56190f369b60_0, 0;
    %load/vec4 v0x56190f369b60_0;
    %cmpi/e 10, 0, 4;
    %jmp/0xz  T_3.15, 4;
    %pushi/vec4 0, 0, 4;
    %assign/vec4 v0x56190f369b60_0, 0;
T_3.15 ;
    %jmp T_3.3;
T_3.2 ;
    %load/vec4 v0x56190f3b42c0_0;
    %pad/u 4;
    %pushi/vec4 1, 0, 4;
    %cmp/e;
    %flag_get/vec4 4;
    %load/vec4 v0x56190f369ac0_0;
    %pad/u 32;
    %pushi/vec4 1, 0, 32;
    %cmp/e;
    %flag_get/vec4 4;
    %inv;
    %and;
    %flag_set/vec4 8;
    %jmp/0xz  T_3.17, 8;
    %load/vec4 v0x56190f369b60_0;
    %dup/vec4;
    %pushi/vec4 1, 0, 4;
    %cmp/u;
    %jmp/1 T_3.19, 6;
    %dup/vec4;
    %pushi/vec4 2, 0, 4;
    %cmp/u;
    %jmp/1 T_3.20, 6;
    %dup/vec4;
    %pushi/vec4 3, 0, 4;
    %cmp/u;
    %jmp/1 T_3.21, 6;
    %pushi/vec4 0, 0, 14;
    %assign/vec4 v0x56190f374ea0_0, 0;
    %jmp T_3.23;
T_3.19 ;
    %load/vec4 v0x56190f3b41e0_0;
    %subi 1, 0, 7;
    %load/vec4 v0x56190f369ac0_0;
    %addi 1, 0, 7;
    %concat/vec4; draw_concat_vec4
    %assign/vec4 v0x56190f374ea0_0, 0;
    %jmp T_3.23;
T_3.20 ;
    %load/vec4 v0x56190f3b41e0_0;
    %load/vec4 v0x56190f369ac0_0;
    %addi 1, 0, 7;
    %concat/vec4; draw_concat_vec4
    %assign/vec4 v0x56190f374ea0_0, 0;
    %jmp T_3.23;
T_3.21 ;
    %load/vec4 v0x56190f3b41e0_0;
    %addi 1, 0, 7;
    %load/vec4 v0x56190f369ac0_0;
    %addi 1, 0, 7;
    %concat/vec4; draw_concat_vec4
    %assign/vec4 v0x56190f374ea0_0, 0;
    %jmp T_3.23;
T_3.23 ;
    %pop/vec4 1;
    %load/vec4 v0x56190f369b60_0;
    %addi 1, 0, 4;
    %assign/vec4 v0x56190f369b60_0, 0;
    %load/vec4 v0x56190f369b60_0;
    %cmpi/e 4, 0, 4;
    %jmp/0xz  T_3.24, 4;
    %pushi/vec4 0, 0, 4;
    %assign/vec4 v0x56190f369b60_0, 0;
T_3.24 ;
T_3.17 ;
T_3.3 ;
T_3.1 ;
    %jmp T_3;
    .thread T_3;
    .scope S_0x56190f3780c0;
T_4 ;
    %wait E_0x56190f37a740;
    %load/vec4 v0x56190f369ac0_0;
    %pad/u 32;
    %cmpi/e 1, 0, 32;
    %jmp/0xz  T_4.0, 4;
    %load/vec4 v0x56190f369b60_0;
    %pad/u 32;
    %cmpi/e 2, 0, 32;
    %jmp/0xz  T_4.2, 4;
    %load/vec4 v0x56190f3b3b60_0;
    %ix/load 3, 8, 0;
    %flag_set/imm 4, 0;
    %ix/load 4, 0, 0; Constant delay
    %assign/vec4/a/d v0x56190f36d8e0, 0, 4;
    %jmp T_4.3;
T_4.2 ;
    %pushi/vec4 2, 0, 32;
    %load/vec4 v0x56190f369b60_0;
    %pad/u 32;
    %cmp/u;
    %flag_get/vec4 5;
    %load/vec4 v0x56190f369b60_0;
    %pad/u 32;
    %cmpi/u 11, 0, 32;
    %flag_get/vec4 5;
    %and;
    %flag_set/vec4 8;
    %jmp/0xz  T_4.4, 8;
    %load/vec4 v0x56190f3b3b60_0;
    %ix/load 4, 8, 0;
    %flag_set/imm 4, 0;
    %load/vec4a v0x56190f36d8e0, 4;
    %cmp/u;
    %flag_mov 8, 5;
    %jmp/0 T_4.6, 8;
    %pushi/vec4 0, 0, 2;
    %jmp/1 T_4.7, 8;
T_4.6 ; End of true expr.
    %pushi/vec4 1, 0, 2;
    %jmp/0 T_4.7, 8;
 ; End of false expr.
    %blend;
T_4.7;
    %pad/s 1;
    %load/vec4 v0x56190f369b60_0;
    %pad/u 33;
    %subi 3, 0, 33;
    %ix/vec4 3;
    %ix/load 4, 0, 0; Constant delay
    %assign/vec4/a/d v0x56190f356a90, 0, 4;
    %load/vec4 v0x56190f3b3b60_0;
    %load/vec4 v0x56190f369b60_0;
    %pad/u 33;
    %subi 3, 0, 33;
    %ix/vec4 3;
    %ix/load 4, 0, 0; Constant delay
    %assign/vec4/a/d v0x56190f36d8e0, 0, 4;
T_4.4 ;
T_4.3 ;
    %jmp T_4.1;
T_4.0 ;
    %load/vec4 v0x56190f369b60_0;
    %dup/vec4;
    %pushi/vec4 1, 0, 4;
    %cmp/u;
    %jmp/1 T_4.8, 6;
    %dup/vec4;
    %pushi/vec4 2, 0, 4;
    %cmp/u;
    %jmp/1 T_4.9, 6;
    %dup/vec4;
    %pushi/vec4 3, 0, 4;
    %cmp/u;
    %jmp/1 T_4.10, 6;
    %dup/vec4;
    %pushi/vec4 4, 0, 4;
    %cmp/u;
    %jmp/1 T_4.11, 6;
    %jmp T_4.12;
T_4.8 ;
    %ix/load 4, 1, 0;
    %flag_set/imm 4, 0;
    %load/vec4a v0x56190f36d8e0, 4;
    %ix/load 3, 0, 0;
    %flag_set/imm 4, 0;
    %ix/load 4, 0, 0; Constant delay
    %assign/vec4/a/d v0x56190f36d8e0, 0, 4;
    %ix/load 4, 8, 0;
    %flag_set/imm 4, 0;
    %load/vec4a v0x56190f36d8e0, 4;
    %ix/load 3, 3, 0;
    %flag_set/imm 4, 0;
    %ix/load 4, 0, 0; Constant delay
    %assign/vec4/a/d v0x56190f36d8e0, 0, 4;
    %ix/load 4, 6, 0;
    %flag_set/imm 4, 0;
    %load/vec4a v0x56190f36d8e0, 4;
    %ix/load 3, 5, 0;
    %flag_set/imm 4, 0;
    %ix/load 4, 0, 0; Constant delay
    %assign/vec4/a/d v0x56190f36d8e0, 0, 4;
    %ix/load 4, 2, 0;
    %flag_set/imm 4, 0;
    %load/vec4a v0x56190f36d8e0, 4;
    %ix/load 3, 1, 0;
    %flag_set/imm 4, 0;
    %ix/load 4, 0, 0; Constant delay
    %assign/vec4/a/d v0x56190f36d8e0, 0, 4;
    %ix/load 4, 4, 0;
    %flag_set/imm 4, 0;
    %load/vec4a v0x56190f36d8e0, 4;
    %ix/load 3, 8, 0;
    %flag_set/imm 4, 0;
    %ix/load 4, 0, 0; Constant delay
    %assign/vec4/a/d v0x56190f36d8e0, 0, 4;
    %ix/load 4, 7, 0;
    %flag_set/imm 4, 0;
    %load/vec4a v0x56190f36d8e0, 4;
    %ix/load 3, 6, 0;
    %flag_set/imm 4, 0;
    %ix/load 4, 0, 0; Constant delay
    %assign/vec4/a/d v0x56190f36d8e0, 0, 4;
    %ix/load 4, 1, 0;
    %flag_set/imm 4, 0;
    %load/vec4a v0x56190f36d8e0, 4;
    %ix/load 4, 4, 0;
    %flag_set/imm 4, 0;
    %load/vec4a v0x56190f36d8e0, 4;
    %cmp/u;
    %flag_mov 8, 5;
    %jmp/0 T_4.13, 8;
    %pushi/vec4 0, 0, 2;
    %jmp/1 T_4.14, 8;
T_4.13 ; End of true expr.
    %pushi/vec4 1, 0, 2;
    %jmp/0 T_4.14, 8;
 ; End of false expr.
    %blend;
T_4.14;
    %pad/s 1;
    %ix/load 3, 0, 0;
    %flag_set/imm 4, 0;
    %ix/load 4, 0, 0; Constant delay
    %assign/vec4/a/d v0x56190f356a90, 0, 4;
    %ix/load 4, 2, 0;
    %flag_set/imm 4, 0;
    %load/vec4a v0x56190f36d8e0, 4;
    %ix/load 4, 4, 0;
    %flag_set/imm 4, 0;
    %load/vec4a v0x56190f36d8e0, 4;
    %cmp/u;
    %flag_mov 8, 5;
    %jmp/0 T_4.15, 8;
    %pushi/vec4 0, 0, 2;
    %jmp/1 T_4.16, 8;
T_4.15 ; End of true expr.
    %pushi/vec4 1, 0, 2;
    %jmp/0 T_4.16, 8;
 ; End of false expr.
    %blend;
T_4.16;
    %pad/s 1;
    %ix/load 3, 1, 0;
    %flag_set/imm 4, 0;
    %ix/load 4, 0, 0; Constant delay
    %assign/vec4/a/d v0x56190f356a90, 0, 4;
    %ix/load 4, 8, 0;
    %flag_set/imm 4, 0;
    %load/vec4a v0x56190f36d8e0, 4;
    %ix/load 4, 4, 0;
    %flag_set/imm 4, 0;
    %load/vec4a v0x56190f36d8e0, 4;
    %cmp/u;
    %flag_mov 8, 5;
    %jmp/0 T_4.17, 8;
    %pushi/vec4 0, 0, 2;
    %jmp/1 T_4.18, 8;
T_4.17 ; End of true expr.
    %pushi/vec4 1, 0, 2;
    %jmp/0 T_4.18, 8;
 ; End of false expr.
    %blend;
T_4.18;
    %pad/s 1;
    %ix/load 3, 3, 0;
    %flag_set/imm 4, 0;
    %ix/load 4, 0, 0; Constant delay
    %assign/vec4/a/d v0x56190f356a90, 0, 4;
    %ix/load 4, 6, 0;
    %flag_set/imm 4, 0;
    %load/vec4a v0x56190f36d8e0, 4;
    %ix/load 4, 4, 0;
    %flag_set/imm 4, 0;
    %load/vec4a v0x56190f36d8e0, 4;
    %cmp/u;
    %flag_mov 8, 5;
    %jmp/0 T_4.19, 8;
    %pushi/vec4 0, 0, 2;
    %jmp/1 T_4.20, 8;
T_4.19 ; End of true expr.
    %pushi/vec4 1, 0, 2;
    %jmp/0 T_4.20, 8;
 ; End of false expr.
    %blend;
T_4.20;
    %pad/s 1;
    %ix/load 3, 5, 0;
    %flag_set/imm 4, 0;
    %ix/load 4, 0, 0; Constant delay
    %assign/vec4/a/d v0x56190f356a90, 0, 4;
    %ix/load 4, 7, 0;
    %flag_set/imm 4, 0;
    %load/vec4a v0x56190f36d8e0, 4;
    %ix/load 4, 4, 0;
    %flag_set/imm 4, 0;
    %load/vec4a v0x56190f36d8e0, 4;
    %cmp/u;
    %flag_mov 8, 5;
    %jmp/0 T_4.21, 8;
    %pushi/vec4 0, 0, 2;
    %jmp/1 T_4.22, 8;
T_4.21 ; End of true expr.
    %pushi/vec4 1, 0, 2;
    %jmp/0 T_4.22, 8;
 ; End of false expr.
    %blend;
T_4.22;
    %pad/s 1;
    %ix/load 3, 6, 0;
    %flag_set/imm 4, 0;
    %ix/load 4, 0, 0; Constant delay
    %assign/vec4/a/d v0x56190f356a90, 0, 4;
    %jmp T_4.12;
T_4.9 ;
    %load/vec4 v0x56190f3b3b60_0;
    %ix/load 4, 8, 0;
    %flag_set/imm 4, 0;
    %load/vec4a v0x56190f36d8e0, 4;
    %cmp/u;
    %flag_mov 8, 5;
    %jmp/0 T_4.23, 8;
    %pushi/vec4 0, 0, 2;
    %jmp/1 T_4.24, 8;
T_4.23 ; End of true expr.
    %pushi/vec4 1, 0, 2;
    %jmp/0 T_4.24, 8;
 ; End of false expr.
    %blend;
T_4.24;
    %pad/s 1;
    %ix/load 3, 2, 0;
    %flag_set/imm 4, 0;
    %ix/load 4, 0, 0; Constant delay
    %assign/vec4/a/d v0x56190f356a90, 0, 4;
    %load/vec4 v0x56190f3b3b60_0;
    %ix/load 3, 2, 0;
    %flag_set/imm 4, 0;
    %ix/load 4, 0, 0; Constant delay
    %assign/vec4/a/d v0x56190f36d8e0, 0, 4;
    %jmp T_4.12;
T_4.10 ;
    %load/vec4 v0x56190f3b3b60_0;
    %ix/load 4, 8, 0;
    %flag_set/imm 4, 0;
    %load/vec4a v0x56190f36d8e0, 4;
    %cmp/u;
    %flag_mov 8, 5;
    %jmp/0 T_4.25, 8;
    %pushi/vec4 0, 0, 2;
    %jmp/1 T_4.26, 8;
T_4.25 ; End of true expr.
    %pushi/vec4 1, 0, 2;
    %jmp/0 T_4.26, 8;
 ; End of false expr.
    %blend;
T_4.26;
    %pad/s 1;
    %ix/load 3, 4, 0;
    %flag_set/imm 4, 0;
    %ix/load 4, 0, 0; Constant delay
    %assign/vec4/a/d v0x56190f356a90, 0, 4;
    %load/vec4 v0x56190f3b3b60_0;
    %ix/load 3, 4, 0;
    %flag_set/imm 4, 0;
    %ix/load 4, 0, 0; Constant delay
    %assign/vec4/a/d v0x56190f36d8e0, 0, 4;
    %jmp T_4.12;
T_4.11 ;
    %load/vec4 v0x56190f3b3b60_0;
    %ix/load 4, 8, 0;
    %flag_set/imm 4, 0;
    %load/vec4a v0x56190f36d8e0, 4;
    %cmp/u;
    %flag_mov 8, 5;
    %jmp/0 T_4.27, 8;
    %pushi/vec4 0, 0, 2;
    %jmp/1 T_4.28, 8;
T_4.27 ; End of true expr.
    %pushi/vec4 1, 0, 2;
    %jmp/0 T_4.28, 8;
 ; End of false expr.
    %blend;
T_4.28;
    %pad/s 1;
    %ix/load 3, 7, 0;
    %flag_set/imm 4, 0;
    %ix/load 4, 0, 0; Constant delay
    %assign/vec4/a/d v0x56190f356a90, 0, 4;
    %load/vec4 v0x56190f3b3b60_0;
    %ix/load 3, 7, 0;
    %flag_set/imm 4, 0;
    %ix/load 4, 0, 0; Constant delay
    %assign/vec4/a/d v0x56190f36d8e0, 0, 4;
    %jmp T_4.12;
T_4.12 ;
    %pop/vec4 1;
T_4.1 ;
    %jmp T_4;
    .thread T_4;
    .scope S_0x56190f3780c0;
T_5 ;
    %wait E_0x56190f378950;
    %load/vec4 v0x56190f3b4120_0;
    %flag_set/vec4 8;
    %jmp/0xz  T_5.0, 8;
    %pushi/vec4 0, 0, 1;
    %assign/vec4 v0x56190f3b3d00_0, 0;
    %jmp T_5.1;
T_5.0 ;
    %load/vec4 v0x56190f3b42c0_0;
    %pad/u 4;
    %cmpi/e 1, 0, 4;
    %jmp/0xz  T_5.2, 4;
    %pushi/vec4 1, 0, 1;
    %assign/vec4 v0x56190f3b3d00_0, 0;
    %jmp T_5.3;
T_5.2 ;
    %pushi/vec4 0, 0, 1;
    %assign/vec4 v0x56190f3b3d00_0, 0;
T_5.3 ;
T_5.1 ;
    %jmp T_5;
    .thread T_5;
    .scope S_0x56190f3780c0;
T_6 ;
    %wait E_0x56190f379d30;
    %load/vec4 v0x56190f3b42c0_0;
    %pad/u 4;
    %cmpi/e 2, 0, 4;
    %jmp/0xz  T_6.0, 4;
    %pushi/vec4 1, 0, 1;
    %store/vec4 v0x56190f3b3f80_0, 0, 1;
    %jmp T_6.1;
T_6.0 ;
    %pushi/vec4 0, 0, 1;
    %store/vec4 v0x56190f3b3f80_0, 0, 1;
T_6.1 ;
    %jmp T_6;
    .thread T_6, $push;
    .scope S_0x56190f3780c0;
T_7 ;
    %wait E_0x56190f37a010;
    %load/vec4 v0x56190f3b42c0_0;
    %pad/u 4;
    %cmpi/e 2, 0, 4;
    %jmp/0xz  T_7.0, 4;
    %ix/load 4, 0, 0;
    %flag_set/imm 4, 0;
    %load/vec4a v0x56190f356a90, 4;
    %pad/u 8;
    %ix/load 4, 1, 0;
    %flag_set/imm 4, 0;
    %load/vec4a v0x56190f356a90, 4;
    %pad/u 8;
    %ix/load 4, 1, 0;
    %flag_set/imm 4, 0;
    %shiftl 4;
    %add;
    %ix/load 4, 2, 0;
    %flag_set/imm 4, 0;
    %load/vec4a v0x56190f356a90, 4;
    %pad/u 8;
    %ix/load 4, 2, 0;
    %flag_set/imm 4, 0;
    %shiftl 4;
    %ix/load 4, 3, 0;
    %flag_set/imm 4, 0;
    %load/vec4a v0x56190f356a90, 4;
    %pad/u 8;
    %ix/load 4, 3, 0;
    %flag_set/imm 4, 0;
    %shiftl 4;
    %add;
    %add;
    %ix/load 4, 4, 0;
    %flag_set/imm 4, 0;
    %load/vec4a v0x56190f356a90, 4;
    %pad/u 8;
    %ix/load 4, 4, 0;
    %flag_set/imm 4, 0;
    %shiftl 4;
    %ix/load 4, 5, 0;
    %flag_set/imm 4, 0;
    %load/vec4a v0x56190f356a90, 4;
    %pad/u 8;
    %ix/load 4, 5, 0;
    %flag_set/imm 4, 0;
    %shiftl 4;
    %add;
    %ix/load 4, 6, 0;
    %flag_set/imm 4, 0;
    %load/vec4a v0x56190f356a90, 4;
    %pad/u 8;
    %ix/load 4, 6, 0;
    %flag_set/imm 4, 0;
    %shiftl 4;
    %ix/load 4, 7, 0;
    %flag_set/imm 4, 0;
    %load/vec4a v0x56190f356a90, 4;
    %pad/u 8;
    %ix/load 4, 7, 0;
    %flag_set/imm 4, 0;
    %shiftl 4;
    %add;
    %add;
    %add;
    %store/vec4 v0x56190f3b3ea0_0, 0, 8;
    %jmp T_7.1;
T_7.0 ;
    %pushi/vec4 0, 0, 8;
    %store/vec4 v0x56190f3b3ea0_0, 0, 8;
T_7.1 ;
    %jmp T_7;
    .thread T_7, $push;
    .scope S_0x56190f3780c0;
T_8 ;
    %wait E_0x56190f379d30;
    %load/vec4 v0x56190f3b42c0_0;
    %pad/u 4;
    %cmpi/e 5, 0, 4;
    %jmp/0xz  T_8.0, 4;
    %pushi/vec4 1, 0, 1;
    %store/vec4 v0x56190f36d980_0, 0, 1;
    %jmp T_8.1;
T_8.0 ;
    %pushi/vec4 0, 0, 1;
    %store/vec4 v0x56190f36d980_0, 0, 1;
T_8.1 ;
    %jmp T_8;
    .thread T_8, $push;
# The file index is used to find the file name in the following table.
:file_names 3;
    "N/A";
    "<interactive>";
    "LBP.v";
