#! /usr/bin/vvp
:ivl_version "10.3 (stable)";
:ivl_delay_selection "TYPICAL";
:vpi_time_precision + 0;
:vpi_module "system";
:vpi_module "vhdl_sys";
:vpi_module "v2005_math";
:vpi_module "va_math";
S_0x559a08e97130 .scope module, "SET" "SET" 2 3;
 .timescale 0 0;
    .port_info 0 /INPUT 1 "clk"
    .port_info 1 /INPUT 1 "rst"
    .port_info 2 /INPUT 1 "en"
    .port_info 3 /INPUT 24 "central"
    .port_info 4 /INPUT 12 "radius"
    .port_info 5 /INPUT 2 "mode"
    .port_info 6 /OUTPUT 1 "busy"
    .port_info 7 /OUTPUT 1 "valid"
    .port_info 8 /OUTPUT 8 "candidate"
v0x559a08e973b0_0 .var "busy", 0 0;
v0x559a08f02780_0 .var "candidate", 7 0;
o0x7f2c8d24b078 .functor BUFZ 24, C4<zzzzzzzzzzzzzzzzzzzzzzzz>; HiZ drive
v0x559a08f02860_0 .net "central", 23 0, o0x7f2c8d24b078;  0 drivers
o0x7f2c8d24b0a8 .functor BUFZ 1, C4<z>; HiZ drive
v0x559a08f02920_0 .net "clk", 0 0, o0x7f2c8d24b0a8;  0 drivers
v0x559a08f029e0_0 .var "cmd", 1 0;
v0x559a08f02b10 .array "cr", 2 0, 3 0;
v0x559a08f02bd0 .array "cx", 2 0, 3 0;
v0x559a08f02c90 .array "cy", 2 0, 3 0;
o0x7f2c8d24b108 .functor BUFZ 1, C4<z>; HiZ drive
v0x559a08f02d50_0 .net "en", 0 0, o0x7f2c8d24b108;  0 drivers
v0x559a08f02e10_0 .var/i "i", 31 0;
o0x7f2c8d24b168 .functor BUFZ 2, C4<zz>; HiZ drive
v0x559a08f02ef0_0 .net "mode", 1 0, o0x7f2c8d24b168;  0 drivers
o0x7f2c8d24b198 .functor BUFZ 12, C4<zzzzzzzzzzzz>; HiZ drive
v0x559a08f02fd0_0 .net "radius", 11 0, o0x7f2c8d24b198;  0 drivers
o0x7f2c8d24b1c8 .functor BUFZ 1, C4<z>; HiZ drive
v0x559a08f030b0_0 .net "rst", 0 0, o0x7f2c8d24b1c8;  0 drivers
v0x559a08f03170_0 .var "state", 2 0;
v0x559a08f03250_0 .var "tmp", 1 0;
v0x559a08f03330_0 .var "valid", 0 0;
v0x559a08f033f0_0 .var "x", 2 0;
v0x559a08f035e0_0 .var "y", 2 0;
E_0x559a08ecf430 .event posedge, v0x559a08f02920_0;
    .scope S_0x559a08e97130;
T_0 ;
    %wait E_0x559a08ecf430;
    %load/vec4 v0x559a08f030b0_0;
    %flag_set/vec4 8;
    %jmp/0xz  T_0.0, 8;
    %pushi/vec4 0, 0, 1;
    %assign/vec4 v0x559a08e973b0_0, 0;
    %pushi/vec4 0, 0, 1;
    %assign/vec4 v0x559a08f03330_0, 0;
    %pushi/vec4 0, 0, 8;
    %assign/vec4 v0x559a08f02780_0, 0;
    %pushi/vec4 0, 0, 3;
    %assign/vec4 v0x559a08f03170_0, 0;
    %jmp T_0.1;
T_0.0 ;
    %load/vec4 v0x559a08f02d50_0;
    %flag_set/vec4 8;
    %jmp/0xz  T_0.2, 8;
    %pushi/vec4 0, 0, 32;
    %store/vec4 v0x559a08f02e10_0, 0, 32;
T_0.4 ;
    %load/vec4 v0x559a08f02e10_0;
    %cmpi/s 3, 0, 32;
    %jmp/0xz T_0.5, 5;
    %load/vec4 v0x559a08f02860_0;
    %pushi/vec4 23, 0, 32;
    %load/vec4 v0x559a08f02e10_0;
    %muli 8, 0, 32;
    %sub;
    %pad/s 34;
    %subi 3, 0, 34;
    %part/s 4;
    %ix/getv/s 3, v0x559a08f02e10_0;
    %ix/load 4, 0, 0; Constant delay
    %assign/vec4/a/d v0x559a08f02bd0, 0, 4;
    %load/vec4 v0x559a08f02860_0;
    %pushi/vec4 19, 0, 32;
    %load/vec4 v0x559a08f02e10_0;
    %muli 8, 0, 32;
    %sub;
    %pad/s 34;
    %subi 3, 0, 34;
    %part/s 4;
    %ix/getv/s 3, v0x559a08f02e10_0;
    %ix/load 4, 0, 0; Constant delay
    %assign/vec4/a/d v0x559a08f02c90, 0, 4;
    %load/vec4 v0x559a08f02fd0_0;
    %pushi/vec4 11, 0, 32;
    %load/vec4 v0x559a08f02e10_0;
    %muli 4, 0, 32;
    %sub;
    %pad/s 34;
    %subi 3, 0, 34;
    %part/s 4;
    %ix/getv/s 3, v0x559a08f02e10_0;
    %ix/load 4, 0, 0; Constant delay
    %assign/vec4/a/d v0x559a08f02b10, 0, 4;
    %load/vec4 v0x559a08f02e10_0;
    %addi 1, 0, 32;
    %store/vec4 v0x559a08f02e10_0, 0, 32;
    %jmp T_0.4;
T_0.5 ;
    %load/vec4 v0x559a08f02ef0_0;
    %assign/vec4 v0x559a08f029e0_0, 0;
    %pushi/vec4 1, 0, 3;
    %assign/vec4 v0x559a08f03170_0, 0;
    %pushi/vec4 1, 0, 1;
    %assign/vec4 v0x559a08e973b0_0, 0;
    %pushi/vec4 0, 0, 8;
    %assign/vec4 v0x559a08f02780_0, 0;
    %pushi/vec4 1, 0, 3;
    %assign/vec4 v0x559a08f033f0_0, 0;
    %pushi/vec4 1, 0, 3;
    %assign/vec4 v0x559a08f035e0_0, 0;
    %jmp T_0.3;
T_0.2 ;
    %load/vec4 v0x559a08f03170_0;
    %pad/u 32;
    %cmpi/e 1, 0, 32;
    %jmp/0xz  T_0.6, 4;
    %load/vec4 v0x559a08f029e0_0;
    %dup/vec4;
    %pushi/vec4 0, 0, 2;
    %cmp/u;
    %jmp/1 T_0.8, 6;
    %dup/vec4;
    %pushi/vec4 1, 0, 2;
    %cmp/u;
    %jmp/1 T_0.9, 6;
    %dup/vec4;
    %pushi/vec4 2, 0, 2;
    %cmp/u;
    %jmp/1 T_0.10, 6;
    %dup/vec4;
    %pushi/vec4 3, 0, 2;
    %cmp/u;
    %jmp/1 T_0.11, 6;
    %jmp T_0.12;
T_0.8 ;
    %ix/load 4, 0, 0;
    %flag_set/imm 4, 0;
    %load/vec4a v0x559a08f02bd0, 4;
    %load/vec4 v0x559a08f033f0_0;
    %pad/u 4;
    %cmp/u;
    %flag_mov 8, 5;
    %jmp/0 T_0.15, 8;
    %load/vec4 v0x559a08f033f0_0;
    %pad/u 4;
    %ix/load 4, 0, 0;
    %flag_set/imm 4, 0;
    %load/vec4a v0x559a08f02bd0, 4;
    %sub;
    %jmp/1 T_0.16, 8;
T_0.15 ; End of true expr.
    %ix/load 4, 0, 0;
    %flag_set/imm 4, 0;
    %load/vec4a v0x559a08f02bd0, 4;
    %load/vec4 v0x559a08f033f0_0;
    %pad/u 4;
    %sub;
    %jmp/0 T_0.16, 8;
 ; End of false expr.
    %blend;
T_0.16;
    %ix/load 4, 0, 0;
    %flag_set/imm 4, 0;
    %load/vec4a v0x559a08f02bd0, 4;
    %load/vec4 v0x559a08f033f0_0;
    %pad/u 4;
    %cmp/u;
    %flag_mov 8, 5;
    %jmp/0 T_0.17, 8;
    %load/vec4 v0x559a08f033f0_0;
    %pad/u 4;
    %ix/load 4, 0, 0;
    %flag_set/imm 4, 0;
    %load/vec4a v0x559a08f02bd0, 4;
    %sub;
    %jmp/1 T_0.18, 8;
T_0.17 ; End of true expr.
    %ix/load 4, 0, 0;
    %flag_set/imm 4, 0;
    %load/vec4a v0x559a08f02bd0, 4;
    %load/vec4 v0x559a08f033f0_0;
    %pad/u 4;
    %sub;
    %jmp/0 T_0.18, 8;
 ; End of false expr.
    %blend;
T_0.18;
    %mul;
    %ix/load 4, 0, 0;
    %flag_set/imm 4, 0;
    %load/vec4a v0x559a08f02c90, 4;
    %load/vec4 v0x559a08f035e0_0;
    %pad/u 4;
    %cmp/u;
    %flag_mov 8, 5;
    %jmp/0 T_0.19, 8;
    %load/vec4 v0x559a08f035e0_0;
    %pad/u 4;
    %ix/load 4, 0, 0;
    %flag_set/imm 4, 0;
    %load/vec4a v0x559a08f02c90, 4;
    %sub;
    %jmp/1 T_0.20, 8;
T_0.19 ; End of true expr.
    %ix/load 4, 0, 0;
    %flag_set/imm 4, 0;
    %load/vec4a v0x559a08f02c90, 4;
    %load/vec4 v0x559a08f035e0_0;
    %pad/u 4;
    %sub;
    %jmp/0 T_0.20, 8;
 ; End of false expr.
    %blend;
T_0.20;
    %ix/load 4, 0, 0;
    %flag_set/imm 4, 0;
    %load/vec4a v0x559a08f02c90, 4;
    %load/vec4 v0x559a08f035e0_0;
    %pad/u 4;
    %cmp/u;
    %flag_mov 8, 5;
    %jmp/0 T_0.21, 8;
    %load/vec4 v0x559a08f035e0_0;
    %pad/u 4;
    %ix/load 4, 0, 0;
    %flag_set/imm 4, 0;
    %load/vec4a v0x559a08f02c90, 4;
    %sub;
    %jmp/1 T_0.22, 8;
T_0.21 ; End of true expr.
    %ix/load 4, 0, 0;
    %flag_set/imm 4, 0;
    %load/vec4a v0x559a08f02c90, 4;
    %load/vec4 v0x559a08f035e0_0;
    %pad/u 4;
    %sub;
    %jmp/0 T_0.22, 8;
 ; End of false expr.
    %blend;
T_0.22;
    %mul;
    %add;
    %ix/load 4, 0, 0;
    %flag_set/imm 4, 0;
    %load/vec4a v0x559a08f02b10, 4;
    %ix/load 4, 0, 0;
    %flag_set/imm 4, 0;
    %load/vec4a v0x559a08f02b10, 4;
    %mul;
    %cmp/u;
    %flag_or 5, 4;
    %jmp/0xz  T_0.13, 5;
    %load/vec4 v0x559a08f02780_0;
    %addi 1, 0, 8;
    %assign/vec4 v0x559a08f02780_0, 0;
T_0.13 ;
    %jmp T_0.12;
T_0.9 ;
    %ix/load 4, 0, 0;
    %flag_set/imm 4, 0;
    %load/vec4a v0x559a08f02bd0, 4;
    %load/vec4 v0x559a08f033f0_0;
    %pad/u 4;
    %cmp/u;
    %flag_mov 9, 5;
    %jmp/0 T_0.25, 9;
    %load/vec4 v0x559a08f033f0_0;
    %pad/u 4;
    %ix/load 4, 0, 0;
    %flag_set/imm 4, 0;
    %load/vec4a v0x559a08f02bd0, 4;
    %sub;
    %jmp/1 T_0.26, 9;
T_0.25 ; End of true expr.
    %ix/load 4, 0, 0;
    %flag_set/imm 4, 0;
    %load/vec4a v0x559a08f02bd0, 4;
    %load/vec4 v0x559a08f033f0_0;
    %pad/u 4;
    %sub;
    %jmp/0 T_0.26, 9;
 ; End of false expr.
    %blend;
T_0.26;
    %ix/load 4, 0, 0;
    %flag_set/imm 4, 0;
    %load/vec4a v0x559a08f02bd0, 4;
    %load/vec4 v0x559a08f033f0_0;
    %pad/u 4;
    %cmp/u;
    %flag_mov 9, 5;
    %jmp/0 T_0.27, 9;
    %load/vec4 v0x559a08f033f0_0;
    %pad/u 4;
    %ix/load 4, 0, 0;
    %flag_set/imm 4, 0;
    %load/vec4a v0x559a08f02bd0, 4;
    %sub;
    %jmp/1 T_0.28, 9;
T_0.27 ; End of true expr.
    %ix/load 4, 0, 0;
    %flag_set/imm 4, 0;
    %load/vec4a v0x559a08f02bd0, 4;
    %load/vec4 v0x559a08f033f0_0;
    %pad/u 4;
    %sub;
    %jmp/0 T_0.28, 9;
 ; End of false expr.
    %blend;
T_0.28;
    %mul;
    %ix/load 4, 0, 0;
    %flag_set/imm 4, 0;
    %load/vec4a v0x559a08f02c90, 4;
    %load/vec4 v0x559a08f035e0_0;
    %pad/u 4;
    %cmp/u;
    %flag_mov 9, 5;
    %jmp/0 T_0.29, 9;
    %load/vec4 v0x559a08f035e0_0;
    %pad/u 4;
    %ix/load 4, 0, 0;
    %flag_set/imm 4, 0;
    %load/vec4a v0x559a08f02c90, 4;
    %sub;
    %jmp/1 T_0.30, 9;
T_0.29 ; End of true expr.
    %ix/load 4, 0, 0;
    %flag_set/imm 4, 0;
    %load/vec4a v0x559a08f02c90, 4;
    %load/vec4 v0x559a08f035e0_0;
    %pad/u 4;
    %sub;
    %jmp/0 T_0.30, 9;
 ; End of false expr.
    %blend;
T_0.30;
    %ix/load 4, 0, 0;
    %flag_set/imm 4, 0;
    %load/vec4a v0x559a08f02c90, 4;
    %load/vec4 v0x559a08f035e0_0;
    %pad/u 4;
    %cmp/u;
    %flag_mov 9, 5;
    %jmp/0 T_0.31, 9;
    %load/vec4 v0x559a08f035e0_0;
    %pad/u 4;
    %ix/load 4, 0, 0;
    %flag_set/imm 4, 0;
    %load/vec4a v0x559a08f02c90, 4;
    %sub;
    %jmp/1 T_0.32, 9;
T_0.31 ; End of true expr.
    %ix/load 4, 0, 0;
    %flag_set/imm 4, 0;
    %load/vec4a v0x559a08f02c90, 4;
    %load/vec4 v0x559a08f035e0_0;
    %pad/u 4;
    %sub;
    %jmp/0 T_0.32, 9;
 ; End of false expr.
    %blend;
T_0.32;
    %mul;
    %add;
    %ix/load 4, 0, 0;
    %flag_set/imm 4, 0;
    %load/vec4a v0x559a08f02b10, 4;
    %ix/load 4, 0, 0;
    %flag_set/imm 4, 0;
    %load/vec4a v0x559a08f02b10, 4;
    %mul;
    %cmp/u;
    %flag_get/vec4 4;
    %flag_get/vec4 5;
    %or;
    %ix/load 4, 1, 0;
    %flag_set/imm 4, 0;
    %load/vec4a v0x559a08f02bd0, 4;
    %load/vec4 v0x559a08f033f0_0;
    %pad/u 4;
    %cmp/u;
    %flag_mov 9, 5;
    %jmp/0 T_0.33, 9;
    %load/vec4 v0x559a08f033f0_0;
    %pad/u 4;
    %ix/load 4, 1, 0;
    %flag_set/imm 4, 0;
    %load/vec4a v0x559a08f02bd0, 4;
    %sub;
    %jmp/1 T_0.34, 9;
T_0.33 ; End of true expr.
    %ix/load 4, 1, 0;
    %flag_set/imm 4, 0;
    %load/vec4a v0x559a08f02bd0, 4;
    %load/vec4 v0x559a08f033f0_0;
    %pad/u 4;
    %sub;
    %jmp/0 T_0.34, 9;
 ; End of false expr.
    %blend;
T_0.34;
    %ix/load 4, 1, 0;
    %flag_set/imm 4, 0;
    %load/vec4a v0x559a08f02bd0, 4;
    %load/vec4 v0x559a08f033f0_0;
    %pad/u 4;
    %cmp/u;
    %flag_mov 9, 5;
    %jmp/0 T_0.35, 9;
    %load/vec4 v0x559a08f033f0_0;
    %pad/u 4;
    %ix/load 4, 1, 0;
    %flag_set/imm 4, 0;
    %load/vec4a v0x559a08f02bd0, 4;
    %sub;
    %jmp/1 T_0.36, 9;
T_0.35 ; End of true expr.
    %ix/load 4, 1, 0;
    %flag_set/imm 4, 0;
    %load/vec4a v0x559a08f02bd0, 4;
    %load/vec4 v0x559a08f033f0_0;
    %pad/u 4;
    %sub;
    %jmp/0 T_0.36, 9;
 ; End of false expr.
    %blend;
T_0.36;
    %mul;
    %ix/load 4, 1, 0;
    %flag_set/imm 4, 0;
    %load/vec4a v0x559a08f02c90, 4;
    %load/vec4 v0x559a08f035e0_0;
    %pad/u 4;
    %cmp/u;
    %flag_mov 9, 5;
    %jmp/0 T_0.37, 9;
    %load/vec4 v0x559a08f035e0_0;
    %pad/u 4;
    %ix/load 4, 1, 0;
    %flag_set/imm 4, 0;
    %load/vec4a v0x559a08f02c90, 4;
    %sub;
    %jmp/1 T_0.38, 9;
T_0.37 ; End of true expr.
    %ix/load 4, 1, 0;
    %flag_set/imm 4, 0;
    %load/vec4a v0x559a08f02c90, 4;
    %load/vec4 v0x559a08f035e0_0;
    %pad/u 4;
    %sub;
    %jmp/0 T_0.38, 9;
 ; End of false expr.
    %blend;
T_0.38;
    %ix/load 4, 1, 0;
    %flag_set/imm 4, 0;
    %load/vec4a v0x559a08f02c90, 4;
    %load/vec4 v0x559a08f035e0_0;
    %pad/u 4;
    %cmp/u;
    %flag_mov 9, 5;
    %jmp/0 T_0.39, 9;
    %load/vec4 v0x559a08f035e0_0;
    %pad/u 4;
    %ix/load 4, 1, 0;
    %flag_set/imm 4, 0;
    %load/vec4a v0x559a08f02c90, 4;
    %sub;
    %jmp/1 T_0.40, 9;
T_0.39 ; End of true expr.
    %ix/load 4, 1, 0;
    %flag_set/imm 4, 0;
    %load/vec4a v0x559a08f02c90, 4;
    %load/vec4 v0x559a08f035e0_0;
    %pad/u 4;
    %sub;
    %jmp/0 T_0.40, 9;
 ; End of false expr.
    %blend;
T_0.40;
    %mul;
    %add;
    %ix/load 4, 1, 0;
    %flag_set/imm 4, 0;
    %load/vec4a v0x559a08f02b10, 4;
    %ix/load 4, 1, 0;
    %flag_set/imm 4, 0;
    %load/vec4a v0x559a08f02b10, 4;
    %mul;
    %cmp/u;
    %flag_get/vec4 4;
    %flag_get/vec4 5;
    %or;
    %and;
    %flag_set/vec4 8;
    %jmp/0xz  T_0.23, 8;
    %load/vec4 v0x559a08f02780_0;
    %addi 1, 0, 8;
    %assign/vec4 v0x559a08f02780_0, 0;
T_0.23 ;
    %jmp T_0.12;
T_0.10 ;
    %ix/load 4, 0, 0;
    %flag_set/imm 4, 0;
    %load/vec4a v0x559a08f02bd0, 4;
    %load/vec4 v0x559a08f033f0_0;
    %pad/u 4;
    %cmp/u;
    %flag_mov 9, 5;
    %jmp/0 T_0.43, 9;
    %load/vec4 v0x559a08f033f0_0;
    %pad/u 4;
    %ix/load 4, 0, 0;
    %flag_set/imm 4, 0;
    %load/vec4a v0x559a08f02bd0, 4;
    %sub;
    %jmp/1 T_0.44, 9;
T_0.43 ; End of true expr.
    %ix/load 4, 0, 0;
    %flag_set/imm 4, 0;
    %load/vec4a v0x559a08f02bd0, 4;
    %load/vec4 v0x559a08f033f0_0;
    %pad/u 4;
    %sub;
    %jmp/0 T_0.44, 9;
 ; End of false expr.
    %blend;
T_0.44;
    %ix/load 4, 0, 0;
    %flag_set/imm 4, 0;
    %load/vec4a v0x559a08f02bd0, 4;
    %load/vec4 v0x559a08f033f0_0;
    %pad/u 4;
    %cmp/u;
    %flag_mov 9, 5;
    %jmp/0 T_0.45, 9;
    %load/vec4 v0x559a08f033f0_0;
    %pad/u 4;
    %ix/load 4, 0, 0;
    %flag_set/imm 4, 0;
    %load/vec4a v0x559a08f02bd0, 4;
    %sub;
    %jmp/1 T_0.46, 9;
T_0.45 ; End of true expr.
    %ix/load 4, 0, 0;
    %flag_set/imm 4, 0;
    %load/vec4a v0x559a08f02bd0, 4;
    %load/vec4 v0x559a08f033f0_0;
    %pad/u 4;
    %sub;
    %jmp/0 T_0.46, 9;
 ; End of false expr.
    %blend;
T_0.46;
    %mul;
    %ix/load 4, 0, 0;
    %flag_set/imm 4, 0;
    %load/vec4a v0x559a08f02c90, 4;
    %load/vec4 v0x559a08f035e0_0;
    %pad/u 4;
    %cmp/u;
    %flag_mov 9, 5;
    %jmp/0 T_0.47, 9;
    %load/vec4 v0x559a08f035e0_0;
    %pad/u 4;
    %ix/load 4, 0, 0;
    %flag_set/imm 4, 0;
    %load/vec4a v0x559a08f02c90, 4;
    %sub;
    %jmp/1 T_0.48, 9;
T_0.47 ; End of true expr.
    %ix/load 4, 0, 0;
    %flag_set/imm 4, 0;
    %load/vec4a v0x559a08f02c90, 4;
    %load/vec4 v0x559a08f035e0_0;
    %pad/u 4;
    %sub;
    %jmp/0 T_0.48, 9;
 ; End of false expr.
    %blend;
T_0.48;
    %ix/load 4, 0, 0;
    %flag_set/imm 4, 0;
    %load/vec4a v0x559a08f02c90, 4;
    %load/vec4 v0x559a08f035e0_0;
    %pad/u 4;
    %cmp/u;
    %flag_mov 9, 5;
    %jmp/0 T_0.49, 9;
    %load/vec4 v0x559a08f035e0_0;
    %pad/u 4;
    %ix/load 4, 0, 0;
    %flag_set/imm 4, 0;
    %load/vec4a v0x559a08f02c90, 4;
    %sub;
    %jmp/1 T_0.50, 9;
T_0.49 ; End of true expr.
    %ix/load 4, 0, 0;
    %flag_set/imm 4, 0;
    %load/vec4a v0x559a08f02c90, 4;
    %load/vec4 v0x559a08f035e0_0;
    %pad/u 4;
    %sub;
    %jmp/0 T_0.50, 9;
 ; End of false expr.
    %blend;
T_0.50;
    %mul;
    %add;
    %ix/load 4, 0, 0;
    %flag_set/imm 4, 0;
    %load/vec4a v0x559a08f02b10, 4;
    %ix/load 4, 0, 0;
    %flag_set/imm 4, 0;
    %load/vec4a v0x559a08f02b10, 4;
    %mul;
    %cmp/u;
    %flag_get/vec4 4;
    %flag_get/vec4 5;
    %or;
    %ix/load 4, 1, 0;
    %flag_set/imm 4, 0;
    %load/vec4a v0x559a08f02bd0, 4;
    %load/vec4 v0x559a08f033f0_0;
    %pad/u 4;
    %cmp/u;
    %flag_mov 9, 5;
    %jmp/0 T_0.51, 9;
    %load/vec4 v0x559a08f033f0_0;
    %pad/u 4;
    %ix/load 4, 1, 0;
    %flag_set/imm 4, 0;
    %load/vec4a v0x559a08f02bd0, 4;
    %sub;
    %jmp/1 T_0.52, 9;
T_0.51 ; End of true expr.
    %ix/load 4, 1, 0;
    %flag_set/imm 4, 0;
    %load/vec4a v0x559a08f02bd0, 4;
    %load/vec4 v0x559a08f033f0_0;
    %pad/u 4;
    %sub;
    %jmp/0 T_0.52, 9;
 ; End of false expr.
    %blend;
T_0.52;
    %ix/load 4, 1, 0;
    %flag_set/imm 4, 0;
    %load/vec4a v0x559a08f02bd0, 4;
    %load/vec4 v0x559a08f033f0_0;
    %pad/u 4;
    %cmp/u;
    %flag_mov 9, 5;
    %jmp/0 T_0.53, 9;
    %load/vec4 v0x559a08f033f0_0;
    %pad/u 4;
    %ix/load 4, 1, 0;
    %flag_set/imm 4, 0;
    %load/vec4a v0x559a08f02bd0, 4;
    %sub;
    %jmp/1 T_0.54, 9;
T_0.53 ; End of true expr.
    %ix/load 4, 1, 0;
    %flag_set/imm 4, 0;
    %load/vec4a v0x559a08f02bd0, 4;
    %load/vec4 v0x559a08f033f0_0;
    %pad/u 4;
    %sub;
    %jmp/0 T_0.54, 9;
 ; End of false expr.
    %blend;
T_0.54;
    %mul;
    %ix/load 4, 1, 0;
    %flag_set/imm 4, 0;
    %load/vec4a v0x559a08f02c90, 4;
    %load/vec4 v0x559a08f035e0_0;
    %pad/u 4;
    %cmp/u;
    %flag_mov 9, 5;
    %jmp/0 T_0.55, 9;
    %load/vec4 v0x559a08f035e0_0;
    %pad/u 4;
    %ix/load 4, 1, 0;
    %flag_set/imm 4, 0;
    %load/vec4a v0x559a08f02c90, 4;
    %sub;
    %jmp/1 T_0.56, 9;
T_0.55 ; End of true expr.
    %ix/load 4, 1, 0;
    %flag_set/imm 4, 0;
    %load/vec4a v0x559a08f02c90, 4;
    %load/vec4 v0x559a08f035e0_0;
    %pad/u 4;
    %sub;
    %jmp/0 T_0.56, 9;
 ; End of false expr.
    %blend;
T_0.56;
    %ix/load 4, 1, 0;
    %flag_set/imm 4, 0;
    %load/vec4a v0x559a08f02c90, 4;
    %load/vec4 v0x559a08f035e0_0;
    %pad/u 4;
    %cmp/u;
    %flag_mov 9, 5;
    %jmp/0 T_0.57, 9;
    %load/vec4 v0x559a08f035e0_0;
    %pad/u 4;
    %ix/load 4, 1, 0;
    %flag_set/imm 4, 0;
    %load/vec4a v0x559a08f02c90, 4;
    %sub;
    %jmp/1 T_0.58, 9;
T_0.57 ; End of true expr.
    %ix/load 4, 1, 0;
    %flag_set/imm 4, 0;
    %load/vec4a v0x559a08f02c90, 4;
    %load/vec4 v0x559a08f035e0_0;
    %pad/u 4;
    %sub;
    %jmp/0 T_0.58, 9;
 ; End of false expr.
    %blend;
T_0.58;
    %mul;
    %add;
    %ix/load 4, 1, 0;
    %flag_set/imm 4, 0;
    %load/vec4a v0x559a08f02b10, 4;
    %ix/load 4, 1, 0;
    %flag_set/imm 4, 0;
    %load/vec4a v0x559a08f02b10, 4;
    %mul;
    %cmp/u;
    %flag_get/vec4 4;
    %flag_get/vec4 5;
    %or;
    %xor;
    %flag_set/vec4 8;
    %jmp/0xz  T_0.41, 8;
    %load/vec4 v0x559a08f02780_0;
    %addi 1, 0, 8;
    %assign/vec4 v0x559a08f02780_0, 0;
T_0.41 ;
    %jmp T_0.12;
T_0.11 ;
    %pushi/vec4 0, 0, 32;
    %store/vec4 v0x559a08f02e10_0, 0, 32;
T_0.59 ;
    %load/vec4 v0x559a08f02e10_0;
    %cmpi/s 3, 0, 32;
    %jmp/0xz T_0.60, 5;
    %ix/getv/s 4, v0x559a08f02e10_0;
    %load/vec4a v0x559a08f02bd0, 4;
    %load/vec4 v0x559a08f033f0_0;
    %pad/u 4;
    %cmp/u;
    %flag_mov 8, 5;
    %jmp/0 T_0.63, 8;
    %load/vec4 v0x559a08f033f0_0;
    %pad/u 4;
    %ix/getv/s 4, v0x559a08f02e10_0;
    %load/vec4a v0x559a08f02bd0, 4;
    %sub;
    %jmp/1 T_0.64, 8;
T_0.63 ; End of true expr.
    %ix/getv/s 4, v0x559a08f02e10_0;
    %load/vec4a v0x559a08f02bd0, 4;
    %load/vec4 v0x559a08f033f0_0;
    %pad/u 4;
    %sub;
    %jmp/0 T_0.64, 8;
 ; End of false expr.
    %blend;
T_0.64;
    %ix/getv/s 4, v0x559a08f02e10_0;
    %load/vec4a v0x559a08f02bd0, 4;
    %load/vec4 v0x559a08f033f0_0;
    %pad/u 4;
    %cmp/u;
    %flag_mov 8, 5;
    %jmp/0 T_0.65, 8;
    %load/vec4 v0x559a08f033f0_0;
    %pad/u 4;
    %ix/getv/s 4, v0x559a08f02e10_0;
    %load/vec4a v0x559a08f02bd0, 4;
    %sub;
    %jmp/1 T_0.66, 8;
T_0.65 ; End of true expr.
    %ix/getv/s 4, v0x559a08f02e10_0;
    %load/vec4a v0x559a08f02bd0, 4;
    %load/vec4 v0x559a08f033f0_0;
    %pad/u 4;
    %sub;
    %jmp/0 T_0.66, 8;
 ; End of false expr.
    %blend;
T_0.66;
    %mul;
    %ix/getv/s 4, v0x559a08f02e10_0;
    %load/vec4a v0x559a08f02c90, 4;
    %load/vec4 v0x559a08f035e0_0;
    %pad/u 4;
    %cmp/u;
    %flag_mov 8, 5;
    %jmp/0 T_0.67, 8;
    %load/vec4 v0x559a08f035e0_0;
    %pad/u 4;
    %ix/getv/s 4, v0x559a08f02e10_0;
    %load/vec4a v0x559a08f02c90, 4;
    %sub;
    %jmp/1 T_0.68, 8;
T_0.67 ; End of true expr.
    %ix/getv/s 4, v0x559a08f02e10_0;
    %load/vec4a v0x559a08f02c90, 4;
    %load/vec4 v0x559a08f035e0_0;
    %pad/u 4;
    %sub;
    %jmp/0 T_0.68, 8;
 ; End of false expr.
    %blend;
T_0.68;
    %ix/getv/s 4, v0x559a08f02e10_0;
    %load/vec4a v0x559a08f02c90, 4;
    %load/vec4 v0x559a08f035e0_0;
    %pad/u 4;
    %cmp/u;
    %flag_mov 8, 5;
    %jmp/0 T_0.69, 8;
    %load/vec4 v0x559a08f035e0_0;
    %pad/u 4;
    %ix/getv/s 4, v0x559a08f02e10_0;
    %load/vec4a v0x559a08f02c90, 4;
    %sub;
    %jmp/1 T_0.70, 8;
T_0.69 ; End of true expr.
    %ix/getv/s 4, v0x559a08f02e10_0;
    %load/vec4a v0x559a08f02c90, 4;
    %load/vec4 v0x559a08f035e0_0;
    %pad/u 4;
    %sub;
    %jmp/0 T_0.70, 8;
 ; End of false expr.
    %blend;
T_0.70;
    %mul;
    %add;
    %ix/getv/s 4, v0x559a08f02e10_0;
    %load/vec4a v0x559a08f02b10, 4;
    %ix/getv/s 4, v0x559a08f02e10_0;
    %load/vec4a v0x559a08f02b10, 4;
    %mul;
    %cmp/u;
    %flag_or 5, 4;
    %jmp/0xz  T_0.61, 5;
    %load/vec4 v0x559a08f03250_0;
    %addi 1, 0, 2;
    %store/vec4 v0x559a08f03250_0, 0, 2;
T_0.61 ;
    %load/vec4 v0x559a08f02e10_0;
    %addi 1, 0, 32;
    %store/vec4 v0x559a08f02e10_0, 0, 32;
    %jmp T_0.59;
T_0.60 ;
    %load/vec4 v0x559a08f03250_0;
    %pad/u 32;
    %cmpi/e 2, 0, 32;
    %jmp/0xz  T_0.71, 4;
    %load/vec4 v0x559a08f02780_0;
    %addi 1, 0, 8;
    %assign/vec4 v0x559a08f02780_0, 0;
T_0.71 ;
    %jmp T_0.12;
T_0.12 ;
    %pop/vec4 1;
    %load/vec4 v0x559a08f033f0_0;
    %pad/u 32;
    %cmpi/e 8, 0, 32;
    %jmp/0xz  T_0.73, 4;
    %load/vec4 v0x559a08f035e0_0;
    %pad/u 32;
    %cmpi/e 8, 0, 32;
    %jmp/0xz  T_0.75, 4;
    %pushi/vec4 1, 0, 1;
    %assign/vec4 v0x559a08f03330_0, 0;
    %pushi/vec4 2, 0, 3;
    %assign/vec4 v0x559a08f03170_0, 0;
T_0.75 ;
    %load/vec4 v0x559a08f035e0_0;
    %addi 1, 0, 3;
    %assign/vec4 v0x559a08f035e0_0, 0;
T_0.73 ;
    %load/vec4 v0x559a08f033f0_0;
    %addi 1, 0, 3;
    %assign/vec4 v0x559a08f033f0_0, 0;
    %jmp T_0.7;
T_0.6 ;
    %load/vec4 v0x559a08f03170_0;
    %pad/u 32;
    %cmpi/e 2, 0, 32;
    %jmp/0xz  T_0.77, 4;
    %pushi/vec4 0, 0, 1;
    %assign/vec4 v0x559a08f03330_0, 0;
    %pushi/vec4 0, 0, 3;
    %assign/vec4 v0x559a08f03170_0, 0;
    %pushi/vec4 0, 0, 1;
    %assign/vec4 v0x559a08e973b0_0, 0;
T_0.77 ;
T_0.7 ;
T_0.3 ;
T_0.1 ;
    %jmp T_0;
    .thread T_0;
# The file index is used to find the file name in the following table.
:file_names 3;
    "N/A";
    "<interactive>";
    "sol.v";
