#! /usr/bin/vvp
:ivl_version "10.3 (stable)";
:ivl_delay_selection "TYPICAL";
:vpi_time_precision - 11;
:vpi_module "system";
:vpi_module "vhdl_sys";
:vpi_module "v2005_math";
:vpi_module "va_math";
S_0x557abc0b8d10 .scope module, "CONV" "CONV" 2 4;
 .timescale -9 -11;
    .port_info 0 /INPUT 1 "clk"
    .port_info 1 /INPUT 1 "reset"
    .port_info 2 /OUTPUT 1 "busy"
    .port_info 3 /INPUT 1 "ready"
    .port_info 4 /OUTPUT 12 "iaddr"
    .port_info 5 /INPUT 1 "idata"
    .port_info 6 /OUTPUT 1 "cwr"
    .port_info 7 /OUTPUT 12 "caddr_wr"
    .port_info 8 /OUTPUT 20 "cdata_wr"
    .port_info 9 /OUTPUT 1 "crd"
    .port_info 10 /OUTPUT 12 "caddr_rd"
    .port_info 11 /INPUT 1 "cdata_rd"
    .port_info 12 /OUTPUT 3 "csel"
P_0x557abc0bea20 .param/l "FINISH" 0 2 48, C4<0101>;
P_0x557abc0bea60 .param/l "IDLE" 0 2 43, C4<0000>;
P_0x557abc0beaa0 .param/l "READ_CONV" 0 2 44, C4<0001>;
P_0x557abc0beae0 .param/l "READ_L0" 0 2 46, C4<0011>;
P_0x557abc0beb20 .param/l "WRITE_L0" 0 2 45, C4<0010>;
P_0x557abc0beb60 .param/l "WRITE_L1" 0 2 47, C4<0100>;
v0x557abc0c22c0_0 .net *"_s1", 20 0, L_0x557abc10a880;  1 drivers
v0x557abc0c3080_0 .net/s *"_s10", 43 0, L_0x557abc11ac80;  1 drivers
v0x557abc0c3120_0 .net/s *"_s12", 43 0, L_0x557abc11ad20;  1 drivers
v0x557abc0c44f0_0 .net *"_s3", 0 0, L_0x557abc10a920;  1 drivers
v0x557abc0c4590_0 .net *"_s4", 20 0, L_0x557abc10a9c0;  1 drivers
L_0x7fc8bfb6a018 .functor BUFT 1, C4<00000000000000000000>, C4<0>, C4<0>, C4<0>;
v0x557abc0c4a60_0 .net *"_s7", 19 0, L_0x7fc8bfb6a018;  1 drivers
v0x557abc0c4b00_0 .var "busy", 0 0;
v0x557abc109290_0 .var "caddr_rd", 11 0;
v0x557abc109370_0 .var "caddr_wr", 11 0;
o0x7fc8bfbb31c8 .functor BUFZ 1, C4<z>; HiZ drive
v0x557abc109450_0 .net "cdata_rd", 0 0, o0x7fc8bfbb31c8;  0 drivers
v0x557abc109510_0 .var "cdata_wr", 19 0;
o0x7fc8bfbb3228 .functor BUFZ 1, C4<z>; HiZ drive
v0x557abc1095f0_0 .net "clk", 0 0, o0x7fc8bfbb3228;  0 drivers
v0x557abc1096b0_0 .var "col", 5 0;
v0x557abc109790_0 .var/s "convTemp", 43 0;
v0x557abc109870_0 .var "counterRead", 3 0;
v0x557abc109950_0 .var "crd", 0 0;
v0x557abc109a10_0 .var "csel", 2 0;
v0x557abc109c00_0 .var "current_state", 3 0;
v0x557abc109ce0_0 .var "cwr", 0 0;
v0x557abc109da0_0 .var "iaddr", 11 0;
o0x7fc8bfbb33d8 .functor BUFZ 1, C4<z>; HiZ drive
v0x557abc109e80_0 .net "idata", 0 0, o0x7fc8bfbb33d8;  0 drivers
v0x557abc109f40_0 .var/s "idataTemp", 19 0;
v0x557abc10a020_0 .var/s "kernelTemp", 19 0;
v0x557abc10a100_0 .net/s "mulTemp", 43 0, L_0x557abc11ae00;  1 drivers
v0x557abc10a1e0_0 .var "next_state", 3 0;
o0x7fc8bfbb34c8 .functor BUFZ 1, C4<z>; HiZ drive
v0x557abc10a2c0_0 .net "ready", 0 0, o0x7fc8bfbb34c8;  0 drivers
o0x7fc8bfbb34f8 .functor BUFZ 1, C4<z>; HiZ drive
v0x557abc10a380_0 .net "reset", 0 0, o0x7fc8bfbb34f8;  0 drivers
v0x557abc10a440_0 .var/s "resultTemp", 43 0;
v0x557abc10a520_0 .net/s "roundTemp", 20 0, L_0x557abc11ab10;  1 drivers
v0x557abc10a600_0 .var "row", 5 0;
E_0x557abc0908b0 .event posedge, v0x557abc10a380_0, v0x557abc1095f0_0;
E_0x557abc0c8410/0 .event edge, v0x557abc109c00_0, v0x557abc10a2c0_0, v0x557abc109870_0, v0x557abc1096b0_0;
E_0x557abc0c8410/1 .event edge, v0x557abc10a600_0;
E_0x557abc0c8410 .event/or E_0x557abc0c8410/0, E_0x557abc0c8410/1;
E_0x557abc0c86f0 .event edge, v0x557abc109870_0;
L_0x557abc10a880 .part v0x557abc10a440_0, 15, 21;
L_0x557abc10a920 .part v0x557abc10a440_0, 15, 1;
L_0x557abc10a9c0 .concat [ 1 20 0 0], L_0x557abc10a920, L_0x7fc8bfb6a018;
L_0x557abc11ab10 .arith/sum 21, L_0x557abc10a880, L_0x557abc10a9c0;
L_0x557abc11ac80 .extend/s 44, v0x557abc10a020_0;
L_0x557abc11ad20 .extend/s 44, v0x557abc109f40_0;
L_0x557abc11ae00 .arith/mult 44, L_0x557abc11ac80, L_0x557abc11ad20;
    .scope S_0x557abc0b8d10;
T_0 ;
    %wait E_0x557abc0c86f0;
    %load/vec4 v0x557abc109870_0;
    %dup/vec4;
    %pushi/vec4 2, 0, 4;
    %cmp/u;
    %jmp/1 T_0.0, 6;
    %dup/vec4;
    %pushi/vec4 3, 0, 4;
    %cmp/u;
    %jmp/1 T_0.1, 6;
    %dup/vec4;
    %pushi/vec4 4, 0, 4;
    %cmp/u;
    %jmp/1 T_0.2, 6;
    %dup/vec4;
    %pushi/vec4 5, 0, 4;
    %cmp/u;
    %jmp/1 T_0.3, 6;
    %dup/vec4;
    %pushi/vec4 6, 0, 4;
    %cmp/u;
    %jmp/1 T_0.4, 6;
    %dup/vec4;
    %pushi/vec4 7, 0, 4;
    %cmp/u;
    %jmp/1 T_0.5, 6;
    %dup/vec4;
    %pushi/vec4 8, 0, 4;
    %cmp/u;
    %jmp/1 T_0.6, 6;
    %dup/vec4;
    %pushi/vec4 9, 0, 4;
    %cmp/u;
    %jmp/1 T_0.7, 6;
    %dup/vec4;
    %pushi/vec4 10, 0, 4;
    %cmp/u;
    %jmp/1 T_0.8, 6;
    %pushi/vec4 0, 0, 20;
    %store/vec4 v0x557abc10a020_0, 0, 20;
    %jmp T_0.10;
T_0.0 ;
    %pushi/vec4 43166, 0, 20;
    %store/vec4 v0x557abc10a020_0, 0, 20;
    %jmp T_0.10;
T_0.1 ;
    %pushi/vec4 37589, 0, 20;
    %store/vec4 v0x557abc10a020_0, 0, 20;
    %jmp T_0.10;
T_0.2 ;
    %pushi/vec4 27971, 0, 20;
    %store/vec4 v0x557abc10a020_0, 0, 20;
    %jmp T_0.10;
T_0.3 ;
    %pushi/vec4 4100, 0, 20;
    %store/vec4 v0x557abc10a020_0, 0, 20;
    %jmp T_0.10;
T_0.4 ;
    %pushi/vec4 1019761, 0, 20;
    %store/vec4 v0x557abc10a020_0, 0, 20;
    %jmp T_0.10;
T_0.5 ;
    %pushi/vec4 1011284, 0, 20;
    %store/vec4 v0x557abc10a020_0, 0, 20;
    %jmp T_0.10;
T_0.6 ;
    %pushi/vec4 1025751, 0, 20;
    %store/vec4 v0x557abc10a020_0, 0, 20;
    %jmp T_0.10;
T_0.7 ;
    %pushi/vec4 1034292, 0, 20;
    %store/vec4 v0x557abc10a020_0, 0, 20;
    %jmp T_0.10;
T_0.8 ;
    %pushi/vec4 1027097, 0, 20;
    %store/vec4 v0x557abc10a020_0, 0, 20;
    %jmp T_0.10;
T_0.10 ;
    %pop/vec4 1;
    %jmp T_0;
    .thread T_0, $push;
    .scope S_0x557abc0b8d10;
T_1 ;
    %wait E_0x557abc0908b0;
    %load/vec4 v0x557abc10a380_0;
    %flag_set/vec4 8;
    %jmp/0xz  T_1.0, 8;
    %pushi/vec4 0, 0, 12;
    %split/vec4 6;
    %assign/vec4 v0x557abc1096b0_0, 0;
    %assign/vec4 v0x557abc10a600_0, 0;
    %jmp T_1.1;
T_1.0 ;
    %load/vec4 v0x557abc109c00_0;
    %cmpi/e 2, 0, 4;
    %jmp/0xz  T_1.2, 4;
    %load/vec4 v0x557abc1096b0_0;
    %cmpi/e 63, 0, 6;
    %jmp/0xz  T_1.4, 4;
    %pushi/vec4 0, 0, 6;
    %assign/vec4 v0x557abc1096b0_0, 0;
    %load/vec4 v0x557abc10a600_0;
    %addi 1, 0, 6;
    %assign/vec4 v0x557abc10a600_0, 0;
    %jmp T_1.5;
T_1.4 ;
    %pushi/vec4 1, 0, 6;
    %assign/vec4 v0x557abc1096b0_0, 0;
T_1.5 ;
    %jmp T_1.3;
T_1.2 ;
    %load/vec4 v0x557abc109c00_0;
    %cmpi/e 4, 0, 4;
    %jmp/0xz  T_1.6, 4;
    %load/vec4 v0x557abc1096b0_0;
    %pad/u 32;
    %cmpi/e 62, 0, 32;
    %jmp/0xz  T_1.8, 4;
    %pushi/vec4 0, 0, 6;
    %assign/vec4 v0x557abc1096b0_0, 0;
    %load/vec4 v0x557abc10a600_0;
    %addi 2, 0, 6;
    %assign/vec4 v0x557abc10a600_0, 0;
    %jmp T_1.9;
T_1.8 ;
    %load/vec4 v0x557abc1096b0_0;
    %addi 2, 0, 6;
    %assign/vec4 v0x557abc1096b0_0, 0;
T_1.9 ;
T_1.6 ;
T_1.3 ;
T_1.1 ;
    %jmp T_1;
    .thread T_1;
    .scope S_0x557abc0b8d10;
T_2 ;
    %wait E_0x557abc0908b0;
    %load/vec4 v0x557abc10a380_0;
    %flag_set/vec4 8;
    %jmp/0xz  T_2.0, 8;
    %pushi/vec4 0, 0, 4;
    %assign/vec4 v0x557abc109c00_0, 0;
    %jmp T_2.1;
T_2.0 ;
    %load/vec4 v0x557abc10a1e0_0;
    %assign/vec4 v0x557abc109c00_0, 0;
T_2.1 ;
    %jmp T_2;
    .thread T_2;
    .scope S_0x557abc0b8d10;
T_3 ;
    %wait E_0x557abc0c8410;
    %load/vec4 v0x557abc109c00_0;
    %dup/vec4;
    %pushi/vec4 0, 0, 4;
    %cmp/u;
    %jmp/1 T_3.0, 6;
    %dup/vec4;
    %pushi/vec4 1, 0, 4;
    %cmp/u;
    %jmp/1 T_3.1, 6;
    %dup/vec4;
    %pushi/vec4 2, 0, 4;
    %cmp/u;
    %jmp/1 T_3.2, 6;
    %dup/vec4;
    %pushi/vec4 3, 0, 4;
    %cmp/u;
    %jmp/1 T_3.3, 6;
    %dup/vec4;
    %pushi/vec4 4, 0, 4;
    %cmp/u;
    %jmp/1 T_3.4, 6;
    %dup/vec4;
    %pushi/vec4 5, 0, 4;
    %cmp/u;
    %jmp/1 T_3.5, 6;
    %jmp T_3.6;
T_3.0 ;
    %load/vec4 v0x557abc10a2c0_0;
    %pad/u 32;
    %cmpi/e 1, 0, 32;
    %jmp/0xz  T_3.7, 4;
    %pushi/vec4 1, 0, 4;
    %store/vec4 v0x557abc10a1e0_0, 0, 4;
    %jmp T_3.8;
T_3.7 ;
    %pushi/vec4 0, 0, 4;
    %store/vec4 v0x557abc10a1e0_0, 0, 4;
T_3.8 ;
    %jmp T_3.6;
T_3.1 ;
    %load/vec4 v0x557abc109870_0;
    %pad/u 32;
    %cmpi/e 12, 0, 32;
    %jmp/0xz  T_3.9, 4;
    %pushi/vec4 2, 0, 4;
    %store/vec4 v0x557abc10a1e0_0, 0, 4;
    %jmp T_3.10;
T_3.9 ;
    %pushi/vec4 1, 0, 4;
    %store/vec4 v0x557abc10a1e0_0, 0, 4;
T_3.10 ;
    %jmp T_3.6;
T_3.2 ;
    %load/vec4 v0x557abc1096b0_0;
    %pad/u 32;
    %pushi/vec4 63, 0, 32;
    %cmp/e;
    %flag_get/vec4 4;
    %load/vec4 v0x557abc10a600_0;
    %pad/u 32;
    %pushi/vec4 63, 0, 32;
    %cmp/e;
    %flag_get/vec4 4;
    %and;
    %flag_set/vec4 8;
    %jmp/0xz  T_3.11, 8;
    %pushi/vec4 3, 0, 4;
    %store/vec4 v0x557abc10a1e0_0, 0, 4;
    %jmp T_3.12;
T_3.11 ;
    %pushi/vec4 1, 0, 4;
    %store/vec4 v0x557abc10a1e0_0, 0, 4;
T_3.12 ;
    %jmp T_3.6;
T_3.3 ;
    %load/vec4 v0x557abc109870_0;
    %pad/u 32;
    %cmpi/e 5, 0, 32;
    %jmp/0xz  T_3.13, 4;
    %pushi/vec4 4, 0, 4;
    %store/vec4 v0x557abc10a1e0_0, 0, 4;
    %jmp T_3.14;
T_3.13 ;
    %pushi/vec4 3, 0, 4;
    %store/vec4 v0x557abc10a1e0_0, 0, 4;
T_3.14 ;
    %jmp T_3.6;
T_3.4 ;
    %load/vec4 v0x557abc1096b0_0;
    %pad/u 32;
    %pushi/vec4 62, 0, 32;
    %cmp/e;
    %flag_get/vec4 4;
    %load/vec4 v0x557abc10a600_0;
    %pad/u 32;
    %pushi/vec4 62, 0, 32;
    %cmp/e;
    %flag_get/vec4 4;
    %and;
    %flag_set/vec4 8;
    %jmp/0xz  T_3.15, 8;
    %pushi/vec4 5, 0, 4;
    %store/vec4 v0x557abc10a1e0_0, 0, 4;
    %jmp T_3.16;
T_3.15 ;
    %pushi/vec4 3, 0, 4;
    %store/vec4 v0x557abc10a1e0_0, 0, 4;
T_3.16 ;
    %jmp T_3.6;
T_3.5 ;
    %pushi/vec4 5, 0, 4;
    %store/vec4 v0x557abc10a1e0_0, 0, 4;
    %jmp T_3.6;
T_3.6 ;
    %pop/vec4 1;
    %jmp T_3;
    .thread T_3, $push;
    .scope S_0x557abc0b8d10;
T_4 ;
    %wait E_0x557abc0908b0;
    %load/vec4 v0x557abc10a380_0;
    %flag_set/vec4 8;
    %jmp/0xz  T_4.0, 8;
    %pushi/vec4 0, 0, 4;
    %assign/vec4 v0x557abc109870_0, 0;
    %jmp T_4.1;
T_4.0 ;
    %load/vec4 v0x557abc109870_0;
    %cmpi/e 13, 0, 4;
    %jmp/0xz  T_4.2, 4;
    %pushi/vec4 0, 0, 4;
    %assign/vec4 v0x557abc109870_0, 0;
    %jmp T_4.3;
T_4.2 ;
    %load/vec4 v0x557abc109870_0;
    %pad/u 32;
    %pushi/vec4 5, 0, 32;
    %cmp/e;
    %flag_get/vec4 4;
    %load/vec4 v0x557abc109c00_0;
    %pushi/vec4 3, 0, 4;
    %cmp/e;
    %flag_get/vec4 4;
    %and;
    %flag_set/vec4 8;
    %jmp/0xz  T_4.4, 8;
    %pushi/vec4 0, 0, 4;
    %assign/vec4 v0x557abc109870_0, 0;
    %jmp T_4.5;
T_4.4 ;
    %load/vec4 v0x557abc109c00_0;
    %cmpi/e 1, 0, 4;
    %flag_mov 8, 4;
    %load/vec4 v0x557abc109c00_0;
    %cmpi/e 3, 0, 4;
    %flag_or 4, 8;
    %jmp/0xz  T_4.6, 4;
    %load/vec4 v0x557abc109870_0;
    %addi 1, 0, 4;
    %assign/vec4 v0x557abc109870_0, 0;
T_4.6 ;
T_4.5 ;
T_4.3 ;
T_4.1 ;
    %jmp T_4;
    .thread T_4;
    .scope S_0x557abc0b8d10;
T_5 ;
    %wait E_0x557abc0908b0;
    %load/vec4 v0x557abc10a380_0;
    %flag_set/vec4 8;
    %jmp/0xz  T_5.0, 8;
    %pushi/vec4 0, 0, 1;
    %assign/vec4 v0x557abc0c4b00_0, 0;
    %jmp T_5.1;
T_5.0 ;
    %load/vec4 v0x557abc10a2c0_0;
    %pad/u 32;
    %cmpi/e 1, 0, 32;
    %jmp/0xz  T_5.2, 4;
    %pushi/vec4 1, 0, 1;
    %assign/vec4 v0x557abc0c4b00_0, 0;
    %jmp T_5.3;
T_5.2 ;
    %load/vec4 v0x557abc109c00_0;
    %cmpi/e 5, 0, 4;
    %jmp/0xz  T_5.4, 4;
    %pushi/vec4 0, 0, 1;
    %assign/vec4 v0x557abc0c4b00_0, 0;
T_5.4 ;
T_5.3 ;
T_5.1 ;
    %jmp T_5;
    .thread T_5;
    .scope S_0x557abc0b8d10;
T_6 ;
    %wait E_0x557abc0908b0;
    %load/vec4 v0x557abc10a380_0;
    %flag_set/vec4 8;
    %jmp/0xz  T_6.0, 8;
    %pushi/vec4 0, 0, 1;
    %assign/vec4 v0x557abc109ce0_0, 0;
    %jmp T_6.1;
T_6.0 ;
    %load/vec4 v0x557abc10a1e0_0;
    %cmpi/e 2, 0, 4;
    %jmp/0xz  T_6.2, 4;
    %pushi/vec4 1, 0, 1;
    %assign/vec4 v0x557abc109ce0_0, 0;
    %jmp T_6.3;
T_6.2 ;
    %load/vec4 v0x557abc10a1e0_0;
    %cmpi/e 4, 0, 4;
    %jmp/0xz  T_6.4, 4;
    %pushi/vec4 1, 0, 1;
    %assign/vec4 v0x557abc109ce0_0, 0;
    %jmp T_6.5;
T_6.4 ;
    %pushi/vec4 0, 0, 1;
    %assign/vec4 v0x557abc109ce0_0, 0;
T_6.5 ;
T_6.3 ;
T_6.1 ;
    %jmp T_6;
    .thread T_6;
    .scope S_0x557abc0b8d10;
T_7 ;
    %wait E_0x557abc0908b0;
    %load/vec4 v0x557abc10a380_0;
    %flag_set/vec4 8;
    %jmp/0xz  T_7.0, 8;
    %pushi/vec4 0, 0, 1;
    %assign/vec4 v0x557abc109950_0, 0;
    %jmp T_7.1;
T_7.0 ;
    %load/vec4 v0x557abc109c00_0;
    %cmpi/e 3, 0, 4;
    %jmp/0xz  T_7.2, 4;
    %pushi/vec4 1, 0, 1;
    %assign/vec4 v0x557abc109950_0, 0;
    %jmp T_7.3;
T_7.2 ;
    %pushi/vec4 0, 0, 1;
    %assign/vec4 v0x557abc109950_0, 0;
T_7.3 ;
T_7.1 ;
    %jmp T_7;
    .thread T_7;
    .scope S_0x557abc0b8d10;
T_8 ;
    %wait E_0x557abc0908b0;
    %load/vec4 v0x557abc10a380_0;
    %flag_set/vec4 8;
    %jmp/0xz  T_8.0, 8;
    %pushi/vec4 0, 0, 3;
    %assign/vec4 v0x557abc109a10_0, 0;
    %jmp T_8.1;
T_8.0 ;
    %load/vec4 v0x557abc109c00_0;
    %cmpi/e 4, 0, 4;
    %jmp/0xz  T_8.2, 4;
    %pushi/vec4 3, 0, 3;
    %assign/vec4 v0x557abc109a10_0, 0;
    %jmp T_8.3;
T_8.2 ;
    %load/vec4 v0x557abc109c00_0;
    %cmpi/e 2, 0, 4;
    %jmp/0xz  T_8.4, 4;
    %pushi/vec4 1, 0, 3;
    %assign/vec4 v0x557abc109a10_0, 0;
    %jmp T_8.5;
T_8.4 ;
    %load/vec4 v0x557abc109c00_0;
    %cmpi/e 3, 0, 4;
    %jmp/0xz  T_8.6, 4;
    %pushi/vec4 1, 0, 3;
    %assign/vec4 v0x557abc109a10_0, 0;
T_8.6 ;
T_8.5 ;
T_8.3 ;
T_8.1 ;
    %jmp T_8;
    .thread T_8;
    .scope S_0x557abc0b8d10;
T_9 ;
    %wait E_0x557abc0908b0;
    %load/vec4 v0x557abc10a380_0;
    %flag_set/vec4 8;
    %jmp/0xz  T_9.0, 8;
    %pushi/vec4 0, 0, 12;
    %assign/vec4 v0x557abc109da0_0, 0;
    %jmp T_9.1;
T_9.0 ;
    %load/vec4 v0x557abc109c00_0;
    %cmpi/e 1, 0, 4;
    %jmp/0xz  T_9.2, 4;
    %load/vec4 v0x557abc109870_0;
    %dup/vec4;
    %pushi/vec4 0, 0, 4;
    %cmp/u;
    %jmp/1 T_9.4, 6;
    %dup/vec4;
    %pushi/vec4 1, 0, 4;
    %cmp/u;
    %jmp/1 T_9.5, 6;
    %dup/vec4;
    %pushi/vec4 2, 0, 4;
    %cmp/u;
    %jmp/1 T_9.6, 6;
    %dup/vec4;
    %pushi/vec4 3, 0, 4;
    %cmp/u;
    %jmp/1 T_9.7, 6;
    %dup/vec4;
    %pushi/vec4 4, 0, 4;
    %cmp/u;
    %jmp/1 T_9.8, 6;
    %dup/vec4;
    %pushi/vec4 5, 0, 4;
    %cmp/u;
    %jmp/1 T_9.9, 6;
    %dup/vec4;
    %pushi/vec4 6, 0, 4;
    %cmp/u;
    %jmp/1 T_9.10, 6;
    %dup/vec4;
    %pushi/vec4 7, 0, 4;
    %cmp/u;
    %jmp/1 T_9.11, 6;
    %dup/vec4;
    %pushi/vec4 8, 0, 4;
    %cmp/u;
    %jmp/1 T_9.12, 6;
    %pushi/vec4 0, 0, 12;
    %assign/vec4 v0x557abc109da0_0, 0;
    %jmp T_9.14;
T_9.4 ;
    %load/vec4 v0x557abc10a600_0;
    %subi 1, 0, 6;
    %load/vec4 v0x557abc1096b0_0;
    %subi 1, 0, 6;
    %concat/vec4; draw_concat_vec4
    %assign/vec4 v0x557abc109da0_0, 0;
    %jmp T_9.14;
T_9.5 ;
    %load/vec4 v0x557abc10a600_0;
    %subi 1, 0, 6;
    %load/vec4 v0x557abc1096b0_0;
    %concat/vec4; draw_concat_vec4
    %assign/vec4 v0x557abc109da0_0, 0;
    %jmp T_9.14;
T_9.6 ;
    %load/vec4 v0x557abc10a600_0;
    %subi 1, 0, 6;
    %load/vec4 v0x557abc1096b0_0;
    %addi 1, 0, 6;
    %concat/vec4; draw_concat_vec4
    %assign/vec4 v0x557abc109da0_0, 0;
    %jmp T_9.14;
T_9.7 ;
    %load/vec4 v0x557abc10a600_0;
    %load/vec4 v0x557abc1096b0_0;
    %subi 1, 0, 6;
    %concat/vec4; draw_concat_vec4
    %assign/vec4 v0x557abc109da0_0, 0;
    %jmp T_9.14;
T_9.8 ;
    %load/vec4 v0x557abc10a600_0;
    %load/vec4 v0x557abc1096b0_0;
    %concat/vec4; draw_concat_vec4
    %assign/vec4 v0x557abc109da0_0, 0;
    %jmp T_9.14;
T_9.9 ;
    %load/vec4 v0x557abc10a600_0;
    %load/vec4 v0x557abc1096b0_0;
    %addi 1, 0, 6;
    %concat/vec4; draw_concat_vec4
    %assign/vec4 v0x557abc109da0_0, 0;
    %jmp T_9.14;
T_9.10 ;
    %load/vec4 v0x557abc10a600_0;
    %addi 1, 0, 6;
    %load/vec4 v0x557abc1096b0_0;
    %subi 1, 0, 6;
    %concat/vec4; draw_concat_vec4
    %assign/vec4 v0x557abc109da0_0, 0;
    %jmp T_9.14;
T_9.11 ;
    %load/vec4 v0x557abc10a600_0;
    %addi 1, 0, 6;
    %load/vec4 v0x557abc1096b0_0;
    %concat/vec4; draw_concat_vec4
    %assign/vec4 v0x557abc109da0_0, 0;
    %jmp T_9.14;
T_9.12 ;
    %load/vec4 v0x557abc10a600_0;
    %subi 1, 0, 6;
    %load/vec4 v0x557abc1096b0_0;
    %addi 1, 0, 6;
    %concat/vec4; draw_concat_vec4
    %assign/vec4 v0x557abc109da0_0, 0;
    %jmp T_9.14;
T_9.14 ;
    %pop/vec4 1;
T_9.2 ;
T_9.1 ;
    %jmp T_9;
    .thread T_9;
    .scope S_0x557abc0b8d10;
T_10 ;
    %wait E_0x557abc0908b0;
    %load/vec4 v0x557abc10a380_0;
    %flag_set/vec4 8;
    %jmp/0xz  T_10.0, 8;
    %pushi/vec4 0, 0, 12;
    %assign/vec4 v0x557abc109290_0, 0;
    %jmp T_10.1;
T_10.0 ;
    %load/vec4 v0x557abc109c00_0;
    %cmpi/e 3, 0, 4;
    %jmp/0xz  T_10.2, 4;
    %load/vec4 v0x557abc109870_0;
    %dup/vec4;
    %pushi/vec4 0, 0, 4;
    %cmp/u;
    %jmp/1 T_10.4, 6;
    %dup/vec4;
    %pushi/vec4 1, 0, 4;
    %cmp/u;
    %jmp/1 T_10.5, 6;
    %dup/vec4;
    %pushi/vec4 2, 0, 4;
    %cmp/u;
    %jmp/1 T_10.6, 6;
    %dup/vec4;
    %pushi/vec4 3, 0, 4;
    %cmp/u;
    %jmp/1 T_10.7, 6;
    %pushi/vec4 0, 0, 12;
    %assign/vec4 v0x557abc109290_0, 0;
    %jmp T_10.9;
T_10.4 ;
    %load/vec4 v0x557abc10a600_0;
    %load/vec4 v0x557abc1096b0_0;
    %concat/vec4; draw_concat_vec4
    %assign/vec4 v0x557abc109290_0, 0;
    %jmp T_10.9;
T_10.5 ;
    %load/vec4 v0x557abc10a600_0;
    %load/vec4 v0x557abc1096b0_0;
    %addi 1, 0, 6;
    %concat/vec4; draw_concat_vec4
    %assign/vec4 v0x557abc109290_0, 0;
    %jmp T_10.9;
T_10.6 ;
    %load/vec4 v0x557abc10a600_0;
    %addi 1, 0, 6;
    %load/vec4 v0x557abc1096b0_0;
    %concat/vec4; draw_concat_vec4
    %assign/vec4 v0x557abc109290_0, 0;
    %jmp T_10.9;
T_10.7 ;
    %load/vec4 v0x557abc10a600_0;
    %addi 1, 0, 6;
    %load/vec4 v0x557abc1096b0_0;
    %addi 1, 0, 6;
    %concat/vec4; draw_concat_vec4
    %assign/vec4 v0x557abc109290_0, 0;
    %jmp T_10.9;
T_10.9 ;
    %pop/vec4 1;
T_10.2 ;
T_10.1 ;
    %jmp T_10;
    .thread T_10;
    .scope S_0x557abc0b8d10;
T_11 ;
    %wait E_0x557abc0908b0;
    %load/vec4 v0x557abc10a380_0;
    %flag_set/vec4 8;
    %jmp/0xz  T_11.0, 8;
    %pushi/vec4 0, 0, 12;
    %assign/vec4 v0x557abc109370_0, 0;
    %jmp T_11.1;
T_11.0 ;
    %load/vec4 v0x557abc10a1e0_0;
    %cmpi/e 2, 0, 4;
    %jmp/0xz  T_11.2, 4;
    %load/vec4 v0x557abc10a600_0;
    %load/vec4 v0x557abc1096b0_0;
    %concat/vec4; draw_concat_vec4
    %assign/vec4 v0x557abc109370_0, 0;
    %jmp T_11.3;
T_11.2 ;
    %load/vec4 v0x557abc10a1e0_0;
    %cmpi/e 4, 0, 4;
    %jmp/0xz  T_11.4, 4;
    %load/vec4 v0x557abc10a600_0;
    %parti/s 5, 1, 2;
    %load/vec4 v0x557abc1096b0_0;
    %parti/s 5, 1, 2;
    %concat/vec4; draw_concat_vec4
    %pad/u 12;
    %assign/vec4 v0x557abc109370_0, 0;
T_11.4 ;
T_11.3 ;
T_11.1 ;
    %jmp T_11;
    .thread T_11;
    .scope S_0x557abc0b8d10;
T_12 ;
    %wait E_0x557abc0908b0;
    %load/vec4 v0x557abc10a380_0;
    %flag_set/vec4 8;
    %jmp/0xz  T_12.0, 8;
    %pushi/vec4 0, 0, 20;
    %assign/vec4 v0x557abc109510_0, 0;
    %jmp T_12.1;
T_12.0 ;
    %load/vec4 v0x557abc10a1e0_0;
    %cmpi/e 2, 0, 4;
    %jmp/0xz  T_12.2, 4;
    %load/vec4 v0x557abc10a520_0;
    %parti/s 1, 20, 6;
    %flag_set/vec4 8;
    %jmp/0xz  T_12.4, 8;
    %pushi/vec4 0, 0, 20;
    %assign/vec4 v0x557abc109510_0, 0;
    %jmp T_12.5;
T_12.4 ;
    %load/vec4 v0x557abc10a520_0;
    %parti/s 20, 1, 2;
    %assign/vec4 v0x557abc109510_0, 0;
T_12.5 ;
    %jmp T_12.3;
T_12.2 ;
    %load/vec4 v0x557abc109c00_0;
    %cmpi/e 3, 0, 4;
    %jmp/0xz  T_12.6, 4;
    %load/vec4 v0x557abc109870_0;
    %pad/u 32;
    %cmpi/e 1, 0, 32;
    %jmp/0xz  T_12.8, 4;
    %load/vec4 v0x557abc109450_0;
    %pad/u 20;
    %assign/vec4 v0x557abc109510_0, 0;
    %jmp T_12.9;
T_12.8 ;
    %load/vec4 v0x557abc109510_0;
    %load/vec4 v0x557abc109450_0;
    %pad/u 20;
    %cmp/u;
    %jmp/0xz  T_12.10, 5;
    %load/vec4 v0x557abc109450_0;
    %pad/u 20;
    %assign/vec4 v0x557abc109510_0, 0;
    %jmp T_12.11;
T_12.10 ;
    %load/vec4 v0x557abc109510_0;
    %assign/vec4 v0x557abc109510_0, 0;
T_12.11 ;
T_12.9 ;
T_12.6 ;
T_12.3 ;
T_12.1 ;
    %jmp T_12;
    .thread T_12;
    .scope S_0x557abc0b8d10;
T_13 ;
    %wait E_0x557abc0908b0;
    %load/vec4 v0x557abc10a380_0;
    %flag_set/vec4 8;
    %jmp/0 T_13.0, 8;
    %pushi/vec4 0, 0, 20;
    %jmp/1 T_13.1, 8;
T_13.0 ; End of true expr.
    %load/vec4 v0x557abc109e80_0;
    %pad/u 20;
    %jmp/0 T_13.1, 8;
 ; End of false expr.
    %blend;
T_13.1;
    %assign/vec4 v0x557abc109f40_0, 0;
    %jmp T_13;
    .thread T_13;
    .scope S_0x557abc0b8d10;
T_14 ;
    %wait E_0x557abc0908b0;
    %load/vec4 v0x557abc10a380_0;
    %flag_set/vec4 8;
    %jmp/0xz  T_14.0, 8;
    %pushi/vec4 0, 0, 44;
    %assign/vec4 v0x557abc109790_0, 0;
    %jmp T_14.1;
T_14.0 ;
    %load/vec4 v0x557abc109c00_0;
    %cmpi/e 1, 0, 4;
    %jmp/0xz  T_14.2, 4;
    %load/vec4 v0x557abc109870_0;
    %dup/vec4;
    %pushi/vec4 0, 0, 4;
    %cmp/u;
    %jmp/1 T_14.4, 6;
    %dup/vec4;
    %pushi/vec4 2, 0, 4;
    %cmp/u;
    %jmp/1 T_14.5, 6;
    %dup/vec4;
    %pushi/vec4 3, 0, 4;
    %cmp/u;
    %jmp/1 T_14.6, 6;
    %dup/vec4;
    %pushi/vec4 4, 0, 4;
    %cmp/u;
    %jmp/1 T_14.7, 6;
    %dup/vec4;
    %pushi/vec4 5, 0, 4;
    %cmp/u;
    %jmp/1 T_14.8, 6;
    %dup/vec4;
    %pushi/vec4 6, 0, 4;
    %cmp/u;
    %jmp/1 T_14.9, 6;
    %dup/vec4;
    %pushi/vec4 7, 0, 4;
    %cmp/u;
    %jmp/1 T_14.10, 6;
    %dup/vec4;
    %pushi/vec4 8, 0, 4;
    %cmp/u;
    %jmp/1 T_14.11, 6;
    %dup/vec4;
    %pushi/vec4 9, 0, 4;
    %cmp/u;
    %jmp/1 T_14.12, 6;
    %dup/vec4;
    %pushi/vec4 10, 0, 4;
    %cmp/u;
    %jmp/1 T_14.13, 6;
    %dup/vec4;
    %pushi/vec4 11, 0, 4;
    %cmp/u;
    %jmp/1 T_14.14, 6;
    %jmp T_14.15;
T_14.4 ;
    %pushi/vec4 0, 0, 44;
    %assign/vec4 v0x557abc109790_0, 0;
    %jmp T_14.15;
T_14.5 ;
    %load/vec4 v0x557abc1096b0_0;
    %pad/u 32;
    %pushi/vec4 0, 0, 32;
    %cmp/e;
    %flag_get/vec4 4;
    %inv;
    %load/vec4 v0x557abc10a600_0;
    %pad/u 32;
    %pushi/vec4 0, 0, 32;
    %cmp/e;
    %flag_get/vec4 4;
    %inv;
    %and;
    %flag_set/vec4 8;
    %jmp/0xz  T_14.16, 8;
    %load/vec4 v0x557abc10a100_0;
    %assign/vec4 v0x557abc109790_0, 0;
T_14.16 ;
    %jmp T_14.15;
T_14.6 ;
    %load/vec4 v0x557abc10a600_0;
    %pad/u 32;
    %cmpi/ne 0, 0, 32;
    %jmp/0xz  T_14.18, 4;
    %load/vec4 v0x557abc109790_0;
    %load/vec4 v0x557abc10a100_0;
    %add;
    %assign/vec4 v0x557abc109790_0, 0;
T_14.18 ;
    %jmp T_14.15;
T_14.7 ;
    %load/vec4 v0x557abc10a600_0;
    %pad/u 32;
    %pushi/vec4 0, 0, 32;
    %cmp/e;
    %flag_get/vec4 4;
    %inv;
    %load/vec4 v0x557abc1096b0_0;
    %pad/u 32;
    %pushi/vec4 63, 0, 32;
    %cmp/e;
    %flag_get/vec4 4;
    %inv;
    %and;
    %flag_set/vec4 8;
    %jmp/0xz  T_14.20, 8;
    %load/vec4 v0x557abc109790_0;
    %load/vec4 v0x557abc10a100_0;
    %add;
    %assign/vec4 v0x557abc109790_0, 0;
T_14.20 ;
    %jmp T_14.15;
T_14.8 ;
    %load/vec4 v0x557abc1096b0_0;
    %pad/u 32;
    %cmpi/ne 0, 0, 32;
    %jmp/0xz  T_14.22, 4;
    %load/vec4 v0x557abc109790_0;
    %load/vec4 v0x557abc10a100_0;
    %add;
    %assign/vec4 v0x557abc109790_0, 0;
T_14.22 ;
    %jmp T_14.15;
T_14.9 ;
    %load/vec4 v0x557abc109790_0;
    %load/vec4 v0x557abc10a100_0;
    %add;
    %assign/vec4 v0x557abc109790_0, 0;
    %jmp T_14.15;
T_14.10 ;
    %load/vec4 v0x557abc1096b0_0;
    %pad/u 32;
    %cmpi/ne 63, 0, 32;
    %jmp/0xz  T_14.24, 4;
    %load/vec4 v0x557abc109790_0;
    %load/vec4 v0x557abc10a100_0;
    %add;
    %assign/vec4 v0x557abc109790_0, 0;
T_14.24 ;
    %jmp T_14.15;
T_14.11 ;
    %load/vec4 v0x557abc10a600_0;
    %pad/u 32;
    %pushi/vec4 0, 0, 32;
    %cmp/e;
    %flag_get/vec4 4;
    %inv;
    %load/vec4 v0x557abc1096b0_0;
    %pad/u 32;
    %pushi/vec4 63, 0, 32;
    %cmp/e;
    %flag_get/vec4 4;
    %inv;
    %and;
    %flag_set/vec4 8;
    %jmp/0xz  T_14.26, 8;
    %load/vec4 v0x557abc109790_0;
    %load/vec4 v0x557abc10a100_0;
    %add;
    %assign/vec4 v0x557abc109790_0, 0;
T_14.26 ;
    %jmp T_14.15;
T_14.12 ;
    %load/vec4 v0x557abc10a600_0;
    %pad/u 32;
    %cmpi/ne 63, 0, 32;
    %jmp/0xz  T_14.28, 4;
    %load/vec4 v0x557abc109790_0;
    %load/vec4 v0x557abc10a100_0;
    %add;
    %assign/vec4 v0x557abc109790_0, 0;
T_14.28 ;
    %jmp T_14.15;
T_14.13 ;
    %load/vec4 v0x557abc10a600_0;
    %pad/u 32;
    %pushi/vec4 63, 0, 32;
    %cmp/e;
    %flag_get/vec4 4;
    %inv;
    %load/vec4 v0x557abc1096b0_0;
    %pad/u 32;
    %pushi/vec4 63, 0, 32;
    %cmp/e;
    %flag_get/vec4 4;
    %inv;
    %and;
    %flag_set/vec4 8;
    %jmp/0xz  T_14.30, 8;
    %load/vec4 v0x557abc109790_0;
    %load/vec4 v0x557abc10a100_0;
    %add;
    %assign/vec4 v0x557abc109790_0, 0;
T_14.30 ;
    %jmp T_14.15;
T_14.14 ;
    %load/vec4 v0x557abc109790_0;
    %addi 319815888, 0, 44;
    %assign/vec4 v0x557abc10a440_0, 0;
    %jmp T_14.15;
T_14.15 ;
    %pop/vec4 1;
T_14.2 ;
T_14.1 ;
    %jmp T_14;
    .thread T_14;
# The file index is used to find the file name in the following table.
:file_names 3;
    "N/A";
    "<interactive>";
    "CONV.v";
