#! /usr/bin/vvp
:ivl_version "10.3 (stable)";
:ivl_delay_selection "TYPICAL";
:vpi_time_precision + 0;
:vpi_module "system";
:vpi_module "vhdl_sys";
:vpi_module "v2005_math";
:vpi_module "va_math";
S_0x556665820130 .scope module, "SET" "SET" 2 4;
 .timescale 0 0;
    .port_info 0 /INPUT 1 "clk"
    .port_info 1 /INPUT 1 "rst"
    .port_info 2 /INPUT 1 "en"
    .port_info 3 /INPUT 24 "central"
    .port_info 4 /INPUT 12 "radius"
    .port_info 5 /INPUT 2 "mode"
    .port_info 6 /OUTPUT 1 "busy"
    .port_info 7 /OUTPUT 1 "valid"
    .port_info 8 /OUTPUT 8 "candidate"
v0x556665851260_0 .var "busy", 0 0;
v0x5566658851a0_0 .var "candidate", 7 0;
o0x7fd390754078 .functor BUFZ 24, C4<zzzzzzzzzzzzzzzzzzzzzzzz>; HiZ drive
v0x556665885280_0 .net "central", 23 0, o0x7fd390754078;  0 drivers
o0x7fd3907540a8 .functor BUFZ 1, C4<z>; HiZ drive
v0x556665885340_0 .net "clk", 0 0, o0x7fd3907540a8;  0 drivers
v0x556665885400 .array "cr", 2 0, 3 0;
v0x556665885510 .array "cx", 2 0, 3 0;
v0x5566658855d0 .array "cy", 2 0, 3 0;
o0x7fd3907540d8 .functor BUFZ 1, C4<z>; HiZ drive
v0x556665885690_0 .net "en", 0 0, o0x7fd3907540d8;  0 drivers
v0x556665885750_0 .var/i "i", 31 0;
o0x7fd390754138 .functor BUFZ 2, C4<zz>; HiZ drive
v0x556665885830_0 .net "mode", 1 0, o0x7fd390754138;  0 drivers
o0x7fd390754168 .functor BUFZ 12, C4<zzzzzzzzzzzz>; HiZ drive
v0x556665885910_0 .net "radius", 11 0, o0x7fd390754168;  0 drivers
o0x7fd390754198 .functor BUFZ 1, C4<z>; HiZ drive
v0x5566658859f0_0 .net "rst", 0 0, o0x7fd390754198;  0 drivers
v0x556665885ab0_0 .var "valid", 0 0;
v0x556665885b70_0 .var "x", 3 0;
v0x556665885c50_0 .var "y", 3 0;
E_0x556665855810 .event posedge, v0x5566658859f0_0, v0x556665885340_0;
    .scope S_0x556665820130;
T_0 ;
    %wait E_0x556665855810;
    %load/vec4 v0x5566658859f0_0;
    %flag_set/vec4 8;
    %jmp/0xz  T_0.0, 8;
    %pushi/vec4 0, 0, 1;
    %assign/vec4 v0x556665851260_0, 0;
    %pushi/vec4 0, 0, 1;
    %assign/vec4 v0x556665885ab0_0, 0;
    %pushi/vec4 0, 0, 8;
    %assign/vec4 v0x5566658851a0_0, 0;
    %pushi/vec4 0, 0, 4;
    %assign/vec4 v0x556665885b70_0, 0;
    %pushi/vec4 0, 0, 4;
    %assign/vec4 v0x556665885c50_0, 0;
    %pushi/vec4 0, 0, 32;
    %store/vec4 v0x556665885750_0, 0, 32;
T_0.2 ;
    %load/vec4 v0x556665885750_0;
    %cmpi/s 3, 0, 32;
    %jmp/0xz T_0.3, 5;
    %pushi/vec4 0, 0, 4;
    %ix/getv/s 3, v0x556665885750_0;
    %ix/load 4, 0, 0; Constant delay
    %assign/vec4/a/d v0x556665885510, 0, 4;
    %pushi/vec4 0, 0, 4;
    %ix/getv/s 3, v0x556665885750_0;
    %ix/load 4, 0, 0; Constant delay
    %assign/vec4/a/d v0x5566658855d0, 0, 4;
    %pushi/vec4 0, 0, 4;
    %ix/getv/s 3, v0x556665885750_0;
    %ix/load 4, 0, 0; Constant delay
    %assign/vec4/a/d v0x556665885400, 0, 4;
    %load/vec4 v0x556665885750_0;
    %addi 1, 0, 32;
    %store/vec4 v0x556665885750_0, 0, 32;
    %jmp T_0.2;
T_0.3 ;
    %jmp T_0.1;
T_0.0 ;
    %load/vec4 v0x556665885690_0;
    %flag_set/vec4 8;
    %jmp/0xz  T_0.4, 8;
    %pushi/vec4 1, 0, 4;
    %assign/vec4 v0x556665885b70_0, 0;
    %pushi/vec4 1, 0, 4;
    %assign/vec4 v0x556665885c50_0, 0;
    %pushi/vec4 1, 0, 1;
    %assign/vec4 v0x556665851260_0, 0;
    %pushi/vec4 0, 0, 1;
    %assign/vec4 v0x556665885ab0_0, 0;
    %pushi/vec4 0, 0, 8;
    %assign/vec4 v0x5566658851a0_0, 0;
    %pushi/vec4 0, 0, 32;
    %store/vec4 v0x556665885750_0, 0, 32;
T_0.6 ;
    %load/vec4 v0x556665885750_0;
    %cmpi/s 3, 0, 32;
    %jmp/0xz T_0.7, 5;
    %load/vec4 v0x556665885280_0;
    %pushi/vec4 23, 0, 32;
    %load/vec4 v0x556665885750_0;
    %muli 8, 0, 32;
    %sub;
    %pad/s 34;
    %subi 3, 0, 34;
    %part/s 4;
    %ix/getv/s 3, v0x556665885750_0;
    %ix/load 4, 0, 0; Constant delay
    %assign/vec4/a/d v0x556665885510, 0, 4;
    %load/vec4 v0x556665885280_0;
    %pushi/vec4 19, 0, 32;
    %load/vec4 v0x556665885750_0;
    %muli 8, 0, 32;
    %sub;
    %pad/s 34;
    %subi 3, 0, 34;
    %part/s 4;
    %ix/getv/s 3, v0x556665885750_0;
    %ix/load 4, 0, 0; Constant delay
    %assign/vec4/a/d v0x5566658855d0, 0, 4;
    %load/vec4 v0x556665885910_0;
    %pushi/vec4 11, 0, 32;
    %load/vec4 v0x556665885750_0;
    %muli 4, 0, 32;
    %sub;
    %pad/s 34;
    %subi 3, 0, 34;
    %part/s 4;
    %ix/getv/s 3, v0x556665885750_0;
    %ix/load 4, 0, 0; Constant delay
    %assign/vec4/a/d v0x556665885400, 0, 4;
    %load/vec4 v0x556665885750_0;
    %addi 1, 0, 32;
    %store/vec4 v0x556665885750_0, 0, 32;
    %jmp T_0.6;
T_0.7 ;
    %jmp T_0.5;
T_0.4 ;
    %load/vec4 v0x556665851260_0;
    %flag_set/vec4 8;
    %jmp/0xz  T_0.8, 8;
    %load/vec4 v0x556665885ab0_0;
    %flag_set/vec4 8;
    %jmp/0xz  T_0.10, 8;
    %pushi/vec4 0, 0, 1;
    %assign/vec4 v0x556665851260_0, 0;
    %jmp T_0.11;
T_0.10 ;
    %load/vec4 v0x556665885830_0;
    %dup/vec4;
    %pushi/vec4 0, 0, 2;
    %cmp/u;
    %jmp/1 T_0.12, 6;
    %dup/vec4;
    %pushi/vec4 1, 0, 2;
    %cmp/u;
    %jmp/1 T_0.13, 6;
    %dup/vec4;
    %pushi/vec4 2, 0, 2;
    %cmp/u;
    %jmp/1 T_0.14, 6;
    %jmp T_0.15;
T_0.12 ;
    %ix/load 4, 0, 0;
    %flag_set/imm 4, 0;
    %load/vec4a v0x556665885510, 4;
    %load/vec4 v0x556665885b70_0;
    %cmp/u;
    %flag_mov 8, 5;
    %jmp/0 T_0.18, 8;
    %load/vec4 v0x556665885b70_0;
    %ix/load 4, 0, 0;
    %flag_set/imm 4, 0;
    %load/vec4a v0x556665885510, 4;
    %sub;
    %jmp/1 T_0.19, 8;
T_0.18 ; End of true expr.
    %ix/load 4, 0, 0;
    %flag_set/imm 4, 0;
    %load/vec4a v0x556665885510, 4;
    %load/vec4 v0x556665885b70_0;
    %sub;
    %jmp/0 T_0.19, 8;
 ; End of false expr.
    %blend;
T_0.19;
    %ix/load 4, 0, 0;
    %flag_set/imm 4, 0;
    %load/vec4a v0x556665885510, 4;
    %load/vec4 v0x556665885b70_0;
    %cmp/u;
    %flag_mov 8, 5;
    %jmp/0 T_0.20, 8;
    %load/vec4 v0x556665885b70_0;
    %ix/load 4, 0, 0;
    %flag_set/imm 4, 0;
    %load/vec4a v0x556665885510, 4;
    %sub;
    %jmp/1 T_0.21, 8;
T_0.20 ; End of true expr.
    %ix/load 4, 0, 0;
    %flag_set/imm 4, 0;
    %load/vec4a v0x556665885510, 4;
    %load/vec4 v0x556665885b70_0;
    %sub;
    %jmp/0 T_0.21, 8;
 ; End of false expr.
    %blend;
T_0.21;
    %mul;
    %ix/load 4, 0, 0;
    %flag_set/imm 4, 0;
    %load/vec4a v0x5566658855d0, 4;
    %load/vec4 v0x556665885c50_0;
    %cmp/u;
    %flag_mov 8, 5;
    %jmp/0 T_0.22, 8;
    %load/vec4 v0x556665885c50_0;
    %ix/load 4, 0, 0;
    %flag_set/imm 4, 0;
    %load/vec4a v0x5566658855d0, 4;
    %sub;
    %jmp/1 T_0.23, 8;
T_0.22 ; End of true expr.
    %ix/load 4, 0, 0;
    %flag_set/imm 4, 0;
    %load/vec4a v0x5566658855d0, 4;
    %load/vec4 v0x556665885c50_0;
    %sub;
    %jmp/0 T_0.23, 8;
 ; End of false expr.
    %blend;
T_0.23;
    %ix/load 4, 0, 0;
    %flag_set/imm 4, 0;
    %load/vec4a v0x5566658855d0, 4;
    %load/vec4 v0x556665885c50_0;
    %cmp/u;
    %flag_mov 8, 5;
    %jmp/0 T_0.24, 8;
    %load/vec4 v0x556665885c50_0;
    %ix/load 4, 0, 0;
    %flag_set/imm 4, 0;
    %load/vec4a v0x5566658855d0, 4;
    %sub;
    %jmp/1 T_0.25, 8;
T_0.24 ; End of true expr.
    %ix/load 4, 0, 0;
    %flag_set/imm 4, 0;
    %load/vec4a v0x5566658855d0, 4;
    %load/vec4 v0x556665885c50_0;
    %sub;
    %jmp/0 T_0.25, 8;
 ; End of false expr.
    %blend;
T_0.25;
    %mul;
    %add;
    %ix/load 4, 0, 0;
    %flag_set/imm 4, 0;
    %load/vec4a v0x556665885400, 4;
    %ix/load 4, 0, 0;
    %flag_set/imm 4, 0;
    %load/vec4a v0x556665885400, 4;
    %mul;
    %cmp/u;
    %flag_or 5, 4;
    %jmp/0xz  T_0.16, 5;
    %load/vec4 v0x5566658851a0_0;
    %addi 1, 0, 8;
    %assign/vec4 v0x5566658851a0_0, 0;
T_0.16 ;
    %jmp T_0.15;
T_0.13 ;
    %ix/load 4, 1, 0;
    %flag_set/imm 4, 0;
    %load/vec4a v0x556665885510, 4;
    %load/vec4 v0x556665885b70_0;
    %cmp/u;
    %flag_mov 9, 5;
    %jmp/0 T_0.28, 9;
    %load/vec4 v0x556665885b70_0;
    %ix/load 4, 1, 0;
    %flag_set/imm 4, 0;
    %load/vec4a v0x556665885510, 4;
    %sub;
    %jmp/1 T_0.29, 9;
T_0.28 ; End of true expr.
    %ix/load 4, 1, 0;
    %flag_set/imm 4, 0;
    %load/vec4a v0x556665885510, 4;
    %load/vec4 v0x556665885b70_0;
    %sub;
    %jmp/0 T_0.29, 9;
 ; End of false expr.
    %blend;
T_0.29;
    %ix/load 4, 1, 0;
    %flag_set/imm 4, 0;
    %load/vec4a v0x556665885510, 4;
    %load/vec4 v0x556665885b70_0;
    %cmp/u;
    %flag_mov 9, 5;
    %jmp/0 T_0.30, 9;
    %load/vec4 v0x556665885b70_0;
    %ix/load 4, 1, 0;
    %flag_set/imm 4, 0;
    %load/vec4a v0x556665885510, 4;
    %sub;
    %jmp/1 T_0.31, 9;
T_0.30 ; End of true expr.
    %ix/load 4, 1, 0;
    %flag_set/imm 4, 0;
    %load/vec4a v0x556665885510, 4;
    %load/vec4 v0x556665885b70_0;
    %sub;
    %jmp/0 T_0.31, 9;
 ; End of false expr.
    %blend;
T_0.31;
    %mul;
    %ix/load 4, 1, 0;
    %flag_set/imm 4, 0;
    %load/vec4a v0x5566658855d0, 4;
    %load/vec4 v0x556665885c50_0;
    %cmp/u;
    %flag_mov 9, 5;
    %jmp/0 T_0.32, 9;
    %load/vec4 v0x556665885c50_0;
    %ix/load 4, 1, 0;
    %flag_set/imm 4, 0;
    %load/vec4a v0x5566658855d0, 4;
    %sub;
    %jmp/1 T_0.33, 9;
T_0.32 ; End of true expr.
    %ix/load 4, 1, 0;
    %flag_set/imm 4, 0;
    %load/vec4a v0x5566658855d0, 4;
    %load/vec4 v0x556665885c50_0;
    %sub;
    %jmp/0 T_0.33, 9;
 ; End of false expr.
    %blend;
T_0.33;
    %ix/load 4, 1, 0;
    %flag_set/imm 4, 0;
    %load/vec4a v0x5566658855d0, 4;
    %load/vec4 v0x556665885c50_0;
    %cmp/u;
    %flag_mov 9, 5;
    %jmp/0 T_0.34, 9;
    %load/vec4 v0x556665885c50_0;
    %ix/load 4, 1, 0;
    %flag_set/imm 4, 0;
    %load/vec4a v0x5566658855d0, 4;
    %sub;
    %jmp/1 T_0.35, 9;
T_0.34 ; End of true expr.
    %ix/load 4, 1, 0;
    %flag_set/imm 4, 0;
    %load/vec4a v0x5566658855d0, 4;
    %load/vec4 v0x556665885c50_0;
    %sub;
    %jmp/0 T_0.35, 9;
 ; End of false expr.
    %blend;
T_0.35;
    %mul;
    %add;
    %ix/load 4, 1, 0;
    %flag_set/imm 4, 0;
    %load/vec4a v0x556665885400, 4;
    %ix/load 4, 1, 0;
    %flag_set/imm 4, 0;
    %load/vec4a v0x556665885400, 4;
    %mul;
    %cmp/u;
    %flag_get/vec4 4;
    %flag_get/vec4 5;
    %or;
    %ix/load 4, 1, 0;
    %flag_set/imm 4, 0;
    %load/vec4a v0x556665885510, 4;
    %load/vec4 v0x556665885b70_0;
    %cmp/u;
    %flag_mov 9, 5;
    %jmp/0 T_0.36, 9;
    %load/vec4 v0x556665885b70_0;
    %ix/load 4, 1, 0;
    %flag_set/imm 4, 0;
    %load/vec4a v0x556665885510, 4;
    %sub;
    %jmp/1 T_0.37, 9;
T_0.36 ; End of true expr.
    %ix/load 4, 1, 0;
    %flag_set/imm 4, 0;
    %load/vec4a v0x556665885510, 4;
    %load/vec4 v0x556665885b70_0;
    %sub;
    %jmp/0 T_0.37, 9;
 ; End of false expr.
    %blend;
T_0.37;
    %ix/load 4, 1, 0;
    %flag_set/imm 4, 0;
    %load/vec4a v0x556665885510, 4;
    %load/vec4 v0x556665885b70_0;
    %cmp/u;
    %flag_mov 9, 5;
    %jmp/0 T_0.38, 9;
    %load/vec4 v0x556665885b70_0;
    %ix/load 4, 1, 0;
    %flag_set/imm 4, 0;
    %load/vec4a v0x556665885510, 4;
    %sub;
    %jmp/1 T_0.39, 9;
T_0.38 ; End of true expr.
    %ix/load 4, 1, 0;
    %flag_set/imm 4, 0;
    %load/vec4a v0x556665885510, 4;
    %load/vec4 v0x556665885b70_0;
    %sub;
    %jmp/0 T_0.39, 9;
 ; End of false expr.
    %blend;
T_0.39;
    %mul;
    %ix/load 4, 1, 0;
    %flag_set/imm 4, 0;
    %load/vec4a v0x5566658855d0, 4;
    %load/vec4 v0x556665885c50_0;
    %cmp/u;
    %flag_mov 9, 5;
    %jmp/0 T_0.40, 9;
    %load/vec4 v0x556665885c50_0;
    %ix/load 4, 1, 0;
    %flag_set/imm 4, 0;
    %load/vec4a v0x5566658855d0, 4;
    %sub;
    %jmp/1 T_0.41, 9;
T_0.40 ; End of true expr.
    %ix/load 4, 1, 0;
    %flag_set/imm 4, 0;
    %load/vec4a v0x5566658855d0, 4;
    %load/vec4 v0x556665885c50_0;
    %sub;
    %jmp/0 T_0.41, 9;
 ; End of false expr.
    %blend;
T_0.41;
    %ix/load 4, 1, 0;
    %flag_set/imm 4, 0;
    %load/vec4a v0x5566658855d0, 4;
    %load/vec4 v0x556665885c50_0;
    %cmp/u;
    %flag_mov 9, 5;
    %jmp/0 T_0.42, 9;
    %load/vec4 v0x556665885c50_0;
    %ix/load 4, 1, 0;
    %flag_set/imm 4, 0;
    %load/vec4a v0x5566658855d0, 4;
    %sub;
    %jmp/1 T_0.43, 9;
T_0.42 ; End of true expr.
    %ix/load 4, 1, 0;
    %flag_set/imm 4, 0;
    %load/vec4a v0x5566658855d0, 4;
    %load/vec4 v0x556665885c50_0;
    %sub;
    %jmp/0 T_0.43, 9;
 ; End of false expr.
    %blend;
T_0.43;
    %mul;
    %add;
    %ix/load 4, 1, 0;
    %flag_set/imm 4, 0;
    %load/vec4a v0x556665885400, 4;
    %ix/load 4, 1, 0;
    %flag_set/imm 4, 0;
    %load/vec4a v0x556665885400, 4;
    %mul;
    %cmp/u;
    %flag_get/vec4 4;
    %flag_get/vec4 5;
    %or;
    %and;
    %flag_set/vec4 8;
    %jmp/0xz  T_0.26, 8;
    %load/vec4 v0x5566658851a0_0;
    %addi 1, 0, 8;
    %assign/vec4 v0x5566658851a0_0, 0;
T_0.26 ;
    %jmp T_0.15;
T_0.14 ;
    %ix/load 4, 1, 0;
    %flag_set/imm 4, 0;
    %load/vec4a v0x556665885510, 4;
    %load/vec4 v0x556665885b70_0;
    %cmp/u;
    %flag_mov 9, 5;
    %jmp/0 T_0.46, 9;
    %load/vec4 v0x556665885b70_0;
    %ix/load 4, 1, 0;
    %flag_set/imm 4, 0;
    %load/vec4a v0x556665885510, 4;
    %sub;
    %jmp/1 T_0.47, 9;
T_0.46 ; End of true expr.
    %ix/load 4, 1, 0;
    %flag_set/imm 4, 0;
    %load/vec4a v0x556665885510, 4;
    %load/vec4 v0x556665885b70_0;
    %sub;
    %jmp/0 T_0.47, 9;
 ; End of false expr.
    %blend;
T_0.47;
    %ix/load 4, 1, 0;
    %flag_set/imm 4, 0;
    %load/vec4a v0x556665885510, 4;
    %load/vec4 v0x556665885b70_0;
    %cmp/u;
    %flag_mov 9, 5;
    %jmp/0 T_0.48, 9;
    %load/vec4 v0x556665885b70_0;
    %ix/load 4, 1, 0;
    %flag_set/imm 4, 0;
    %load/vec4a v0x556665885510, 4;
    %sub;
    %jmp/1 T_0.49, 9;
T_0.48 ; End of true expr.
    %ix/load 4, 1, 0;
    %flag_set/imm 4, 0;
    %load/vec4a v0x556665885510, 4;
    %load/vec4 v0x556665885b70_0;
    %sub;
    %jmp/0 T_0.49, 9;
 ; End of false expr.
    %blend;
T_0.49;
    %mul;
    %ix/load 4, 1, 0;
    %flag_set/imm 4, 0;
    %load/vec4a v0x5566658855d0, 4;
    %load/vec4 v0x556665885c50_0;
    %cmp/u;
    %flag_mov 9, 5;
    %jmp/0 T_0.50, 9;
    %load/vec4 v0x556665885c50_0;
    %ix/load 4, 1, 0;
    %flag_set/imm 4, 0;
    %load/vec4a v0x5566658855d0, 4;
    %sub;
    %jmp/1 T_0.51, 9;
T_0.50 ; End of true expr.
    %ix/load 4, 1, 0;
    %flag_set/imm 4, 0;
    %load/vec4a v0x5566658855d0, 4;
    %load/vec4 v0x556665885c50_0;
    %sub;
    %jmp/0 T_0.51, 9;
 ; End of false expr.
    %blend;
T_0.51;
    %ix/load 4, 1, 0;
    %flag_set/imm 4, 0;
    %load/vec4a v0x5566658855d0, 4;
    %load/vec4 v0x556665885c50_0;
    %cmp/u;
    %flag_mov 9, 5;
    %jmp/0 T_0.52, 9;
    %load/vec4 v0x556665885c50_0;
    %ix/load 4, 1, 0;
    %flag_set/imm 4, 0;
    %load/vec4a v0x5566658855d0, 4;
    %sub;
    %jmp/1 T_0.53, 9;
T_0.52 ; End of true expr.
    %ix/load 4, 1, 0;
    %flag_set/imm 4, 0;
    %load/vec4a v0x5566658855d0, 4;
    %load/vec4 v0x556665885c50_0;
    %sub;
    %jmp/0 T_0.53, 9;
 ; End of false expr.
    %blend;
T_0.53;
    %mul;
    %add;
    %ix/load 4, 1, 0;
    %flag_set/imm 4, 0;
    %load/vec4a v0x556665885400, 4;
    %ix/load 4, 1, 0;
    %flag_set/imm 4, 0;
    %load/vec4a v0x556665885400, 4;
    %mul;
    %cmp/u;
    %flag_get/vec4 4;
    %flag_get/vec4 5;
    %or;
    %ix/load 4, 1, 0;
    %flag_set/imm 4, 0;
    %load/vec4a v0x556665885510, 4;
    %load/vec4 v0x556665885b70_0;
    %cmp/u;
    %flag_mov 9, 5;
    %jmp/0 T_0.54, 9;
    %load/vec4 v0x556665885b70_0;
    %ix/load 4, 1, 0;
    %flag_set/imm 4, 0;
    %load/vec4a v0x556665885510, 4;
    %sub;
    %jmp/1 T_0.55, 9;
T_0.54 ; End of true expr.
    %ix/load 4, 1, 0;
    %flag_set/imm 4, 0;
    %load/vec4a v0x556665885510, 4;
    %load/vec4 v0x556665885b70_0;
    %sub;
    %jmp/0 T_0.55, 9;
 ; End of false expr.
    %blend;
T_0.55;
    %ix/load 4, 1, 0;
    %flag_set/imm 4, 0;
    %load/vec4a v0x556665885510, 4;
    %load/vec4 v0x556665885b70_0;
    %cmp/u;
    %flag_mov 9, 5;
    %jmp/0 T_0.56, 9;
    %load/vec4 v0x556665885b70_0;
    %ix/load 4, 1, 0;
    %flag_set/imm 4, 0;
    %load/vec4a v0x556665885510, 4;
    %sub;
    %jmp/1 T_0.57, 9;
T_0.56 ; End of true expr.
    %ix/load 4, 1, 0;
    %flag_set/imm 4, 0;
    %load/vec4a v0x556665885510, 4;
    %load/vec4 v0x556665885b70_0;
    %sub;
    %jmp/0 T_0.57, 9;
 ; End of false expr.
    %blend;
T_0.57;
    %mul;
    %ix/load 4, 1, 0;
    %flag_set/imm 4, 0;
    %load/vec4a v0x5566658855d0, 4;
    %load/vec4 v0x556665885c50_0;
    %cmp/u;
    %flag_mov 9, 5;
    %jmp/0 T_0.58, 9;
    %load/vec4 v0x556665885c50_0;
    %ix/load 4, 1, 0;
    %flag_set/imm 4, 0;
    %load/vec4a v0x5566658855d0, 4;
    %sub;
    %jmp/1 T_0.59, 9;
T_0.58 ; End of true expr.
    %ix/load 4, 1, 0;
    %flag_set/imm 4, 0;
    %load/vec4a v0x5566658855d0, 4;
    %load/vec4 v0x556665885c50_0;
    %sub;
    %jmp/0 T_0.59, 9;
 ; End of false expr.
    %blend;
T_0.59;
    %ix/load 4, 1, 0;
    %flag_set/imm 4, 0;
    %load/vec4a v0x5566658855d0, 4;
    %load/vec4 v0x556665885c50_0;
    %cmp/u;
    %flag_mov 9, 5;
    %jmp/0 T_0.60, 9;
    %load/vec4 v0x556665885c50_0;
    %ix/load 4, 1, 0;
    %flag_set/imm 4, 0;
    %load/vec4a v0x5566658855d0, 4;
    %sub;
    %jmp/1 T_0.61, 9;
T_0.60 ; End of true expr.
    %ix/load 4, 1, 0;
    %flag_set/imm 4, 0;
    %load/vec4a v0x5566658855d0, 4;
    %load/vec4 v0x556665885c50_0;
    %sub;
    %jmp/0 T_0.61, 9;
 ; End of false expr.
    %blend;
T_0.61;
    %mul;
    %add;
    %ix/load 4, 1, 0;
    %flag_set/imm 4, 0;
    %load/vec4a v0x556665885400, 4;
    %ix/load 4, 1, 0;
    %flag_set/imm 4, 0;
    %load/vec4a v0x556665885400, 4;
    %mul;
    %cmp/u;
    %flag_get/vec4 4;
    %flag_get/vec4 5;
    %or;
    %xor;
    %flag_set/vec4 8;
    %jmp/0xz  T_0.44, 8;
    %load/vec4 v0x5566658851a0_0;
    %addi 1, 0, 8;
    %assign/vec4 v0x5566658851a0_0, 0;
T_0.44 ;
    %jmp T_0.15;
T_0.15 ;
    %pop/vec4 1;
    %load/vec4 v0x556665885c50_0;
    %pad/u 32;
    %cmpi/e 8, 0, 32;
    %jmp/0xz  T_0.62, 4;
    %pushi/vec4 1, 0, 4;
    %assign/vec4 v0x556665885c50_0, 0;
    %load/vec4 v0x556665885b70_0;
    %pad/u 32;
    %cmpi/e 8, 0, 32;
    %jmp/0xz  T_0.64, 4;
    %pushi/vec4 1, 0, 1;
    %assign/vec4 v0x556665885ab0_0, 0;
    %pushi/vec4 1, 0, 4;
    %assign/vec4 v0x556665885b70_0, 0;
    %jmp T_0.65;
T_0.64 ;
    %load/vec4 v0x556665885b70_0;
    %addi 1, 0, 4;
    %assign/vec4 v0x556665885b70_0, 0;
T_0.65 ;
    %jmp T_0.63;
T_0.62 ;
    %load/vec4 v0x556665885c50_0;
    %addi 1, 0, 4;
    %assign/vec4 v0x556665885c50_0, 0;
T_0.63 ;
T_0.11 ;
    %jmp T_0.9;
T_0.8 ;
    %pushi/vec4 0, 0, 1;
    %assign/vec4 v0x556665885ab0_0, 0;
T_0.9 ;
T_0.5 ;
T_0.1 ;
    %jmp T_0;
    .thread T_0;
# The file index is used to find the file name in the following table.
:file_names 3;
    "N/A";
    "<interactive>";
    "sol.v";
