#! /usr/bin/vvp
:ivl_version "10.3 (stable)";
:ivl_delay_selection "TYPICAL";
:vpi_time_precision - 10;
:vpi_module "system";
:vpi_module "vhdl_sys";
:vpi_module "v2005_math";
:vpi_module "va_math";
S_0x55a2a570c050 .scope module, "NFC" "NFC" 2 2;
 .timescale -9 -10;
    .port_info 0 /INPUT 1 "clk"
    .port_info 1 /INPUT 1 "rst"
    .port_info 2 /OUTPUT 1 "done"
    .port_info 3 /INOUT 8 "F_IO_A"
    .port_info 4 /OUTPUT 1 "F_CLE_A"
    .port_info 5 /OUTPUT 1 "F_ALE_A"
    .port_info 6 /OUTPUT 1 "F_REN_A"
    .port_info 7 /OUTPUT 1 "F_WEN_A"
    .port_info 8 /INPUT 1 "F_RB_A"
    .port_info 9 /INOUT 8 "F_IO_B"
    .port_info 10 /OUTPUT 1 "F_CLE_B"
    .port_info 11 /OUTPUT 1 "F_ALE_B"
    .port_info 12 /OUTPUT 1 "F_REN_B"
    .port_info 13 /OUTPUT 1 "F_WEN_B"
    .port_info 14 /INPUT 1 "F_RB_B"
P_0x55a2a57412e0 .param/l "FINISH" 0 2 24, C4<011>;
P_0x55a2a5741320 .param/l "IDLE" 0 2 21, C4<000>;
P_0x55a2a5741360 .param/l "READ_A" 0 2 22, C4<001>;
P_0x55a2a57413a0 .param/l "WRITE_B" 0 2 23, C4<010>;
v0x55a2a5733dd0_0 .var "F_ALE_A", 0 0;
v0x55a2a5733ed0_0 .var "F_ALE_B", 0 0;
v0x55a2a57333e0_0 .var "F_CLE_A", 0 0;
v0x55a2a5731b30_0 .var "F_CLE_B", 0 0;
v0x55a2a577e390_0 .net "F_IO_A", 7 0, L_0x55a2a57908a0;  1 drivers
v0x55a2a577e4c0_0 .net "F_IO_B", 7 0, L_0x55a2a5790d10;  1 drivers
v0x55a2a577e5a0_0 .var "F_IO_REG_A", 7 0;
v0x55a2a577e680_0 .var "F_IO_REG_B", 7 0;
o0x7fd4c663a198 .functor BUFZ 1, C4<z>; HiZ drive
v0x55a2a577e760_0 .net "F_RB_A", 0 0, o0x7fd4c663a198;  0 drivers
o0x7fd4c663a1c8 .functor BUFZ 1, C4<z>; HiZ drive
v0x55a2a577e820_0 .net "F_RB_B", 0 0, o0x7fd4c663a1c8;  0 drivers
v0x55a2a577e8e0_0 .var "F_REN_A", 0 0;
v0x55a2a577e9a0_0 .var "F_REN_B", 0 0;
v0x55a2a577ea60_0 .var "F_WEN_A", 0 0;
v0x55a2a577eb20_0 .var "F_WEN_B", 0 0;
L_0x7fd4c65f1018 .functor BUFT 1, C4<011>, C4<0>, C4<0>, C4<0>;
v0x55a2a577ebe0_0 .net/2u *"_s0", 2 0, L_0x7fd4c65f1018;  1 drivers
v0x55a2a577ecc0_0 .net *"_s10", 0 0, L_0x55a2a5790730;  1 drivers
o0x7fd4c663a318 .functor BUFZ 8, C4<zzzzzzzz>; HiZ drive
; Elide local net with no drivers, v0x55a2a577ed80_0 name=_s12
v0x55a2a577ef70_0 .net *"_s16", 31 0, L_0x55a2a57909c0;  1 drivers
L_0x7fd4c65f10f0 .functor BUFT 1, C4<0000000000000000000000000000000>, C4<0>, C4<0>, C4<0>;
v0x55a2a577f050_0 .net *"_s19", 30 0, L_0x7fd4c65f10f0;  1 drivers
L_0x7fd4c65f1138 .functor BUFT 1, C4<00000000000000000000000000000001>, C4<0>, C4<0>, C4<0>;
v0x55a2a577f130_0 .net/2u *"_s20", 31 0, L_0x7fd4c65f1138;  1 drivers
v0x55a2a577f210_0 .net *"_s22", 0 0, L_0x55a2a5790b90;  1 drivers
o0x7fd4c663a408 .functor BUFZ 8, C4<zzzzzzzz>; HiZ drive
; Elide local net with no drivers, v0x55a2a577f2d0_0 name=_s24
v0x55a2a577f3b0_0 .net *"_s4", 31 0, L_0x55a2a5780600;  1 drivers
L_0x7fd4c65f1060 .functor BUFT 1, C4<0000000000000000000000000000000>, C4<0>, C4<0>, C4<0>;
v0x55a2a577f490_0 .net *"_s7", 30 0, L_0x7fd4c65f1060;  1 drivers
L_0x7fd4c65f10a8 .functor BUFT 1, C4<00000000000000000000000000000001>, C4<0>, C4<0>, C4<0>;
v0x55a2a577f570_0 .net/2u *"_s8", 31 0, L_0x7fd4c65f10a8;  1 drivers
v0x55a2a577f650_0 .var "addr", 17 0;
v0x55a2a577f730 .array "arr", 15 0, 7 0;
o0x7fd4c663a4f8 .functor BUFZ 1, C4<z>; HiZ drive
v0x55a2a577f7f0_0 .net "clk", 0 0, o0x7fd4c663a4f8;  0 drivers
v0x55a2a577f8b0_0 .var "cnt", 5 0;
v0x55a2a577f990_0 .net "done", 0 0, L_0x55a2a5780560;  1 drivers
v0x55a2a577fa50_0 .var "enable_a", 0 0;
v0x55a2a577fb10_0 .var "enable_b", 0 0;
v0x55a2a577fbd0_0 .var "next_state", 2 0;
v0x55a2a577fec0_0 .var "read_cnt", 4 0;
o0x7fd4c663a648 .functor BUFZ 1, C4<z>; HiZ drive
v0x55a2a577ffa0_0 .net "rst", 0 0, o0x7fd4c663a648;  0 drivers
v0x55a2a5780060_0 .var "state", 2 0;
v0x55a2a5780140_0 .var "wcnt", 5 0;
v0x55a2a5780220_0 .var "write_cnt", 14 0;
E_0x55a2a5741e20 .event posedge, v0x55a2a577ffa0_0, v0x55a2a577f7f0_0;
E_0x55a2a57433f0/0 .event edge, v0x55a2a577ffa0_0, v0x55a2a5780060_0, v0x55a2a5780220_0, v0x55a2a577fec0_0;
E_0x55a2a57433f0/1 .event edge, v0x55a2a577f8b0_0;
E_0x55a2a57433f0 .event/or E_0x55a2a57433f0/0, E_0x55a2a57433f0/1;
L_0x55a2a5780560 .cmp/eq 3, v0x55a2a5780060_0, L_0x7fd4c65f1018;
L_0x55a2a5780600 .concat [ 1 31 0 0], v0x55a2a577fa50_0, L_0x7fd4c65f1060;
L_0x55a2a5790730 .cmp/eq 32, L_0x55a2a5780600, L_0x7fd4c65f10a8;
L_0x55a2a57908a0 .functor MUXZ 8, o0x7fd4c663a318, v0x55a2a577e5a0_0, L_0x55a2a5790730, C4<>;
L_0x55a2a57909c0 .concat [ 1 31 0 0], v0x55a2a577fb10_0, L_0x7fd4c65f10f0;
L_0x55a2a5790b90 .cmp/eq 32, L_0x55a2a57909c0, L_0x7fd4c65f1138;
L_0x55a2a5790d10 .functor MUXZ 8, o0x7fd4c663a408, v0x55a2a577e680_0, L_0x55a2a5790b90, C4<>;
    .scope S_0x55a2a570c050;
T_0 ;
    %wait E_0x55a2a5741e20;
    %load/vec4 v0x55a2a577ffa0_0;
    %flag_set/vec4 8;
    %jmp/0xz  T_0.0, 8;
    %pushi/vec4 0, 0, 3;
    %assign/vec4 v0x55a2a5780060_0, 0;
    %jmp T_0.1;
T_0.0 ;
    %load/vec4 v0x55a2a577fbd0_0;
    %assign/vec4 v0x55a2a5780060_0, 0;
T_0.1 ;
    %jmp T_0;
    .thread T_0;
    .scope S_0x55a2a570c050;
T_1 ;
    %wait E_0x55a2a57433f0;
    %load/vec4 v0x55a2a577ffa0_0;
    %flag_set/vec4 8;
    %jmp/0xz  T_1.0, 8;
    %pushi/vec4 0, 0, 3;
    %store/vec4 v0x55a2a577fbd0_0, 0, 3;
    %jmp T_1.1;
T_1.0 ;
    %load/vec4 v0x55a2a5780060_0;
    %dup/vec4;
    %pushi/vec4 0, 0, 3;
    %cmp/u;
    %jmp/1 T_1.2, 6;
    %dup/vec4;
    %pushi/vec4 1, 0, 3;
    %cmp/u;
    %jmp/1 T_1.3, 6;
    %dup/vec4;
    %pushi/vec4 2, 0, 3;
    %cmp/u;
    %jmp/1 T_1.4, 6;
    %pushi/vec4 0, 0, 3;
    %store/vec4 v0x55a2a577fbd0_0, 0, 3;
    %jmp T_1.6;
T_1.2 ;
    %pushi/vec4 1, 0, 3;
    %store/vec4 v0x55a2a577fbd0_0, 0, 3;
    %jmp T_1.6;
T_1.3 ;
    %load/vec4 v0x55a2a5780220_0;
    %pad/u 32;
    %cmpi/e 16384, 0, 32;
    %jmp/0xz  T_1.7, 4;
    %pushi/vec4 3, 0, 3;
    %store/vec4 v0x55a2a577fbd0_0, 0, 3;
    %jmp T_1.8;
T_1.7 ;
    %load/vec4 v0x55a2a577fec0_0;
    %pad/u 32;
    %cmpi/e 16, 0, 32;
    %jmp/0xz  T_1.9, 4;
    %pushi/vec4 2, 0, 3;
    %store/vec4 v0x55a2a577fbd0_0, 0, 3;
    %jmp T_1.10;
T_1.9 ;
    %pushi/vec4 1, 0, 3;
    %store/vec4 v0x55a2a577fbd0_0, 0, 3;
T_1.10 ;
T_1.8 ;
    %jmp T_1.6;
T_1.4 ;
    %load/vec4 v0x55a2a577f8b0_0;
    %pad/u 32;
    %cmpi/e 14, 0, 32;
    %jmp/0xz  T_1.11, 4;
    %pushi/vec4 0, 0, 3;
    %store/vec4 v0x55a2a577fbd0_0, 0, 3;
    %jmp T_1.12;
T_1.11 ;
    %pushi/vec4 2, 0, 3;
    %store/vec4 v0x55a2a577fbd0_0, 0, 3;
T_1.12 ;
    %jmp T_1.6;
T_1.6 ;
    %pop/vec4 1;
T_1.1 ;
    %jmp T_1;
    .thread T_1, $push;
    .scope S_0x55a2a570c050;
T_2 ;
    %wait E_0x55a2a5741e20;
    %load/vec4 v0x55a2a577ffa0_0;
    %flag_set/vec4 8;
    %jmp/0xz  T_2.0, 8;
    %pushi/vec4 1, 0, 1;
    %assign/vec4 v0x55a2a577fa50_0, 0;
    %pushi/vec4 1, 0, 1;
    %assign/vec4 v0x55a2a577fb10_0, 0;
    %pushi/vec4 255, 0, 8;
    %assign/vec4 v0x55a2a577e5a0_0, 0;
    %pushi/vec4 255, 0, 8;
    %assign/vec4 v0x55a2a577e680_0, 0;
    %pushi/vec4 0, 0, 15;
    %assign/vec4 v0x55a2a5780220_0, 0;
    %pushi/vec4 0, 0, 5;
    %assign/vec4 v0x55a2a577fec0_0, 0;
    %pushi/vec4 0, 0, 6;
    %assign/vec4 v0x55a2a577f8b0_0, 0;
    %pushi/vec4 0, 0, 1;
    %assign/vec4 v0x55a2a57333e0_0, 0;
    %pushi/vec4 0, 0, 1;
    %assign/vec4 v0x55a2a5733dd0_0, 0;
    %pushi/vec4 0, 0, 1;
    %assign/vec4 v0x55a2a577e8e0_0, 0;
    %pushi/vec4 0, 0, 1;
    %assign/vec4 v0x55a2a577ea60_0, 0;
    %pushi/vec4 0, 0, 1;
    %assign/vec4 v0x55a2a5731b30_0, 0;
    %pushi/vec4 0, 0, 1;
    %assign/vec4 v0x55a2a5733ed0_0, 0;
    %pushi/vec4 0, 0, 1;
    %assign/vec4 v0x55a2a577e9a0_0, 0;
    %pushi/vec4 0, 0, 1;
    %assign/vec4 v0x55a2a577eb20_0, 0;
    %pushi/vec4 0, 0, 18;
    %assign/vec4 v0x55a2a577f650_0, 0;
    %pushi/vec4 0, 0, 6;
    %assign/vec4 v0x55a2a5780140_0, 0;
    %jmp T_2.1;
T_2.0 ;
    %load/vec4 v0x55a2a577fbd0_0;
    %cmpi/e 0, 0, 3;
    %jmp/0xz  T_2.2, 4;
    %pushi/vec4 0, 0, 6;
    %assign/vec4 v0x55a2a577f8b0_0, 0;
    %jmp T_2.3;
T_2.2 ;
    %load/vec4 v0x55a2a577fbd0_0;
    %cmpi/e 1, 0, 3;
    %jmp/0xz  T_2.4, 4;
    %load/vec4 v0x55a2a577f8b0_0;
    %dup/vec4;
    %pushi/vec4 0, 0, 6;
    %cmp/u;
    %jmp/1 T_2.6, 6;
    %dup/vec4;
    %pushi/vec4 1, 0, 6;
    %cmp/u;
    %jmp/1 T_2.7, 6;
    %dup/vec4;
    %pushi/vec4 2, 0, 6;
    %cmp/u;
    %jmp/1 T_2.8, 6;
    %dup/vec4;
    %pushi/vec4 3, 0, 6;
    %cmp/u;
    %jmp/1 T_2.9, 6;
    %dup/vec4;
    %pushi/vec4 4, 0, 6;
    %cmp/u;
    %jmp/1 T_2.10, 6;
    %dup/vec4;
    %pushi/vec4 5, 0, 6;
    %cmp/u;
    %jmp/1 T_2.11, 6;
    %dup/vec4;
    %pushi/vec4 6, 0, 6;
    %cmp/u;
    %jmp/1 T_2.12, 6;
    %dup/vec4;
    %pushi/vec4 7, 0, 6;
    %cmp/u;
    %jmp/1 T_2.13, 6;
    %dup/vec4;
    %pushi/vec4 8, 0, 6;
    %cmp/u;
    %jmp/1 T_2.14, 6;
    %dup/vec4;
    %pushi/vec4 9, 0, 6;
    %cmp/u;
    %jmp/1 T_2.15, 6;
    %jmp T_2.16;
T_2.6 ;
    %load/vec4 v0x55a2a5780220_0;
    %pad/u 32;
    %cmpi/u 8191, 0, 32;
    %jmp/0xz  T_2.17, 5;
    %pushi/vec4 0, 0, 8;
    %assign/vec4 v0x55a2a577e5a0_0, 0;
    %jmp T_2.18;
T_2.17 ;
    %pushi/vec4 1, 0, 8;
    %assign/vec4 v0x55a2a577e5a0_0, 0;
T_2.18 ;
    %pushi/vec4 1, 0, 1;
    %assign/vec4 v0x55a2a57333e0_0, 0;
    %pushi/vec4 0, 0, 1;
    %assign/vec4 v0x55a2a5733dd0_0, 0;
    %pushi/vec4 0, 0, 1;
    %assign/vec4 v0x55a2a577ea60_0, 0;
    %pushi/vec4 0, 0, 1;
    %assign/vec4 v0x55a2a577e8e0_0, 0;
    %pushi/vec4 1, 0, 1;
    %assign/vec4 v0x55a2a577fa50_0, 0;
    %load/vec4 v0x55a2a577f8b0_0;
    %addi 1, 0, 6;
    %assign/vec4 v0x55a2a577f8b0_0, 0;
    %pushi/vec4 0, 0, 5;
    %assign/vec4 v0x55a2a577fec0_0, 0;
    %jmp T_2.16;
T_2.7 ;
    %pushi/vec4 1, 0, 1;
    %assign/vec4 v0x55a2a577ea60_0, 0;
    %load/vec4 v0x55a2a577f8b0_0;
    %addi 1, 0, 6;
    %assign/vec4 v0x55a2a577f8b0_0, 0;
    %jmp T_2.16;
T_2.8 ;
    %pushi/vec4 0, 0, 1;
    %assign/vec4 v0x55a2a57333e0_0, 0;
    %pushi/vec4 1, 0, 1;
    %assign/vec4 v0x55a2a5733dd0_0, 0;
    %pushi/vec4 0, 0, 1;
    %assign/vec4 v0x55a2a577ea60_0, 0;
    %load/vec4 v0x55a2a577f650_0;
    %parti/s 8, 0, 2;
    %assign/vec4 v0x55a2a577e5a0_0, 0;
    %load/vec4 v0x55a2a577f8b0_0;
    %addi 1, 0, 6;
    %assign/vec4 v0x55a2a577f8b0_0, 0;
    %jmp T_2.16;
T_2.9 ;
    %pushi/vec4 1, 0, 1;
    %assign/vec4 v0x55a2a577ea60_0, 0;
    %load/vec4 v0x55a2a577f8b0_0;
    %addi 1, 0, 6;
    %assign/vec4 v0x55a2a577f8b0_0, 0;
    %jmp T_2.16;
T_2.10 ;
    %pushi/vec4 0, 0, 1;
    %assign/vec4 v0x55a2a577ea60_0, 0;
    %load/vec4 v0x55a2a577f650_0;
    %parti/s 8, 9, 5;
    %assign/vec4 v0x55a2a577e5a0_0, 0;
    %load/vec4 v0x55a2a577f8b0_0;
    %addi 1, 0, 6;
    %assign/vec4 v0x55a2a577f8b0_0, 0;
    %jmp T_2.16;
T_2.11 ;
    %pushi/vec4 1, 0, 1;
    %assign/vec4 v0x55a2a577ea60_0, 0;
    %load/vec4 v0x55a2a577f8b0_0;
    %addi 1, 0, 6;
    %assign/vec4 v0x55a2a577f8b0_0, 0;
    %jmp T_2.16;
T_2.12 ;
    %pushi/vec4 0, 0, 1;
    %assign/vec4 v0x55a2a577ea60_0, 0;
    %pushi/vec4 0, 0, 7;
    %load/vec4 v0x55a2a577f650_0;
    %parti/s 1, 17, 6;
    %concat/vec4; draw_concat_vec4
    %assign/vec4 v0x55a2a577e5a0_0, 0;
    %load/vec4 v0x55a2a577f8b0_0;
    %addi 1, 0, 6;
    %assign/vec4 v0x55a2a577f8b0_0, 0;
    %jmp T_2.16;
T_2.13 ;
    %pushi/vec4 1, 0, 1;
    %assign/vec4 v0x55a2a577ea60_0, 0;
    %load/vec4 v0x55a2a577f8b0_0;
    %addi 1, 0, 6;
    %assign/vec4 v0x55a2a577f8b0_0, 0;
    %jmp T_2.16;
T_2.14 ;
    %pushi/vec4 0, 0, 1;
    %assign/vec4 v0x55a2a577ea60_0, 0;
    %pushi/vec4 0, 0, 1;
    %assign/vec4 v0x55a2a5733dd0_0, 0;
    %load/vec4 v0x55a2a577e760_0;
    %pad/u 32;
    %cmpi/e 1, 0, 32;
    %jmp/0xz  T_2.19, 4;
    %load/vec4 v0x55a2a577f8b0_0;
    %addi 1, 0, 6;
    %assign/vec4 v0x55a2a577f8b0_0, 0;
    %pushi/vec4 0, 0, 1;
    %assign/vec4 v0x55a2a577fa50_0, 0;
T_2.19 ;
    %jmp T_2.16;
T_2.15 ;
    %load/vec4 v0x55a2a577e8e0_0;
    %inv;
    %assign/vec4 v0x55a2a577e8e0_0, 0;
    %pushi/vec4 1, 0, 1;
    %assign/vec4 v0x55a2a577ea60_0, 0;
    %load/vec4 v0x55a2a577e8e0_0;
    %pad/u 32;
    %cmpi/e 0, 0, 32;
    %jmp/0xz  T_2.21, 4;
    %load/vec4 v0x55a2a577e5a0_0;
    %load/vec4 v0x55a2a577fec0_0;
    %pad/u 6;
    %ix/vec4 3;
    %ix/load 4, 0, 0; Constant delay
    %assign/vec4/a/d v0x55a2a577f730, 0, 4;
    %load/vec4 v0x55a2a577fec0_0;
    %pad/u 32;
    %cmpi/e 15, 0, 32;
    %jmp/0xz  T_2.23, 4;
    %pushi/vec4 0, 0, 6;
    %assign/vec4 v0x55a2a577f8b0_0, 0;
T_2.23 ;
    %load/vec4 v0x55a2a577fec0_0;
    %addi 1, 0, 5;
    %assign/vec4 v0x55a2a577fec0_0, 0;
T_2.21 ;
    %jmp T_2.16;
T_2.16 ;
    %pop/vec4 1;
    %jmp T_2.5;
T_2.4 ;
    %load/vec4 v0x55a2a577fbd0_0;
    %cmpi/e 2, 0, 3;
    %jmp/0xz  T_2.25, 4;
    %load/vec4 v0x55a2a577f8b0_0;
    %dup/vec4;
    %pushi/vec4 0, 0, 6;
    %cmp/u;
    %jmp/1 T_2.27, 6;
    %dup/vec4;
    %pushi/vec4 1, 0, 6;
    %cmp/u;
    %jmp/1 T_2.28, 6;
    %dup/vec4;
    %pushi/vec4 2, 0, 6;
    %cmp/u;
    %jmp/1 T_2.29, 6;
    %dup/vec4;
    %pushi/vec4 3, 0, 6;
    %cmp/u;
    %jmp/1 T_2.30, 6;
    %dup/vec4;
    %pushi/vec4 4, 0, 6;
    %cmp/u;
    %jmp/1 T_2.31, 6;
    %dup/vec4;
    %pushi/vec4 5, 0, 6;
    %cmp/u;
    %jmp/1 T_2.32, 6;
    %dup/vec4;
    %pushi/vec4 6, 0, 6;
    %cmp/u;
    %jmp/1 T_2.33, 6;
    %dup/vec4;
    %pushi/vec4 7, 0, 6;
    %cmp/u;
    %jmp/1 T_2.34, 6;
    %dup/vec4;
    %pushi/vec4 8, 0, 6;
    %cmp/u;
    %jmp/1 T_2.35, 6;
    %dup/vec4;
    %pushi/vec4 9, 0, 6;
    %cmp/u;
    %jmp/1 T_2.36, 6;
    %dup/vec4;
    %pushi/vec4 10, 0, 6;
    %cmp/u;
    %jmp/1 T_2.37, 6;
    %dup/vec4;
    %pushi/vec4 11, 0, 6;
    %cmp/u;
    %jmp/1 T_2.38, 6;
    %dup/vec4;
    %pushi/vec4 12, 0, 6;
    %cmp/u;
    %jmp/1 T_2.39, 6;
    %dup/vec4;
    %pushi/vec4 13, 0, 6;
    %cmp/u;
    %jmp/1 T_2.40, 6;
    %jmp T_2.41;
T_2.27 ;
    %load/vec4 v0x55a2a5780220_0;
    %pad/u 32;
    %cmpi/u 8191, 0, 32;
    %jmp/0xz  T_2.42, 5;
    %pushi/vec4 128, 0, 8;
    %assign/vec4 v0x55a2a577e680_0, 0;
    %pushi/vec4 3, 0, 6;
    %assign/vec4 v0x55a2a577f8b0_0, 0;
    %jmp T_2.43;
T_2.42 ;
    %pushi/vec4 1, 0, 8;
    %assign/vec4 v0x55a2a577e680_0, 0;
    %pushi/vec4 1, 0, 6;
    %assign/vec4 v0x55a2a577f8b0_0, 0;
T_2.43 ;
    %pushi/vec4 1, 0, 1;
    %assign/vec4 v0x55a2a577fb10_0, 0;
    %pushi/vec4 1, 0, 1;
    %assign/vec4 v0x55a2a5731b30_0, 0;
    %pushi/vec4 0, 0, 1;
    %assign/vec4 v0x55a2a5733ed0_0, 0;
    %pushi/vec4 0, 0, 1;
    %assign/vec4 v0x55a2a577eb20_0, 0;
    %jmp T_2.41;
T_2.28 ;
    %pushi/vec4 1, 0, 1;
    %assign/vec4 v0x55a2a577eb20_0, 0;
    %load/vec4 v0x55a2a577f8b0_0;
    %addi 1, 0, 6;
    %assign/vec4 v0x55a2a577f8b0_0, 0;
    %jmp T_2.41;
T_2.29 ;
    %pushi/vec4 0, 0, 1;
    %assign/vec4 v0x55a2a577eb20_0, 0;
    %pushi/vec4 128, 0, 8;
    %assign/vec4 v0x55a2a577e680_0, 0;
    %load/vec4 v0x55a2a577f8b0_0;
    %addi 1, 0, 6;
    %assign/vec4 v0x55a2a577f8b0_0, 0;
    %jmp T_2.41;
T_2.30 ;
    %pushi/vec4 1, 0, 1;
    %assign/vec4 v0x55a2a577eb20_0, 0;
    %load/vec4 v0x55a2a577f8b0_0;
    %addi 1, 0, 6;
    %assign/vec4 v0x55a2a577f8b0_0, 0;
    %jmp T_2.41;
T_2.31 ;
    %pushi/vec4 0, 0, 1;
    %assign/vec4 v0x55a2a577eb20_0, 0;
    %pushi/vec4 0, 0, 1;
    %assign/vec4 v0x55a2a5731b30_0, 0;
    %pushi/vec4 1, 0, 1;
    %assign/vec4 v0x55a2a5733ed0_0, 0;
    %load/vec4 v0x55a2a577f650_0;
    %parti/s 8, 0, 2;
    %assign/vec4 v0x55a2a577e680_0, 0;
    %load/vec4 v0x55a2a577f8b0_0;
    %addi 1, 0, 6;
    %assign/vec4 v0x55a2a577f8b0_0, 0;
    %jmp T_2.41;
T_2.32 ;
    %pushi/vec4 1, 0, 1;
    %assign/vec4 v0x55a2a577eb20_0, 0;
    %load/vec4 v0x55a2a577f8b0_0;
    %addi 1, 0, 6;
    %assign/vec4 v0x55a2a577f8b0_0, 0;
    %jmp T_2.41;
T_2.33 ;
    %pushi/vec4 0, 0, 1;
    %assign/vec4 v0x55a2a577eb20_0, 0;
    %load/vec4 v0x55a2a577f650_0;
    %parti/s 8, 9, 5;
    %assign/vec4 v0x55a2a577e680_0, 0;
    %load/vec4 v0x55a2a577f8b0_0;
    %addi 1, 0, 6;
    %assign/vec4 v0x55a2a577f8b0_0, 0;
    %jmp T_2.41;
T_2.34 ;
    %pushi/vec4 1, 0, 1;
    %assign/vec4 v0x55a2a577eb20_0, 0;
    %load/vec4 v0x55a2a577f8b0_0;
    %addi 1, 0, 6;
    %assign/vec4 v0x55a2a577f8b0_0, 0;
    %jmp T_2.41;
T_2.35 ;
    %pushi/vec4 0, 0, 1;
    %assign/vec4 v0x55a2a577eb20_0, 0;
    %pushi/vec4 0, 0, 7;
    %load/vec4 v0x55a2a577f650_0;
    %parti/s 1, 17, 6;
    %concat/vec4; draw_concat_vec4
    %assign/vec4 v0x55a2a577e680_0, 0;
    %load/vec4 v0x55a2a577f8b0_0;
    %addi 1, 0, 6;
    %assign/vec4 v0x55a2a577f8b0_0, 0;
    %jmp T_2.41;
T_2.36 ;
    %pushi/vec4 1, 0, 1;
    %assign/vec4 v0x55a2a577eb20_0, 0;
    %load/vec4 v0x55a2a577f8b0_0;
    %addi 1, 0, 6;
    %assign/vec4 v0x55a2a577f8b0_0, 0;
    %jmp T_2.41;
T_2.37 ;
    %load/vec4 v0x55a2a577eb20_0;
    %inv;
    %assign/vec4 v0x55a2a577eb20_0, 0;
    %load/vec4 v0x55a2a577eb20_0;
    %pad/u 32;
    %cmpi/e 1, 0, 32;
    %jmp/0xz  T_2.44, 4;
    %load/vec4 v0x55a2a577f650_0;
    %load/vec4 v0x55a2a5780140_0;
    %part/u 1;
    %pad/u 8;
    %assign/vec4 v0x55a2a577e680_0, 0;
    %load/vec4 v0x55a2a5780140_0;
    %pad/u 32;
    %cmpi/e 15, 0, 32;
    %jmp/0xz  T_2.46, 4;
    %pushi/vec4 0, 0, 6;
    %assign/vec4 v0x55a2a5780140_0, 0;
    %load/vec4 v0x55a2a577f8b0_0;
    %addi 1, 0, 6;
    %assign/vec4 v0x55a2a577f8b0_0, 0;
    %jmp T_2.47;
T_2.46 ;
    %load/vec4 v0x55a2a5780140_0;
    %addi 1, 0, 6;
    %assign/vec4 v0x55a2a5780140_0, 0;
T_2.47 ;
T_2.44 ;
    %jmp T_2.41;
T_2.38 ;
    %pushi/vec4 0, 0, 1;
    %assign/vec4 v0x55a2a577eb20_0, 0;
    %pushi/vec4 0, 0, 1;
    %assign/vec4 v0x55a2a5733ed0_0, 0;
    %pushi/vec4 1, 0, 1;
    %assign/vec4 v0x55a2a5731b30_0, 0;
    %pushi/vec4 16, 0, 8;
    %assign/vec4 v0x55a2a577e680_0, 0;
    %load/vec4 v0x55a2a577f8b0_0;
    %addi 1, 0, 6;
    %assign/vec4 v0x55a2a577f8b0_0, 0;
    %jmp T_2.41;
T_2.39 ;
    %pushi/vec4 1, 0, 1;
    %assign/vec4 v0x55a2a577eb20_0, 0;
    %load/vec4 v0x55a2a577f8b0_0;
    %addi 1, 0, 6;
    %assign/vec4 v0x55a2a577f8b0_0, 0;
    %jmp T_2.41;
T_2.40 ;
    %load/vec4 v0x55a2a577e820_0;
    %pad/u 32;
    %cmpi/e 1, 0, 32;
    %jmp/0xz  T_2.48, 4;
    %load/vec4 v0x55a2a5780220_0;
    %addi 1, 0, 15;
    %assign/vec4 v0x55a2a5780220_0, 0;
    %load/vec4 v0x55a2a577f8b0_0;
    %addi 1, 0, 6;
    %assign/vec4 v0x55a2a577f8b0_0, 0;
    %load/vec4 v0x55a2a577f650_0;
    %addi 16, 0, 18;
    %assign/vec4 v0x55a2a577f650_0, 0;
T_2.48 ;
    %jmp T_2.41;
T_2.41 ;
    %pop/vec4 1;
T_2.25 ;
T_2.5 ;
T_2.3 ;
T_2.1 ;
    %jmp T_2;
    .thread T_2;
# The file index is used to find the file name in the following table.
:file_names 3;
    "N/A";
    "<interactive>";
    "NFC.v";
