#! /usr/bin/vvp
:ivl_version "10.3 (stable)";
:ivl_delay_selection "TYPICAL";
:vpi_time_precision + 0;
:vpi_module "system";
:vpi_module "vhdl_sys";
:vpi_module "v2005_math";
:vpi_module "va_math";
S_0x55a9c3f861e0 .scope module, "huffman" "huffman" 2 1;
 .timescale 0 0;
    .port_info 0 /INPUT 1 "clk"
    .port_info 1 /INPUT 1 "reset"
    .port_info 2 /INPUT 8 "gray_data"
    .port_info 3 /INPUT 1 "gray_valid"
    .port_info 4 /OUTPUT 1 "CNT_valid"
    .port_info 5 /OUTPUT 8 "CNT1"
    .port_info 6 /OUTPUT 8 "CNT2"
    .port_info 7 /OUTPUT 8 "CNT3"
    .port_info 8 /OUTPUT 8 "CNT4"
    .port_info 9 /OUTPUT 8 "CNT5"
    .port_info 10 /OUTPUT 8 "CNT6"
    .port_info 11 /OUTPUT 1 "code_valid"
    .port_info 12 /OUTPUT 8 "HC1"
    .port_info 13 /OUTPUT 8 "HC2"
    .port_info 14 /OUTPUT 8 "HC3"
    .port_info 15 /OUTPUT 8 "HC4"
    .port_info 16 /OUTPUT 8 "HC5"
    .port_info 17 /OUTPUT 8 "HC6"
    .port_info 18 /OUTPUT 8 "M1"
    .port_info 19 /OUTPUT 8 "M2"
    .port_info 20 /OUTPUT 8 "M3"
    .port_info 21 /OUTPUT 8 "M4"
    .port_info 22 /OUTPUT 8 "M5"
    .port_info 23 /OUTPUT 8 "M6"
P_0x55a9c3f5f030 .param/l "CNT_OUT" 0 2 17, C4<010>;
P_0x55a9c3f5f070 .param/l "ENC" 0 2 20, C4<101>;
P_0x55a9c3f5f0b0 .param/l "FIR" 0 2 18, C4<011>;
P_0x55a9c3f5f0f0 .param/l "GRP" 0 2 21, C4<110>;
P_0x55a9c3f5f130 .param/l "IDLE" 0 2 15, C4<000>;
P_0x55a9c3f5f170 .param/l "OUT" 0 2 22, C4<111>;
P_0x55a9c3f5f1b0 .param/l "READ" 0 2 16, C4<001>;
P_0x55a9c3f5f1f0 .param/l "SEC" 0 2 19, C4<100>;
v0x55a9c3fd9e30_0 .array/port v0x55a9c3fd9e30, 0;
L_0x55a9c3f98480 .functor BUFZ 8, v0x55a9c3fd9e30_0, C4<00000000>, C4<00000000>, C4<00000000>;
v0x55a9c3fd9e30_1 .array/port v0x55a9c3fd9e30, 1;
L_0x55a9c3f98260 .functor BUFZ 8, v0x55a9c3fd9e30_1, C4<00000000>, C4<00000000>, C4<00000000>;
v0x55a9c3fd9e30_2 .array/port v0x55a9c3fd9e30, 2;
L_0x55a9c3f98590 .functor BUFZ 8, v0x55a9c3fd9e30_2, C4<00000000>, C4<00000000>, C4<00000000>;
v0x55a9c3fd9e30_3 .array/port v0x55a9c3fd9e30, 3;
L_0x55a9c3f97f30 .functor BUFZ 8, v0x55a9c3fd9e30_3, C4<00000000>, C4<00000000>, C4<00000000>;
v0x55a9c3fd9e30_4 .array/port v0x55a9c3fd9e30, 4;
L_0x55a9c3f986a0 .functor BUFZ 8, v0x55a9c3fd9e30_4, C4<00000000>, C4<00000000>, C4<00000000>;
v0x55a9c3fd9e30_5 .array/port v0x55a9c3fd9e30, 5;
L_0x55a9c3f98040 .functor BUFZ 8, v0x55a9c3fd9e30_5, C4<00000000>, C4<00000000>, C4<00000000>;
v0x55a9c3fd9320_0 .array/port v0x55a9c3fd9320, 0;
L_0x55a9c3f98370 .functor BUFZ 8, v0x55a9c3fd9320_0, C4<00000000>, C4<00000000>, C4<00000000>;
v0x55a9c3fd9320_1 .array/port v0x55a9c3fd9320, 1;
L_0x55a9c3fdb2c0 .functor BUFZ 8, v0x55a9c3fd9320_1, C4<00000000>, C4<00000000>, C4<00000000>;
v0x55a9c3fd9320_2 .array/port v0x55a9c3fd9320, 2;
L_0x55a9c3fdb3e0 .functor BUFZ 8, v0x55a9c3fd9320_2, C4<00000000>, C4<00000000>, C4<00000000>;
v0x55a9c3fd9320_3 .array/port v0x55a9c3fd9320, 3;
L_0x55a9c3fdb4b0 .functor BUFZ 8, v0x55a9c3fd9320_3, C4<00000000>, C4<00000000>, C4<00000000>;
v0x55a9c3fd9320_4 .array/port v0x55a9c3fd9320, 4;
L_0x55a9c3fdb5e0 .functor BUFZ 8, v0x55a9c3fd9320_4, C4<00000000>, C4<00000000>, C4<00000000>;
v0x55a9c3fd9320_5 .array/port v0x55a9c3fd9320, 5;
L_0x55a9c3fdb6b0 .functor BUFZ 8, v0x55a9c3fd9320_5, C4<00000000>, C4<00000000>, C4<00000000>;
v0x55a9c3f8a680_0 .var "CNT1", 7 0;
v0x55a9c3fd8890_0 .var "CNT2", 7 0;
v0x55a9c3fd8970_0 .var "CNT3", 7 0;
v0x55a9c3fd8a30_0 .var "CNT4", 7 0;
v0x55a9c3fd8b10_0 .var "CNT5", 7 0;
v0x55a9c3fd8c40_0 .var "CNT6", 7 0;
v0x55a9c3fd8d20_0 .var "CNT_valid", 0 0;
v0x55a9c3fd8de0_0 .net "HC1", 7 0, L_0x55a9c3f98480;  1 drivers
v0x55a9c3fd8ec0_0 .net "HC2", 7 0, L_0x55a9c3f98260;  1 drivers
v0x55a9c3fd8fa0_0 .net "HC3", 7 0, L_0x55a9c3f98590;  1 drivers
v0x55a9c3fd9080_0 .net "HC4", 7 0, L_0x55a9c3f97f30;  1 drivers
v0x55a9c3fd9160_0 .net "HC5", 7 0, L_0x55a9c3f986a0;  1 drivers
v0x55a9c3fd9240_0 .net "HC6", 7 0, L_0x55a9c3f98040;  1 drivers
v0x55a9c3fd9320 .array "M", 6 1, 7 0;
v0x55a9c3fd94a0_0 .net "M1", 7 0, L_0x55a9c3f98370;  1 drivers
v0x55a9c3fd9580_0 .net "M2", 7 0, L_0x55a9c3fdb2c0;  1 drivers
v0x55a9c3fd9660_0 .net "M3", 7 0, L_0x55a9c3fdb3e0;  1 drivers
v0x55a9c3fd9850_0 .net "M4", 7 0, L_0x55a9c3fdb4b0;  1 drivers
v0x55a9c3fd9930_0 .net "M5", 7 0, L_0x55a9c3fdb5e0;  1 drivers
v0x55a9c3fd9a10_0 .net "M6", 7 0, L_0x55a9c3fdb6b0;  1 drivers
v0x55a9c3fd9af0 .array "arr_val", 6 1, 6 0;
o0x7f5ccc3f14c8 .functor BUFZ 1, C4<z>; HiZ drive
v0x55a9c3fd9bb0_0 .net "clk", 0 0, o0x7f5ccc3f14c8;  0 drivers
v0x55a9c3fd9c70_0 .var "cnt", 2 0;
v0x55a9c3fd9d50_0 .var "cnt_stage", 2 0;
v0x55a9c3fd9e30 .array "code", 6 1, 7 0;
v0x55a9c3fd9fb0_0 .var "code_valid", 0 0;
o0x7f5ccc3f16a8 .functor BUFZ 8, C4<zzzzzzzz>; HiZ drive
v0x55a9c3fda070_0 .net "gray_data", 7 0, o0x7f5ccc3f16a8;  0 drivers
o0x7f5ccc3f16d8 .functor BUFZ 1, C4<z>; HiZ drive
v0x55a9c3fda150_0 .net "gray_valid", 0 0, o0x7f5ccc3f16d8;  0 drivers
v0x55a9c3fda210 .array "group", 6 1, 3 0;
v0x55a9c3fda2d0_0 .var/i "i", 31 0;
v0x55a9c3fda3b0 .array "len", 6 1, 2 0;
v0x55a9c3fda530_0 .var "next_group", 3 0;
v0x55a9c3fda610_0 .var "next_state", 2 0;
v0x55a9c3fda900_0 .var "ptr", 2 0;
v0x55a9c3fda9e0_0 .var "ptr_fir", 2 0;
v0x55a9c3fdaac0_0 .var "ptr_sec", 2 0;
o0x7f5ccc3f1948 .functor BUFZ 1, C4<z>; HiZ drive
v0x55a9c3fdaba0_0 .net "reset", 0 0, o0x7f5ccc3f1948;  0 drivers
v0x55a9c3fdac60_0 .var "state", 2 0;
v0x55a9c3fda3b0_0 .array/port v0x55a9c3fda3b0, 0;
v0x55a9c3fda3b0_1 .array/port v0x55a9c3fda3b0, 1;
v0x55a9c3fda3b0_2 .array/port v0x55a9c3fda3b0, 2;
E_0x55a9c3f97e30/0 .event edge, v0x55a9c3fda2d0_0, v0x55a9c3fda3b0_0, v0x55a9c3fda3b0_1, v0x55a9c3fda3b0_2;
v0x55a9c3fda3b0_3 .array/port v0x55a9c3fda3b0, 3;
v0x55a9c3fda3b0_4 .array/port v0x55a9c3fda3b0, 4;
v0x55a9c3fda3b0_5 .array/port v0x55a9c3fda3b0, 5;
E_0x55a9c3f97e30/1 .event edge, v0x55a9c3fda3b0_3, v0x55a9c3fda3b0_4, v0x55a9c3fda3b0_5;
E_0x55a9c3f97e30 .event/or E_0x55a9c3f97e30/0, E_0x55a9c3f97e30/1;
E_0x55a9c3f86f20 .event posedge, v0x55a9c3fd9bb0_0;
E_0x55a9c3f87620 .event posedge, v0x55a9c3fdaba0_0, v0x55a9c3fd9bb0_0;
E_0x55a9c3f9a480/0 .event edge, v0x55a9c3fdaba0_0, v0x55a9c3fdac60_0, v0x55a9c3fda150_0, v0x55a9c3fd9c70_0;
E_0x55a9c3f9a480/1 .event edge, v0x55a9c3fd9d50_0;
E_0x55a9c3f9a480 .event/or E_0x55a9c3f9a480/0, E_0x55a9c3f9a480/1;
    .scope S_0x55a9c3f861e0;
T_0 ;
    %wait E_0x55a9c3f86f20;
    %load/vec4 v0x55a9c3fda610_0;
    %assign/vec4 v0x55a9c3fdac60_0, 0;
    %jmp T_0;
    .thread T_0;
    .scope S_0x55a9c3f861e0;
T_1 ;
    %wait E_0x55a9c3f9a480;
    %load/vec4 v0x55a9c3fdaba0_0;
    %flag_set/vec4 8;
    %jmp/0xz  T_1.0, 8;
    %pushi/vec4 0, 0, 3;
    %store/vec4 v0x55a9c3fda610_0, 0, 3;
    %jmp T_1.1;
T_1.0 ;
    %load/vec4 v0x55a9c3fdac60_0;
    %dup/vec4;
    %pushi/vec4 0, 0, 3;
    %cmp/u;
    %jmp/1 T_1.2, 6;
    %dup/vec4;
    %pushi/vec4 1, 0, 3;
    %cmp/u;
    %jmp/1 T_1.3, 6;
    %dup/vec4;
    %pushi/vec4 2, 0, 3;
    %cmp/u;
    %jmp/1 T_1.4, 6;
    %dup/vec4;
    %pushi/vec4 3, 0, 3;
    %cmp/u;
    %jmp/1 T_1.5, 6;
    %dup/vec4;
    %pushi/vec4 4, 0, 3;
    %cmp/u;
    %jmp/1 T_1.6, 6;
    %dup/vec4;
    %pushi/vec4 5, 0, 3;
    %cmp/u;
    %jmp/1 T_1.7, 6;
    %dup/vec4;
    %pushi/vec4 6, 0, 3;
    %cmp/u;
    %jmp/1 T_1.8, 6;
    %dup/vec4;
    %pushi/vec4 7, 0, 3;
    %cmp/u;
    %jmp/1 T_1.9, 6;
    %pushi/vec4 0, 0, 3;
    %store/vec4 v0x55a9c3fda610_0, 0, 3;
    %jmp T_1.11;
T_1.2 ;
    %load/vec4 v0x55a9c3fda150_0;
    %pad/u 32;
    %cmpi/e 1, 0, 32;
    %jmp/0xz  T_1.12, 4;
    %pushi/vec4 1, 0, 3;
    %store/vec4 v0x55a9c3fda610_0, 0, 3;
    %jmp T_1.13;
T_1.12 ;
    %pushi/vec4 0, 0, 3;
    %store/vec4 v0x55a9c3fda610_0, 0, 3;
T_1.13 ;
    %jmp T_1.11;
T_1.3 ;
    %load/vec4 v0x55a9c3fda150_0;
    %pad/u 32;
    %cmpi/e 0, 0, 32;
    %jmp/0xz  T_1.14, 4;
    %pushi/vec4 2, 0, 3;
    %store/vec4 v0x55a9c3fda610_0, 0, 3;
    %jmp T_1.15;
T_1.14 ;
    %pushi/vec4 1, 0, 3;
    %store/vec4 v0x55a9c3fda610_0, 0, 3;
T_1.15 ;
    %jmp T_1.11;
T_1.4 ;
    %pushi/vec4 3, 0, 3;
    %store/vec4 v0x55a9c3fda610_0, 0, 3;
    %jmp T_1.11;
T_1.5 ;
    %load/vec4 v0x55a9c3fd9c70_0;
    %pad/u 32;
    %cmpi/e 6, 0, 32;
    %jmp/0xz  T_1.16, 4;
    %pushi/vec4 4, 0, 3;
    %store/vec4 v0x55a9c3fda610_0, 0, 3;
    %jmp T_1.17;
T_1.16 ;
    %pushi/vec4 3, 0, 3;
    %store/vec4 v0x55a9c3fda610_0, 0, 3;
T_1.17 ;
    %jmp T_1.11;
T_1.6 ;
    %load/vec4 v0x55a9c3fd9c70_0;
    %pad/u 32;
    %cmpi/e 6, 0, 32;
    %jmp/0xz  T_1.18, 4;
    %pushi/vec4 5, 0, 3;
    %store/vec4 v0x55a9c3fda610_0, 0, 3;
    %jmp T_1.19;
T_1.18 ;
    %pushi/vec4 4, 0, 3;
    %store/vec4 v0x55a9c3fda610_0, 0, 3;
T_1.19 ;
    %jmp T_1.11;
T_1.7 ;
    %pushi/vec4 6, 0, 3;
    %store/vec4 v0x55a9c3fda610_0, 0, 3;
    %jmp T_1.11;
T_1.8 ;
    %load/vec4 v0x55a9c3fd9d50_0;
    %pad/u 32;
    %cmpi/e 5, 0, 32;
    %jmp/0xz  T_1.20, 4;
    %pushi/vec4 7, 0, 3;
    %store/vec4 v0x55a9c3fda610_0, 0, 3;
    %jmp T_1.21;
T_1.20 ;
    %pushi/vec4 3, 0, 3;
    %store/vec4 v0x55a9c3fda610_0, 0, 3;
T_1.21 ;
    %jmp T_1.11;
T_1.9 ;
    %pushi/vec4 0, 0, 3;
    %store/vec4 v0x55a9c3fda610_0, 0, 3;
    %jmp T_1.11;
T_1.11 ;
    %pop/vec4 1;
T_1.1 ;
    %jmp T_1;
    .thread T_1, $push;
    .scope S_0x55a9c3f861e0;
T_2 ;
    %wait E_0x55a9c3f87620;
    %load/vec4 v0x55a9c3fdaba0_0;
    %flag_set/vec4 8;
    %jmp/0xz  T_2.0, 8;
    %pushi/vec4 0, 0, 8;
    %assign/vec4 v0x55a9c3f8a680_0, 0;
    %pushi/vec4 0, 0, 8;
    %assign/vec4 v0x55a9c3fd8890_0, 0;
    %pushi/vec4 0, 0, 8;
    %assign/vec4 v0x55a9c3fd8970_0, 0;
    %pushi/vec4 0, 0, 8;
    %assign/vec4 v0x55a9c3fd8a30_0, 0;
    %pushi/vec4 0, 0, 8;
    %assign/vec4 v0x55a9c3fd8b10_0, 0;
    %pushi/vec4 0, 0, 8;
    %assign/vec4 v0x55a9c3fd8c40_0, 0;
    %pushi/vec4 0, 0, 1;
    %assign/vec4 v0x55a9c3fd8d20_0, 0;
    %jmp T_2.1;
T_2.0 ;
    %load/vec4 v0x55a9c3fda610_0;
    %cmpi/e 1, 0, 3;
    %jmp/0xz  T_2.2, 4;
    %load/vec4 v0x55a9c3fda070_0;
    %dup/vec4;
    %pushi/vec4 1, 0, 8;
    %cmp/u;
    %jmp/1 T_2.4, 6;
    %dup/vec4;
    %pushi/vec4 2, 0, 8;
    %cmp/u;
    %jmp/1 T_2.5, 6;
    %dup/vec4;
    %pushi/vec4 3, 0, 8;
    %cmp/u;
    %jmp/1 T_2.6, 6;
    %dup/vec4;
    %pushi/vec4 4, 0, 8;
    %cmp/u;
    %jmp/1 T_2.7, 6;
    %dup/vec4;
    %pushi/vec4 5, 0, 8;
    %cmp/u;
    %jmp/1 T_2.8, 6;
    %dup/vec4;
    %pushi/vec4 6, 0, 8;
    %cmp/u;
    %jmp/1 T_2.9, 6;
    %jmp T_2.10;
T_2.4 ;
    %load/vec4 v0x55a9c3f8a680_0;
    %addi 1, 0, 8;
    %assign/vec4 v0x55a9c3f8a680_0, 0;
    %jmp T_2.10;
T_2.5 ;
    %load/vec4 v0x55a9c3fd8890_0;
    %addi 1, 0, 8;
    %assign/vec4 v0x55a9c3fd8890_0, 0;
    %jmp T_2.10;
T_2.6 ;
    %load/vec4 v0x55a9c3fd8970_0;
    %addi 1, 0, 8;
    %assign/vec4 v0x55a9c3fd8970_0, 0;
    %jmp T_2.10;
T_2.7 ;
    %load/vec4 v0x55a9c3fd8a30_0;
    %addi 1, 0, 8;
    %assign/vec4 v0x55a9c3fd8a30_0, 0;
    %jmp T_2.10;
T_2.8 ;
    %load/vec4 v0x55a9c3fd8b10_0;
    %addi 1, 0, 8;
    %assign/vec4 v0x55a9c3fd8b10_0, 0;
    %jmp T_2.10;
T_2.9 ;
    %load/vec4 v0x55a9c3fd8c40_0;
    %addi 1, 0, 8;
    %assign/vec4 v0x55a9c3fd8c40_0, 0;
    %jmp T_2.10;
T_2.10 ;
    %pop/vec4 1;
    %jmp T_2.3;
T_2.2 ;
    %load/vec4 v0x55a9c3fda610_0;
    %cmpi/e 2, 0, 3;
    %jmp/0xz  T_2.11, 4;
    %pushi/vec4 1, 0, 1;
    %assign/vec4 v0x55a9c3fd8d20_0, 0;
    %jmp T_2.12;
T_2.11 ;
    %pushi/vec4 0, 0, 1;
    %assign/vec4 v0x55a9c3fd8d20_0, 0;
T_2.12 ;
T_2.3 ;
T_2.1 ;
    %jmp T_2;
    .thread T_2;
    .scope S_0x55a9c3f861e0;
T_3 ;
    %wait E_0x55a9c3f86f20;
    %load/vec4 v0x55a9c3fda610_0;
    %cmpi/e 2, 0, 3;
    %jmp/0xz  T_3.0, 4;
    %load/vec4 v0x55a9c3f8a680_0;
    %pad/u 7;
    %ix/load 3, 0, 0;
    %flag_set/imm 4, 0;
    %ix/load 4, 0, 0; Constant delay
    %assign/vec4/a/d v0x55a9c3fd9af0, 0, 4;
    %load/vec4 v0x55a9c3fd8890_0;
    %pad/u 7;
    %ix/load 3, 1, 0;
    %flag_set/imm 4, 0;
    %ix/load 4, 0, 0; Constant delay
    %assign/vec4/a/d v0x55a9c3fd9af0, 0, 4;
    %load/vec4 v0x55a9c3fd8970_0;
    %pad/u 7;
    %ix/load 3, 2, 0;
    %flag_set/imm 4, 0;
    %ix/load 4, 0, 0; Constant delay
    %assign/vec4/a/d v0x55a9c3fd9af0, 0, 4;
    %load/vec4 v0x55a9c3fd8a30_0;
    %pad/u 7;
    %ix/load 3, 3, 0;
    %flag_set/imm 4, 0;
    %ix/load 4, 0, 0; Constant delay
    %assign/vec4/a/d v0x55a9c3fd9af0, 0, 4;
    %load/vec4 v0x55a9c3fd8b10_0;
    %pad/u 7;
    %ix/load 3, 4, 0;
    %flag_set/imm 4, 0;
    %ix/load 4, 0, 0; Constant delay
    %assign/vec4/a/d v0x55a9c3fd9af0, 0, 4;
    %load/vec4 v0x55a9c3fd8c40_0;
    %pad/u 7;
    %ix/load 3, 5, 0;
    %flag_set/imm 4, 0;
    %ix/load 4, 0, 0; Constant delay
    %assign/vec4/a/d v0x55a9c3fd9af0, 0, 4;
    %pushi/vec4 1, 0, 4;
    %ix/load 3, 0, 0;
    %flag_set/imm 4, 0;
    %ix/load 4, 0, 0; Constant delay
    %assign/vec4/a/d v0x55a9c3fda210, 0, 4;
    %pushi/vec4 2, 0, 4;
    %ix/load 3, 1, 0;
    %flag_set/imm 4, 0;
    %ix/load 4, 0, 0; Constant delay
    %assign/vec4/a/d v0x55a9c3fda210, 0, 4;
    %pushi/vec4 3, 0, 4;
    %ix/load 3, 2, 0;
    %flag_set/imm 4, 0;
    %ix/load 4, 0, 0; Constant delay
    %assign/vec4/a/d v0x55a9c3fda210, 0, 4;
    %pushi/vec4 4, 0, 4;
    %ix/load 3, 3, 0;
    %flag_set/imm 4, 0;
    %ix/load 4, 0, 0; Constant delay
    %assign/vec4/a/d v0x55a9c3fda210, 0, 4;
    %pushi/vec4 5, 0, 4;
    %ix/load 3, 4, 0;
    %flag_set/imm 4, 0;
    %ix/load 4, 0, 0; Constant delay
    %assign/vec4/a/d v0x55a9c3fda210, 0, 4;
    %pushi/vec4 6, 0, 4;
    %ix/load 3, 5, 0;
    %flag_set/imm 4, 0;
    %ix/load 4, 0, 0; Constant delay
    %assign/vec4/a/d v0x55a9c3fda210, 0, 4;
    %pushi/vec4 0, 0, 3;
    %ix/load 3, 0, 0;
    %flag_set/imm 4, 0;
    %ix/load 4, 0, 0; Constant delay
    %assign/vec4/a/d v0x55a9c3fda3b0, 0, 4;
    %pushi/vec4 0, 0, 3;
    %ix/load 3, 1, 0;
    %flag_set/imm 4, 0;
    %ix/load 4, 0, 0; Constant delay
    %assign/vec4/a/d v0x55a9c3fda3b0, 0, 4;
    %pushi/vec4 0, 0, 3;
    %ix/load 3, 2, 0;
    %flag_set/imm 4, 0;
    %ix/load 4, 0, 0; Constant delay
    %assign/vec4/a/d v0x55a9c3fda3b0, 0, 4;
    %pushi/vec4 0, 0, 3;
    %ix/load 3, 3, 0;
    %flag_set/imm 4, 0;
    %ix/load 4, 0, 0; Constant delay
    %assign/vec4/a/d v0x55a9c3fda3b0, 0, 4;
    %pushi/vec4 0, 0, 3;
    %ix/load 3, 4, 0;
    %flag_set/imm 4, 0;
    %ix/load 4, 0, 0; Constant delay
    %assign/vec4/a/d v0x55a9c3fda3b0, 0, 4;
    %pushi/vec4 0, 0, 3;
    %ix/load 3, 5, 0;
    %flag_set/imm 4, 0;
    %ix/load 4, 0, 0; Constant delay
    %assign/vec4/a/d v0x55a9c3fda3b0, 0, 4;
    %pushi/vec4 0, 0, 8;
    %ix/load 3, 0, 0;
    %flag_set/imm 4, 0;
    %ix/load 4, 0, 0; Constant delay
    %assign/vec4/a/d v0x55a9c3fd9e30, 0, 4;
    %pushi/vec4 0, 0, 8;
    %ix/load 3, 1, 0;
    %flag_set/imm 4, 0;
    %ix/load 4, 0, 0; Constant delay
    %assign/vec4/a/d v0x55a9c3fd9e30, 0, 4;
    %pushi/vec4 0, 0, 8;
    %ix/load 3, 2, 0;
    %flag_set/imm 4, 0;
    %ix/load 4, 0, 0; Constant delay
    %assign/vec4/a/d v0x55a9c3fd9e30, 0, 4;
    %pushi/vec4 0, 0, 8;
    %ix/load 3, 3, 0;
    %flag_set/imm 4, 0;
    %ix/load 4, 0, 0; Constant delay
    %assign/vec4/a/d v0x55a9c3fd9e30, 0, 4;
    %pushi/vec4 0, 0, 8;
    %ix/load 3, 4, 0;
    %flag_set/imm 4, 0;
    %ix/load 4, 0, 0; Constant delay
    %assign/vec4/a/d v0x55a9c3fd9e30, 0, 4;
    %pushi/vec4 0, 0, 8;
    %ix/load 3, 5, 0;
    %flag_set/imm 4, 0;
    %ix/load 4, 0, 0; Constant delay
    %assign/vec4/a/d v0x55a9c3fd9e30, 0, 4;
    %pushi/vec4 1, 0, 3;
    %assign/vec4 v0x55a9c3fda900_0, 0;
    %pushi/vec4 1, 0, 3;
    %assign/vec4 v0x55a9c3fda9e0_0, 0;
    %pushi/vec4 1, 0, 3;
    %assign/vec4 v0x55a9c3fdaac0_0, 0;
    %pushi/vec4 0, 0, 3;
    %assign/vec4 v0x55a9c3fd9c70_0, 0;
    %pushi/vec4 0, 0, 3;
    %assign/vec4 v0x55a9c3fd9d50_0, 0;
    %pushi/vec4 6, 0, 4;
    %assign/vec4 v0x55a9c3fda530_0, 0;
    %jmp T_3.1;
T_3.0 ;
    %load/vec4 v0x55a9c3fda610_0;
    %cmpi/e 3, 0, 3;
    %jmp/0xz  T_3.2, 4;
    %load/vec4 v0x55a9c3fda900_0;
    %pad/u 4;
    %subi 1, 0, 4;
    %ix/vec4 4;
    %load/vec4a v0x55a9c3fd9af0, 4;
    %load/vec4 v0x55a9c3fda9e0_0;
    %pad/u 4;
    %subi 1, 0, 4;
    %ix/vec4 4;
    %load/vec4a v0x55a9c3fd9af0, 4;
    %cmp/u;
    %flag_get/vec4 4;
    %flag_get/vec4 5;
    %or;
    %load/vec4 v0x55a9c3fda9e0_0;
    %pad/u 4;
    %subi 1, 0, 4;
    %ix/vec4 4;
    %load/vec4a v0x55a9c3fda210, 4;
    %load/vec4 v0x55a9c3fda900_0;
    %pad/u 4;
    %subi 1, 0, 4;
    %ix/vec4 4;
    %load/vec4a v0x55a9c3fda210, 4;
    %cmp/u;
    %flag_get/vec4 5;
    %and;
    %flag_set/vec4 8;
    %jmp/0xz  T_3.4, 8;
    %load/vec4 v0x55a9c3fda900_0;
    %assign/vec4 v0x55a9c3fda9e0_0, 0;
T_3.4 ;
    %load/vec4 v0x55a9c3fda900_0;
    %pad/u 32;
    %cmpi/e 7, 0, 32;
    %jmp/0xz  T_3.6, 4;
    %pushi/vec4 0, 0, 3;
    %assign/vec4 v0x55a9c3fda900_0, 0;
    %jmp T_3.7;
T_3.6 ;
    %load/vec4 v0x55a9c3fda900_0;
    %addi 1, 0, 3;
    %assign/vec4 v0x55a9c3fda900_0, 0;
T_3.7 ;
    %load/vec4 v0x55a9c3fd9c70_0;
    %pad/u 32;
    %cmpi/e 6, 0, 32;
    %jmp/0xz  T_3.8, 4;
    %pushi/vec4 0, 0, 3;
    %assign/vec4 v0x55a9c3fd9c70_0, 0;
    %jmp T_3.9;
T_3.8 ;
    %load/vec4 v0x55a9c3fd9c70_0;
    %addi 1, 0, 3;
    %assign/vec4 v0x55a9c3fd9c70_0, 0;
T_3.9 ;
    %jmp T_3.3;
T_3.2 ;
    %load/vec4 v0x55a9c3fda610_0;
    %cmpi/e 4, 0, 3;
    %jmp/0xz  T_3.10, 4;
    %load/vec4 v0x55a9c3fda900_0;
    %pad/u 4;
    %subi 1, 0, 4;
    %ix/vec4 4;
    %load/vec4a v0x55a9c3fd9af0, 4;
    %load/vec4 v0x55a9c3fdaac0_0;
    %pad/u 4;
    %subi 1, 0, 4;
    %ix/vec4 4;
    %load/vec4a v0x55a9c3fd9af0, 4;
    %cmp/u;
    %flag_get/vec4 4;
    %flag_get/vec4 5;
    %or;
    %load/vec4 v0x55a9c3fdaac0_0;
    %pad/u 4;
    %subi 1, 0, 4;
    %ix/vec4 4;
    %load/vec4a v0x55a9c3fda210, 4;
    %load/vec4 v0x55a9c3fda900_0;
    %pad/u 4;
    %subi 1, 0, 4;
    %ix/vec4 4;
    %load/vec4a v0x55a9c3fda210, 4;
    %cmp/u;
    %flag_get/vec4 5;
    %and;
    %load/vec4 v0x55a9c3fda9e0_0;
    %load/vec4 v0x55a9c3fdaac0_0;
    %cmp/e;
    %flag_get/vec4 4;
    %inv;
    %and;
    %flag_set/vec4 8;
    %jmp/0xz  T_3.12, 8;
    %load/vec4 v0x55a9c3fda900_0;
    %assign/vec4 v0x55a9c3fdaac0_0, 0;
T_3.12 ;
    %load/vec4 v0x55a9c3fda900_0;
    %pad/u 32;
    %cmpi/e 7, 0, 32;
    %jmp/0xz  T_3.14, 4;
    %pushi/vec4 0, 0, 3;
    %assign/vec4 v0x55a9c3fda900_0, 0;
    %jmp T_3.15;
T_3.14 ;
    %load/vec4 v0x55a9c3fda900_0;
    %addi 1, 0, 3;
    %assign/vec4 v0x55a9c3fda900_0, 0;
T_3.15 ;
    %load/vec4 v0x55a9c3fd9c70_0;
    %pad/u 32;
    %cmpi/e 6, 0, 32;
    %jmp/0xz  T_3.16, 4;
    %pushi/vec4 0, 0, 3;
    %assign/vec4 v0x55a9c3fd9c70_0, 0;
    %jmp T_3.17;
T_3.16 ;
    %load/vec4 v0x55a9c3fd9c70_0;
    %addi 1, 0, 3;
    %assign/vec4 v0x55a9c3fd9c70_0, 0;
T_3.17 ;
    %jmp T_3.11;
T_3.10 ;
    %load/vec4 v0x55a9c3fda610_0;
    %cmpi/e 5, 0, 3;
    %jmp/0xz  T_3.18, 4;
    %pushi/vec4 1, 0, 32;
    %store/vec4 v0x55a9c3fda2d0_0, 0, 32;
T_3.20 ;
    %load/vec4 v0x55a9c3fda2d0_0;
    %cmpi/s 7, 0, 32;
    %jmp/0xz T_3.21, 5;
    %load/vec4 v0x55a9c3fda2d0_0;
    %subi 1, 0, 32;
    %ix/vec4/s 4;
    %load/vec4a v0x55a9c3fda210, 4;
    %load/vec4 v0x55a9c3fda9e0_0;
    %pad/u 4;
    %subi 1, 0, 4;
    %ix/vec4 4;
    %load/vec4a v0x55a9c3fda210, 4;
    %cmp/e;
    %jmp/0xz  T_3.22, 4;
    %pushi/vec4 1, 0, 8;
    %load/vec4 v0x55a9c3fda2d0_0;
    %subi 1, 0, 32;
    %ix/vec4/s 4;
    %load/vec4a v0x55a9c3fda3b0, 4;
    %pad/u 4;
    %subi 1, 0, 4;
    %ix/vec4 3;
    %ix/load 4, 0, 0; Constant delay
    %assign/vec4/a/d v0x55a9c3fd9e30, 0, 4;
    %load/vec4 v0x55a9c3fda2d0_0;
    %subi 1, 0, 32;
    %ix/vec4/s 4;
    %load/vec4a v0x55a9c3fda3b0, 4;
    %addi 1, 0, 3;
    %load/vec4 v0x55a9c3fda2d0_0;
    %subi 1, 0, 32;
    %ix/vec4/s 3;
    %ix/load 4, 0, 0; Constant delay
    %assign/vec4/a/d v0x55a9c3fda3b0, 0, 4;
T_3.22 ;
    %load/vec4 v0x55a9c3fda2d0_0;
    %subi 1, 0, 32;
    %ix/vec4/s 4;
    %load/vec4a v0x55a9c3fda210, 4;
    %load/vec4 v0x55a9c3fdaac0_0;
    %pad/u 4;
    %subi 1, 0, 4;
    %ix/vec4 4;
    %load/vec4a v0x55a9c3fda210, 4;
    %cmp/e;
    %jmp/0xz  T_3.24, 4;
    %load/vec4 v0x55a9c3fda2d0_0;
    %subi 1, 0, 32;
    %ix/vec4/s 4;
    %load/vec4a v0x55a9c3fda3b0, 4;
    %addi 1, 0, 3;
    %load/vec4 v0x55a9c3fda2d0_0;
    %subi 1, 0, 32;
    %ix/vec4/s 3;
    %ix/load 4, 0, 0; Constant delay
    %assign/vec4/a/d v0x55a9c3fda3b0, 0, 4;
T_3.24 ;
    %load/vec4 v0x55a9c3fda2d0_0;
    %addi 1, 0, 32;
    %store/vec4 v0x55a9c3fda2d0_0, 0, 32;
    %jmp T_3.20;
T_3.21 ;
    %jmp T_3.19;
T_3.18 ;
    %load/vec4 v0x55a9c3fda610_0;
    %cmpi/e 6, 0, 3;
    %jmp/0xz  T_3.26, 4;
    %pushi/vec4 1, 0, 32;
    %store/vec4 v0x55a9c3fda2d0_0, 0, 32;
T_3.28 ;
    %load/vec4 v0x55a9c3fda2d0_0;
    %cmpi/s 7, 0, 32;
    %jmp/0xz T_3.29, 5;
    %load/vec4 v0x55a9c3fda2d0_0;
    %subi 1, 0, 32;
    %ix/vec4/s 4;
    %load/vec4a v0x55a9c3fda210, 4;
    %load/vec4 v0x55a9c3fda9e0_0;
    %pad/u 4;
    %subi 1, 0, 4;
    %ix/vec4 4;
    %load/vec4a v0x55a9c3fda210, 4;
    %cmp/e;
    %flag_mov 8, 4;
    %load/vec4 v0x55a9c3fda2d0_0;
    %subi 1, 0, 32;
    %ix/vec4/s 4;
    %load/vec4a v0x55a9c3fda210, 4;
    %load/vec4 v0x55a9c3fdaac0_0;
    %pad/u 4;
    %subi 1, 0, 4;
    %ix/vec4 4;
    %load/vec4a v0x55a9c3fda210, 4;
    %cmp/e;
    %flag_or 4, 8;
    %jmp/0xz  T_3.30, 4;
    %load/vec4 v0x55a9c3fda530_0;
    %load/vec4 v0x55a9c3fda2d0_0;
    %subi 1, 0, 32;
    %ix/vec4/s 3;
    %ix/load 4, 0, 0; Constant delay
    %assign/vec4/a/d v0x55a9c3fda210, 0, 4;
T_3.30 ;
    %load/vec4 v0x55a9c3fda530_0;
    %addi 1, 0, 4;
    %assign/vec4 v0x55a9c3fda530_0, 0;
    %load/vec4 v0x55a9c3fda2d0_0;
    %addi 1, 0, 32;
    %store/vec4 v0x55a9c3fda2d0_0, 0, 32;
    %jmp T_3.28;
T_3.29 ;
    %jmp T_3.27;
T_3.26 ;
    %load/vec4 v0x55a9c3fda610_0;
    %cmpi/e 7, 0, 3;
    %jmp/0xz  T_3.32, 4;
    %pushi/vec4 1, 0, 1;
    %assign/vec4 v0x55a9c3fd9fb0_0, 0;
T_3.32 ;
T_3.27 ;
T_3.19 ;
T_3.11 ;
T_3.3 ;
T_3.1 ;
    %jmp T_3;
    .thread T_3;
    .scope S_0x55a9c3f861e0;
T_4 ;
    %wait E_0x55a9c3f97e30;
    %pushi/vec4 1, 0, 32;
    %store/vec4 v0x55a9c3fda2d0_0, 0, 32;
T_4.0 ;
    %load/vec4 v0x55a9c3fda2d0_0;
    %cmpi/s 7, 0, 32;
    %jmp/0xz T_4.1, 5;
    %load/vec4 v0x55a9c3fda2d0_0;
    %subi 1, 0, 32;
    %ix/vec4/s 4;
    %load/vec4a v0x55a9c3fda3b0, 4;
    %dup/vec4;
    %pushi/vec4 1, 0, 3;
    %cmp/u;
    %jmp/1 T_4.2, 6;
    %dup/vec4;
    %pushi/vec4 2, 0, 3;
    %cmp/u;
    %jmp/1 T_4.3, 6;
    %dup/vec4;
    %pushi/vec4 3, 0, 3;
    %cmp/u;
    %jmp/1 T_4.4, 6;
    %dup/vec4;
    %pushi/vec4 4, 0, 3;
    %cmp/u;
    %jmp/1 T_4.5, 6;
    %dup/vec4;
    %pushi/vec4 5, 0, 3;
    %cmp/u;
    %jmp/1 T_4.6, 6;
    %pushi/vec4 0, 0, 8;
    %load/vec4 v0x55a9c3fda2d0_0;
    %subi 1, 0, 32;
    %ix/vec4/s 4;
    %store/vec4a v0x55a9c3fd9320, 4, 0;
    %jmp T_4.8;
T_4.2 ;
    %pushi/vec4 1, 0, 8;
    %load/vec4 v0x55a9c3fda2d0_0;
    %subi 1, 0, 32;
    %ix/vec4/s 4;
    %store/vec4a v0x55a9c3fd9320, 4, 0;
    %jmp T_4.8;
T_4.3 ;
    %pushi/vec4 3, 0, 8;
    %load/vec4 v0x55a9c3fda2d0_0;
    %subi 1, 0, 32;
    %ix/vec4/s 4;
    %store/vec4a v0x55a9c3fd9320, 4, 0;
    %jmp T_4.8;
T_4.4 ;
    %pushi/vec4 7, 0, 8;
    %load/vec4 v0x55a9c3fda2d0_0;
    %subi 1, 0, 32;
    %ix/vec4/s 4;
    %store/vec4a v0x55a9c3fd9320, 4, 0;
    %jmp T_4.8;
T_4.5 ;
    %pushi/vec4 15, 0, 8;
    %load/vec4 v0x55a9c3fda2d0_0;
    %subi 1, 0, 32;
    %ix/vec4/s 4;
    %store/vec4a v0x55a9c3fd9320, 4, 0;
    %jmp T_4.8;
T_4.6 ;
    %pushi/vec4 31, 0, 8;
    %load/vec4 v0x55a9c3fda2d0_0;
    %subi 1, 0, 32;
    %ix/vec4/s 4;
    %store/vec4a v0x55a9c3fd9320, 4, 0;
    %jmp T_4.8;
T_4.8 ;
    %pop/vec4 1;
    %load/vec4 v0x55a9c3fda2d0_0;
    %addi 1, 0, 32;
    %store/vec4 v0x55a9c3fda2d0_0, 0, 32;
    %jmp T_4.0;
T_4.1 ;
    %jmp T_4;
    .thread T_4, $push;
# The file index is used to find the file name in the following table.
:file_names 3;
    "N/A";
    "<interactive>";
    "huffman.v";
