#! /usr/bin/vvp
:ivl_version "10.3 (stable)";
:ivl_delay_selection "TYPICAL";
:vpi_time_precision + 0;
:vpi_module "system";
:vpi_module "vhdl_sys";
:vpi_module "v2005_math";
:vpi_module "va_math";
S_0x564a15a1d150 .scope module, "triangle" "triangle" 2 1;
 .timescale 0 0;
    .port_info 0 /INPUT 1 "clk"
    .port_info 1 /INPUT 1 "reset"
    .port_info 2 /INPUT 1 "nt"
    .port_info 3 /INPUT 3 "xi"
    .port_info 4 /INPUT 3 "yi"
    .port_info 5 /OUTPUT 1 "busy"
    .port_info 6 /OUTPUT 1 "po"
    .port_info 7 /OUTPUT 3 "xo"
    .port_info 8 /OUTPUT 3 "yo"
P_0x564a15a1d2d0 .param/l "CAL" 0 2 23, C4<010>;
P_0x564a15a1d310 .param/l "DONE" 0 2 25, C4<100>;
P_0x564a15a1d350 .param/l "IDLE" 0 2 21, C4<000>;
P_0x564a15a1d390 .param/l "INPUT" 0 2 22, C4<001>;
P_0x564a15a1d3d0 .param/l "OUTPUT" 0 2 24, C4<011>;
v0x564a15a4e670_0 .net *"_s0", 0 0, L_0x564a15a89170;  1 drivers
v0x564a15a4f500_0 .net *"_s10", 5 0, L_0x564a15a89440;  1 drivers
L_0x7f57accab0a8 .functor BUFT 1, C4<000>, C4<0>, C4<0>, C4<0>;
v0x564a15a4f5a0_0 .net *"_s13", 2 0, L_0x7f57accab0a8;  1 drivers
v0x564a15a51520_0 .net *"_s14", 5 0, L_0x564a15a89560;  1 drivers
L_0x7f57accab0f0 .functor BUFT 1, C4<000>, C4<0>, C4<0>, C4<0>;
v0x564a15a515c0_0 .net *"_s17", 2 0, L_0x7f57accab0f0;  1 drivers
v0x564a15a51e10_0 .net *"_s18", 5 0, L_0x564a15a896a0;  1 drivers
L_0x7f57accab018 .functor BUFT 1, C4<01>, C4<0>, C4<0>, C4<0>;
v0x564a15a51eb0_0 .net/2s *"_s2", 1 0, L_0x7f57accab018;  1 drivers
v0x564a15a85f10_0 .net *"_s20", 5 0, L_0x564a15a89820;  1 drivers
L_0x7f57accab138 .functor BUFT 1, C4<000>, C4<0>, C4<0>, C4<0>;
v0x564a15a85ff0_0 .net *"_s23", 2 0, L_0x7f57accab138;  1 drivers
v0x564a15a860d0_0 .net *"_s24", 5 0, L_0x564a15a89960;  1 drivers
L_0x7f57accab180 .functor BUFT 1, C4<000>, C4<0>, C4<0>, C4<0>;
v0x564a15a861b0_0 .net *"_s27", 2 0, L_0x7f57accab180;  1 drivers
v0x564a15a86290_0 .net *"_s28", 5 0, L_0x564a15a89ad0;  1 drivers
v0x564a15a86370_0 .net *"_s32", 5 0, L_0x564a15a89db0;  1 drivers
L_0x7f57accab1c8 .functor BUFT 1, C4<000>, C4<0>, C4<0>, C4<0>;
v0x564a15a86450_0 .net *"_s35", 2 0, L_0x7f57accab1c8;  1 drivers
v0x564a15a86530_0 .net *"_s36", 5 0, L_0x564a15a89e50;  1 drivers
L_0x7f57accab210 .functor BUFT 1, C4<000>, C4<0>, C4<0>, C4<0>;
v0x564a15a86610_0 .net *"_s39", 2 0, L_0x7f57accab210;  1 drivers
L_0x7f57accab060 .functor BUFT 1, C4<00>, C4<0>, C4<0>, C4<0>;
v0x564a15a866f0_0 .net/2s *"_s4", 1 0, L_0x7f57accab060;  1 drivers
v0x564a15a868e0_0 .net *"_s40", 5 0, L_0x564a15a8a000;  1 drivers
v0x564a15a869c0_0 .net *"_s42", 5 0, L_0x564a15a8a140;  1 drivers
L_0x7f57accab258 .functor BUFT 1, C4<000>, C4<0>, C4<0>, C4<0>;
v0x564a15a86aa0_0 .net *"_s45", 2 0, L_0x7f57accab258;  1 drivers
v0x564a15a86b80_0 .net *"_s46", 5 0, L_0x564a15a8a300;  1 drivers
L_0x7f57accab2a0 .functor BUFT 1, C4<000>, C4<0>, C4<0>, C4<0>;
v0x564a15a86c60_0 .net *"_s49", 2 0, L_0x7f57accab2a0;  1 drivers
v0x564a15a86d40_0 .net *"_s50", 5 0, L_0x564a15a8a3a0;  1 drivers
v0x564a15a86e20_0 .net *"_s54", 5 0, L_0x564a15a8a6b0;  1 drivers
L_0x7f57accab2e8 .functor BUFT 1, C4<000>, C4<0>, C4<0>, C4<0>;
v0x564a15a86f00_0 .net *"_s57", 2 0, L_0x7f57accab2e8;  1 drivers
v0x564a15a86fe0_0 .net *"_s58", 5 0, L_0x564a15a8a840;  1 drivers
v0x564a15a870c0_0 .net *"_s6", 1 0, L_0x564a15a89210;  1 drivers
L_0x7f57accab330 .functor BUFT 1, C4<000>, C4<0>, C4<0>, C4<0>;
v0x564a15a871a0_0 .net *"_s61", 2 0, L_0x7f57accab330;  1 drivers
v0x564a15a87280_0 .net *"_s62", 5 0, L_0x564a15a8a910;  1 drivers
v0x564a15a87360_0 .net *"_s64", 5 0, L_0x564a15a8a750;  1 drivers
L_0x7f57accab378 .functor BUFT 1, C4<000>, C4<0>, C4<0>, C4<0>;
v0x564a15a87440_0 .net *"_s67", 2 0, L_0x7f57accab378;  1 drivers
v0x564a15a87520_0 .net *"_s68", 5 0, L_0x564a15a8ab80;  1 drivers
L_0x7f57accab3c0 .functor BUFT 1, C4<000>, C4<0>, C4<0>, C4<0>;
v0x564a15a87600_0 .net *"_s71", 2 0, L_0x7f57accab3c0;  1 drivers
v0x564a15a878f0_0 .net *"_s72", 5 0, L_0x564a15a8ad60;  1 drivers
v0x564a15a879d0_0 .var "busy", 0 0;
o0x7f57accf46a8 .functor BUFZ 1, C4<z>; HiZ drive
v0x564a15a87a90_0 .net "clk", 0 0, o0x7f57accf46a8;  0 drivers
v0x564a15a87b50_0 .var "cnt", 2 0;
v0x564a15a87c30_0 .net "eq1", 5 0, L_0x564a15a89c10;  1 drivers
v0x564a15a87d10_0 .net "eq2", 5 0, L_0x564a15a8a570;  1 drivers
v0x564a15a87df0_0 .net "eq3", 5 0, L_0x564a15a8aea0;  1 drivers
v0x564a15a87ed0_0 .var "in", 0 0;
v0x564a15a87f90_0 .var "judge", 0 0;
v0x564a15a88050_0 .var "next_state", 2 0;
o0x7f57accf4828 .functor BUFZ 1, C4<z>; HiZ drive
v0x564a15a88130_0 .net "nt", 0 0, o0x7f57accf4828;  0 drivers
v0x564a15a881f0_0 .var "nt_reg", 0 0;
v0x564a15a882b0_0 .net "ori", 0 0, L_0x564a15a89350;  1 drivers
v0x564a15a88370_0 .var "po", 0 0;
o0x7f57accf48e8 .functor BUFZ 1, C4<z>; HiZ drive
v0x564a15a88430_0 .net "reset", 0 0, o0x7f57accf48e8;  0 drivers
v0x564a15a884f0_0 .var "state", 2 0;
v0x564a15a885d0_0 .var "x0", 2 0;
v0x564a15a886b0_0 .var "x1", 2 0;
v0x564a15a88790_0 .var "x2", 2 0;
v0x564a15a88870_0 .var "x3", 2 0;
o0x7f57accf4a08 .functor BUFZ 3, C4<zzz>; HiZ drive
v0x564a15a88950_0 .net "xi", 2 0, o0x7f57accf4a08;  0 drivers
v0x564a15a88a30_0 .var "xo", 2 0;
v0x564a15a88b10_0 .var "y0", 2 0;
v0x564a15a88bf0_0 .var "y1", 2 0;
v0x564a15a88cd0_0 .var "y2", 2 0;
v0x564a15a88db0_0 .var "y3", 2 0;
o0x7f57accf4b28 .functor BUFZ 3, C4<zzz>; HiZ drive
v0x564a15a88e90_0 .net "yi", 2 0, o0x7f57accf4b28;  0 drivers
v0x564a15a88f70_0 .var "yo", 2 0;
E_0x564a15a539d0 .event posedge, v0x564a15a88430_0, v0x564a15a87a90_0;
E_0x564a15a53c30/0 .event edge, v0x564a15a884f0_0, v0x564a15a87b50_0, v0x564a15a885d0_0, v0x564a15a88b10_0;
E_0x564a15a53c30/1 .event edge, v0x564a15a87ed0_0;
E_0x564a15a53c30 .event/or E_0x564a15a53c30/0, E_0x564a15a53c30/1;
L_0x564a15a89170 .cmp/gt 3, v0x564a15a88790_0, v0x564a15a886b0_0;
L_0x564a15a89210 .functor MUXZ 2, L_0x7f57accab060, L_0x7f57accab018, L_0x564a15a89170, C4<>;
L_0x564a15a89350 .part L_0x564a15a89210, 0, 1;
L_0x564a15a89440 .concat [ 3 3 0 0], v0x564a15a885d0_0, L_0x7f57accab0a8;
L_0x564a15a89560 .concat [ 3 3 0 0], v0x564a15a88790_0, L_0x7f57accab0f0;
L_0x564a15a896a0 .arith/sub 6, L_0x564a15a89440, L_0x564a15a89560;
L_0x564a15a89820 .concat [ 3 3 0 0], v0x564a15a88b10_0, L_0x7f57accab138;
L_0x564a15a89960 .concat [ 3 3 0 0], v0x564a15a88cd0_0, L_0x7f57accab180;
L_0x564a15a89ad0 .arith/sub 6, L_0x564a15a89820, L_0x564a15a89960;
L_0x564a15a89c10 .arith/div 6, L_0x564a15a896a0, L_0x564a15a89ad0;
L_0x564a15a89db0 .concat [ 3 3 0 0], v0x564a15a88790_0, L_0x7f57accab1c8;
L_0x564a15a89e50 .concat [ 3 3 0 0], v0x564a15a886b0_0, L_0x7f57accab210;
L_0x564a15a8a000 .arith/sub 6, L_0x564a15a89db0, L_0x564a15a89e50;
L_0x564a15a8a140 .concat [ 3 3 0 0], v0x564a15a88cd0_0, L_0x7f57accab258;
L_0x564a15a8a300 .concat [ 3 3 0 0], v0x564a15a88bf0_0, L_0x7f57accab2a0;
L_0x564a15a8a3a0 .arith/sub 6, L_0x564a15a8a140, L_0x564a15a8a300;
L_0x564a15a8a570 .arith/div 6, L_0x564a15a8a000, L_0x564a15a8a3a0;
L_0x564a15a8a6b0 .concat [ 3 3 0 0], v0x564a15a88870_0, L_0x7f57accab2e8;
L_0x564a15a8a840 .concat [ 3 3 0 0], v0x564a15a88790_0, L_0x7f57accab330;
L_0x564a15a8a910 .arith/sub 6, L_0x564a15a8a6b0, L_0x564a15a8a840;
L_0x564a15a8a750 .concat [ 3 3 0 0], v0x564a15a88db0_0, L_0x7f57accab378;
L_0x564a15a8ab80 .concat [ 3 3 0 0], v0x564a15a88cd0_0, L_0x7f57accab3c0;
L_0x564a15a8ad60 .arith/sub 6, L_0x564a15a8a750, L_0x564a15a8ab80;
L_0x564a15a8aea0 .arith/div 6, L_0x564a15a8a910, L_0x564a15a8ad60;
    .scope S_0x564a15a1d150;
T_0 ;
    %wait E_0x564a15a539d0;
    %load/vec4 v0x564a15a88430_0;
    %flag_set/vec4 8;
    %jmp/0xz  T_0.0, 8;
    %pushi/vec4 0, 0, 3;
    %assign/vec4 v0x564a15a884f0_0, 0;
    %jmp T_0.1;
T_0.0 ;
    %load/vec4 v0x564a15a88050_0;
    %assign/vec4 v0x564a15a884f0_0, 0;
T_0.1 ;
    %jmp T_0;
    .thread T_0;
    .scope S_0x564a15a1d150;
T_1 ;
    %wait E_0x564a15a53c30;
    %load/vec4 v0x564a15a884f0_0;
    %dup/vec4;
    %pushi/vec4 0, 0, 3;
    %cmp/u;
    %jmp/1 T_1.0, 6;
    %dup/vec4;
    %pushi/vec4 1, 0, 3;
    %cmp/u;
    %jmp/1 T_1.1, 6;
    %dup/vec4;
    %pushi/vec4 2, 0, 3;
    %cmp/u;
    %jmp/1 T_1.2, 6;
    %dup/vec4;
    %pushi/vec4 3, 0, 3;
    %cmp/u;
    %jmp/1 T_1.3, 6;
    %dup/vec4;
    %pushi/vec4 4, 0, 3;
    %cmp/u;
    %jmp/1 T_1.4, 6;
    %pushi/vec4 0, 0, 3;
    %store/vec4 v0x564a15a88050_0, 0, 3;
    %jmp T_1.6;
T_1.0 ;
    %pushi/vec4 1, 0, 3;
    %store/vec4 v0x564a15a88050_0, 0, 3;
    %jmp T_1.6;
T_1.1 ;
    %load/vec4 v0x564a15a87b50_0;
    %pad/u 32;
    %cmpi/e 3, 0, 32;
    %jmp/0xz  T_1.7, 4;
    %pushi/vec4 2, 0, 3;
    %store/vec4 v0x564a15a88050_0, 0, 3;
    %jmp T_1.8;
T_1.7 ;
    %pushi/vec4 1, 0, 3;
    %store/vec4 v0x564a15a88050_0, 0, 3;
T_1.8 ;
    %jmp T_1.6;
T_1.2 ;
    %load/vec4 v0x564a15a885d0_0;
    %pad/u 32;
    %pushi/vec4 7, 0, 32;
    %cmp/e;
    %flag_get/vec4 4;
    %load/vec4 v0x564a15a88b10_0;
    %pad/u 32;
    %pushi/vec4 7, 0, 32;
    %cmp/e;
    %flag_get/vec4 4;
    %and;
    %flag_set/vec4 8;
    %jmp/0xz  T_1.9, 8;
    %pushi/vec4 4, 0, 3;
    %store/vec4 v0x564a15a88050_0, 0, 3;
    %jmp T_1.10;
T_1.9 ;
    %load/vec4 v0x564a15a87ed0_0;
    %pad/u 32;
    %cmpi/e 1, 0, 32;
    %jmp/0xz  T_1.11, 4;
    %pushi/vec4 3, 0, 3;
    %store/vec4 v0x564a15a88050_0, 0, 3;
    %jmp T_1.12;
T_1.11 ;
    %pushi/vec4 2, 0, 3;
    %store/vec4 v0x564a15a88050_0, 0, 3;
T_1.12 ;
T_1.10 ;
    %jmp T_1.6;
T_1.3 ;
    %pushi/vec4 2, 0, 3;
    %store/vec4 v0x564a15a88050_0, 0, 3;
    %jmp T_1.6;
T_1.4 ;
    %pushi/vec4 1, 0, 3;
    %store/vec4 v0x564a15a88050_0, 0, 3;
    %jmp T_1.6;
T_1.6 ;
    %pop/vec4 1;
    %jmp T_1;
    .thread T_1, $push;
    .scope S_0x564a15a1d150;
T_2 ;
    %wait E_0x564a15a539d0;
    %load/vec4 v0x564a15a88430_0;
    %flag_set/vec4 8;
    %jmp/0xz  T_2.0, 8;
    %pushi/vec4 0, 0, 3;
    %assign/vec4 v0x564a15a886b0_0, 0;
    %pushi/vec4 0, 0, 3;
    %assign/vec4 v0x564a15a88790_0, 0;
    %pushi/vec4 0, 0, 3;
    %assign/vec4 v0x564a15a88870_0, 0;
    %pushi/vec4 0, 0, 3;
    %assign/vec4 v0x564a15a88bf0_0, 0;
    %pushi/vec4 0, 0, 3;
    %assign/vec4 v0x564a15a88cd0_0, 0;
    %pushi/vec4 0, 0, 3;
    %assign/vec4 v0x564a15a88db0_0, 0;
    %pushi/vec4 0, 0, 3;
    %assign/vec4 v0x564a15a87b50_0, 0;
    %jmp T_2.1;
T_2.0 ;
    %load/vec4 v0x564a15a88130_0;
    %flag_set/vec4 8;
    %jmp/0xz  T_2.2, 8;
    %pushi/vec4 1, 0, 1;
    %assign/vec4 v0x564a15a881f0_0, 0;
    %load/vec4 v0x564a15a88950_0;
    %assign/vec4 v0x564a15a886b0_0, 0;
    %load/vec4 v0x564a15a88e90_0;
    %assign/vec4 v0x564a15a88bf0_0, 0;
    %pushi/vec4 1, 0, 3;
    %assign/vec4 v0x564a15a87b50_0, 0;
    %jmp T_2.3;
T_2.2 ;
    %load/vec4 v0x564a15a881f0_0;
    %pad/u 32;
    %pushi/vec4 1, 0, 32;
    %cmp/e;
    %flag_get/vec4 4;
    %load/vec4 v0x564a15a87b50_0;
    %pad/u 32;
    %pushi/vec4 1, 0, 32;
    %cmp/e;
    %flag_get/vec4 4;
    %and;
    %flag_set/vec4 8;
    %jmp/0xz  T_2.4, 8;
    %load/vec4 v0x564a15a88950_0;
    %assign/vec4 v0x564a15a88790_0, 0;
    %load/vec4 v0x564a15a88e90_0;
    %assign/vec4 v0x564a15a88cd0_0, 0;
    %pushi/vec4 2, 0, 3;
    %assign/vec4 v0x564a15a87b50_0, 0;
    %jmp T_2.5;
T_2.4 ;
    %load/vec4 v0x564a15a881f0_0;
    %pad/u 32;
    %pushi/vec4 1, 0, 32;
    %cmp/e;
    %flag_get/vec4 4;
    %load/vec4 v0x564a15a87b50_0;
    %pad/u 32;
    %pushi/vec4 2, 0, 32;
    %cmp/e;
    %flag_get/vec4 4;
    %and;
    %flag_set/vec4 8;
    %jmp/0xz  T_2.6, 8;
    %load/vec4 v0x564a15a88950_0;
    %assign/vec4 v0x564a15a88790_0, 0;
    %load/vec4 v0x564a15a88e90_0;
    %assign/vec4 v0x564a15a88cd0_0, 0;
    %pushi/vec4 3, 0, 3;
    %assign/vec4 v0x564a15a87b50_0, 0;
    %pushi/vec4 0, 0, 1;
    %store/vec4 v0x564a15a881f0_0, 0, 1;
T_2.6 ;
T_2.5 ;
T_2.3 ;
T_2.1 ;
    %jmp T_2;
    .thread T_2;
    .scope S_0x564a15a1d150;
T_3 ;
    %wait E_0x564a15a539d0;
    %load/vec4 v0x564a15a88430_0;
    %flag_set/vec4 8;
    %jmp/0xz  T_3.0, 8;
    %pushi/vec4 0, 0, 3;
    %assign/vec4 v0x564a15a88b10_0, 0;
    %pushi/vec4 0, 0, 3;
    %assign/vec4 v0x564a15a885d0_0, 0;
    %jmp T_3.1;
T_3.0 ;
    %load/vec4 v0x564a15a88050_0;
    %pushi/vec4 2, 0, 3;
    %cmp/e;
    %flag_get/vec4 4;
    %load/vec4 v0x564a15a87f90_0;
    %pad/u 32;
    %pushi/vec4 1, 0, 32;
    %cmp/e;
    %flag_get/vec4 4;
    %and;
    %flag_set/vec4 8;
    %jmp/0xz  T_3.2, 8;
    %load/vec4 v0x564a15a885d0_0;
    %pad/u 32;
    %cmpi/e 7, 0, 32;
    %jmp/0xz  T_3.4, 4;
    %load/vec4 v0x564a15a88b10_0;
    %addi 1, 0, 3;
    %assign/vec4 v0x564a15a88b10_0, 0;
T_3.4 ;
    %load/vec4 v0x564a15a885d0_0;
    %addi 1, 0, 3;
    %assign/vec4 v0x564a15a885d0_0, 0;
T_3.2 ;
T_3.1 ;
    %jmp T_3;
    .thread T_3;
    .scope S_0x564a15a1d150;
T_4 ;
    %wait E_0x564a15a539d0;
    %load/vec4 v0x564a15a88050_0;
    %pushi/vec4 2, 0, 3;
    %cmp/e;
    %flag_get/vec4 4;
    %load/vec4 v0x564a15a87f90_0;
    %pad/u 32;
    %pushi/vec4 0, 0, 32;
    %cmp/e;
    %flag_get/vec4 4;
    %and;
    %flag_set/vec4 8;
    %jmp/0xz  T_4.0, 8;
    %load/vec4 v0x564a15a885d0_0;
    %load/vec4 v0x564a15a886b0_0;
    %cmp/u;
    %flag_get/vec4 5;
    %load/vec4 v0x564a15a882b0_0;
    %pad/u 32;
    %pushi/vec4 1, 0, 32;
    %cmp/e;
    %flag_get/vec4 4;
    %and;
    %flag_set/vec4 8;
    %load/vec4 v0x564a15a886b0_0;
    %load/vec4 v0x564a15a885d0_0;
    %cmp/u;
    %flag_get/vec4 5;
    %load/vec4 v0x564a15a882b0_0;
    %pad/u 32;
    %pushi/vec4 0, 0, 32;
    %cmp/e;
    %flag_get/vec4 4;
    %and;
    %flag_set/vec4 9;
    %flag_or 9, 8;
    %jmp/0xz  T_4.2, 9;
    %pushi/vec4 1, 0, 1;
    %assign/vec4 v0x564a15a87f90_0, 0;
    %pushi/vec4 0, 0, 1;
    %assign/vec4 v0x564a15a87ed0_0, 0;
    %jmp T_4.3;
T_4.2 ;
    %load/vec4 v0x564a15a882b0_0;
    %pad/u 32;
    %pushi/vec4 1, 0, 32;
    %cmp/e;
    %flag_get/vec4 4;
    %load/vec4 v0x564a15a87c30_0;
    %load/vec4 v0x564a15a87d10_0;
    %cmp/u;
    %flag_get/vec4 4;
    %flag_get/vec4 5;
    %or;
    %and;
    %load/vec4 v0x564a15a87c30_0;
    %load/vec4 v0x564a15a87df0_0;
    %cmp/u;
    %flag_get/vec4 4;
    %flag_get/vec4 5;
    %or;
    %and;
    %flag_set/vec4 8;
    %jmp/0xz  T_4.4, 8;
    %pushi/vec4 1, 0, 1;
    %assign/vec4 v0x564a15a87f90_0, 0;
    %pushi/vec4 1, 0, 1;
    %assign/vec4 v0x564a15a87ed0_0, 0;
    %jmp T_4.5;
T_4.4 ;
    %load/vec4 v0x564a15a882b0_0;
    %pad/u 32;
    %pushi/vec4 0, 0, 32;
    %cmp/e;
    %flag_get/vec4 4;
    %load/vec4 v0x564a15a87d10_0;
    %load/vec4 v0x564a15a87c30_0;
    %cmp/u;
    %flag_get/vec4 4;
    %flag_get/vec4 5;
    %or;
    %and;
    %load/vec4 v0x564a15a87df0_0;
    %load/vec4 v0x564a15a87c30_0;
    %cmp/u;
    %flag_get/vec4 4;
    %flag_get/vec4 5;
    %or;
    %and;
    %flag_set/vec4 8;
    %jmp/0xz  T_4.6, 8;
    %pushi/vec4 1, 0, 1;
    %assign/vec4 v0x564a15a87f90_0, 0;
    %pushi/vec4 1, 0, 1;
    %assign/vec4 v0x564a15a87ed0_0, 0;
    %jmp T_4.7;
T_4.6 ;
    %pushi/vec4 1, 0, 1;
    %assign/vec4 v0x564a15a87f90_0, 0;
    %pushi/vec4 1, 0, 1;
    %assign/vec4 v0x564a15a87ed0_0, 0;
T_4.7 ;
T_4.5 ;
T_4.3 ;
    %jmp T_4.1;
T_4.0 ;
    %pushi/vec4 0, 0, 1;
    %assign/vec4 v0x564a15a87f90_0, 0;
T_4.1 ;
    %jmp T_4;
    .thread T_4;
    .scope S_0x564a15a1d150;
T_5 ;
    %wait E_0x564a15a539d0;
    %load/vec4 v0x564a15a88050_0;
    %cmpi/e 3, 0, 3;
    %jmp/0xz  T_5.0, 4;
    %load/vec4 v0x564a15a885d0_0;
    %assign/vec4 v0x564a15a88a30_0, 0;
    %load/vec4 v0x564a15a88b10_0;
    %assign/vec4 v0x564a15a88f70_0, 0;
    %pushi/vec4 1, 0, 1;
    %assign/vec4 v0x564a15a88370_0, 0;
    %jmp T_5.1;
T_5.0 ;
    %pushi/vec4 0, 0, 1;
    %assign/vec4 v0x564a15a88370_0, 0;
T_5.1 ;
    %jmp T_5;
    .thread T_5;
    .scope S_0x564a15a1d150;
T_6 ;
    %wait E_0x564a15a539d0;
    %load/vec4 v0x564a15a881f0_0;
    %pad/u 32;
    %cmpi/e 1, 0, 32;
    %jmp/0xz  T_6.0, 4;
    %pushi/vec4 1, 0, 1;
    %assign/vec4 v0x564a15a879d0_0, 0;
    %jmp T_6.1;
T_6.0 ;
    %load/vec4 v0x564a15a88050_0;
    %cmpi/e 4, 0, 3;
    %jmp/0xz  T_6.2, 4;
    %pushi/vec4 0, 0, 1;
    %assign/vec4 v0x564a15a879d0_0, 0;
T_6.2 ;
T_6.1 ;
    %jmp T_6;
    .thread T_6;
# The file index is used to find the file name in the following table.
:file_names 3;
    "N/A";
    "<interactive>";
    "triangle.v";
