#! /usr/bin/vvp
:ivl_version "10.3 (stable)";
:ivl_delay_selection "TYPICAL";
:vpi_time_precision + 0;
:vpi_module "system";
:vpi_module "vhdl_sys";
:vpi_module "v2005_math";
:vpi_module "va_math";
S_0x561d5f847150 .scope module, "SME" "SME" 2 1;
 .timescale 0 0;
    .port_info 0 /INPUT 1 "clk"
    .port_info 1 /INPUT 1 "reset"
    .port_info 2 /INPUT 8 "chardata"
    .port_info 3 /INPUT 1 "isstring"
    .port_info 4 /INPUT 1 "ispattern"
    .port_info 5 /OUTPUT 1 "valid"
    .port_info 6 /OUTPUT 1 "match"
    .port_info 7 /OUTPUT 5 "match_index"
P_0x561d5f8472d0 .param/l "CAL" 0 2 21, C4<011>;
P_0x561d5f847310 .param/l "IDLE" 0 2 18, C4<000>;
P_0x561d5f847350 .param/l "OUT" 0 2 22, C4<100>;
P_0x561d5f847390 .param/l "READPAT" 0 2 20, C4<010>;
P_0x561d5f8473d0 .param/l "READSTR" 0 2 19, C4<001>;
o0x7f3dd0b70018 .functor BUFZ 8, C4<zzzzzzzz>; HiZ drive
v0x561d5f85ac60_0 .net "chardata", 7 0, o0x7f3dd0b70018;  0 drivers
o0x7f3dd0b70048 .functor BUFZ 1, C4<z>; HiZ drive
v0x561d5f86e340_0 .net "clk", 0 0, o0x7f3dd0b70048;  0 drivers
v0x561d5f86e3e0_0 .var "cnt", 7 0;
v0x561d5f86fce0_0 .var/i "i", 31 0;
o0x7f3dd0b700d8 .functor BUFZ 1, C4<z>; HiZ drive
v0x561d5f86fd80_0 .net "ispattern", 0 0, o0x7f3dd0b700d8;  0 drivers
o0x7f3dd0b70108 .functor BUFZ 1, C4<z>; HiZ drive
v0x561d5f871550_0 .net "isstring", 0 0, o0x7f3dd0b70108;  0 drivers
v0x561d5f8715f0_0 .var/i "j", 31 0;
v0x561d5f8abb30_0 .net "match", 0 0, L_0x561d5f8ac640;  1 drivers
v0x561d5f8abbf0_0 .var "match_index", 4 0;
v0x561d5f8abcd0_0 .var "match_tmp", 7 0;
v0x561d5f8abdb0_0 .var "next_state", 2 0;
v0x561d5f8abe90_0 .var "pat_cnt", 7 0;
v0x561d5f8abf70 .array "pattern", 7 0, 7 0;
v0x561d5f8ac030_0 .var "pc", 7 0;
o0x7f3dd0b70288 .functor BUFZ 1, C4<z>; HiZ drive
v0x561d5f8ac110_0 .net "reset", 0 0, o0x7f3dd0b70288;  0 drivers
v0x561d5f8ac1d0_0 .var "state", 2 0;
v0x561d5f8ac2b0 .array "string", 33 0, 7 0;
v0x561d5f8ac480_0 .var "valid", 0 0;
E_0x561d5f87e3c0 .event edge, v0x561d5f8abdb0_0, v0x561d5f8ac030_0;
E_0x561d5f87c740 .event posedge, v0x561d5f8ac110_0, v0x561d5f86e340_0;
E_0x561d5f87e6b0/0 .event edge, v0x561d5f8ac110_0, v0x561d5f8ac1d0_0, v0x561d5f871550_0, v0x561d5f86fd80_0;
E_0x561d5f87e6b0/1 .event edge, v0x561d5f8abb30_0, v0x561d5f8ac030_0;
E_0x561d5f87e6b0 .event/or E_0x561d5f87e6b0/0, E_0x561d5f87e6b0/1;
L_0x561d5f8ac640 .reduce/and v0x561d5f8abcd0_0;
    .scope S_0x561d5f847150;
T_0 ;
    %wait E_0x561d5f87c740;
    %load/vec4 v0x561d5f8ac110_0;
    %flag_set/vec4 8;
    %jmp/0xz  T_0.0, 8;
    %pushi/vec4 0, 0, 3;
    %assign/vec4 v0x561d5f8ac1d0_0, 0;
    %jmp T_0.1;
T_0.0 ;
    %load/vec4 v0x561d5f8abdb0_0;
    %assign/vec4 v0x561d5f8ac1d0_0, 0;
T_0.1 ;
    %jmp T_0;
    .thread T_0;
    .scope S_0x561d5f847150;
T_1 ;
    %wait E_0x561d5f87e6b0;
    %load/vec4 v0x561d5f8ac110_0;
    %flag_set/vec4 8;
    %jmp/0xz  T_1.0, 8;
    %pushi/vec4 0, 0, 3;
    %store/vec4 v0x561d5f8abdb0_0, 0, 3;
    %jmp T_1.1;
T_1.0 ;
    %load/vec4 v0x561d5f8ac1d0_0;
    %dup/vec4;
    %pushi/vec4 0, 0, 3;
    %cmp/u;
    %jmp/1 T_1.2, 6;
    %dup/vec4;
    %pushi/vec4 1, 0, 3;
    %cmp/u;
    %jmp/1 T_1.3, 6;
    %dup/vec4;
    %pushi/vec4 2, 0, 3;
    %cmp/u;
    %jmp/1 T_1.4, 6;
    %dup/vec4;
    %pushi/vec4 3, 0, 3;
    %cmp/u;
    %jmp/1 T_1.5, 6;
    %dup/vec4;
    %pushi/vec4 4, 0, 3;
    %cmp/u;
    %jmp/1 T_1.6, 6;
    %pushi/vec4 0, 0, 3;
    %store/vec4 v0x561d5f8abdb0_0, 0, 3;
    %jmp T_1.8;
T_1.2 ;
    %load/vec4 v0x561d5f871550_0;
    %pad/u 32;
    %cmpi/e 1, 0, 32;
    %jmp/0xz  T_1.9, 4;
    %pushi/vec4 1, 0, 3;
    %store/vec4 v0x561d5f8abdb0_0, 0, 3;
    %jmp T_1.10;
T_1.9 ;
    %pushi/vec4 0, 0, 3;
    %store/vec4 v0x561d5f8abdb0_0, 0, 3;
T_1.10 ;
    %jmp T_1.8;
T_1.3 ;
    %load/vec4 v0x561d5f86fd80_0;
    %pad/u 32;
    %cmpi/e 1, 0, 32;
    %jmp/0xz  T_1.11, 4;
    %pushi/vec4 2, 0, 3;
    %store/vec4 v0x561d5f8abdb0_0, 0, 3;
    %jmp T_1.12;
T_1.11 ;
    %pushi/vec4 1, 0, 3;
    %store/vec4 v0x561d5f8abdb0_0, 0, 3;
T_1.12 ;
    %jmp T_1.8;
T_1.4 ;
    %load/vec4 v0x561d5f86fd80_0;
    %pad/u 32;
    %cmpi/e 0, 0, 32;
    %jmp/0xz  T_1.13, 4;
    %pushi/vec4 3, 0, 3;
    %store/vec4 v0x561d5f8abdb0_0, 0, 3;
    %jmp T_1.14;
T_1.13 ;
    %pushi/vec4 2, 0, 3;
    %store/vec4 v0x561d5f8abdb0_0, 0, 3;
T_1.14 ;
    %jmp T_1.8;
T_1.5 ;
    %load/vec4 v0x561d5f8abb30_0;
    %flag_set/vec4 8;
    %load/vec4 v0x561d5f8ac030_0;
    %cmpi/e 26, 0, 8;
    %flag_or 4, 8;
    %jmp/0xz  T_1.15, 4;
    %pushi/vec4 4, 0, 3;
    %store/vec4 v0x561d5f8abdb0_0, 0, 3;
    %jmp T_1.16;
T_1.15 ;
    %pushi/vec4 3, 0, 3;
    %store/vec4 v0x561d5f8abdb0_0, 0, 3;
T_1.16 ;
    %jmp T_1.8;
T_1.6 ;
    %load/vec4 v0x561d5f871550_0;
    %pad/u 32;
    %cmpi/e 1, 0, 32;
    %jmp/0xz  T_1.17, 4;
    %pushi/vec4 1, 0, 3;
    %store/vec4 v0x561d5f8abdb0_0, 0, 3;
    %jmp T_1.18;
T_1.17 ;
    %load/vec4 v0x561d5f86fd80_0;
    %pad/u 32;
    %cmpi/e 1, 0, 32;
    %jmp/0xz  T_1.19, 4;
    %pushi/vec4 2, 0, 3;
    %store/vec4 v0x561d5f8abdb0_0, 0, 3;
T_1.19 ;
T_1.18 ;
    %jmp T_1.8;
T_1.8 ;
    %pop/vec4 1;
T_1.1 ;
    %jmp T_1;
    .thread T_1, $push;
    .scope S_0x561d5f847150;
T_2 ;
    %wait E_0x561d5f87c740;
    %load/vec4 v0x561d5f8ac110_0;
    %flag_set/vec4 8;
    %jmp/0xz  T_2.0, 8;
    %pushi/vec4 0, 0, 8;
    %assign/vec4 v0x561d5f86e3e0_0, 0;
    %pushi/vec4 0, 0, 8;
    %assign/vec4 v0x561d5f8abe90_0, 0;
    %jmp T_2.1;
T_2.0 ;
    %load/vec4 v0x561d5f8ac1d0_0;
    %pushi/vec4 3, 0, 3;
    %cmp/e;
    %flag_get/vec4 4;
    %load/vec4 v0x561d5f86e3e0_0;
    %pad/u 32;
    %pushi/vec4 33, 0, 32;
    %cmp/e;
    %flag_get/vec4 4;
    %and;
    %flag_set/vec4 8;
    %jmp/0xz  T_2.2, 8;
    %pushi/vec4 0, 0, 8;
    %assign/vec4 v0x561d5f86e3e0_0, 0;
    %pushi/vec4 0, 0, 8;
    %assign/vec4 v0x561d5f8abe90_0, 0;
    %jmp T_2.3;
T_2.2 ;
    %load/vec4 v0x561d5f8ac1d0_0;
    %cmpi/e 3, 0, 3;
    %flag_mov 8, 4;
    %load/vec4 v0x561d5f8ac1d0_0;
    %cmpi/e 1, 0, 3;
    %flag_or 4, 8;
    %jmp/0xz  T_2.4, 4;
    %load/vec4 v0x561d5f86e3e0_0;
    %addi 1, 0, 8;
    %assign/vec4 v0x561d5f86e3e0_0, 0;
    %jmp T_2.5;
T_2.4 ;
    %load/vec4 v0x561d5f8ac1d0_0;
    %cmpi/e 2, 0, 3;
    %jmp/0xz  T_2.6, 4;
    %pushi/vec4 0, 0, 8;
    %assign/vec4 v0x561d5f86e3e0_0, 0;
    %load/vec4 v0x561d5f8abe90_0;
    %addi 1, 0, 8;
    %assign/vec4 v0x561d5f8abe90_0, 0;
T_2.6 ;
T_2.5 ;
T_2.3 ;
T_2.1 ;
    %jmp T_2;
    .thread T_2;
    .scope S_0x561d5f847150;
T_3 ;
    %wait E_0x561d5f87c740;
    %load/vec4 v0x561d5f8ac110_0;
    %flag_set/vec4 8;
    %jmp/0xz  T_3.0, 8;
    %pushi/vec4 0, 0, 32;
    %store/vec4 v0x561d5f86fce0_0, 0, 32;
T_3.2 ;
    %load/vec4 v0x561d5f86fce0_0;
    %cmpi/s 34, 0, 32;
    %jmp/0xz T_3.3, 5;
    %pushi/vec4 32, 0, 8;
    %ix/getv/s 3, v0x561d5f86fce0_0;
    %ix/load 4, 0, 0; Constant delay
    %assign/vec4/a/d v0x561d5f8ac2b0, 0, 4;
    %load/vec4 v0x561d5f86fce0_0;
    %addi 1, 0, 32;
    %store/vec4 v0x561d5f86fce0_0, 0, 32;
    %jmp T_3.2;
T_3.3 ;
    %jmp T_3.1;
T_3.0 ;
    %load/vec4 v0x561d5f8ac1d0_0;
    %cmpi/e 1, 0, 3;
    %jmp/0xz  T_3.4, 4;
    %load/vec4 v0x561d5f85ac60_0;
    %load/vec4 v0x561d5f86e3e0_0;
    %pad/u 33;
    %addi 1, 0, 33;
    %ix/vec4 3;
    %ix/load 4, 0, 0; Constant delay
    %assign/vec4/a/d v0x561d5f8ac2b0, 0, 4;
    %load/vec4 v0x561d5f86e3e0_0;
    %pad/u 32;
    %cmpi/e 0, 0, 32;
    %jmp/0xz  T_3.6, 4;
    %pushi/vec4 1, 0, 32;
    %store/vec4 v0x561d5f86fce0_0, 0, 32;
T_3.8 ;
    %load/vec4 v0x561d5f86fce0_0;
    %cmpi/s 34, 0, 32;
    %jmp/0xz T_3.9, 5;
    %pushi/vec4 32, 0, 8;
    %ix/getv/s 3, v0x561d5f86fce0_0;
    %ix/load 4, 0, 0; Constant delay
    %assign/vec4/a/d v0x561d5f8ac2b0, 0, 4;
    %load/vec4 v0x561d5f86fce0_0;
    %addi 1, 0, 32;
    %store/vec4 v0x561d5f86fce0_0, 0, 32;
    %jmp T_3.8;
T_3.9 ;
T_3.6 ;
T_3.4 ;
T_3.1 ;
    %jmp T_3;
    .thread T_3;
    .scope S_0x561d5f847150;
T_4 ;
    %wait E_0x561d5f87c740;
    %load/vec4 v0x561d5f8ac110_0;
    %flag_set/vec4 8;
    %jmp/0xz  T_4.0, 8;
    %pushi/vec4 0, 0, 32;
    %store/vec4 v0x561d5f8715f0_0, 0, 32;
T_4.2 ;
    %load/vec4 v0x561d5f8715f0_0;
    %cmpi/s 8, 0, 32;
    %jmp/0xz T_4.3, 5;
    %pushi/vec4 46, 0, 8;
    %ix/getv/s 3, v0x561d5f8715f0_0;
    %ix/load 4, 0, 0; Constant delay
    %assign/vec4/a/d v0x561d5f8abf70, 0, 4;
    %load/vec4 v0x561d5f8715f0_0;
    %addi 1, 0, 32;
    %store/vec4 v0x561d5f8715f0_0, 0, 32;
    %jmp T_4.2;
T_4.3 ;
    %jmp T_4.1;
T_4.0 ;
    %load/vec4 v0x561d5f8ac1d0_0;
    %cmpi/e 2, 0, 3;
    %jmp/0xz  T_4.4, 4;
    %load/vec4 v0x561d5f85ac60_0;
    %ix/getv 3, v0x561d5f8abe90_0;
    %ix/load 4, 0, 0; Constant delay
    %assign/vec4/a/d v0x561d5f8abf70, 0, 4;
    %load/vec4 v0x561d5f8abe90_0;
    %pad/u 32;
    %cmpi/e 0, 0, 32;
    %jmp/0xz  T_4.6, 4;
    %pushi/vec4 1, 0, 32;
    %store/vec4 v0x561d5f8715f0_0, 0, 32;
T_4.8 ;
    %load/vec4 v0x561d5f8715f0_0;
    %cmpi/s 8, 0, 32;
    %jmp/0xz T_4.9, 5;
    %pushi/vec4 46, 0, 8;
    %ix/getv/s 3, v0x561d5f8715f0_0;
    %ix/load 4, 0, 0; Constant delay
    %assign/vec4/a/d v0x561d5f8abf70, 0, 4;
    %load/vec4 v0x561d5f8715f0_0;
    %addi 1, 0, 32;
    %store/vec4 v0x561d5f8715f0_0, 0, 32;
    %jmp T_4.8;
T_4.9 ;
T_4.6 ;
T_4.4 ;
T_4.1 ;
    %jmp T_4;
    .thread T_4;
    .scope S_0x561d5f847150;
T_5 ;
    %wait E_0x561d5f87c740;
    %load/vec4 v0x561d5f8ac1d0_0;
    %pushi/vec4 3, 0, 3;
    %cmp/e;
    %flag_get/vec4 4;
    %load/vec4 v0x561d5f8ac030_0;
    %pad/u 32;
    %cmpi/u 27, 0, 32;
    %flag_get/vec4 5;
    %and;
    %flag_set/vec4 8;
    %jmp/0xz  T_5.0, 8;
    %ix/getv 4, v0x561d5f8ac030_0;
    %load/vec4a v0x561d5f8abf70, 4;
    %cmpi/e 46, 0, 8;
    %flag_mov 8, 4;
    %ix/getv 4, v0x561d5f8ac030_0;
    %load/vec4a v0x561d5f8abf70, 4;
    %pushi/vec4 94, 0, 8;
    %cmp/e;
    %flag_get/vec4 4;
    %ix/getv 4, v0x561d5f8ac030_0;
    %load/vec4a v0x561d5f8ac2b0, 4;
    %pushi/vec4 20, 0, 8;
    %cmp/e;
    %flag_get/vec4 4;
    %and;
    %flag_set/vec4 9;
    %flag_or 9, 8;
    %ix/getv 4, v0x561d5f8ac030_0;
    %load/vec4a v0x561d5f8abf70, 4;
    %ix/getv 4, v0x561d5f8ac030_0;
    %load/vec4a v0x561d5f8ac2b0, 4;
    %cmp/e;
    %flag_or 4, 9;
    %flag_mov 8, 4;
    %jmp/0 T_5.2, 8;
    %pushi/vec4 1, 0, 2;
    %jmp/1 T_5.3, 8;
T_5.2 ; End of true expr.
    %pushi/vec4 0, 0, 2;
    %jmp/0 T_5.3, 8;
 ; End of false expr.
    %blend;
T_5.3;
    %pad/s 1;
    %ix/load 4, 0, 0;
    %ix/load 5, 0, 0;
    %flag_set/imm 4, 0;
    %assign/vec4/off/d v0x561d5f8abcd0_0, 4, 5;
    %ix/getv 4, v0x561d5f8ac030_0;
    %load/vec4a v0x561d5f8abf70, 4;
    %cmpi/e 46, 0, 8;
    %flag_mov 8, 4;
    %ix/getv 4, v0x561d5f8ac030_0;
    %load/vec4a v0x561d5f8abf70, 4;
    %ix/getv 4, v0x561d5f8ac030_0;
    %load/vec4a v0x561d5f8ac2b0, 4;
    %cmp/e;
    %flag_or 4, 8;
    %flag_mov 8, 4;
    %jmp/0 T_5.4, 8;
    %pushi/vec4 1, 0, 2;
    %jmp/1 T_5.5, 8;
T_5.4 ; End of true expr.
    %pushi/vec4 0, 0, 2;
    %jmp/0 T_5.5, 8;
 ; End of false expr.
    %blend;
T_5.5;
    %pad/s 1;
    %ix/load 4, 1, 0;
    %ix/load 5, 0, 0;
    %flag_set/imm 4, 0;
    %assign/vec4/off/d v0x561d5f8abcd0_0, 4, 5;
    %ix/getv 4, v0x561d5f8ac030_0;
    %load/vec4a v0x561d5f8abf70, 4;
    %cmpi/e 46, 0, 8;
    %flag_mov 8, 4;
    %ix/getv 4, v0x561d5f8ac030_0;
    %load/vec4a v0x561d5f8abf70, 4;
    %ix/getv 4, v0x561d5f8ac030_0;
    %load/vec4a v0x561d5f8ac2b0, 4;
    %cmp/e;
    %flag_or 4, 8;
    %flag_mov 8, 4;
    %jmp/0 T_5.6, 8;
    %pushi/vec4 1, 0, 2;
    %jmp/1 T_5.7, 8;
T_5.6 ; End of true expr.
    %pushi/vec4 0, 0, 2;
    %jmp/0 T_5.7, 8;
 ; End of false expr.
    %blend;
T_5.7;
    %pad/s 1;
    %ix/load 4, 2, 0;
    %ix/load 5, 0, 0;
    %flag_set/imm 4, 0;
    %assign/vec4/off/d v0x561d5f8abcd0_0, 4, 5;
    %ix/getv 4, v0x561d5f8ac030_0;
    %load/vec4a v0x561d5f8abf70, 4;
    %cmpi/e 46, 0, 8;
    %flag_mov 8, 4;
    %ix/getv 4, v0x561d5f8ac030_0;
    %load/vec4a v0x561d5f8abf70, 4;
    %ix/getv 4, v0x561d5f8ac030_0;
    %load/vec4a v0x561d5f8ac2b0, 4;
    %cmp/e;
    %flag_or 4, 8;
    %flag_mov 8, 4;
    %jmp/0 T_5.8, 8;
    %pushi/vec4 1, 0, 2;
    %jmp/1 T_5.9, 8;
T_5.8 ; End of true expr.
    %pushi/vec4 0, 0, 2;
    %jmp/0 T_5.9, 8;
 ; End of false expr.
    %blend;
T_5.9;
    %pad/s 1;
    %ix/load 4, 3, 0;
    %ix/load 5, 0, 0;
    %flag_set/imm 4, 0;
    %assign/vec4/off/d v0x561d5f8abcd0_0, 4, 5;
    %ix/getv 4, v0x561d5f8ac030_0;
    %load/vec4a v0x561d5f8abf70, 4;
    %cmpi/e 46, 0, 8;
    %flag_mov 8, 4;
    %ix/getv 4, v0x561d5f8ac030_0;
    %load/vec4a v0x561d5f8abf70, 4;
    %ix/getv 4, v0x561d5f8ac030_0;
    %load/vec4a v0x561d5f8ac2b0, 4;
    %cmp/e;
    %flag_or 4, 8;
    %flag_mov 8, 4;
    %jmp/0 T_5.10, 8;
    %pushi/vec4 1, 0, 2;
    %jmp/1 T_5.11, 8;
T_5.10 ; End of true expr.
    %pushi/vec4 0, 0, 2;
    %jmp/0 T_5.11, 8;
 ; End of false expr.
    %blend;
T_5.11;
    %pad/s 1;
    %ix/load 4, 4, 0;
    %ix/load 5, 0, 0;
    %flag_set/imm 4, 0;
    %assign/vec4/off/d v0x561d5f8abcd0_0, 4, 5;
    %ix/getv 4, v0x561d5f8ac030_0;
    %load/vec4a v0x561d5f8abf70, 4;
    %cmpi/e 46, 0, 8;
    %flag_mov 8, 4;
    %ix/getv 4, v0x561d5f8ac030_0;
    %load/vec4a v0x561d5f8abf70, 4;
    %ix/getv 4, v0x561d5f8ac030_0;
    %load/vec4a v0x561d5f8ac2b0, 4;
    %cmp/e;
    %flag_or 4, 8;
    %flag_mov 8, 4;
    %jmp/0 T_5.12, 8;
    %pushi/vec4 1, 0, 2;
    %jmp/1 T_5.13, 8;
T_5.12 ; End of true expr.
    %pushi/vec4 0, 0, 2;
    %jmp/0 T_5.13, 8;
 ; End of false expr.
    %blend;
T_5.13;
    %pad/s 1;
    %ix/load 4, 5, 0;
    %ix/load 5, 0, 0;
    %flag_set/imm 4, 0;
    %assign/vec4/off/d v0x561d5f8abcd0_0, 4, 5;
    %ix/getv 4, v0x561d5f8ac030_0;
    %load/vec4a v0x561d5f8abf70, 4;
    %cmpi/e 46, 0, 8;
    %flag_mov 8, 4;
    %ix/getv 4, v0x561d5f8ac030_0;
    %load/vec4a v0x561d5f8abf70, 4;
    %ix/getv 4, v0x561d5f8ac030_0;
    %load/vec4a v0x561d5f8ac2b0, 4;
    %cmp/e;
    %flag_or 4, 8;
    %flag_mov 8, 4;
    %jmp/0 T_5.14, 8;
    %pushi/vec4 1, 0, 2;
    %jmp/1 T_5.15, 8;
T_5.14 ; End of true expr.
    %pushi/vec4 0, 0, 2;
    %jmp/0 T_5.15, 8;
 ; End of false expr.
    %blend;
T_5.15;
    %pad/s 1;
    %ix/load 4, 6, 0;
    %ix/load 5, 0, 0;
    %flag_set/imm 4, 0;
    %assign/vec4/off/d v0x561d5f8abcd0_0, 4, 5;
    %ix/getv 4, v0x561d5f8ac030_0;
    %load/vec4a v0x561d5f8abf70, 4;
    %cmpi/e 46, 0, 8;
    %flag_mov 8, 4;
    %ix/getv 4, v0x561d5f8ac030_0;
    %load/vec4a v0x561d5f8abf70, 4;
    %ix/getv 4, v0x561d5f8ac030_0;
    %load/vec4a v0x561d5f8ac2b0, 4;
    %cmp/e;
    %flag_or 4, 8;
    %flag_mov 8, 4;
    %ix/getv 4, v0x561d5f8ac030_0;
    %load/vec4a v0x561d5f8abf70, 4;
    %pushi/vec4 36, 0, 8;
    %cmp/e;
    %flag_get/vec4 4;
    %ix/getv 4, v0x561d5f8ac030_0;
    %load/vec4a v0x561d5f8ac2b0, 4;
    %pushi/vec4 20, 0, 8;
    %cmp/e;
    %flag_get/vec4 4;
    %and;
    %flag_set/vec4 9;
    %flag_or 9, 8;
    %jmp/0 T_5.16, 9;
    %pushi/vec4 1, 0, 2;
    %jmp/1 T_5.17, 9;
T_5.16 ; End of true expr.
    %pushi/vec4 0, 0, 2;
    %jmp/0 T_5.17, 9;
 ; End of false expr.
    %blend;
T_5.17;
    %pad/s 1;
    %ix/load 4, 7, 0;
    %ix/load 5, 0, 0;
    %flag_set/imm 4, 0;
    %assign/vec4/off/d v0x561d5f8abcd0_0, 4, 5;
T_5.0 ;
    %jmp T_5;
    .thread T_5;
    .scope S_0x561d5f847150;
T_6 ;
    %wait E_0x561d5f87e3c0;
    %load/vec4 v0x561d5f8abdb0_0;
    %cmpi/e 4, 0, 3;
    %jmp/0xz  T_6.0, 4;
    %pushi/vec4 1, 0, 1;
    %store/vec4 v0x561d5f8ac480_0, 0, 1;
    %load/vec4 v0x561d5f8ac030_0;
    %parti/s 5, 0, 2;
    %store/vec4 v0x561d5f8abbf0_0, 0, 5;
    %jmp T_6.1;
T_6.0 ;
    %pushi/vec4 0, 0, 1;
    %store/vec4 v0x561d5f8ac480_0, 0, 1;
    %pushi/vec4 0, 0, 5;
    %store/vec4 v0x561d5f8abbf0_0, 0, 5;
T_6.1 ;
    %jmp T_6;
    .thread T_6, $push;
# The file index is used to find the file name in the following table.
:file_names 3;
    "N/A";
    "<interactive>";
    "SME.v";
