#! /usr/bin/vvp
:ivl_version "10.3 (stable)";
:ivl_delay_selection "TYPICAL";
:vpi_time_precision + 0;
:vpi_module "system";
:vpi_module "vhdl_sys";
:vpi_module "v2005_math";
:vpi_module "va_math";
S_0x561a83dc4130 .scope module, "huff_encoder" "huff_encoder" 2 14;
 .timescale 0 0;
    .port_info 0 /INPUT 1 "clock"
    .port_info 1 /INPUT 8 "data_in"
    .port_info 2 /INPUT 1 "data_enable"
    .port_info 3 /OUTPUT 17 "data_out"
    .port_info 4 /OUTPUT 1 "data_recv"
    .port_info 5 /OUTPUT 1 "code_map_recv"
P_0x561a83dc42b0 .param/l "No_of_Data" 0 2 26, +C4<00000000000000000000000001100100>;
P_0x561a83dc42f0 .param/l "bit_width" 0 2 24, +C4<00000000000000000000000000000111>;
P_0x561a83dc4330 .param/l "col_length" 0 2 25, +C4<00000000000000000000000011111111>;
v0x561a83df5ed0 .array "Code_length", 0 255, 7 0;
v0x561a83df5f70 .array "Code_list", 0 255, 0 16;
v0x561a83df6010 .array "Data", 0 100, 7 0;
v0x561a83df60e0 .array "Huff_list", 0 255, 7 0;
v0x561a83df61a0 .array "Pair_list", 0 512, 7 0;
v0x561a83df62b0 .array "Prob_list", 0 255, 7 0;
v0x561a83df6370_0 .var "Sym", 7 0;
v0x561a83e31810 .array "Sym_list", 0 255, 7 0;
o0x7f59a8864048 .functor BUFZ 1, C4<z>; HiZ drive
v0x561a83e318d0_0 .net "clock", 0 0, o0x7f59a8864048;  0 drivers
v0x561a83e31990_0 .var "code_map_recv", 0 0;
v0x561a83e31a50_0 .var "col", 7 0;
o0x7f59a88640d8 .functor BUFZ 1, C4<z>; HiZ drive
v0x561a83e31b30_0 .net "data_enable", 0 0, o0x7f59a88640d8;  0 drivers
o0x7f59a8864108 .functor BUFZ 8, C4<zzzzzzzz>; HiZ drive
v0x561a83e31bf0_0 .net "data_in", 7 0, o0x7f59a8864108;  0 drivers
v0x561a83e31cd0_0 .var "data_out", 16 0;
v0x561a83e31db0_0 .var "data_recv", 0 0;
v0x561a83e31e70_0 .var "flag", 0 0;
v0x561a83e31f30_0 .var/i "i", 31 0;
v0x561a83e32120_0 .var/i "j", 31 0;
v0x561a83e32200_0 .var/i "k", 31 0;
v0x561a83e322e0_0 .var "newpos", 7 0;
v0x561a83e323c0_0 .var/i "pair_count", 31 0;
v0x561a83e324a0_0 .var "state", 2 0;
v0x561a83e32580_0 .var/i "step", 31 0;
v0x561a83e32660_0 .var/i "sym_count", 31 0;
v0x561a83e32740_0 .var "temp1", 7 0;
v0x561a83e32820_0 .var "temp2", 7 0;
E_0x561a83dfb390 .event posedge, v0x561a83e318d0_0;
S_0x561a83df5b30 .scope begin, "SORT" "SORT" 2 96, 2 96 0, S_0x561a83dc4130;
 .timescale 0 0;
S_0x561a83df5d00 .scope begin, "SORT1" "SORT1" 2 150, 2 150 0, S_0x561a83dc4130;
 .timescale 0 0;
    .scope S_0x561a83dc4130;
T_0 ;
    %pushi/vec4 7, 0, 3;
    %store/vec4 v0x561a83e324a0_0, 0, 3;
    %pushi/vec4 0, 0, 32;
    %store/vec4 v0x561a83e32580_0, 0, 32;
    %pushi/vec4 0, 0, 8;
    %store/vec4 v0x561a83e322e0_0, 0, 8;
    %pushi/vec4 0, 0, 8;
    %store/vec4 v0x561a83e31a50_0, 0, 8;
    %pushi/vec4 0, 0, 32;
    %store/vec4 v0x561a83e31f30_0, 0, 32;
    %pushi/vec4 0, 0, 32;
    %store/vec4 v0x561a83e32120_0, 0, 32;
    %pushi/vec4 0, 0, 32;
    %store/vec4 v0x561a83e32200_0, 0, 32;
    %pushi/vec4 0, 0, 1;
    %store/vec4 v0x561a83e31e70_0, 0, 1;
    %pushi/vec4 0, 0, 32;
    %store/vec4 v0x561a83e323c0_0, 0, 32;
    %pushi/vec4 0, 0, 32;
    %store/vec4 v0x561a83e32660_0, 0, 32;
    %end;
    .thread T_0;
    .scope S_0x561a83dc4130;
T_1 ;
    %wait E_0x561a83dfb390;
    %load/vec4 v0x561a83e324a0_0;
    %dup/vec4;
    %pushi/vec4 7, 0, 3;
    %cmp/u;
    %jmp/1 T_1.0, 6;
    %dup/vec4;
    %pushi/vec4 0, 0, 3;
    %cmp/u;
    %jmp/1 T_1.1, 6;
    %dup/vec4;
    %pushi/vec4 1, 0, 3;
    %cmp/u;
    %jmp/1 T_1.2, 6;
    %dup/vec4;
    %pushi/vec4 2, 0, 3;
    %cmp/u;
    %jmp/1 T_1.3, 6;
    %dup/vec4;
    %pushi/vec4 5, 0, 3;
    %cmp/u;
    %jmp/1 T_1.4, 6;
    %dup/vec4;
    %pushi/vec4 4, 0, 3;
    %cmp/u;
    %jmp/1 T_1.5, 6;
    %dup/vec4;
    %pushi/vec4 3, 0, 3;
    %cmp/u;
    %jmp/1 T_1.6, 6;
    %jmp T_1.7;
T_1.0 ;
    %pushi/vec4 0, 0, 8;
    %ix/load 4, 0, 0;
    %flag_set/imm 4, 0;
    %store/vec4a v0x561a83e31810, 4, 0;
    %pushi/vec4 0, 0, 8;
    %ix/load 4, 0, 0;
    %flag_set/imm 4, 0;
    %store/vec4a v0x561a83df62b0, 4, 0;
    %pushi/vec4 0, 0, 32;
    %store/vec4 v0x561a83e32120_0, 0, 32;
T_1.8 ;
    %load/vec4 v0x561a83e32120_0;
    %cmpi/s 255, 0, 32;
    %jmp/0xz T_1.9, 5;
    %pushi/vec4 0, 131071, 17;
    %ix/getv/s 4, v0x561a83e32120_0;
    %store/vec4a v0x561a83df5f70, 4, 0;
    %pushi/vec4 0, 0, 8;
    %ix/getv/s 4, v0x561a83e32120_0;
    %store/vec4a v0x561a83df62b0, 4, 0;
    %pushi/vec4 0, 255, 8;
    %ix/getv/s 4, v0x561a83e32120_0;
    %store/vec4a v0x561a83e31810, 4, 0;
    %pushi/vec4 0, 0, 8;
    %ix/getv/s 4, v0x561a83e32120_0;
    %store/vec4a v0x561a83df5ed0, 4, 0;
    %load/vec4 v0x561a83e32120_0;
    %addi 1, 0, 32;
    %store/vec4 v0x561a83e32120_0, 0, 32;
    %jmp T_1.8;
T_1.9 ;
    %pushi/vec4 0, 131071, 17;
    %store/vec4 v0x561a83e31cd0_0, 0, 17;
    %pushi/vec4 0, 0, 3;
    %store/vec4 v0x561a83e324a0_0, 0, 3;
    %jmp T_1.7;
T_1.1 ;
    %load/vec4 v0x561a83e31b30_0;
    %flag_set/vec4 8;
    %jmp/0xz  T_1.10, 8;
    %load/vec4 v0x561a83e31bf0_0;
    %ix/getv/s 4, v0x561a83e31f30_0;
    %store/vec4a v0x561a83df6010, 4, 0;
    %load/vec4 v0x561a83e31f30_0;
    %addi 1, 0, 32;
    %store/vec4 v0x561a83e31f30_0, 0, 32;
    %pushi/vec4 0, 0, 32;
    %store/vec4 v0x561a83e32120_0, 0, 32;
T_1.12 ;
    %load/vec4 v0x561a83e32120_0;
    %cmpi/s 255, 0, 32;
    %flag_or 5, 4;
    %jmp/0xz T_1.13, 5;
    %load/vec4 v0x561a83e31bf0_0;
    %ix/getv/s 4, v0x561a83e32120_0;
    %load/vec4a v0x561a83e31810, 4;
    %cmp/e;
    %jmp/0xz  T_1.14, 4;
    %ix/getv/s 4, v0x561a83e32120_0;
    %load/vec4a v0x561a83df62b0, 4;
    %addi 1, 0, 8;
    %ix/getv/s 4, v0x561a83e32120_0;
    %store/vec4a v0x561a83df62b0, 4, 0;
    %fork t_1, S_0x561a83df5b30;
    %jmp t_0;
    .scope S_0x561a83df5b30;
t_1 ;
    %load/vec4 v0x561a83e32120_0;
    %subi 1, 0, 32;
    %store/vec4 v0x561a83e32200_0, 0, 32;
T_1.16 ;
    %pushi/vec4 0, 0, 32;
    %load/vec4 v0x561a83e32200_0;
    %cmp/s;
    %flag_or 5, 4;
    %jmp/0xz T_1.17, 5;
    %ix/getv/s 4, v0x561a83e32200_0;
    %load/vec4a v0x561a83df62b0, 4;
    %ix/getv/s 4, v0x561a83e32120_0;
    %load/vec4a v0x561a83df62b0, 4;
    %cmp/u;
    %flag_or 5, 4;
    %jmp/0xz  T_1.18, 5;
    %ix/getv/s 4, v0x561a83e32120_0;
    %load/vec4a v0x561a83e31810, 4;
    %store/vec4 v0x561a83e32740_0, 0, 8;
    %ix/getv/s 4, v0x561a83e32120_0;
    %load/vec4a v0x561a83df62b0, 4;
    %store/vec4 v0x561a83e32820_0, 0, 8;
    %ix/getv/s 4, v0x561a83e32200_0;
    %load/vec4a v0x561a83e31810, 4;
    %ix/getv/s 4, v0x561a83e32120_0;
    %store/vec4a v0x561a83e31810, 4, 0;
    %ix/getv/s 4, v0x561a83e32200_0;
    %load/vec4a v0x561a83df62b0, 4;
    %ix/getv/s 4, v0x561a83e32120_0;
    %store/vec4a v0x561a83df62b0, 4, 0;
    %load/vec4 v0x561a83e32740_0;
    %ix/getv/s 4, v0x561a83e32200_0;
    %store/vec4a v0x561a83e31810, 4, 0;
    %load/vec4 v0x561a83e32820_0;
    %ix/getv/s 4, v0x561a83e32200_0;
    %store/vec4a v0x561a83df62b0, 4, 0;
    %ix/getv/s 4, v0x561a83e32120_0;
    %load/vec4a v0x561a83e31810, 4;
    %ix/getv/s 4, v0x561a83e32120_0;
    %store/vec4a v0x561a83df60e0, 4, 0;
    %ix/getv/s 4, v0x561a83e32200_0;
    %load/vec4a v0x561a83e31810, 4;
    %ix/getv/s 4, v0x561a83e32200_0;
    %store/vec4a v0x561a83df60e0, 4, 0;
T_1.18 ;
    %load/vec4 v0x561a83e32200_0;
    %subi 1, 0, 32;
    %store/vec4 v0x561a83e32200_0, 0, 32;
    %jmp T_1.16;
T_1.17 ;
    %end;
    .scope S_0x561a83dc4130;
t_0 %join;
    %pushi/vec4 1, 0, 1;
    %store/vec4 v0x561a83e31e70_0, 0, 1;
T_1.14 ;
    %load/vec4 v0x561a83e32120_0;
    %addi 1, 0, 32;
    %store/vec4 v0x561a83e32120_0, 0, 32;
    %jmp T_1.12;
T_1.13 ;
    %load/vec4 v0x561a83e31e70_0;
    %nor/r;
    %flag_set/vec4 8;
    %jmp/0xz  T_1.20, 8;
    %load/vec4 v0x561a83e31bf0_0;
    %load/vec4 v0x561a83e31a50_0;
    %pad/u 10;
    %ix/vec4 4;
    %store/vec4a v0x561a83e31810, 4, 0;
    %load/vec4 v0x561a83e31bf0_0;
    %load/vec4 v0x561a83e31a50_0;
    %pad/u 10;
    %ix/vec4 4;
    %store/vec4a v0x561a83df60e0, 4, 0;
    %pushi/vec4 1, 0, 8;
    %load/vec4 v0x561a83e31a50_0;
    %pad/u 10;
    %ix/vec4 4;
    %store/vec4a v0x561a83df62b0, 4, 0;
    %load/vec4 v0x561a83e31a50_0;
    %addi 1, 0, 8;
    %store/vec4 v0x561a83e31a50_0, 0, 8;
T_1.20 ;
    %pushi/vec4 0, 0, 1;
    %store/vec4 v0x561a83e31e70_0, 0, 1;
    %load/vec4 v0x561a83e31f30_0;
    %cmpi/e 100, 0, 32;
    %jmp/0xz  T_1.22, 4;
    %pushi/vec4 1, 0, 3;
    %store/vec4 v0x561a83e324a0_0, 0, 3;
    %load/vec4 v0x561a83e31a50_0;
    %pad/u 32;
    %store/vec4 v0x561a83e32660_0, 0, 32;
    %load/vec4 v0x561a83e31a50_0;
    %subi 1, 0, 8;
    %store/vec4 v0x561a83e31a50_0, 0, 8;
T_1.22 ;
T_1.10 ;
    %jmp T_1.7;
T_1.2 ;
    %pushi/vec4 0, 0, 1;
    %store/vec4 v0x561a83e31990_0, 0, 1;
    %pushi/vec4 0, 0, 1;
    %store/vec4 v0x561a83e31db0_0, 0, 1;
    %load/vec4 v0x561a83e31a50_0;
    %cmpi/ne 0, 0, 8;
    %jmp/0xz  T_1.24, 4;
    %load/vec4 v0x561a83e31a50_0;
    %pad/u 10;
    %ix/vec4 4;
    %load/vec4a v0x561a83df62b0, 4;
    %load/vec4 v0x561a83e31a50_0;
    %pad/u 33;
    %subi 1, 0, 33;
    %ix/vec4 4;
    %load/vec4a v0x561a83df62b0, 4;
    %add;
    %load/vec4 v0x561a83e31a50_0;
    %pad/u 33;
    %subi 1, 0, 33;
    %ix/vec4 4;
    %store/vec4a v0x561a83df62b0, 4, 0;
    %load/vec4 v0x561a83e31a50_0;
    %pad/u 33;
    %subi 1, 0, 33;
    %ix/vec4 4;
    %load/vec4a v0x561a83df60e0, 4;
    %ix/getv/s 4, v0x561a83e32580_0;
    %store/vec4a v0x561a83df61a0, 4, 0;
    %load/vec4 v0x561a83e31a50_0;
    %pad/u 10;
    %ix/vec4 4;
    %load/vec4a v0x561a83df60e0, 4;
    %load/vec4 v0x561a83e32580_0;
    %pad/s 33;
    %addi 1, 0, 33;
    %ix/vec4/s 4;
    %store/vec4a v0x561a83df61a0, 4, 0;
    %load/vec4 v0x561a83e31a50_0;
    %subi 1, 0, 8;
    %store/vec4 v0x561a83e31a50_0, 0, 8;
    %load/vec4 v0x561a83e323c0_0;
    %addi 2, 0, 32;
    %store/vec4 v0x561a83e323c0_0, 0, 32;
    %fork t_3, S_0x561a83df5d00;
    %jmp t_2;
    .scope S_0x561a83df5d00;
t_3 ;
    %load/vec4 v0x561a83e31a50_0;
    %pad/u 32;
    %subi 1, 0, 32;
    %store/vec4 v0x561a83e32200_0, 0, 32;
T_1.26 ;
    %pushi/vec4 0, 0, 32;
    %load/vec4 v0x561a83e32200_0;
    %cmp/s;
    %flag_or 5, 4;
    %jmp/0xz T_1.27, 5;
    %ix/getv/s 4, v0x561a83e32200_0;
    %load/vec4a v0x561a83df62b0, 4;
    %ix/getv/s 4, v0x561a83e32120_0;
    %load/vec4a v0x561a83df62b0, 4;
    %cmp/u;
    %jmp/0xz  T_1.28, 5;
    %ix/getv/s 4, v0x561a83e32120_0;
    %load/vec4a v0x561a83df60e0, 4;
    %store/vec4 v0x561a83e32740_0, 0, 8;
    %ix/getv/s 4, v0x561a83e32120_0;
    %load/vec4a v0x561a83df62b0, 4;
    %store/vec4 v0x561a83e32820_0, 0, 8;
    %ix/getv/s 4, v0x561a83e32200_0;
    %load/vec4a v0x561a83df60e0, 4;
    %ix/getv/s 4, v0x561a83e32120_0;
    %store/vec4a v0x561a83df60e0, 4, 0;
    %ix/getv/s 4, v0x561a83e32200_0;
    %load/vec4a v0x561a83df62b0, 4;
    %ix/getv/s 4, v0x561a83e32120_0;
    %store/vec4a v0x561a83df62b0, 4, 0;
    %load/vec4 v0x561a83e32740_0;
    %ix/getv/s 4, v0x561a83e32200_0;
    %store/vec4a v0x561a83df60e0, 4, 0;
    %load/vec4 v0x561a83e32820_0;
    %ix/getv/s 4, v0x561a83e32200_0;
    %store/vec4a v0x561a83df62b0, 4, 0;
T_1.28 ;
    %load/vec4 v0x561a83e32200_0;
    %subi 1, 0, 32;
    %store/vec4 v0x561a83e32200_0, 0, 32;
    %jmp T_1.26;
T_1.27 ;
    %end;
    .scope S_0x561a83dc4130;
t_2 %join;
    %load/vec4 v0x561a83e32580_0;
    %addi 2, 0, 32;
    %store/vec4 v0x561a83e32580_0, 0, 32;
    %jmp T_1.25;
T_1.24 ;
    %load/vec4 v0x561a83e31a50_0;
    %pad/u 32;
    %cmpi/e 0, 0, 32;
    %jmp/0xz  T_1.30, 4;
    %pushi/vec4 2, 0, 3;
    %store/vec4 v0x561a83e324a0_0, 0, 3;
    %pushi/vec4 0, 0, 32;
    %store/vec4 v0x561a83e31f30_0, 0, 32;
    %pushi/vec4 0, 0, 32;
    %store/vec4 v0x561a83e32120_0, 0, 32;
    %ix/load 4, 0, 0;
    %flag_set/imm 4, 0;
    %load/vec4a v0x561a83e31810, 4;
    %store/vec4 v0x561a83df6370_0, 0, 8;
T_1.30 ;
T_1.25 ;
    %jmp T_1.7;
T_1.3 ;
    %pushi/vec4 1, 0, 1;
    %store/vec4 v0x561a83e31990_0, 0, 1;
    %pushi/vec4 1, 0, 1;
    %store/vec4 v0x561a83e31db0_0, 0, 1;
    %load/vec4 v0x561a83df6370_0;
    %ix/getv/s 4, v0x561a83e32120_0;
    %load/vec4a v0x561a83df61a0, 4;
    %cmp/e;
    %jmp/0xz  T_1.32, 4;
    %load/vec4 v0x561a83e32120_0;
    %pushi/vec4 2, 0, 32;
    %mod/s;
    %cmpi/e 0, 0, 32;
    %jmp/0xz  T_1.34, 4;
    %ix/getv/s 4, v0x561a83e31f30_0;
    %load/vec4a v0x561a83df5f70, 4;
    %ix/load 4, 1, 0;
    %flag_set/imm 4, 0;
    %shiftl 4;
    %pushi/vec4 0, 0, 17;
    %or;
    %ix/getv/s 4, v0x561a83e31f30_0;
    %store/vec4a v0x561a83df5f70, 4, 0;
    %load/vec4 v0x561a83e32120_0;
    %addi 2, 0, 32;
    %store/vec4 v0x561a83e32120_0, 0, 32;
    %jmp T_1.35;
T_1.34 ;
    %ix/getv/s 4, v0x561a83e31f30_0;
    %load/vec4a v0x561a83df5f70, 4;
    %ix/load 4, 1, 0;
    %flag_set/imm 4, 0;
    %shiftl 4;
    %pushi/vec4 1, 0, 17;
    %or;
    %ix/getv/s 4, v0x561a83e31f30_0;
    %store/vec4a v0x561a83df5f70, 4, 0;
    %load/vec4 v0x561a83e32120_0;
    %pad/s 33;
    %subi 1, 0, 33;
    %ix/vec4/s 4;
    %load/vec4a v0x561a83df61a0, 4;
    %store/vec4 v0x561a83df6370_0, 0, 8;
    %load/vec4 v0x561a83e32120_0;
    %addi 1, 0, 32;
    %store/vec4 v0x561a83e32120_0, 0, 32;
T_1.35 ;
    %ix/getv/s 4, v0x561a83e31f30_0;
    %load/vec4a v0x561a83df5ed0, 4;
    %addi 1, 0, 8;
    %ix/getv/s 4, v0x561a83e31f30_0;
    %store/vec4a v0x561a83df5ed0, 4, 0;
    %jmp T_1.33;
T_1.32 ;
    %load/vec4 v0x561a83e32120_0;
    %addi 1, 0, 32;
    %store/vec4 v0x561a83e32120_0, 0, 32;
T_1.33 ;
    %load/vec4 v0x561a83e323c0_0;
    %subi 1, 0, 32;
    %load/vec4 v0x561a83e32120_0;
    %cmp/s;
    %jmp/0xz  T_1.36, 5;
    %load/vec4 v0x561a83e31f30_0;
    %addi 1, 0, 32;
    %store/vec4 v0x561a83e31f30_0, 0, 32;
    %pushi/vec4 0, 0, 32;
    %store/vec4 v0x561a83e32120_0, 0, 32;
    %ix/getv/s 4, v0x561a83e31f30_0;
    %load/vec4a v0x561a83e31810, 4;
    %store/vec4 v0x561a83df6370_0, 0, 8;
T_1.36 ;
    %load/vec4 v0x561a83e31f30_0;
    %load/vec4 v0x561a83e32660_0;
    %cmp/e;
    %jmp/0xz  T_1.38, 4;
    %pushi/vec4 5, 0, 3;
    %store/vec4 v0x561a83e324a0_0, 0, 3;
    %pushi/vec4 0, 0, 32;
    %store/vec4 v0x561a83e31f30_0, 0, 32;
T_1.38 ;
    %jmp T_1.7;
T_1.4 ;
    %ix/getv/s 4, v0x561a83e31f30_0;
    %load/vec4a v0x561a83df5ed0, 4;
    %pad/u 17;
    %store/vec4 v0x561a83e31cd0_0, 0, 17;
    %load/vec4 v0x561a83e31f30_0;
    %addi 1, 0, 32;
    %store/vec4 v0x561a83e31f30_0, 0, 32;
    %load/vec4 v0x561a83e31f30_0;
    %load/vec4 v0x561a83e32660_0;
    %cmp/e;
    %jmp/0xz  T_1.40, 4;
    %pushi/vec4 4, 0, 3;
    %store/vec4 v0x561a83e324a0_0, 0, 3;
    %pushi/vec4 0, 0, 32;
    %store/vec4 v0x561a83e31f30_0, 0, 32;
T_1.40 ;
    %pushi/vec4 1, 0, 1;
    %store/vec4 v0x561a83e31db0_0, 0, 1;
    %pushi/vec4 0, 0, 1;
    %store/vec4 v0x561a83e31990_0, 0, 1;
    %jmp T_1.7;
T_1.5 ;
    %pushi/vec4 0, 0, 1;
    %store/vec4 v0x561a83e31db0_0, 0, 1;
    %pushi/vec4 1, 0, 1;
    %store/vec4 v0x561a83e31990_0, 0, 1;
    %ix/getv/s 4, v0x561a83e31f30_0;
    %load/vec4a v0x561a83df5f70, 4;
    %store/vec4 v0x561a83e31cd0_0, 0, 17;
    %load/vec4 v0x561a83e31f30_0;
    %addi 1, 0, 32;
    %store/vec4 v0x561a83e31f30_0, 0, 32;
    %load/vec4 v0x561a83e31f30_0;
    %load/vec4 v0x561a83e32660_0;
    %cmp/e;
    %jmp/0xz  T_1.42, 4;
    %pushi/vec4 3, 0, 3;
    %store/vec4 v0x561a83e324a0_0, 0, 3;
    %pushi/vec4 0, 0, 32;
    %store/vec4 v0x561a83e31f30_0, 0, 32;
T_1.42 ;
    %jmp T_1.7;
T_1.6 ;
    %pushi/vec4 1, 0, 1;
    %store/vec4 v0x561a83e31db0_0, 0, 1;
    %pushi/vec4 1, 0, 1;
    %store/vec4 v0x561a83e31990_0, 0, 1;
    %ix/getv/s 4, v0x561a83e31f30_0;
    %load/vec4a v0x561a83e31810, 4;
    %pad/u 17;
    %store/vec4 v0x561a83e31cd0_0, 0, 17;
    %load/vec4 v0x561a83e31f30_0;
    %addi 1, 0, 32;
    %store/vec4 v0x561a83e31f30_0, 0, 32;
    %load/vec4 v0x561a83e31f30_0;
    %load/vec4 v0x561a83e32660_0;
    %cmp/e;
    %jmp/0xz  T_1.44, 4;
    %pushi/vec4 0, 0, 3;
    %store/vec4 v0x561a83e324a0_0, 0, 3;
T_1.44 ;
    %jmp T_1.7;
T_1.7 ;
    %pop/vec4 1;
    %jmp T_1;
    .thread T_1;
# The file index is used to find the file name in the following table.
:file_names 3;
    "N/A";
    "<interactive>";
    "example.v";
