#! /usr/bin/vvp
:ivl_version "10.3 (stable)";
:ivl_delay_selection "TYPICAL";
:vpi_time_precision - 11;
:vpi_module "system";
:vpi_module "vhdl_sys";
:vpi_module "v2005_math";
:vpi_module "va_math";
S_0x557160c76cb0 .scope module, "CS" "CS" 2 5;
 .timescale -9 -11;
    .port_info 0 /OUTPUT 10 "Y"
    .port_info 1 /INPUT 8 "X"
    .port_info 2 /INPUT 1 "reset"
    .port_info 3 /INPUT 1 "clk"
o0x7f393161d018 .functor BUFZ 8, C4<zzzzzzzz>; HiZ drive
v0x557160c7b430_0 .net "X", 7 0, o0x7f393161d018;  0 drivers
v0x557160cbe310_0 .var "Y", 9 0;
v0x557160cbe3f0_0 .net *"_s1", 31 0, L_0x557160cc4ea0;  1 drivers
v0x557160cbe4b0_0 .net *"_s10", 31 0, L_0x557160cd5100;  1 drivers
v0x557160cbe590_0 .net *"_s105", 0 0, L_0x557160cd73b0;  1 drivers
L_0x7f39315d4408 .functor BUFT 1, C4<0000000000000>, C4<0>, C4<0>, C4<0>;
v0x557160cbe6a0_0 .net/2u *"_s108", 12 0, L_0x7f39315d4408;  1 drivers
v0x557160cbe780_0 .net *"_s114", 0 0, L_0x557160cd76d0;  1 drivers
L_0x7f39315d4450 .functor BUFT 1, C4<0000000000000>, C4<0>, C4<0>, C4<0>;
v0x557160cbe840_0 .net/2u *"_s117", 12 0, L_0x7f39315d4450;  1 drivers
v0x557160cbe920_0 .net *"_s123", 0 0, L_0x557160cd7a00;  1 drivers
L_0x7f39315d4498 .functor BUFT 1, C4<0000000000000>, C4<0>, C4<0>, C4<0>;
v0x557160cbe9e0_0 .net/2u *"_s126", 12 0, L_0x7f39315d4498;  1 drivers
v0x557160cbeac0_0 .net *"_s13", 31 0, L_0x557160cd52b0;  1 drivers
v0x557160cbeba0_0 .net *"_s132", 0 0, L_0x557160cd7e50;  1 drivers
L_0x7f39315d44e0 .functor BUFT 1, C4<0000000000000>, C4<0>, C4<0>, C4<0>;
v0x557160cbec60_0 .net/2u *"_s135", 12 0, L_0x7f39315d44e0;  1 drivers
v0x557160cbed40_0 .net *"_s141", 0 0, L_0x557160cd81a0;  1 drivers
L_0x7f39315d4528 .functor BUFT 1, C4<0000000000000>, C4<0>, C4<0>, C4<0>;
v0x557160cbee00_0 .net/2u *"_s144", 12 0, L_0x7f39315d4528;  1 drivers
v0x557160cbeee0_0 .net *"_s150", 0 0, L_0x557160cd8410;  1 drivers
v0x557160cbefa0_0 .net *"_s154", 12 0, L_0x557160cd8690;  1 drivers
L_0x7f39315d40a8 .functor BUFT 1, C4<0000000000000000000>, C4<0>, C4<0>, C4<0>;
v0x557160cbf190_0 .net *"_s16", 18 0, L_0x7f39315d40a8;  1 drivers
v0x557160cbf270_0 .net *"_s160", 0 0, L_0x557160cd89c0;  1 drivers
v0x557160cbf330_0 .net *"_s164", 12 0, L_0x557160cd8b00;  1 drivers
v0x557160cbf410_0 .net *"_s17", 31 0, L_0x557160cd5400;  1 drivers
v0x557160cbf4f0_0 .net *"_s170", 0 0, L_0x557160cd8e40;  1 drivers
v0x557160cbf5b0_0 .net *"_s174", 12 0, L_0x557160cd90f0;  1 drivers
v0x557160cbf690_0 .net *"_s180", 0 0, L_0x557160cd9450;  1 drivers
v0x557160cbf750_0 .net *"_s184", 12 0, L_0x557160cd9590;  1 drivers
v0x557160cbf830_0 .net *"_s189", 12 0, L_0x557160cd9900;  1 drivers
L_0x7f39315d4570 .functor BUFT 1, C4<000>, C4<0>, C4<0>, C4<0>;
v0x557160cbf910_0 .net *"_s192", 2 0, L_0x7f39315d4570;  1 drivers
v0x557160cbf9f0_0 .net *"_s193", 0 0, L_0x557160cd9be0;  1 drivers
v0x557160cbfab0_0 .net *"_s196", 12 0, L_0x557160cd9d20;  1 drivers
L_0x7f39315d45b8 .functor BUFT 1, C4<000>, C4<0>, C4<0>, C4<0>;
v0x557160cbfb90_0 .net *"_s199", 2 0, L_0x7f39315d45b8;  1 drivers
v0x557160cbfc70_0 .net *"_s20", 31 0, L_0x557160cd5570;  1 drivers
v0x557160cbfd50_0 .net *"_s200", 12 0, L_0x557160cd9fc0;  1 drivers
v0x557160cbfe30_0 .net *"_s204", 0 0, L_0x557160cda3b0;  1 drivers
v0x557160cc0100_0 .net *"_s208", 0 0, L_0x557160cda7b0;  1 drivers
v0x557160cc01c0_0 .net *"_s212", 0 0, L_0x557160cdabc0;  1 drivers
v0x557160cc0280_0 .net *"_s217", 12 0, L_0x557160cdafe0;  1 drivers
L_0x7f39315d4600 .functor BUFT 1, C4<000>, C4<0>, C4<0>, C4<0>;
v0x557160cc0360_0 .net *"_s220", 2 0, L_0x7f39315d4600;  1 drivers
v0x557160cc0440_0 .net *"_s221", 12 0, L_0x557160cdb120;  1 drivers
v0x557160cc0520_0 .net *"_s224", 12 0, L_0x557160cdb3c0;  1 drivers
v0x557160cc0600_0 .net *"_s226", 12 0, L_0x557160cdb4b0;  1 drivers
L_0x7f39315d4648 .functor BUFT 1, C4<000>, C4<0>, C4<0>, C4<0>;
v0x557160cc06e0_0 .net *"_s229", 2 0, L_0x7f39315d4648;  1 drivers
L_0x7f39315d40f0 .functor BUFT 1, C4<0000000000000000000>, C4<0>, C4<0>, C4<0>;
v0x557160cc07c0_0 .net *"_s23", 18 0, L_0x7f39315d40f0;  1 drivers
v0x557160cc08a0_0 .net *"_s230", 12 0, L_0x557160cdb760;  1 drivers
v0x557160cc0980_0 .net *"_s233", 12 0, L_0x557160cdb8a0;  1 drivers
v0x557160cc0a60_0 .net *"_s235", 12 0, L_0x557160cdbbb0;  1 drivers
L_0x7f39315d4690 .functor BUFT 1, C4<000>, C4<0>, C4<0>, C4<0>;
v0x557160cc0b40_0 .net *"_s238", 2 0, L_0x7f39315d4690;  1 drivers
v0x557160cc0c20_0 .net *"_s239", 12 0, L_0x557160cdbc50;  1 drivers
v0x557160cc0d00_0 .net *"_s24", 31 0, L_0x557160cd56d0;  1 drivers
v0x557160cc0de0_0 .net *"_s242", 12 0, L_0x557160cdbf70;  1 drivers
v0x557160cc0ec0_0 .net *"_s244", 12 0, L_0x557160cdc0f0;  1 drivers
L_0x7f39315d46d8 .functor BUFT 1, C4<000>, C4<0>, C4<0>, C4<0>;
v0x557160cc0fa0_0 .net *"_s247", 2 0, L_0x7f39315d46d8;  1 drivers
v0x557160cc1080_0 .net *"_s248", 12 0, L_0x557160cdc3d0;  1 drivers
v0x557160cc1160_0 .net *"_s251", 12 0, L_0x557160cdc510;  1 drivers
v0x557160cc1240_0 .net *"_s253", 12 0, L_0x557160cdc8e0;  1 drivers
L_0x7f39315d4720 .functor BUFT 1, C4<000>, C4<0>, C4<0>, C4<0>;
v0x557160cc1320_0 .net *"_s256", 2 0, L_0x7f39315d4720;  1 drivers
v0x557160cc1400_0 .net *"_s257", 12 0, L_0x557160cdc980;  1 drivers
v0x557160cc14e0_0 .net *"_s260", 12 0, L_0x557160cdcd20;  1 drivers
v0x557160cc15c0_0 .net *"_s262", 12 0, L_0x557160cdcea0;  1 drivers
L_0x7f39315d4768 .functor BUFT 1, C4<000>, C4<0>, C4<0>, C4<0>;
v0x557160cc16a0_0 .net *"_s265", 2 0, L_0x7f39315d4768;  1 drivers
v0x557160cc1780_0 .net *"_s266", 12 0, L_0x557160cdd1b0;  1 drivers
v0x557160cc1860_0 .net *"_s269", 12 0, L_0x557160cdd2f0;  1 drivers
v0x557160cc1940_0 .net *"_s27", 31 0, L_0x557160cd5810;  1 drivers
v0x557160cc1a20_0 .net *"_s271", 12 0, L_0x557160cdd6f0;  1 drivers
L_0x7f39315d47b0 .functor BUFT 1, C4<000>, C4<0>, C4<0>, C4<0>;
v0x557160cc1b00_0 .net *"_s274", 2 0, L_0x7f39315d47b0;  1 drivers
v0x557160cc1be0_0 .net *"_s275", 12 0, L_0x557160cdd790;  1 drivers
v0x557160cc20d0_0 .net *"_s278", 12 0, L_0x557160cddb60;  1 drivers
v0x557160cc21b0_0 .net *"_s280", 12 0, L_0x557160cddc50;  1 drivers
L_0x7f39315d47f8 .functor BUFT 1, C4<000>, C4<0>, C4<0>, C4<0>;
v0x557160cc2290_0 .net *"_s283", 2 0, L_0x7f39315d47f8;  1 drivers
v0x557160cc2370_0 .net *"_s284", 12 0, L_0x557160cddf90;  1 drivers
v0x557160cc2450_0 .net *"_s287", 12 0, L_0x557160cde0d0;  1 drivers
v0x557160cc2530_0 .net *"_s289", 12 0, L_0x557160cde500;  1 drivers
L_0x7f39315d4840 .functor BUFT 1, C4<000>, C4<0>, C4<0>, C4<0>;
v0x557160cc2610_0 .net *"_s292", 2 0, L_0x7f39315d4840;  1 drivers
L_0x7f39315d4138 .functor BUFT 1, C4<0000000000000000000>, C4<0>, C4<0>, C4<0>;
v0x557160cc26f0_0 .net *"_s30", 18 0, L_0x7f39315d4138;  1 drivers
v0x557160cc27d0_0 .net *"_s31", 31 0, L_0x557160cd59a0;  1 drivers
v0x557160cc28b0_0 .net *"_s34", 31 0, L_0x557160cd5ae0;  1 drivers
L_0x7f39315d4180 .functor BUFT 1, C4<0000000000000000000>, C4<0>, C4<0>, C4<0>;
v0x557160cc2990_0 .net *"_s37", 18 0, L_0x7f39315d4180;  1 drivers
v0x557160cc2a70_0 .net *"_s38", 31 0, L_0x557160cd5be0;  1 drivers
L_0x7f39315d4018 .functor BUFT 1, C4<0000000000000000000>, C4<0>, C4<0>, C4<0>;
v0x557160cc2b50_0 .net *"_s4", 18 0, L_0x7f39315d4018;  1 drivers
v0x557160cc2c30_0 .net *"_s41", 31 0, L_0x557160cd5d20;  1 drivers
L_0x7f39315d41c8 .functor BUFT 1, C4<0000000000000000000>, C4<0>, C4<0>, C4<0>;
v0x557160cc2d10_0 .net *"_s44", 18 0, L_0x7f39315d41c8;  1 drivers
v0x557160cc2df0_0 .net *"_s45", 31 0, L_0x557160cd5eb0;  1 drivers
v0x557160cc2ed0_0 .net *"_s48", 31 0, L_0x557160cd5ff0;  1 drivers
L_0x7f39315d4210 .functor BUFT 1, C4<0000000000000000000>, C4<0>, C4<0>, C4<0>;
v0x557160cc2fb0_0 .net *"_s51", 18 0, L_0x7f39315d4210;  1 drivers
v0x557160cc3090_0 .net *"_s52", 31 0, L_0x557160cd6190;  1 drivers
v0x557160cc3170_0 .net *"_s55", 31 0, L_0x557160cd62d0;  1 drivers
L_0x7f39315d4258 .functor BUFT 1, C4<0000000000000000000>, C4<0>, C4<0>, C4<0>;
v0x557160cc3250_0 .net *"_s58", 18 0, L_0x7f39315d4258;  1 drivers
v0x557160cc3330_0 .net *"_s59", 31 0, L_0x557160cd6480;  1 drivers
v0x557160cc3410_0 .net *"_s6", 31 0, L_0x557160cd4fc0;  1 drivers
L_0x7f39315d42a0 .functor BUFT 1, C4<00000000000000000000000000001001>, C4<0>, C4<0>, C4<0>;
v0x557160cc34f0_0 .net/2u *"_s61", 31 0, L_0x7f39315d42a0;  1 drivers
v0x557160cc35d0_0 .net *"_s63", 31 0, L_0x557160cd65a0;  1 drivers
v0x557160cc36b0_0 .net *"_s69", 0 0, L_0x557160cd6870;  1 drivers
L_0x7f39315d42e8 .functor BUFT 1, C4<0000000000000>, C4<0>, C4<0>, C4<0>;
v0x557160cc3770_0 .net/2u *"_s72", 12 0, L_0x7f39315d42e8;  1 drivers
v0x557160cc3850_0 .net *"_s78", 0 0, L_0x557160cd6b00;  1 drivers
L_0x7f39315d4330 .functor BUFT 1, C4<0000000000000>, C4<0>, C4<0>, C4<0>;
v0x557160cc3910_0 .net/2u *"_s81", 12 0, L_0x7f39315d4330;  1 drivers
v0x557160cc39f0_0 .net *"_s87", 0 0, L_0x557160cd6df0;  1 drivers
L_0x7f39315d4060 .functor BUFT 1, C4<0000000000000000000>, C4<0>, C4<0>, C4<0>;
v0x557160cc3ab0_0 .net *"_s9", 18 0, L_0x7f39315d4060;  1 drivers
L_0x7f39315d4378 .functor BUFT 1, C4<0000000000000>, C4<0>, C4<0>, C4<0>;
v0x557160cc3b90_0 .net/2u *"_s90", 12 0, L_0x7f39315d4378;  1 drivers
v0x557160cc3c70_0 .net *"_s96", 0 0, L_0x557160cd70a0;  1 drivers
L_0x7f39315d43c0 .functor BUFT 1, C4<0000000000000>, C4<0>, C4<0>, C4<0>;
v0x557160cc3d30_0 .net/2u *"_s99", 12 0, L_0x7f39315d43c0;  1 drivers
v0x557160cc3e10_0 .net "a", 9 0, L_0x557160cd8780;  1 drivers
v0x557160cc3ef0_0 .net "b", 9 0, L_0x557160cd8d50;  1 drivers
v0x557160cc3fd0_0 .net "c", 9 0, L_0x557160cd91e0;  1 drivers
o0x7f393161e338 .functor BUFZ 1, C4<z>; HiZ drive
v0x557160cc40b0_0 .net "clk", 0 0, o0x7f393161e338;  0 drivers
v0x557160cc4170_0 .var "cnt", 3 0;
v0x557160cc4250_0 .net "d", 9 0, L_0x557160cd9810;  1 drivers
v0x557160cc4330_0 .net "e", 9 0, L_0x557160cda100;  1 drivers
v0x557160cc4410_0 .net "f", 9 0, L_0x557160cda4f0;  1 drivers
v0x557160cc44f0_0 .net "g", 9 0, L_0x557160cda8f0;  1 drivers
v0x557160cc45d0_0 .var/i "i", 31 0;
o0x7f393161e488 .functor BUFZ 1, C4<z>; HiZ drive
v0x557160cc46b0_0 .net "reset", 0 0, o0x7f393161e488;  0 drivers
v0x557160cc4770_0 .net "x_appr", 9 0, L_0x557160cdad00;  1 drivers
v0x557160cc4850_0 .net "x_avg", 12 0, L_0x557160cd6780;  1 drivers
v0x557160cc4930 .array "x_reg", 0 8, 12 0;
v0x557160cc4b10 .array "x_reg_tmp", 0 8;
v0x557160cc4b10_0 .net v0x557160cc4b10 0, 12 0, L_0x557160cd66e0; 1 drivers
v0x557160cc4b10_1 .net v0x557160cc4b10 1, 12 0, L_0x557160cd6cb0; 1 drivers
v0x557160cc4b10_2 .net v0x557160cc4b10 2, 12 0, L_0x557160cd6f60; 1 drivers
v0x557160cc4b10_3 .net v0x557160cc4b10 3, 12 0, L_0x557160cd7270; 1 drivers
v0x557160cc4b10_4 .net v0x557160cc4b10 4, 12 0, L_0x557160cd7590; 1 drivers
v0x557160cc4b10_5 .net v0x557160cc4b10 5, 12 0, L_0x557160cd78c0; 1 drivers
v0x557160cc4b10_6 .net v0x557160cc4b10 6, 12 0, L_0x557160cd7d10; 1 drivers
v0x557160cc4b10_7 .net v0x557160cc4b10 7, 12 0, L_0x557160cd8060; 1 drivers
v0x557160cc4b10_8 .net v0x557160cc4b10 8, 12 0, L_0x557160cd7f40; 1 drivers
v0x557160cc4d40_0 .net "y_tmp", 12 0, L_0x557160cde5a0;  1 drivers
E_0x557160c7d6c0 .event negedge, v0x557160cc40b0_0;
E_0x557160c7cf30 .event posedge, v0x557160cc46b0_0, v0x557160cc40b0_0;
v0x557160cc4930_0 .array/port v0x557160cc4930, 0;
L_0x557160cc4ea0 .concat [ 13 19 0 0], v0x557160cc4930_0, L_0x7f39315d4018;
v0x557160cc4930_1 .array/port v0x557160cc4930, 1;
L_0x557160cd4fc0 .concat [ 13 19 0 0], v0x557160cc4930_1, L_0x7f39315d4060;
L_0x557160cd5100 .arith/sum 32, L_0x557160cc4ea0, L_0x557160cd4fc0;
v0x557160cc4930_2 .array/port v0x557160cc4930, 2;
L_0x557160cd52b0 .concat [ 13 19 0 0], v0x557160cc4930_2, L_0x7f39315d40a8;
L_0x557160cd5400 .arith/sum 32, L_0x557160cd5100, L_0x557160cd52b0;
v0x557160cc4930_3 .array/port v0x557160cc4930, 3;
L_0x557160cd5570 .concat [ 13 19 0 0], v0x557160cc4930_3, L_0x7f39315d40f0;
L_0x557160cd56d0 .arith/sum 32, L_0x557160cd5400, L_0x557160cd5570;
v0x557160cc4930_4 .array/port v0x557160cc4930, 4;
L_0x557160cd5810 .concat [ 13 19 0 0], v0x557160cc4930_4, L_0x7f39315d4138;
L_0x557160cd59a0 .arith/sum 32, L_0x557160cd56d0, L_0x557160cd5810;
v0x557160cc4930_5 .array/port v0x557160cc4930, 5;
L_0x557160cd5ae0 .concat [ 13 19 0 0], v0x557160cc4930_5, L_0x7f39315d4180;
L_0x557160cd5be0 .arith/sum 32, L_0x557160cd59a0, L_0x557160cd5ae0;
v0x557160cc4930_6 .array/port v0x557160cc4930, 6;
L_0x557160cd5d20 .concat [ 13 19 0 0], v0x557160cc4930_6, L_0x7f39315d41c8;
L_0x557160cd5eb0 .arith/sum 32, L_0x557160cd5be0, L_0x557160cd5d20;
v0x557160cc4930_7 .array/port v0x557160cc4930, 7;
L_0x557160cd5ff0 .concat [ 13 19 0 0], v0x557160cc4930_7, L_0x7f39315d4210;
L_0x557160cd6190 .arith/sum 32, L_0x557160cd5eb0, L_0x557160cd5ff0;
v0x557160cc4930_8 .array/port v0x557160cc4930, 8;
L_0x557160cd62d0 .concat [ 13 19 0 0], v0x557160cc4930_8, L_0x7f39315d4258;
L_0x557160cd6480 .arith/sum 32, L_0x557160cd6190, L_0x557160cd62d0;
L_0x557160cd65a0 .arith/div 32, L_0x557160cd6480, L_0x7f39315d42a0;
L_0x557160cd6780 .part L_0x557160cd65a0, 0, 13;
L_0x557160cd6870 .cmp/ge 13, L_0x557160cd6780, v0x557160cc4930_0;
L_0x557160cd66e0 .functor MUXZ 13, L_0x7f39315d42e8, v0x557160cc4930_0, L_0x557160cd6870, C4<>;
L_0x557160cd6b00 .cmp/ge 13, L_0x557160cd6780, v0x557160cc4930_1;
L_0x557160cd6cb0 .functor MUXZ 13, L_0x7f39315d4330, v0x557160cc4930_1, L_0x557160cd6b00, C4<>;
L_0x557160cd6df0 .cmp/ge 13, L_0x557160cd6780, v0x557160cc4930_2;
L_0x557160cd6f60 .functor MUXZ 13, L_0x7f39315d4378, v0x557160cc4930_2, L_0x557160cd6df0, C4<>;
L_0x557160cd70a0 .cmp/ge 13, L_0x557160cd6780, v0x557160cc4930_3;
L_0x557160cd7270 .functor MUXZ 13, L_0x7f39315d43c0, v0x557160cc4930_3, L_0x557160cd70a0, C4<>;
L_0x557160cd73b0 .cmp/ge 13, L_0x557160cd6780, v0x557160cc4930_4;
L_0x557160cd7590 .functor MUXZ 13, L_0x7f39315d4408, v0x557160cc4930_4, L_0x557160cd73b0, C4<>;
L_0x557160cd76d0 .cmp/ge 13, L_0x557160cd6780, v0x557160cc4930_5;
L_0x557160cd78c0 .functor MUXZ 13, L_0x7f39315d4450, v0x557160cc4930_5, L_0x557160cd76d0, C4<>;
L_0x557160cd7a00 .cmp/ge 13, L_0x557160cd6780, v0x557160cc4930_6;
L_0x557160cd7d10 .functor MUXZ 13, L_0x7f39315d4498, v0x557160cc4930_6, L_0x557160cd7a00, C4<>;
L_0x557160cd7e50 .cmp/ge 13, L_0x557160cd6780, v0x557160cc4930_7;
L_0x557160cd8060 .functor MUXZ 13, L_0x7f39315d44e0, v0x557160cc4930_7, L_0x557160cd7e50, C4<>;
L_0x557160cd81a0 .cmp/ge 13, L_0x557160cd6780, v0x557160cc4930_8;
L_0x557160cd7f40 .functor MUXZ 13, L_0x7f39315d4528, v0x557160cc4930_8, L_0x557160cd81a0, C4<>;
L_0x557160cd8410 .cmp/gt 13, L_0x557160cd66e0, L_0x557160cd6cb0;
L_0x557160cd8690 .functor MUXZ 13, L_0x557160cd6cb0, L_0x557160cd66e0, L_0x557160cd8410, C4<>;
L_0x557160cd8780 .part L_0x557160cd8690, 0, 10;
L_0x557160cd89c0 .cmp/gt 13, L_0x557160cd6f60, L_0x557160cd7270;
L_0x557160cd8b00 .functor MUXZ 13, L_0x557160cd7270, L_0x557160cd6f60, L_0x557160cd89c0, C4<>;
L_0x557160cd8d50 .part L_0x557160cd8b00, 0, 10;
L_0x557160cd8e40 .cmp/gt 13, L_0x557160cd7590, L_0x557160cd78c0;
L_0x557160cd90f0 .functor MUXZ 13, L_0x557160cd78c0, L_0x557160cd7590, L_0x557160cd8e40, C4<>;
L_0x557160cd91e0 .part L_0x557160cd90f0, 0, 10;
L_0x557160cd9450 .cmp/gt 13, L_0x557160cd7d10, L_0x557160cd8060;
L_0x557160cd9590 .functor MUXZ 13, L_0x557160cd8060, L_0x557160cd7d10, L_0x557160cd9450, C4<>;
L_0x557160cd9810 .part L_0x557160cd9590, 0, 10;
L_0x557160cd9900 .concat [ 10 3 0 0], L_0x557160cd8780, L_0x7f39315d4570;
L_0x557160cd9be0 .cmp/gt 13, L_0x557160cd7f40, L_0x557160cd9900;
L_0x557160cd9d20 .concat [ 10 3 0 0], L_0x557160cd8780, L_0x7f39315d45b8;
L_0x557160cd9fc0 .functor MUXZ 13, L_0x557160cd9d20, L_0x557160cd7f40, L_0x557160cd9be0, C4<>;
L_0x557160cda100 .part L_0x557160cd9fc0, 0, 10;
L_0x557160cda3b0 .cmp/gt 10, L_0x557160cd8d50, L_0x557160cd91e0;
L_0x557160cda4f0 .functor MUXZ 10, L_0x557160cd91e0, L_0x557160cd8d50, L_0x557160cda3b0, C4<>;
L_0x557160cda7b0 .cmp/gt 10, L_0x557160cd9810, L_0x557160cda100;
L_0x557160cda8f0 .functor MUXZ 10, L_0x557160cda100, L_0x557160cd9810, L_0x557160cda7b0, C4<>;
L_0x557160cdabc0 .cmp/gt 10, L_0x557160cda4f0, L_0x557160cda8f0;
L_0x557160cdad00 .functor MUXZ 10, L_0x557160cda8f0, L_0x557160cda4f0, L_0x557160cdabc0, C4<>;
L_0x557160cdafe0 .concat [ 10 3 0 0], L_0x557160cdad00, L_0x7f39315d4600;
L_0x557160cdb120 .arith/sum 13, v0x557160cc4930_0, L_0x557160cdafe0;
L_0x557160cdb3c0 .arith/sum 13, L_0x557160cdb120, v0x557160cc4930_1;
L_0x557160cdb4b0 .concat [ 10 3 0 0], L_0x557160cdad00, L_0x7f39315d4648;
L_0x557160cdb760 .arith/sum 13, L_0x557160cdb3c0, L_0x557160cdb4b0;
L_0x557160cdb8a0 .arith/sum 13, L_0x557160cdb760, v0x557160cc4930_2;
L_0x557160cdbbb0 .concat [ 10 3 0 0], L_0x557160cdad00, L_0x7f39315d4690;
L_0x557160cdbc50 .arith/sum 13, L_0x557160cdb8a0, L_0x557160cdbbb0;
L_0x557160cdbf70 .arith/sum 13, L_0x557160cdbc50, v0x557160cc4930_3;
L_0x557160cdc0f0 .concat [ 10 3 0 0], L_0x557160cdad00, L_0x7f39315d46d8;
L_0x557160cdc3d0 .arith/sum 13, L_0x557160cdbf70, L_0x557160cdc0f0;
L_0x557160cdc510 .arith/sum 13, L_0x557160cdc3d0, v0x557160cc4930_4;
L_0x557160cdc8e0 .concat [ 10 3 0 0], L_0x557160cdad00, L_0x7f39315d4720;
L_0x557160cdc980 .arith/sum 13, L_0x557160cdc510, L_0x557160cdc8e0;
L_0x557160cdcd20 .arith/sum 13, L_0x557160cdc980, v0x557160cc4930_5;
L_0x557160cdcea0 .concat [ 10 3 0 0], L_0x557160cdad00, L_0x7f39315d4768;
L_0x557160cdd1b0 .arith/sum 13, L_0x557160cdcd20, L_0x557160cdcea0;
L_0x557160cdd2f0 .arith/sum 13, L_0x557160cdd1b0, v0x557160cc4930_6;
L_0x557160cdd6f0 .concat [ 10 3 0 0], L_0x557160cdad00, L_0x7f39315d47b0;
L_0x557160cdd790 .arith/sum 13, L_0x557160cdd2f0, L_0x557160cdd6f0;
L_0x557160cddb60 .arith/sum 13, L_0x557160cdd790, v0x557160cc4930_7;
L_0x557160cddc50 .concat [ 10 3 0 0], L_0x557160cdad00, L_0x7f39315d47f8;
L_0x557160cddf90 .arith/sum 13, L_0x557160cddb60, L_0x557160cddc50;
L_0x557160cde0d0 .arith/sum 13, L_0x557160cddf90, v0x557160cc4930_8;
L_0x557160cde500 .concat [ 10 3 0 0], L_0x557160cdad00, L_0x7f39315d4840;
L_0x557160cde5a0 .arith/sum 13, L_0x557160cde0d0, L_0x557160cde500;
    .scope S_0x557160c76cb0;
T_0 ;
    %wait E_0x557160c7cf30;
    %load/vec4 v0x557160cc46b0_0;
    %flag_set/vec4 8;
    %jmp/0xz  T_0.0, 8;
    %pushi/vec4 0, 0, 32;
    %store/vec4 v0x557160cc45d0_0, 0, 32;
T_0.2 ;
    %load/vec4 v0x557160cc45d0_0;
    %cmpi/s 9, 0, 32;
    %jmp/0xz T_0.3, 5;
    %pushi/vec4 0, 0, 13;
    %ix/getv/s 3, v0x557160cc45d0_0;
    %ix/load 4, 0, 0; Constant delay
    %assign/vec4/a/d v0x557160cc4930, 0, 4;
    %load/vec4 v0x557160cc45d0_0;
    %addi 1, 0, 32;
    %store/vec4 v0x557160cc45d0_0, 0, 32;
    %jmp T_0.2;
T_0.3 ;
    %pushi/vec4 0, 0, 4;
    %assign/vec4 v0x557160cc4170_0, 0;
    %jmp T_0.1;
T_0.0 ;
    %load/vec4 v0x557160c7b430_0;
    %pad/u 13;
    %ix/load 3, 8, 0;
    %flag_set/imm 4, 0;
    %ix/load 4, 0, 0; Constant delay
    %assign/vec4/a/d v0x557160cc4930, 0, 4;
    %pushi/vec4 0, 0, 32;
    %store/vec4 v0x557160cc45d0_0, 0, 32;
T_0.4 ;
    %load/vec4 v0x557160cc45d0_0;
    %cmpi/s 8, 0, 32;
    %jmp/0xz T_0.5, 5;
    %load/vec4 v0x557160cc45d0_0;
    %pad/s 33;
    %addi 1, 0, 33;
    %ix/vec4/s 4;
    %load/vec4a v0x557160cc4930, 4;
    %ix/getv/s 3, v0x557160cc45d0_0;
    %ix/load 4, 0, 0; Constant delay
    %assign/vec4/a/d v0x557160cc4930, 0, 4;
    %load/vec4 v0x557160cc45d0_0;
    %addi 1, 0, 32;
    %store/vec4 v0x557160cc45d0_0, 0, 32;
    %jmp T_0.4;
T_0.5 ;
    %load/vec4 v0x557160cc4170_0;
    %cmpi/u 9, 0, 4;
    %jmp/0xz  T_0.6, 5;
    %load/vec4 v0x557160cc4170_0;
    %addi 1, 0, 4;
    %assign/vec4 v0x557160cc4170_0, 0;
    %jmp T_0.7;
T_0.6 ;
    %load/vec4 v0x557160cc4170_0;
    %assign/vec4 v0x557160cc4170_0, 0;
T_0.7 ;
T_0.1 ;
    %jmp T_0;
    .thread T_0;
    .scope S_0x557160c76cb0;
T_1 ;
    %wait E_0x557160c7d6c0;
    %load/vec4 v0x557160cc4170_0;
    %cmpi/e 9, 0, 4;
    %jmp/0xz  T_1.0, 4;
    %load/vec4 v0x557160cc4d40_0;
    %parti/s 10, 3, 3;
    %assign/vec4 v0x557160cbe310_0, 0;
    %jmp T_1.1;
T_1.0 ;
    %pushi/vec4 0, 0, 10;
    %assign/vec4 v0x557160cbe310_0, 0;
T_1.1 ;
    %jmp T_1;
    .thread T_1;
# The file index is used to find the file name in the following table.
:file_names 3;
    "N/A";
    "<interactive>";
    "cs.v";
