#! /usr/bin/vvp
:ivl_version "10.3 (stable)";
:ivl_delay_selection "TYPICAL";
:vpi_time_precision + 0;
:vpi_module "system";
:vpi_module "vhdl_sys";
:vpi_module "v2005_math";
:vpi_module "va_math";
S_0x55dacd5ef130 .scope module, "LCD_CTRL" "LCD_CTRL" 2 1;
 .timescale 0 0;
    .port_info 0 /INPUT 1 "clk"
    .port_info 1 /INPUT 1 "reset"
    .port_info 2 /INPUT 8 "datain"
    .port_info 3 /INPUT 4 "cmd"
    .port_info 4 /INPUT 1 "cmd_valid"
    .port_info 5 /OUTPUT 8 "dataout"
    .port_info 6 /OUTPUT 1 "output_valid"
    .port_info 7 /OUTPUT 1 "busy"
P_0x55dacd614ae0 .param/l "CMD_MODE" 1 2 23, C4<1>;
P_0x55dacd614b20 .param/l "DIR_L" 1 2 41, C4<00>;
P_0x55dacd614b60 .param/l "DIR_R" 1 2 43, C4<10>;
P_0x55dacd614ba0 .param/l "DIR_U" 1 2 42, C4<01>;
P_0x55dacd614be0 .param/l "FIT_ST" 1 2 37, C4<01>;
P_0x55dacd614c20 .param/l "INIT_ST" 1 2 36, C4<00>;
P_0x55dacd614c60 .param/l "IN_ST" 1 2 38, C4<10>;
P_0x55dacd614ca0 .param/l "LOAD" 1 2 25, C4<0000>;
P_0x55dacd614ce0 .param/l "RST" 1 2 23, C4<0>;
P_0x55dacd614d20 .param/l "Rotate_L" 1 2 26, C4<0001>;
P_0x55dacd614d60 .param/l "Rotate_R" 1 2 27, C4<0010>;
P_0x55dacd614da0 .param/l "SHIFT_D" 1 2 33, C4<1000>;
P_0x55dacd614de0 .param/l "SHIFT_L" 1 2 31, C4<0110>;
P_0x55dacd614e20 .param/l "SHIFT_R" 1 2 30, C4<0101>;
P_0x55dacd614e60 .param/l "SHIFT_U" 1 2 32, C4<0111>;
P_0x55dacd614ea0 .param/l "ZOOM_FIT" 1 2 29, C4<0100>;
P_0x55dacd614ee0 .param/l "ZOOM_IN" 1 2 28, C4<0011>;
o0x7fdf647dd018 .functor BUFZ 1, C4<z>; HiZ drive
v0x55dacd615000_0 .net "busy", 0 0, o0x7fdf647dd018;  0 drivers
o0x7fdf647dd048 .functor BUFZ 1, C4<z>; HiZ drive
v0x55dacd638390_0 .net "clk", 0 0, o0x7fdf647dd048;  0 drivers
o0x7fdf647dd078 .functor BUFZ 4, C4<zzzz>; HiZ drive
v0x55dacd638450_0 .net "cmd", 3 0, o0x7fdf647dd078;  0 drivers
o0x7fdf647dd0a8 .functor BUFZ 1, C4<z>; HiZ drive
v0x55dacd638510_0 .net "cmd_valid", 0 0, o0x7fdf647dd0a8;  0 drivers
o0x7fdf647dd0d8 .functor BUFZ 8, C4<zzzzzzzz>; HiZ drive
v0x55dacd6385d0_0 .net "datain", 7 0, o0x7fdf647dd0d8;  0 drivers
o0x7fdf647dd108 .functor BUFZ 8, C4<zzzzzzzz>; HiZ drive
v0x55dacd638700_0 .net "dataout", 7 0, o0x7fdf647dd108;  0 drivers
o0x7fdf647dd138 .functor BUFZ 1, C4<z>; HiZ drive
v0x55dacd6387e0_0 .net "output_valid", 0 0, o0x7fdf647dd138;  0 drivers
o0x7fdf647dd168 .functor BUFZ 1, C4<z>; HiZ drive
v0x55dacd6388a0_0 .net "reset", 0 0, o0x7fdf647dd168;  0 drivers
# The file index is used to find the file name in the following table.
:file_names 3;
    "N/A";
    "<interactive>";
    "sol.v";
