#! /usr/bin/vvp
:ivl_version "10.3 (stable)";
:ivl_delay_selection "TYPICAL";
:vpi_time_precision + 0;
:vpi_module "system";
:vpi_module "vhdl_sys";
:vpi_module "v2005_math";
:vpi_module "va_math";
S_0x55815acfd100 .scope module, "LCD_CTRL" "LCD_CTRL" 2 1;
 .timescale 0 0;
    .port_info 0 /INPUT 1 "clk"
    .port_info 1 /INPUT 1 "reset"
    .port_info 2 /INPUT 8 "datain"
    .port_info 3 /INPUT 4 "cmd"
    .port_info 4 /INPUT 1 "cmd_valid"
    .port_info 5 /OUTPUT 8 "dataout"
    .port_info 6 /OUTPUT 1 "output_valid"
    .port_info 7 /OUTPUT 1 "busy"
L_0x55815ad27800 .functor BUFZ 8, L_0x55815ad85ff0, C4<00000000>, C4<00000000>, C4<00000000>;
v0x55815acfd370_0 .net *"_s0", 31 0, L_0x55815ad75450;  1 drivers
v0x55815ad72800_0 .net *"_s10", 7 0, L_0x55815ad85760;  1 drivers
v0x55815ad728e0_0 .net *"_s14", 3 0, L_0x55815ad85a50;  1 drivers
L_0x7fbdb7e820a8 .functor BUFT 1, C4<00>, C4<0>, C4<0>, C4<0>;
v0x55815ad729a0_0 .net *"_s17", 1 0, L_0x7fbdb7e820a8;  1 drivers
v0x55815ad72a80_0 .net *"_s18", 3 0, L_0x55815ad85b80;  1 drivers
L_0x7fbdb7e820f0 .functor BUFT 1, C4<00>, C4<0>, C4<0>, C4<0>;
v0x55815ad72bb0_0 .net *"_s21", 1 0, L_0x7fbdb7e820f0;  1 drivers
L_0x7fbdb7e82138 .functor BUFT 1, C4<0100>, C4<0>, C4<0>, C4<0>;
v0x55815ad72c90_0 .net/2u *"_s22", 3 0, L_0x7fbdb7e82138;  1 drivers
v0x55815ad72d70_0 .net *"_s25", 3 0, L_0x55815ad85d20;  1 drivers
v0x55815ad72e50_0 .net *"_s28", 7 0, L_0x55815ad85ff0;  1 drivers
L_0x7fbdb7e82018 .functor BUFT 1, C4<0000000000000000000000000000000>, C4<0>, C4<0>, C4<0>;
v0x55815ad72f30_0 .net *"_s3", 30 0, L_0x7fbdb7e82018;  1 drivers
v0x55815ad73010_0 .net *"_s30", 5 0, L_0x55815ad860f0;  1 drivers
L_0x7fbdb7e82180 .functor BUFT 1, C4<00>, C4<0>, C4<0>, C4<0>;
v0x55815ad730f0_0 .net *"_s33", 1 0, L_0x7fbdb7e82180;  1 drivers
v0x55815ad731d0_0 .net *"_s36", 7 0, L_0x55815ad862d0;  1 drivers
L_0x7fbdb7e821c8 .functor BUFT 1, C4<0000>, C4<0>, C4<0>, C4<0>;
v0x55815ad732b0_0 .net *"_s39", 3 0, L_0x7fbdb7e821c8;  1 drivers
L_0x7fbdb7e82060 .functor BUFT 1, C4<00000000000000000000000000000000>, C4<0>, C4<0>, C4<0>;
v0x55815ad73390_0 .net/2u *"_s4", 31 0, L_0x7fbdb7e82060;  1 drivers
v0x55815ad73470_0 .net *"_s40", 7 0, L_0x55815ad86430;  1 drivers
L_0x7fbdb7e82210 .functor BUFT 1, C4<000000>, C4<0>, C4<0>, C4<0>;
v0x55815ad73550_0 .net *"_s43", 5 0, L_0x7fbdb7e82210;  1 drivers
v0x55815ad73740_0 .net *"_s44", 7 0, L_0x55815ad86570;  1 drivers
v0x55815ad73820_0 .net *"_s46", 7 0, L_0x55815ad867a0;  1 drivers
L_0x7fbdb7e82258 .functor BUFT 1, C4<0000>, C4<0>, C4<0>, C4<0>;
v0x55815ad73900_0 .net *"_s49", 3 0, L_0x7fbdb7e82258;  1 drivers
v0x55815ad739e0_0 .net *"_s50", 7 0, L_0x55815ad86890;  1 drivers
L_0x7fbdb7e822a0 .functor BUFT 1, C4<000000>, C4<0>, C4<0>, C4<0>;
v0x55815ad73ac0_0 .net *"_s53", 5 0, L_0x7fbdb7e822a0;  1 drivers
v0x55815ad73ba0_0 .net *"_s54", 7 0, L_0x55815ad86a10;  1 drivers
L_0x7fbdb7e822e8 .functor BUFT 1, C4<00001100>, C4<0>, C4<0>, C4<0>;
v0x55815ad73c80_0 .net/2u *"_s56", 7 0, L_0x7fbdb7e822e8;  1 drivers
v0x55815ad73d60_0 .net *"_s59", 7 0, L_0x55815ad86b50;  1 drivers
v0x55815ad73e40_0 .net *"_s6", 0 0, L_0x55815ad85550;  1 drivers
v0x55815ad73f00_0 .net *"_s8", 7 0, L_0x55815ad856c0;  1 drivers
v0x55815ad73fe0_0 .var "busy", 0 0;
o0x7fbdb7ecb558 .functor BUFZ 1, C4<z>; HiZ drive
v0x55815ad740a0_0 .net "clk", 0 0, o0x7fbdb7ecb558;  0 drivers
o0x7fbdb7ecb588 .functor BUFZ 4, C4<zzzz>; HiZ drive
v0x55815ad74160_0 .net "cmd", 3 0, o0x7fbdb7ecb588;  0 drivers
o0x7fbdb7ecb5b8 .functor BUFZ 1, C4<z>; HiZ drive
v0x55815ad74240_0 .net "cmd_valid", 0 0, o0x7fbdb7ecb5b8;  0 drivers
o0x7fbdb7ecb5e8 .functor BUFZ 8, C4<zzzzzzzz>; HiZ drive
v0x55815ad74300_0 .net "datain", 7 0, o0x7fbdb7ecb5e8;  0 drivers
v0x55815ad743e0_0 .net "dataout", 7 0, L_0x55815ad85890;  1 drivers
v0x55815ad746d0 .array "fitIndex", 0 15, 7 0;
v0x55815ad74790_0 .net "fitmap", 3 0, L_0x55815ad85eb0;  1 drivers
v0x55815ad74870_0 .net "fitxy", 7 0, L_0x55815ad27800;  1 drivers
v0x55815ad74950 .array "img_buf", 0 107, 7 0;
v0x55815ad74a10_0 .var "l", 3 0;
v0x55815ad74af0_0 .var "loadCount", 107 0;
v0x55815ad74bd0_0 .var "offsetx", 1 0;
v0x55815ad74cb0_0 .var "offsety", 1 0;
v0x55815ad74d90_0 .var "output_valid", 0 0;
o0x7fbdb7ecb798 .functor BUFZ 1, C4<z>; HiZ drive
v0x55815ad74e50_0 .net "reset", 0 0, o0x7fbdb7ecb798;  0 drivers
v0x55815ad74f10_0 .var "rotate", 1 0;
v0x55815ad74ff0_0 .var "state", 2 0;
v0x55815ad750d0_0 .var "w", 3 0;
v0x55815ad751b0_0 .var "zoom", 0 0;
v0x55815ad75270_0 .net "zoomxy", 7 0, L_0x55815ad86d30;  1 drivers
E_0x55815ad33490 .event posedge, v0x55815ad740a0_0;
E_0x55815ad33e90 .event negedge, v0x55815ad74e50_0;
L_0x55815ad75450 .concat [ 1 31 0 0], v0x55815ad751b0_0, L_0x7fbdb7e82018;
L_0x55815ad85550 .cmp/eq 32, L_0x55815ad75450, L_0x7fbdb7e82060;
L_0x55815ad856c0 .array/port v0x55815ad74950, L_0x55815ad27800;
L_0x55815ad85760 .array/port v0x55815ad74950, L_0x55815ad86d30;
L_0x55815ad85890 .functor MUXZ 8, L_0x55815ad85760, L_0x55815ad856c0, L_0x55815ad85550, C4<>;
L_0x55815ad85a50 .concat [ 2 2 0 0], v0x55815ad74bd0_0, L_0x7fbdb7e820a8;
L_0x55815ad85b80 .concat [ 2 2 0 0], v0x55815ad74cb0_0, L_0x7fbdb7e820f0;
L_0x55815ad85d20 .arith/mult 4, L_0x55815ad85b80, L_0x7fbdb7e82138;
L_0x55815ad85eb0 .arith/sum 4, L_0x55815ad85a50, L_0x55815ad85d20;
L_0x55815ad85ff0 .array/port v0x55815ad746d0, L_0x55815ad860f0;
L_0x55815ad860f0 .concat [ 4 2 0 0], L_0x55815ad85eb0, L_0x7fbdb7e82180;
L_0x55815ad862d0 .concat [ 4 4 0 0], v0x55815ad74a10_0, L_0x7fbdb7e821c8;
L_0x55815ad86430 .concat [ 2 6 0 0], v0x55815ad74bd0_0, L_0x7fbdb7e82210;
L_0x55815ad86570 .arith/sum 8, L_0x55815ad862d0, L_0x55815ad86430;
L_0x55815ad867a0 .concat [ 4 4 0 0], v0x55815ad750d0_0, L_0x7fbdb7e82258;
L_0x55815ad86890 .concat [ 2 6 0 0], v0x55815ad74cb0_0, L_0x7fbdb7e822a0;
L_0x55815ad86a10 .arith/sum 8, L_0x55815ad867a0, L_0x55815ad86890;
L_0x55815ad86b50 .arith/mult 8, L_0x55815ad86a10, L_0x7fbdb7e822e8;
L_0x55815ad86d30 .arith/sum 8, L_0x55815ad86570, L_0x55815ad86b50;
    .scope S_0x55815acfd100;
T_0 ;
    %wait E_0x55815ad33e90;
    %pushi/vec4 13, 0, 8;
    %ix/load 4, 0, 0;
    %flag_set/imm 4, 0;
    %store/vec4a v0x55815ad746d0, 4, 0;
    %pushi/vec4 16, 0, 8;
    %ix/load 4, 1, 0;
    %flag_set/imm 4, 0;
    %store/vec4a v0x55815ad746d0, 4, 0;
    %pushi/vec4 19, 0, 8;
    %ix/load 4, 2, 0;
    %flag_set/imm 4, 0;
    %store/vec4a v0x55815ad746d0, 4, 0;
    %pushi/vec4 22, 0, 8;
    %ix/load 4, 3, 0;
    %flag_set/imm 4, 0;
    %store/vec4a v0x55815ad746d0, 4, 0;
    %pushi/vec4 37, 0, 8;
    %ix/load 4, 4, 0;
    %flag_set/imm 4, 0;
    %store/vec4a v0x55815ad746d0, 4, 0;
    %pushi/vec4 40, 0, 8;
    %ix/load 4, 5, 0;
    %flag_set/imm 4, 0;
    %store/vec4a v0x55815ad746d0, 4, 0;
    %pushi/vec4 43, 0, 8;
    %ix/load 4, 6, 0;
    %flag_set/imm 4, 0;
    %store/vec4a v0x55815ad746d0, 4, 0;
    %pushi/vec4 46, 0, 8;
    %ix/load 4, 7, 0;
    %flag_set/imm 4, 0;
    %store/vec4a v0x55815ad746d0, 4, 0;
    %pushi/vec4 61, 0, 8;
    %ix/load 4, 8, 0;
    %flag_set/imm 4, 0;
    %store/vec4a v0x55815ad746d0, 4, 0;
    %pushi/vec4 64, 0, 8;
    %ix/load 4, 9, 0;
    %flag_set/imm 4, 0;
    %store/vec4a v0x55815ad746d0, 4, 0;
    %pushi/vec4 67, 0, 8;
    %ix/load 4, 10, 0;
    %flag_set/imm 4, 0;
    %store/vec4a v0x55815ad746d0, 4, 0;
    %pushi/vec4 70, 0, 8;
    %ix/load 4, 11, 0;
    %flag_set/imm 4, 0;
    %store/vec4a v0x55815ad746d0, 4, 0;
    %pushi/vec4 85, 0, 8;
    %ix/load 4, 12, 0;
    %flag_set/imm 4, 0;
    %store/vec4a v0x55815ad746d0, 4, 0;
    %pushi/vec4 88, 0, 8;
    %ix/load 4, 13, 0;
    %flag_set/imm 4, 0;
    %store/vec4a v0x55815ad746d0, 4, 0;
    %pushi/vec4 91, 0, 8;
    %ix/load 4, 14, 0;
    %flag_set/imm 4, 0;
    %store/vec4a v0x55815ad746d0, 4, 0;
    %pushi/vec4 94, 0, 8;
    %ix/load 4, 15, 0;
    %flag_set/imm 4, 0;
    %store/vec4a v0x55815ad746d0, 4, 0;
    %jmp T_0;
    .thread T_0;
    .scope S_0x55815acfd100;
T_1 ;
    %wait E_0x55815ad33490;
    %load/vec4 v0x55815ad74e50_0;
    %flag_set/vec4 8;
    %jmp/0xz  T_1.0, 8;
    %pushi/vec4 0, 0, 3;
    %assign/vec4 v0x55815ad74ff0_0, 0;
    %pushi/vec4 0, 0, 1;
    %assign/vec4 v0x55815ad751b0_0, 0;
    %pushi/vec4 0, 0, 1;
    %assign/vec4 v0x55815ad73fe0_0, 0;
    %pushi/vec4 0, 0, 2;
    %assign/vec4 v0x55815ad74f10_0, 0;
    %jmp T_1.1;
T_1.0 ;
    %load/vec4 v0x55815ad74ff0_0;
    %nor/r;
    %flag_set/vec4 8;
    %jmp/0xz  T_1.2, 8;
    %pushi/vec4 0, 0, 1;
    %assign/vec4 v0x55815ad74d90_0, 0;
    %load/vec4 v0x55815ad74240_0;
    %load/vec4 v0x55815ad73fe0_0;
    %nor/r;
    %and;
    %flag_set/vec4 8;
    %jmp/0xz  T_1.4, 8;
    %load/vec4 v0x55815ad74160_0;
    %cmpi/e 0, 0, 4;
    %jmp/0xz  T_1.6, 4;
    %pushi/vec4 0, 0, 108;
    %assign/vec4 v0x55815ad74af0_0, 0;
    %pushi/vec4 1, 0, 3;
    %assign/vec4 v0x55815ad74ff0_0, 0;
    %pushi/vec4 1, 0, 1;
    %assign/vec4 v0x55815ad73fe0_0, 0;
    %jmp T_1.7;
T_1.6 ;
    %pushi/vec4 2, 0, 3;
    %assign/vec4 v0x55815ad74ff0_0, 0;
    %pushi/vec4 1, 0, 1;
    %assign/vec4 v0x55815ad73fe0_0, 0;
    %load/vec4 v0x55815ad74160_0;
    %pushi/vec4 1, 0, 4;
    %cmp/e;
    %flag_get/vec4 4;
    %load/vec4 v0x55815ad751b0_0;
    %pad/u 32;
    %pushi/vec4 0, 0, 32;
    %cmp/e;
    %flag_get/vec4 4;
    %and;
    %flag_set/vec4 8;
    %jmp/0xz  T_1.8, 8;
    %load/vec4 v0x55815ad74f10_0;
    %subi 1, 0, 2;
    %assign/vec4 v0x55815ad74f10_0, 0;
    %jmp T_1.9;
T_1.8 ;
    %load/vec4 v0x55815ad74160_0;
    %pushi/vec4 2, 0, 4;
    %cmp/e;
    %flag_get/vec4 4;
    %load/vec4 v0x55815ad751b0_0;
    %pad/u 32;
    %pushi/vec4 0, 0, 32;
    %cmp/e;
    %flag_get/vec4 4;
    %and;
    %flag_set/vec4 8;
    %jmp/0xz  T_1.10, 8;
    %load/vec4 v0x55815ad74f10_0;
    %addi 1, 0, 2;
    %assign/vec4 v0x55815ad74f10_0, 0;
    %jmp T_1.11;
T_1.10 ;
    %load/vec4 v0x55815ad74160_0;
    %cmpi/e 3, 0, 4;
    %jmp/0xz  T_1.12, 4;
    %pushi/vec4 1, 0, 1;
    %assign/vec4 v0x55815ad751b0_0, 0;
    %pushi/vec4 4, 0, 4;
    %assign/vec4 v0x55815ad74a10_0, 0;
    %pushi/vec4 3, 0, 4;
    %assign/vec4 v0x55815ad750d0_0, 0;
    %jmp T_1.13;
T_1.12 ;
    %load/vec4 v0x55815ad74160_0;
    %cmpi/e 4, 0, 4;
    %jmp/0xz  T_1.14, 4;
    %pushi/vec4 0, 0, 1;
    %assign/vec4 v0x55815ad751b0_0, 0;
    %pushi/vec4 4, 0, 4;
    %assign/vec4 v0x55815ad74a10_0, 0;
    %pushi/vec4 3, 0, 4;
    %assign/vec4 v0x55815ad750d0_0, 0;
    %jmp T_1.15;
T_1.14 ;
    %load/vec4 v0x55815ad74160_0;
    %pushi/vec4 5, 0, 4;
    %cmp/e;
    %flag_get/vec4 4;
    %load/vec4 v0x55815ad751b0_0;
    %pad/u 32;
    %pushi/vec4 1, 0, 32;
    %cmp/e;
    %flag_get/vec4 4;
    %and;
    %flag_set/vec4 8;
    %jmp/0xz  T_1.16, 8;
    %load/vec4 v0x55815ad74f10_0;
    %pad/u 32;
    %cmpi/e 0, 0, 32;
    %jmp/0xz  T_1.18, 4;
    %load/vec4 v0x55815ad74a10_0;
    %pad/u 32;
    %cmpi/u 8, 0, 32;
    %jmp/0xz  T_1.20, 5;
    %load/vec4 v0x55815ad74a10_0;
    %addi 1, 0, 4;
    %assign/vec4 v0x55815ad74a10_0, 0;
T_1.20 ;
    %jmp T_1.19;
T_1.18 ;
    %load/vec4 v0x55815ad74f10_0;
    %pad/u 32;
    %cmpi/e 1, 0, 32;
    %jmp/0xz  T_1.22, 4;
    %pushi/vec4 0, 0, 32;
    %load/vec4 v0x55815ad750d0_0;
    %pad/u 32;
    %cmp/u;
    %jmp/0xz  T_1.24, 5;
    %load/vec4 v0x55815ad750d0_0;
    %subi 1, 0, 4;
    %assign/vec4 v0x55815ad750d0_0, 0;
T_1.24 ;
    %jmp T_1.23;
T_1.22 ;
    %load/vec4 v0x55815ad750d0_0;
    %pad/u 32;
    %cmpi/u 5, 0, 32;
    %jmp/0xz  T_1.26, 5;
    %load/vec4 v0x55815ad750d0_0;
    %addi 1, 0, 4;
    %assign/vec4 v0x55815ad750d0_0, 0;
T_1.26 ;
T_1.23 ;
T_1.19 ;
    %jmp T_1.17;
T_1.16 ;
    %load/vec4 v0x55815ad74160_0;
    %pushi/vec4 6, 0, 4;
    %cmp/e;
    %flag_get/vec4 4;
    %load/vec4 v0x55815ad751b0_0;
    %pad/u 32;
    %pushi/vec4 1, 0, 32;
    %cmp/e;
    %flag_get/vec4 4;
    %and;
    %flag_set/vec4 8;
    %jmp/0xz  T_1.28, 8;
    %load/vec4 v0x55815ad74f10_0;
    %pad/u 32;
    %cmpi/e 0, 0, 32;
    %jmp/0xz  T_1.30, 4;
    %pushi/vec4 0, 0, 32;
    %load/vec4 v0x55815ad74a10_0;
    %pad/u 32;
    %cmp/u;
    %jmp/0xz  T_1.32, 5;
    %load/vec4 v0x55815ad74a10_0;
    %subi 1, 0, 4;
    %assign/vec4 v0x55815ad74a10_0, 0;
T_1.32 ;
    %jmp T_1.31;
T_1.30 ;
    %load/vec4 v0x55815ad74f10_0;
    %pad/u 32;
    %cmpi/e 1, 0, 32;
    %jmp/0xz  T_1.34, 4;
    %load/vec4 v0x55815ad750d0_0;
    %pad/u 32;
    %cmpi/u 5, 0, 32;
    %jmp/0xz  T_1.36, 5;
    %load/vec4 v0x55815ad750d0_0;
    %addi 1, 0, 4;
    %assign/vec4 v0x55815ad750d0_0, 0;
T_1.36 ;
    %jmp T_1.35;
T_1.34 ;
    %pushi/vec4 0, 0, 32;
    %load/vec4 v0x55815ad750d0_0;
    %pad/u 32;
    %cmp/u;
    %jmp/0xz  T_1.38, 5;
    %load/vec4 v0x55815ad750d0_0;
    %subi 1, 0, 4;
    %assign/vec4 v0x55815ad750d0_0, 0;
T_1.38 ;
T_1.35 ;
T_1.31 ;
    %jmp T_1.29;
T_1.28 ;
    %load/vec4 v0x55815ad74160_0;
    %pushi/vec4 7, 0, 4;
    %cmp/e;
    %flag_get/vec4 4;
    %load/vec4 v0x55815ad751b0_0;
    %pad/u 32;
    %pushi/vec4 1, 0, 32;
    %cmp/e;
    %flag_get/vec4 4;
    %and;
    %flag_set/vec4 8;
    %jmp/0xz  T_1.40, 8;
    %load/vec4 v0x55815ad74f10_0;
    %pad/u 32;
    %cmpi/e 0, 0, 32;
    %jmp/0xz  T_1.42, 4;
    %pushi/vec4 0, 0, 32;
    %load/vec4 v0x55815ad750d0_0;
    %pad/u 32;
    %cmp/u;
    %jmp/0xz  T_1.44, 5;
    %load/vec4 v0x55815ad750d0_0;
    %subi 1, 0, 4;
    %assign/vec4 v0x55815ad750d0_0, 0;
T_1.44 ;
    %jmp T_1.43;
T_1.42 ;
    %load/vec4 v0x55815ad74f10_0;
    %pad/u 32;
    %cmpi/e 1, 0, 32;
    %jmp/0xz  T_1.46, 4;
    %pushi/vec4 0, 0, 32;
    %load/vec4 v0x55815ad74a10_0;
    %pad/u 32;
    %cmp/u;
    %jmp/0xz  T_1.48, 5;
    %load/vec4 v0x55815ad74a10_0;
    %subi 1, 0, 4;
    %assign/vec4 v0x55815ad74a10_0, 0;
T_1.48 ;
    %jmp T_1.47;
T_1.46 ;
    %load/vec4 v0x55815ad74a10_0;
    %pad/u 32;
    %cmpi/u 8, 0, 32;
    %jmp/0xz  T_1.50, 5;
    %load/vec4 v0x55815ad74a10_0;
    %addi 1, 0, 4;
    %assign/vec4 v0x55815ad74a10_0, 0;
T_1.50 ;
T_1.47 ;
T_1.43 ;
    %jmp T_1.41;
T_1.40 ;
    %load/vec4 v0x55815ad74160_0;
    %pushi/vec4 7, 0, 4;
    %cmp/e;
    %flag_get/vec4 4;
    %load/vec4 v0x55815ad751b0_0;
    %pad/u 32;
    %pushi/vec4 1, 0, 32;
    %cmp/e;
    %flag_get/vec4 4;
    %and;
    %flag_set/vec4 8;
    %jmp/0xz  T_1.52, 8;
    %load/vec4 v0x55815ad74f10_0;
    %pad/u 32;
    %cmpi/e 0, 0, 32;
    %jmp/0xz  T_1.54, 4;
    %load/vec4 v0x55815ad750d0_0;
    %pad/u 32;
    %cmpi/u 5, 0, 32;
    %jmp/0xz  T_1.56, 5;
    %load/vec4 v0x55815ad750d0_0;
    %addi 1, 0, 4;
    %assign/vec4 v0x55815ad750d0_0, 0;
T_1.56 ;
    %jmp T_1.55;
T_1.54 ;
    %load/vec4 v0x55815ad74f10_0;
    %pad/u 32;
    %cmpi/e 1, 0, 32;
    %jmp/0xz  T_1.58, 4;
    %load/vec4 v0x55815ad74a10_0;
    %pad/u 32;
    %cmpi/u 8, 0, 32;
    %jmp/0xz  T_1.60, 5;
    %load/vec4 v0x55815ad74a10_0;
    %addi 1, 0, 4;
    %assign/vec4 v0x55815ad74a10_0, 0;
T_1.60 ;
    %jmp T_1.59;
T_1.58 ;
    %pushi/vec4 0, 0, 32;
    %load/vec4 v0x55815ad74a10_0;
    %pad/u 32;
    %cmp/u;
    %jmp/0xz  T_1.62, 5;
    %load/vec4 v0x55815ad74a10_0;
    %subi 1, 0, 4;
    %assign/vec4 v0x55815ad74a10_0, 0;
T_1.62 ;
T_1.59 ;
T_1.55 ;
T_1.52 ;
T_1.41 ;
T_1.29 ;
T_1.17 ;
T_1.15 ;
T_1.13 ;
T_1.11 ;
T_1.9 ;
T_1.7 ;
T_1.4 ;
    %jmp T_1.3;
T_1.2 ;
    %load/vec4 v0x55815ad74ff0_0;
    %pad/u 32;
    %cmpi/e 1, 0, 32;
    %jmp/0xz  T_1.64, 4;
    %pushi/vec4 0, 0, 1;
    %assign/vec4 v0x55815ad74d90_0, 0;
    %load/vec4 v0x55815ad74af0_0;
    %cmpi/e 107, 0, 108;
    %jmp/0xz  T_1.66, 4;
    %pushi/vec4 3, 0, 3;
    %assign/vec4 v0x55815ad74ff0_0, 0;
    %pushi/vec4 1, 0, 1;
    %assign/vec4 v0x55815ad73fe0_0, 0;
    %pushi/vec4 1, 0, 1;
    %assign/vec4 v0x55815ad74d90_0, 0;
    %pushi/vec4 4, 0, 4;
    %assign/vec4 v0x55815ad74a10_0, 0;
    %pushi/vec4 3, 0, 4;
    %assign/vec4 v0x55815ad750d0_0, 0;
    %pushi/vec4 0, 0, 2;
    %assign/vec4 v0x55815ad74bd0_0, 0;
    %pushi/vec4 0, 0, 2;
    %assign/vec4 v0x55815ad74cb0_0, 0;
    %pushi/vec4 0, 0, 1;
    %assign/vec4 v0x55815ad751b0_0, 0;
    %pushi/vec4 0, 0, 2;
    %assign/vec4 v0x55815ad74f10_0, 0;
T_1.66 ;
    %load/vec4 v0x55815ad74300_0;
    %ix/getv 3, v0x55815ad74af0_0;
    %ix/load 4, 0, 0; Constant delay
    %assign/vec4/a/d v0x55815ad74950, 0, 4;
    %load/vec4 v0x55815ad74af0_0;
    %addi 1, 0, 108;
    %assign/vec4 v0x55815ad74af0_0, 0;
    %jmp T_1.65;
T_1.64 ;
    %load/vec4 v0x55815ad74ff0_0;
    %pad/u 32;
    %cmpi/e 2, 0, 32;
    %jmp/0xz  T_1.68, 4;
    %load/vec4 v0x55815ad74f10_0;
    %pad/u 32;
    %cmpi/e 0, 0, 32;
    %jmp/0xz  T_1.70, 4;
    %pushi/vec4 0, 0, 2;
    %assign/vec4 v0x55815ad74bd0_0, 0;
    %pushi/vec4 0, 0, 2;
    %assign/vec4 v0x55815ad74cb0_0, 0;
    %jmp T_1.71;
T_1.70 ;
    %load/vec4 v0x55815ad74f10_0;
    %pad/u 32;
    %cmpi/e 1, 0, 32;
    %jmp/0xz  T_1.72, 4;
    %pushi/vec4 0, 0, 2;
    %assign/vec4 v0x55815ad74bd0_0, 0;
    %pushi/vec4 3, 0, 2;
    %assign/vec4 v0x55815ad74cb0_0, 0;
    %jmp T_1.73;
T_1.72 ;
    %load/vec4 v0x55815ad74f10_0;
    %pad/u 32;
    %cmpi/e 2, 0, 32;
    %jmp/0xz  T_1.74, 4;
    %pushi/vec4 3, 0, 2;
    %assign/vec4 v0x55815ad74bd0_0, 0;
    %pushi/vec4 0, 0, 2;
    %assign/vec4 v0x55815ad74cb0_0, 0;
T_1.74 ;
T_1.73 ;
T_1.71 ;
    %pushi/vec4 1, 0, 1;
    %assign/vec4 v0x55815ad74d90_0, 0;
    %pushi/vec4 3, 0, 3;
    %assign/vec4 v0x55815ad74ff0_0, 0;
    %pushi/vec4 1, 0, 1;
    %assign/vec4 v0x55815ad73fe0_0, 0;
    %jmp T_1.69;
T_1.68 ;
    %load/vec4 v0x55815ad74ff0_0;
    %pad/u 32;
    %cmpi/e 3, 0, 32;
    %jmp/0xz  T_1.76, 4;
    %load/vec4 v0x55815ad74f10_0;
    %pad/u 32;
    %cmpi/e 0, 0, 32;
    %jmp/0xz  T_1.78, 4;
    %load/vec4 v0x55815ad74bd0_0;
    %pad/u 32;
    %cmpi/e 3, 0, 32;
    %jmp/0xz  T_1.80, 4;
    %load/vec4 v0x55815ad74cb0_0;
    %pad/u 32;
    %cmpi/e 3, 0, 32;
    %jmp/0xz  T_1.82, 4;
    %pushi/vec4 0, 0, 3;
    %assign/vec4 v0x55815ad74ff0_0, 0;
    %pushi/vec4 0, 0, 1;
    %assign/vec4 v0x55815ad73fe0_0, 0;
    %pushi/vec4 0, 0, 1;
    %assign/vec4 v0x55815ad74d90_0, 0;
T_1.82 ;
    %load/vec4 v0x55815ad74cb0_0;
    %addi 1, 0, 2;
    %assign/vec4 v0x55815ad74cb0_0, 0;
T_1.80 ;
    %load/vec4 v0x55815ad74bd0_0;
    %addi 1, 0, 2;
    %assign/vec4 v0x55815ad74bd0_0, 0;
    %jmp T_1.79;
T_1.78 ;
    %load/vec4 v0x55815ad74f10_0;
    %pad/u 32;
    %cmpi/e 1, 0, 32;
    %jmp/0xz  T_1.84, 4;
    %load/vec4 v0x55815ad74cb0_0;
    %pad/u 32;
    %cmpi/e 0, 0, 32;
    %jmp/0xz  T_1.86, 4;
    %load/vec4 v0x55815ad74bd0_0;
    %pad/u 32;
    %cmpi/e 3, 0, 32;
    %jmp/0xz  T_1.88, 4;
    %pushi/vec4 0, 0, 3;
    %assign/vec4 v0x55815ad74ff0_0, 0;
    %pushi/vec4 0, 0, 1;
    %assign/vec4 v0x55815ad73fe0_0, 0;
    %pushi/vec4 0, 0, 1;
    %assign/vec4 v0x55815ad74d90_0, 0;
T_1.88 ;
    %load/vec4 v0x55815ad74bd0_0;
    %addi 1, 0, 2;
    %assign/vec4 v0x55815ad74bd0_0, 0;
T_1.86 ;
    %load/vec4 v0x55815ad74cb0_0;
    %subi 1, 0, 2;
    %assign/vec4 v0x55815ad74cb0_0, 0;
    %jmp T_1.85;
T_1.84 ;
    %load/vec4 v0x55815ad74f10_0;
    %pad/u 32;
    %cmpi/e 3, 0, 32;
    %jmp/0xz  T_1.90, 4;
    %load/vec4 v0x55815ad74cb0_0;
    %pad/u 32;
    %cmpi/e 3, 0, 32;
    %jmp/0xz  T_1.92, 4;
    %load/vec4 v0x55815ad74bd0_0;
    %pad/u 32;
    %cmpi/e 0, 0, 32;
    %jmp/0xz  T_1.94, 4;
    %pushi/vec4 0, 0, 3;
    %assign/vec4 v0x55815ad74ff0_0, 0;
    %pushi/vec4 0, 0, 1;
    %assign/vec4 v0x55815ad73fe0_0, 0;
    %pushi/vec4 0, 0, 1;
    %assign/vec4 v0x55815ad74d90_0, 0;
T_1.94 ;
    %load/vec4 v0x55815ad74bd0_0;
    %subi 1, 0, 2;
    %assign/vec4 v0x55815ad74bd0_0, 0;
T_1.92 ;
    %load/vec4 v0x55815ad74cb0_0;
    %addi 1, 0, 2;
    %assign/vec4 v0x55815ad74cb0_0, 0;
T_1.90 ;
T_1.85 ;
T_1.79 ;
T_1.76 ;
T_1.69 ;
T_1.65 ;
T_1.3 ;
T_1.1 ;
    %jmp T_1;
    .thread T_1;
# The file index is used to find the file name in the following table.
:file_names 3;
    "N/A";
    "<interactive>";
    "cs.v";
