#! /usr/bin/vvp
:ivl_version "10.3 (stable)";
:ivl_delay_selection "TYPICAL";
:vpi_time_precision + 0;
:vpi_module "system";
:vpi_module "vhdl_sys";
:vpi_module "v2005_math";
:vpi_module "va_math";
S_0x5624d1cf50d0 .scope module, "FFT_PE" "FFT_PE" 2 1;
 .timescale 0 0;
    .port_info 0 /INPUT 1 "clk"
    .port_info 1 /INPUT 1 "rst"
    .port_info 2 /INPUT 32 "a"
    .port_info 3 /INPUT 32 "b"
    .port_info 4 /INPUT 3 "power"
    .port_info 5 /INPUT 1 "ab_valid"
    .port_info 6 /OUTPUT 32 "fft_a"
    .port_info 7 /OUTPUT 32 "fft_b"
    .port_info 8 /OUTPUT 1 "fft_pe_valid"
P_0x5624d1cf5250 .param/l "FINISH" 0 2 29, C4<011>;
P_0x5624d1cf5290 .param/l "IDLE" 0 2 26, C4<000>;
P_0x5624d1cf52d0 .param/l "READ" 0 2 27, C4<001>;
P_0x5624d1cf5310 .param/l "WRITE" 0 2 28, C4<010>;
v0x5624d1d09600_0 .var/s "W_img", 31 0;
v0x5624d1d4b3a0_0 .var/s "W_real", 31 0;
o0x7fa396ca4078 .functor BUFZ 32, C4<zzzzzzzzzzzzzzzzzzzzzzzzzzzzzzzz>; HiZ drive
v0x5624d1d4b480_0 .net/s "a", 31 0, o0x7fa396ca4078;  0 drivers
v0x5624d1d4b540_0 .var/s "a_img", 31 0;
v0x5624d1d4b620_0 .var/s "a_real", 31 0;
v0x5624d1d4b750_0 .var/s "a_tmp_img", 31 0;
v0x5624d1d4b830_0 .var/s "a_tmp_real", 31 0;
o0x7fa396ca4168 .functor BUFZ 1, C4<z>; HiZ drive
v0x5624d1d4b910_0 .net "ab_valid", 0 0, o0x7fa396ca4168;  0 drivers
o0x7fa396ca4198 .functor BUFZ 32, C4<zzzzzzzzzzzzzzzzzzzzzzzzzzzzzzzz>; HiZ drive
v0x5624d1d4b9d0_0 .net/s "b", 31 0, o0x7fa396ca4198;  0 drivers
v0x5624d1d4bab0_0 .var/s "b_img", 31 0;
v0x5624d1d4bb90_0 .var/s "b_real", 31 0;
v0x5624d1d4bc70_0 .var/s "b_tmp_img", 31 0;
v0x5624d1d4bd50_0 .var/s "b_tmp_real", 31 0;
o0x7fa396ca4288 .functor BUFZ 1, C4<z>; HiZ drive
v0x5624d1d4be30_0 .net "clk", 0 0, o0x7fa396ca4288;  0 drivers
v0x5624d1d4bef0_0 .var "fft_a", 31 0;
v0x5624d1d4bfd0_0 .var "fft_b", 31 0;
v0x5624d1d4c0b0_0 .var "fft_pe_valid", 0 0;
v0x5624d1d4c280_0 .var "next_state", 2 0;
v0x5624d1d4c360_0 .var "pe_flag", 0 0;
o0x7fa396ca43a8 .functor BUFZ 3, C4<zzz>; HiZ drive
v0x5624d1d4c420_0 .net "power", 2 0, o0x7fa396ca43a8;  0 drivers
o0x7fa396ca43d8 .functor BUFZ 1, C4<z>; HiZ drive
v0x5624d1d4c500_0 .net "rst", 0 0, o0x7fa396ca43d8;  0 drivers
v0x5624d1d4c5c0_0 .var "state", 2 0;
E_0x5624d1d2b4e0/0 .event edge, v0x5624d1d4b620_0, v0x5624d1d4bb90_0, v0x5624d1d4b540_0, v0x5624d1d4bab0_0;
E_0x5624d1d2b4e0/1 .event edge, v0x5624d1d4b3a0_0, v0x5624d1d09600_0;
E_0x5624d1d2b4e0 .event/or E_0x5624d1d2b4e0/0, E_0x5624d1d2b4e0/1;
E_0x5624d1d2aad0 .event negedge, v0x5624d1d4be30_0;
E_0x5624d1d2c370 .event posedge, v0x5624d1d4be30_0;
E_0x5624d1d2bf20 .event edge, v0x5624d1d4c420_0;
E_0x5624d1d2c110 .event posedge, v0x5624d1d4c500_0, v0x5624d1d4be30_0;
    .scope S_0x5624d1cf50d0;
T_0 ;
    %wait E_0x5624d1d2c110;
    %load/vec4 v0x5624d1d4c500_0;
    %pad/u 32;
    %cmpi/e 1, 0, 32;
    %jmp/0xz  T_0.0, 4;
    %pushi/vec4 0, 0, 3;
    %assign/vec4 v0x5624d1d4c5c0_0, 0;
    %jmp T_0.1;
T_0.0 ;
    %load/vec4 v0x5624d1d4c280_0;
    %assign/vec4 v0x5624d1d4c5c0_0, 0;
T_0.1 ;
    %jmp T_0;
    .thread T_0;
    .scope S_0x5624d1cf50d0;
T_1 ;
    %wait E_0x5624d1d2c370;
    %load/vec4 v0x5624d1d4b910_0;
    %flag_set/vec4 8;
    %jmp/0xz  T_1.0, 8;
    %pushi/vec4 1, 0, 3;
    %assign/vec4 v0x5624d1d4c280_0, 0;
    %jmp T_1.1;
T_1.0 ;
    %load/vec4 v0x5624d1d4c360_0;
    %flag_set/vec4 8;
    %jmp/0xz  T_1.2, 8;
    %pushi/vec4 2, 0, 3;
    %assign/vec4 v0x5624d1d4c280_0, 0;
    %jmp T_1.3;
T_1.2 ;
    %pushi/vec4 0, 0, 3;
    %assign/vec4 v0x5624d1d4c280_0, 0;
T_1.3 ;
T_1.1 ;
    %jmp T_1;
    .thread T_1;
    .scope S_0x5624d1cf50d0;
T_2 ;
    %wait E_0x5624d1d2bf20;
    %load/vec4 v0x5624d1d4c420_0;
    %dup/vec4;
    %pushi/vec4 0, 0, 3;
    %cmp/u;
    %jmp/1 T_2.0, 6;
    %dup/vec4;
    %pushi/vec4 1, 0, 3;
    %cmp/u;
    %jmp/1 T_2.1, 6;
    %dup/vec4;
    %pushi/vec4 2, 0, 3;
    %cmp/u;
    %jmp/1 T_2.2, 6;
    %dup/vec4;
    %pushi/vec4 3, 0, 3;
    %cmp/u;
    %jmp/1 T_2.3, 6;
    %dup/vec4;
    %pushi/vec4 4, 0, 3;
    %cmp/u;
    %jmp/1 T_2.4, 6;
    %dup/vec4;
    %pushi/vec4 5, 0, 3;
    %cmp/u;
    %jmp/1 T_2.5, 6;
    %dup/vec4;
    %pushi/vec4 6, 0, 3;
    %cmp/u;
    %jmp/1 T_2.6, 6;
    %dup/vec4;
    %pushi/vec4 7, 0, 3;
    %cmp/u;
    %jmp/1 T_2.7, 6;
    %jmp T_2.8;
T_2.0 ;
    %pushi/vec4 65536, 0, 32;
    %store/vec4 v0x5624d1d4b3a0_0, 0, 32;
    %pushi/vec4 0, 0, 32;
    %store/vec4 v0x5624d1d09600_0, 0, 32;
    %jmp T_2.8;
T_2.1 ;
    %pushi/vec4 60547, 0, 32;
    %store/vec4 v0x5624d1d4b3a0_0, 0, 32;
    %pushi/vec4 4294942217, 0, 32;
    %store/vec4 v0x5624d1d09600_0, 0, 32;
    %jmp T_2.8;
T_2.2 ;
    %pushi/vec4 46340, 0, 32;
    %store/vec4 v0x5624d1d4b3a0_0, 0, 32;
    %pushi/vec4 4294920956, 0, 32;
    %store/vec4 v0x5624d1d09600_0, 0, 32;
    %jmp T_2.8;
T_2.3 ;
    %pushi/vec4 25079, 0, 32;
    %store/vec4 v0x5624d1d4b3a0_0, 0, 32;
    %pushi/vec4 4294906749, 0, 32;
    %store/vec4 v0x5624d1d09600_0, 0, 32;
    %jmp T_2.8;
T_2.4 ;
    %pushi/vec4 0, 0, 32;
    %store/vec4 v0x5624d1d4b3a0_0, 0, 32;
    %pushi/vec4 4294901760, 0, 32;
    %store/vec4 v0x5624d1d09600_0, 0, 32;
    %jmp T_2.8;
T_2.5 ;
    %pushi/vec4 4294942217, 0, 32;
    %store/vec4 v0x5624d1d4b3a0_0, 0, 32;
    %pushi/vec4 4294906749, 0, 32;
    %store/vec4 v0x5624d1d09600_0, 0, 32;
    %jmp T_2.8;
T_2.6 ;
    %pushi/vec4 4294920956, 0, 32;
    %store/vec4 v0x5624d1d4b3a0_0, 0, 32;
    %pushi/vec4 4294920956, 0, 32;
    %store/vec4 v0x5624d1d09600_0, 0, 32;
    %jmp T_2.8;
T_2.7 ;
    %pushi/vec4 4294906749, 0, 32;
    %store/vec4 v0x5624d1d4b3a0_0, 0, 32;
    %pushi/vec4 4294942217, 0, 32;
    %store/vec4 v0x5624d1d09600_0, 0, 32;
    %jmp T_2.8;
T_2.8 ;
    %pop/vec4 1;
    %jmp T_2;
    .thread T_2, $push;
    .scope S_0x5624d1cf50d0;
T_3 ;
    %wait E_0x5624d1d2c370;
    %load/vec4 v0x5624d1d4b910_0;
    %flag_set/vec4 8;
    %jmp/0xz  T_3.0, 8;
    %load/vec4 v0x5624d1d4b480_0;
    %parti/s 16, 16, 6;
    %pad/u 32;
    %assign/vec4 v0x5624d1d4b620_0, 0;
    %load/vec4 v0x5624d1d4b480_0;
    %parti/s 16, 0, 2;
    %pad/u 32;
    %assign/vec4 v0x5624d1d4b540_0, 0;
    %load/vec4 v0x5624d1d4b9d0_0;
    %parti/s 16, 16, 6;
    %pad/u 32;
    %assign/vec4 v0x5624d1d4bb90_0, 0;
    %load/vec4 v0x5624d1d4b9d0_0;
    %parti/s 16, 0, 2;
    %pad/u 32;
    %assign/vec4 v0x5624d1d4bab0_0, 0;
    %pushi/vec4 1, 0, 1;
    %assign/vec4 v0x5624d1d4c360_0, 0;
    %jmp T_3.1;
T_3.0 ;
    %pushi/vec4 0, 0, 1;
    %assign/vec4 v0x5624d1d4c360_0, 0;
T_3.1 ;
    %jmp T_3;
    .thread T_3;
    .scope S_0x5624d1cf50d0;
T_4 ;
    %wait E_0x5624d1d2aad0;
    %load/vec4 v0x5624d1d4c360_0;
    %flag_set/vec4 8;
    %jmp/0xz  T_4.0, 8;
    %pushi/vec4 1, 0, 1;
    %assign/vec4 v0x5624d1d4c0b0_0, 0;
    %load/vec4 v0x5624d1d4b830_0;
    %parti/s 16, 0, 2;
    %load/vec4 v0x5624d1d4b750_0;
    %parti/s 16, 0, 2;
    %concat/vec4; draw_concat_vec4
    %store/vec4 v0x5624d1d4bef0_0, 0, 32;
    %load/vec4 v0x5624d1d4bd50_0;
    %parti/s 16, 0, 2;
    %load/vec4 v0x5624d1d4bc70_0;
    %parti/s 16, 0, 2;
    %concat/vec4; draw_concat_vec4
    %store/vec4 v0x5624d1d4bfd0_0, 0, 32;
    %jmp T_4.1;
T_4.0 ;
    %pushi/vec4 0, 0, 1;
    %assign/vec4 v0x5624d1d4c0b0_0, 0;
T_4.1 ;
    %jmp T_4;
    .thread T_4;
    .scope S_0x5624d1cf50d0;
T_5 ;
    %wait E_0x5624d1d2b4e0;
    %load/vec4 v0x5624d1d4b620_0;
    %load/vec4 v0x5624d1d4bb90_0;
    %add;
    %store/vec4 v0x5624d1d4b830_0, 0, 32;
    %load/vec4 v0x5624d1d4b540_0;
    %load/vec4 v0x5624d1d4bab0_0;
    %add;
    %store/vec4 v0x5624d1d4b750_0, 0, 32;
    %load/vec4 v0x5624d1d4b620_0;
    %load/vec4 v0x5624d1d4bb90_0;
    %sub;
    %load/vec4 v0x5624d1d4b3a0_0;
    %mul;
    %load/vec4 v0x5624d1d4bab0_0;
    %load/vec4 v0x5624d1d4b540_0;
    %sub;
    %load/vec4 v0x5624d1d09600_0;
    %mul;
    %add;
    %store/vec4 v0x5624d1d4bd50_0, 0, 32;
    %load/vec4 v0x5624d1d4b620_0;
    %load/vec4 v0x5624d1d4bb90_0;
    %sub;
    %load/vec4 v0x5624d1d09600_0;
    %mul;
    %load/vec4 v0x5624d1d4b540_0;
    %load/vec4 v0x5624d1d4bab0_0;
    %sub;
    %load/vec4 v0x5624d1d4b3a0_0;
    %mul;
    %add;
    %store/vec4 v0x5624d1d4bc70_0, 0, 32;
    %jmp T_5;
    .thread T_5, $push;
# The file index is used to find the file name in the following table.
:file_names 3;
    "N/A";
    "<interactive>";
    "FFT_PE.v";
