#! /usr/bin/vvp
:ivl_version "10.3 (stable)";
:ivl_delay_selection "TYPICAL";
:vpi_time_precision - 11;
:vpi_module "system";
:vpi_module "vhdl_sys";
:vpi_module "v2005_math";
:vpi_module "va_math";
S_0x558f67d2c160 .scope module, "CONV" "CONV" 2 4;
 .timescale -9 -11;
    .port_info 0 /INPUT 1 "clk"
    .port_info 1 /INPUT 1 "reset"
    .port_info 2 /OUTPUT 1 "busy"
    .port_info 3 /INPUT 1 "ready"
    .port_info 4 /OUTPUT 12 "iaddr"
    .port_info 5 /INPUT 20 "idata"
    .port_info 6 /OUTPUT 1 "cwr"
    .port_info 7 /OUTPUT 12 "caddr_wr"
    .port_info 8 /OUTPUT 20 "cdata_wr"
    .port_info 9 /OUTPUT 1 "crd"
    .port_info 10 /OUTPUT 12 "caddr_rd"
    .port_info 11 /INPUT 20 "cdata_rd"
    .port_info 12 /OUTPUT 3 "csel"
P_0x558f67d90eb0 .param/l "FINISH" 0 2 33, C4<1000>;
P_0x558f67d90ef0 .param/l "FLAT" 0 2 32, C4<0111>;
P_0x558f67d90f30 .param/l "IDLE" 0 2 25, C4<0000>;
P_0x558f67d90f70 .param/l "READ_DATA" 0 2 26, C4<0001>;
P_0x558f67d90fb0 .param/l "READ_L0" 0 2 29, C4<0100>;
P_0x558f67d90ff0 .param/l "WRITE_L0_0" 0 2 27, C4<0010>;
P_0x558f67d91030 .param/l "WRITE_L0_1" 0 2 28, C4<0011>;
P_0x558f67d91070 .param/l "WRITE_L1_0" 0 2 30, C4<0101>;
P_0x558f67d910b0 .param/l "WRITE_L1_1" 0 2 31, C4<0110>;
L_0x558f67d64010 .functor NOT 1, L_0x558f67dc33e0, C4<0>, C4<0>, C4<0>;
v0x558f67d540e0_0 .var "L0_done", 0 0;
v0x558f67d541e0_0 .var "L1_done", 0 0;
v0x558f67d89b00_0 .net *"_s0", 39 0, L_0x558f67db2c10;  1 drivers
v0x558f67d89ba0_0 .net *"_s11", 20 0, L_0x558f67dc2f30;  1 drivers
v0x558f67db0a80_0 .net *"_s13", 0 0, L_0x558f67dc3000;  1 drivers
v0x558f67db0bb0_0 .net *"_s14", 20 0, L_0x558f67dc3120;  1 drivers
L_0x7ff8eb0960a8 .functor BUFT 1, C4<00000000000000000000>, C4<0>, C4<0>, C4<0>;
v0x558f67db0c90_0 .net *"_s17", 19 0, L_0x7ff8eb0960a8;  1 drivers
L_0x7ff8eb0960f0 .functor BUFT 1, C4<1000>, C4<0>, C4<0>, C4<0>;
v0x558f67db0d70_0 .net/2u *"_s20", 3 0, L_0x7ff8eb0960f0;  1 drivers
v0x558f67db0e50_0 .net *"_s22", 0 0, L_0x558f67dc33e0;  1 drivers
L_0x7ff8eb096018 .functor BUFT 1, C4<00000000000000000000>, C4<0>, C4<0>, C4<0>;
v0x558f67db0f10_0 .net *"_s3", 19 0, L_0x7ff8eb096018;  1 drivers
v0x558f67db0ff0_0 .net *"_s4", 39 0, L_0x558f67dc2ce0;  1 drivers
L_0x7ff8eb096060 .functor BUFT 1, C4<00000000000000000000>, C4<0>, C4<0>, C4<0>;
v0x558f67db10d0_0 .net *"_s7", 19 0, L_0x7ff8eb096060;  1 drivers
v0x558f67db11b0_0 .var/s "ans", 43 0;
v0x558f67db1290_0 .net "ans_out", 20 0, L_0x558f67dc32a0;  1 drivers
v0x558f67db1370_0 .net "busy", 0 0, L_0x558f67d64010;  1 drivers
v0x558f67db1430_0 .var "caddr_rd", 11 0;
v0x558f67db1510_0 .var "caddr_wr", 11 0;
o0x7ff8eb0df348 .functor BUFZ 20, C4<zzzzzzzzzzzzzzzzzzzz>; HiZ drive
v0x558f67db1700_0 .net "cdata_rd", 19 0, o0x7ff8eb0df348;  0 drivers
v0x558f67db17e0_0 .var "cdata_wr", 19 0;
o0x7ff8eb0df3a8 .functor BUFZ 1, C4<z>; HiZ drive
v0x558f67db18c0_0 .net "clk", 0 0, o0x7ff8eb0df3a8;  0 drivers
v0x558f67db1980_0 .var "cnt", 3 0;
v0x558f67db1a60_0 .var "col", 5 0;
v0x558f67db1b40_0 .var "crd", 0 0;
v0x558f67db1c00_0 .var "csel", 2 0;
v0x558f67db1ce0_0 .var "csel_sel_flag", 0 0;
v0x558f67db1da0_0 .var "cwr", 0 0;
v0x558f67db1e60_0 .var "iaddr", 11 0;
o0x7ff8eb0df528 .functor BUFZ 20, C4<zzzzzzzzzzzzzzzzzzzz>; HiZ drive
v0x558f67db1f40_0 .net "idata", 19 0, o0x7ff8eb0df528;  0 drivers
v0x558f67db2020_0 .var/s "ker", 19 0;
v0x558f67db2100_0 .var "ker_sel", 0 0;
v0x558f67db21c0_0 .var/s "max", 19 0;
v0x558f67db22a0_0 .net/s "mul", 39 0, L_0x558f67dc2df0;  1 drivers
v0x558f67db2380_0 .var "next_state", 3 0;
v0x558f67db2670_0 .var "read_done", 0 0;
o0x7ff8eb0df678 .functor BUFZ 1, C4<z>; HiZ drive
v0x558f67db2730_0 .net "ready", 0 0, o0x7ff8eb0df678;  0 drivers
o0x7ff8eb0df6a8 .functor BUFZ 1, C4<z>; HiZ drive
v0x558f67db27f0_0 .net "reset", 0 0, o0x7ff8eb0df6a8;  0 drivers
v0x558f67db28b0_0 .var "row", 5 0;
v0x558f67db2990_0 .var "state", 3 0;
E_0x558f67d61520 .event posedge, v0x558f67db27f0_0, v0x558f67db18c0_0;
E_0x558f67d2c8b0 .event edge, v0x558f67db2100_0, v0x558f67db1980_0;
E_0x558f67d64b40/0 .event edge, v0x558f67db27f0_0, v0x558f67db2990_0, v0x558f67db2730_0, v0x558f67d540e0_0;
E_0x558f67d64b40/1 .event edge, v0x558f67db2670_0, v0x558f67db2100_0, v0x558f67d541e0_0, v0x558f67db1ce0_0;
E_0x558f67d64b40 .event/or E_0x558f67d64b40/0, E_0x558f67d64b40/1;
L_0x558f67db2c10 .concat [ 20 20 0 0], o0x7ff8eb0df528, L_0x7ff8eb096018;
L_0x558f67dc2ce0 .concat [ 20 20 0 0], v0x558f67db2020_0, L_0x7ff8eb096060;
L_0x558f67dc2df0 .arith/mult 40, L_0x558f67db2c10, L_0x558f67dc2ce0;
L_0x558f67dc2f30 .part v0x558f67db11b0_0, 15, 21;
L_0x558f67dc3000 .part v0x558f67db11b0_0, 15, 1;
L_0x558f67dc3120 .concat [ 1 20 0 0], L_0x558f67dc3000, L_0x7ff8eb0960a8;
L_0x558f67dc32a0 .arith/sum 21, L_0x558f67dc2f30, L_0x558f67dc3120;
L_0x558f67dc33e0 .cmp/eq 4, v0x558f67db2990_0, L_0x7ff8eb0960f0;
    .scope S_0x558f67d2c160;
T_0 ;
    %wait E_0x558f67d61520;
    %load/vec4 v0x558f67db27f0_0;
    %flag_set/vec4 8;
    %jmp/0xz  T_0.0, 8;
    %pushi/vec4 0, 0, 4;
    %assign/vec4 v0x558f67db2990_0, 0;
    %jmp T_0.1;
T_0.0 ;
    %load/vec4 v0x558f67db2380_0;
    %assign/vec4 v0x558f67db2990_0, 0;
T_0.1 ;
    %jmp T_0;
    .thread T_0;
    .scope S_0x558f67d2c160;
T_1 ;
    %wait E_0x558f67d64b40;
    %load/vec4 v0x558f67db27f0_0;
    %flag_set/vec4 8;
    %jmp/0xz  T_1.0, 8;
    %pushi/vec4 0, 0, 4;
    %store/vec4 v0x558f67db2380_0, 0, 4;
    %jmp T_1.1;
T_1.0 ;
    %load/vec4 v0x558f67db2990_0;
    %dup/vec4;
    %pushi/vec4 0, 0, 4;
    %cmp/u;
    %jmp/1 T_1.2, 6;
    %dup/vec4;
    %pushi/vec4 1, 0, 4;
    %cmp/u;
    %jmp/1 T_1.3, 6;
    %dup/vec4;
    %pushi/vec4 2, 0, 4;
    %cmp/u;
    %jmp/1 T_1.4, 6;
    %dup/vec4;
    %pushi/vec4 3, 0, 4;
    %cmp/u;
    %jmp/1 T_1.5, 6;
    %dup/vec4;
    %pushi/vec4 4, 0, 4;
    %cmp/u;
    %jmp/1 T_1.6, 6;
    %dup/vec4;
    %pushi/vec4 5, 0, 4;
    %cmp/u;
    %jmp/1 T_1.7, 6;
    %dup/vec4;
    %pushi/vec4 6, 0, 4;
    %cmp/u;
    %jmp/1 T_1.8, 6;
    %dup/vec4;
    %pushi/vec4 7, 0, 4;
    %cmp/u;
    %jmp/1 T_1.9, 6;
    %pushi/vec4 0, 0, 4;
    %store/vec4 v0x558f67db2380_0, 0, 4;
    %jmp T_1.11;
T_1.2 ;
    %load/vec4 v0x558f67db2730_0;
    %pad/u 32;
    %cmpi/e 1, 0, 32;
    %jmp/0xz  T_1.12, 4;
    %pushi/vec4 1, 0, 4;
    %store/vec4 v0x558f67db2380_0, 0, 4;
    %jmp T_1.13;
T_1.12 ;
    %pushi/vec4 0, 0, 4;
    %store/vec4 v0x558f67db2380_0, 0, 4;
T_1.13 ;
    %jmp T_1.11;
T_1.3 ;
    %load/vec4 v0x558f67d540e0_0;
    %flag_set/vec4 8;
    %jmp/0xz  T_1.14, 8;
    %pushi/vec4 4, 0, 4;
    %store/vec4 v0x558f67db2380_0, 0, 4;
    %jmp T_1.15;
T_1.14 ;
    %load/vec4 v0x558f67db2670_0;
    %load/vec4 v0x558f67db2100_0;
    %pad/u 32;
    %pushi/vec4 0, 0, 32;
    %cmp/e;
    %flag_get/vec4 4;
    %and;
    %flag_set/vec4 8;
    %jmp/0xz  T_1.16, 8;
    %pushi/vec4 2, 0, 4;
    %store/vec4 v0x558f67db2380_0, 0, 4;
    %jmp T_1.17;
T_1.16 ;
    %load/vec4 v0x558f67db2670_0;
    %load/vec4 v0x558f67db2100_0;
    %pad/u 32;
    %pushi/vec4 1, 0, 32;
    %cmp/e;
    %flag_get/vec4 4;
    %and;
    %flag_set/vec4 8;
    %jmp/0xz  T_1.18, 8;
    %pushi/vec4 3, 0, 4;
    %store/vec4 v0x558f67db2380_0, 0, 4;
    %jmp T_1.19;
T_1.18 ;
    %pushi/vec4 1, 0, 4;
    %store/vec4 v0x558f67db2380_0, 0, 4;
T_1.19 ;
T_1.17 ;
T_1.15 ;
    %jmp T_1.11;
T_1.4 ;
    %pushi/vec4 1, 0, 4;
    %store/vec4 v0x558f67db2380_0, 0, 4;
    %jmp T_1.11;
T_1.5 ;
    %pushi/vec4 1, 0, 4;
    %store/vec4 v0x558f67db2380_0, 0, 4;
    %jmp T_1.11;
T_1.6 ;
    %load/vec4 v0x558f67d541e0_0;
    %flag_set/vec4 8;
    %jmp/0xz  T_1.20, 8;
    %pushi/vec4 8, 0, 4;
    %store/vec4 v0x558f67db2380_0, 0, 4;
    %jmp T_1.21;
T_1.20 ;
    %load/vec4 v0x558f67db2670_0;
    %load/vec4 v0x558f67db1ce0_0;
    %pad/u 32;
    %pushi/vec4 0, 0, 32;
    %cmp/e;
    %flag_get/vec4 4;
    %and;
    %flag_set/vec4 8;
    %jmp/0xz  T_1.22, 8;
    %pushi/vec4 5, 0, 4;
    %store/vec4 v0x558f67db2380_0, 0, 4;
    %jmp T_1.23;
T_1.22 ;
    %load/vec4 v0x558f67db2670_0;
    %load/vec4 v0x558f67db1ce0_0;
    %pad/u 32;
    %pushi/vec4 1, 0, 32;
    %cmp/e;
    %flag_get/vec4 4;
    %and;
    %flag_set/vec4 8;
    %jmp/0xz  T_1.24, 8;
    %pushi/vec4 6, 0, 4;
    %store/vec4 v0x558f67db2380_0, 0, 4;
    %jmp T_1.25;
T_1.24 ;
    %pushi/vec4 4, 0, 4;
    %store/vec4 v0x558f67db2380_0, 0, 4;
T_1.25 ;
T_1.23 ;
T_1.21 ;
    %jmp T_1.11;
T_1.7 ;
    %pushi/vec4 7, 0, 4;
    %store/vec4 v0x558f67db2380_0, 0, 4;
    %jmp T_1.11;
T_1.8 ;
    %pushi/vec4 7, 0, 4;
    %store/vec4 v0x558f67db2380_0, 0, 4;
    %jmp T_1.11;
T_1.9 ;
    %pushi/vec4 4, 0, 4;
    %store/vec4 v0x558f67db2380_0, 0, 4;
    %jmp T_1.11;
T_1.11 ;
    %pop/vec4 1;
T_1.1 ;
    %jmp T_1;
    .thread T_1, $push;
    .scope S_0x558f67d2c160;
T_2 ;
    %wait E_0x558f67d61520;
    %load/vec4 v0x558f67db27f0_0;
    %flag_set/vec4 8;
    %jmp/0xz  T_2.0, 8;
    %pushi/vec4 0, 0, 3;
    %assign/vec4 v0x558f67db1c00_0, 0;
    %pushi/vec4 0, 0, 6;
    %assign/vec4 v0x558f67db28b0_0, 0;
    %pushi/vec4 0, 0, 6;
    %assign/vec4 v0x558f67db1a60_0, 0;
    %pushi/vec4 0, 0, 4;
    %assign/vec4 v0x558f67db1980_0, 0;
    %pushi/vec4 0, 0, 1;
    %assign/vec4 v0x558f67db2670_0, 0;
    %pushi/vec4 0, 0, 1;
    %assign/vec4 v0x558f67db2100_0, 0;
    %pushi/vec4 0, 0, 1;
    %assign/vec4 v0x558f67db1ce0_0, 0;
    %pushi/vec4 0, 0, 1;
    %assign/vec4 v0x558f67db1b40_0, 0;
    %pushi/vec4 0, 0, 1;
    %assign/vec4 v0x558f67db1da0_0, 0;
    %pushi/vec4 0, 0, 1;
    %assign/vec4 v0x558f67d540e0_0, 0;
    %pushi/vec4 0, 0, 1;
    %assign/vec4 v0x558f67d541e0_0, 0;
    %jmp T_2.1;
T_2.0 ;
    %load/vec4 v0x558f67db2380_0;
    %cmpi/e 1, 0, 4;
    %jmp/0xz  T_2.2, 4;
    %load/vec4 v0x558f67db1980_0;
    %dup/vec4;
    %pushi/vec4 0, 0, 4;
    %cmp/u;
    %jmp/1 T_2.4, 6;
    %dup/vec4;
    %pushi/vec4 1, 0, 4;
    %cmp/u;
    %jmp/1 T_2.5, 6;
    %dup/vec4;
    %pushi/vec4 2, 0, 4;
    %cmp/u;
    %jmp/1 T_2.6, 6;
    %dup/vec4;
    %pushi/vec4 3, 0, 4;
    %cmp/u;
    %jmp/1 T_2.7, 6;
    %dup/vec4;
    %pushi/vec4 4, 0, 4;
    %cmp/u;
    %jmp/1 T_2.8, 6;
    %dup/vec4;
    %pushi/vec4 5, 0, 4;
    %cmp/u;
    %jmp/1 T_2.9, 6;
    %dup/vec4;
    %pushi/vec4 6, 0, 4;
    %cmp/u;
    %jmp/1 T_2.10, 6;
    %dup/vec4;
    %pushi/vec4 7, 0, 4;
    %cmp/u;
    %jmp/1 T_2.11, 6;
    %dup/vec4;
    %pushi/vec4 8, 0, 4;
    %cmp/u;
    %jmp/1 T_2.12, 6;
    %jmp T_2.13;
T_2.4 ;
    %load/vec4 v0x558f67db28b0_0;
    %subi 1, 0, 6;
    %load/vec4 v0x558f67db1a60_0;
    %subi 1, 0, 6;
    %concat/vec4; draw_concat_vec4
    %assign/vec4 v0x558f67db1e60_0, 0;
    %jmp T_2.13;
T_2.5 ;
    %load/vec4 v0x558f67db28b0_0;
    %subi 1, 0, 6;
    %load/vec4 v0x558f67db1a60_0;
    %concat/vec4; draw_concat_vec4
    %assign/vec4 v0x558f67db1e60_0, 0;
    %jmp T_2.13;
T_2.6 ;
    %load/vec4 v0x558f67db28b0_0;
    %subi 1, 0, 6;
    %load/vec4 v0x558f67db1a60_0;
    %addi 1, 0, 6;
    %concat/vec4; draw_concat_vec4
    %assign/vec4 v0x558f67db1e60_0, 0;
    %jmp T_2.13;
T_2.7 ;
    %load/vec4 v0x558f67db28b0_0;
    %load/vec4 v0x558f67db1a60_0;
    %subi 1, 0, 6;
    %concat/vec4; draw_concat_vec4
    %assign/vec4 v0x558f67db1e60_0, 0;
    %jmp T_2.13;
T_2.8 ;
    %load/vec4 v0x558f67db28b0_0;
    %load/vec4 v0x558f67db1a60_0;
    %concat/vec4; draw_concat_vec4
    %assign/vec4 v0x558f67db1e60_0, 0;
    %jmp T_2.13;
T_2.9 ;
    %load/vec4 v0x558f67db28b0_0;
    %load/vec4 v0x558f67db1a60_0;
    %addi 1, 0, 6;
    %concat/vec4; draw_concat_vec4
    %assign/vec4 v0x558f67db1e60_0, 0;
    %jmp T_2.13;
T_2.10 ;
    %load/vec4 v0x558f67db28b0_0;
    %addi 1, 0, 6;
    %load/vec4 v0x558f67db1a60_0;
    %subi 1, 0, 6;
    %concat/vec4; draw_concat_vec4
    %assign/vec4 v0x558f67db1e60_0, 0;
    %jmp T_2.13;
T_2.11 ;
    %load/vec4 v0x558f67db28b0_0;
    %addi 1, 0, 6;
    %load/vec4 v0x558f67db1a60_0;
    %concat/vec4; draw_concat_vec4
    %assign/vec4 v0x558f67db1e60_0, 0;
    %jmp T_2.13;
T_2.12 ;
    %load/vec4 v0x558f67db28b0_0;
    %addi 1, 0, 6;
    %load/vec4 v0x558f67db1a60_0;
    %addi 1, 0, 6;
    %concat/vec4; draw_concat_vec4
    %assign/vec4 v0x558f67db1e60_0, 0;
    %jmp T_2.13;
T_2.13 ;
    %pop/vec4 1;
    %load/vec4 v0x558f67db1980_0;
    %pad/u 32;
    %cmpi/u 10, 0, 32;
    %jmp/0xz  T_2.14, 5;
    %load/vec4 v0x558f67db1980_0;
    %addi 1, 0, 4;
    %assign/vec4 v0x558f67db1980_0, 0;
    %jmp T_2.15;
T_2.14 ;
    %pushi/vec4 1, 0, 1;
    %assign/vec4 v0x558f67db2670_0, 0;
    %pushi/vec4 0, 0, 4;
    %assign/vec4 v0x558f67db1980_0, 0;
T_2.15 ;
    %jmp T_2.3;
T_2.2 ;
    %load/vec4 v0x558f67db2380_0;
    %cmpi/e 2, 0, 4;
    %jmp/0xz  T_2.16, 4;
    %pushi/vec4 0, 0, 1;
    %assign/vec4 v0x558f67db2670_0, 0;
    %pushi/vec4 1, 0, 3;
    %assign/vec4 v0x558f67db1c00_0, 0;
    %pushi/vec4 1, 0, 1;
    %assign/vec4 v0x558f67db1da0_0, 0;
    %load/vec4 v0x558f67db1290_0;
    %parti/s 1, 20, 6;
    %flag_set/vec4 8;
    %jmp/0 T_2.18, 8;
    %pushi/vec4 0, 0, 20;
    %jmp/1 T_2.19, 8;
T_2.18 ; End of true expr.
    %load/vec4 v0x558f67db1290_0;
    %parti/s 20, 1, 2;
    %jmp/0 T_2.19, 8;
 ; End of false expr.
    %blend;
T_2.19;
    %assign/vec4 v0x558f67db17e0_0, 0;
    %load/vec4 v0x558f67db28b0_0;
    %load/vec4 v0x558f67db1a60_0;
    %concat/vec4; draw_concat_vec4
    %assign/vec4 v0x558f67db1510_0, 0;
    %pushi/vec4 1, 0, 1;
    %assign/vec4 v0x558f67db2100_0, 0;
    %jmp T_2.17;
T_2.16 ;
    %load/vec4 v0x558f67db2380_0;
    %cmpi/e 3, 0, 4;
    %jmp/0xz  T_2.20, 4;
    %pushi/vec4 0, 0, 1;
    %assign/vec4 v0x558f67db2670_0, 0;
    %pushi/vec4 2, 0, 3;
    %assign/vec4 v0x558f67db1c00_0, 0;
    %pushi/vec4 1, 0, 1;
    %assign/vec4 v0x558f67db1da0_0, 0;
    %load/vec4 v0x558f67db1290_0;
    %parti/s 1, 20, 6;
    %flag_set/vec4 8;
    %jmp/0 T_2.22, 8;
    %pushi/vec4 0, 0, 20;
    %jmp/1 T_2.23, 8;
T_2.22 ; End of true expr.
    %load/vec4 v0x558f67db1290_0;
    %parti/s 20, 1, 2;
    %jmp/0 T_2.23, 8;
 ; End of false expr.
    %blend;
T_2.23;
    %assign/vec4 v0x558f67db17e0_0, 0;
    %load/vec4 v0x558f67db28b0_0;
    %load/vec4 v0x558f67db1a60_0;
    %concat/vec4; draw_concat_vec4
    %assign/vec4 v0x558f67db1510_0, 0;
    %load/vec4 v0x558f67db1a60_0;
    %pad/u 32;
    %cmpi/u 63, 0, 32;
    %jmp/0xz  T_2.24, 5;
    %load/vec4 v0x558f67db1a60_0;
    %addi 1, 0, 6;
    %assign/vec4 v0x558f67db1a60_0, 0;
    %jmp T_2.25;
T_2.24 ;
    %pushi/vec4 1, 0, 1;
    %assign/vec4 v0x558f67db2670_0, 0;
    %pushi/vec4 0, 0, 6;
    %assign/vec4 v0x558f67db1a60_0, 0;
    %load/vec4 v0x558f67db28b0_0;
    %addi 1, 0, 6;
    %assign/vec4 v0x558f67db28b0_0, 0;
T_2.25 ;
    %pushi/vec4 0, 0, 1;
    %assign/vec4 v0x558f67db2100_0, 0;
    %load/vec4 v0x558f67db1a60_0;
    %pad/u 32;
    %pushi/vec4 63, 0, 32;
    %cmp/e;
    %flag_get/vec4 4;
    %load/vec4 v0x558f67db28b0_0;
    %pad/u 32;
    %pushi/vec4 63, 0, 32;
    %cmp/e;
    %flag_get/vec4 4;
    %and;
    %flag_set/vec4 8;
    %jmp/0xz  T_2.26, 8;
    %pushi/vec4 1, 0, 1;
    %assign/vec4 v0x558f67d540e0_0, 0;
T_2.26 ;
    %jmp T_2.21;
T_2.20 ;
    %load/vec4 v0x558f67db2380_0;
    %cmpi/e 4, 0, 4;
    %jmp/0xz  T_2.28, 4;
    %load/vec4 v0x558f67db1ce0_0;
    %flag_set/vec4 8;
    %jmp/0 T_2.30, 8;
    %pushi/vec4 2, 0, 3;
    %jmp/1 T_2.31, 8;
T_2.30 ; End of true expr.
    %pushi/vec4 1, 0, 3;
    %jmp/0 T_2.31, 8;
 ; End of false expr.
    %blend;
T_2.31;
    %assign/vec4 v0x558f67db1c00_0, 0;
    %pushi/vec4 1, 0, 1;
    %assign/vec4 v0x558f67db1b40_0, 0;
    %load/vec4 v0x558f67db1980_0;
    %dup/vec4;
    %pushi/vec4 0, 0, 4;
    %cmp/u;
    %jmp/1 T_2.32, 6;
    %dup/vec4;
    %pushi/vec4 1, 0, 4;
    %cmp/u;
    %jmp/1 T_2.33, 6;
    %dup/vec4;
    %pushi/vec4 2, 0, 4;
    %cmp/u;
    %jmp/1 T_2.34, 6;
    %dup/vec4;
    %pushi/vec4 3, 0, 4;
    %cmp/u;
    %jmp/1 T_2.35, 6;
    %dup/vec4;
    %pushi/vec4 4, 0, 4;
    %cmp/u;
    %jmp/1 T_2.36, 6;
    %jmp T_2.37;
T_2.32 ;
    %load/vec4 v0x558f67db28b0_0;
    %load/vec4 v0x558f67db1a60_0;
    %concat/vec4; draw_concat_vec4
    %assign/vec4 v0x558f67db1430_0, 0;
    %jmp T_2.37;
T_2.33 ;
    %load/vec4 v0x558f67db28b0_0;
    %load/vec4 v0x558f67db1a60_0;
    %addi 1, 0, 6;
    %concat/vec4; draw_concat_vec4
    %assign/vec4 v0x558f67db1430_0, 0;
    %load/vec4 v0x558f67db1700_0;
    %assign/vec4 v0x558f67db21c0_0, 0;
    %jmp T_2.37;
T_2.34 ;
    %load/vec4 v0x558f67db28b0_0;
    %addi 1, 0, 6;
    %load/vec4 v0x558f67db1a60_0;
    %concat/vec4; draw_concat_vec4
    %assign/vec4 v0x558f67db1430_0, 0;
    %load/vec4 v0x558f67db1700_0;
    %load/vec4 v0x558f67db21c0_0;
    %cmp/u;
    %flag_mov 8, 5;
    %jmp/0 T_2.38, 8;
    %load/vec4 v0x558f67db21c0_0;
    %jmp/1 T_2.39, 8;
T_2.38 ; End of true expr.
    %load/vec4 v0x558f67db1700_0;
    %jmp/0 T_2.39, 8;
 ; End of false expr.
    %blend;
T_2.39;
    %assign/vec4 v0x558f67db21c0_0, 0;
    %jmp T_2.37;
T_2.35 ;
    %load/vec4 v0x558f67db28b0_0;
    %addi 1, 0, 6;
    %load/vec4 v0x558f67db1a60_0;
    %addi 1, 0, 6;
    %concat/vec4; draw_concat_vec4
    %assign/vec4 v0x558f67db1430_0, 0;
    %load/vec4 v0x558f67db1700_0;
    %load/vec4 v0x558f67db21c0_0;
    %cmp/u;
    %flag_mov 8, 5;
    %jmp/0 T_2.40, 8;
    %load/vec4 v0x558f67db21c0_0;
    %jmp/1 T_2.41, 8;
T_2.40 ; End of true expr.
    %load/vec4 v0x558f67db1700_0;
    %jmp/0 T_2.41, 8;
 ; End of false expr.
    %blend;
T_2.41;
    %assign/vec4 v0x558f67db21c0_0, 0;
    %jmp T_2.37;
T_2.36 ;
    %load/vec4 v0x558f67db1700_0;
    %load/vec4 v0x558f67db21c0_0;
    %cmp/u;
    %flag_mov 8, 5;
    %jmp/0 T_2.42, 8;
    %load/vec4 v0x558f67db21c0_0;
    %jmp/1 T_2.43, 8;
T_2.42 ; End of true expr.
    %load/vec4 v0x558f67db1700_0;
    %jmp/0 T_2.43, 8;
 ; End of false expr.
    %blend;
T_2.43;
    %assign/vec4 v0x558f67db21c0_0, 0;
    %jmp T_2.37;
T_2.37 ;
    %pop/vec4 1;
    %load/vec4 v0x558f67db1980_0;
    %pad/u 32;
    %cmpi/u 4, 0, 32;
    %jmp/0xz  T_2.44, 5;
    %load/vec4 v0x558f67db1980_0;
    %addi 1, 0, 4;
    %assign/vec4 v0x558f67db1980_0, 0;
    %jmp T_2.45;
T_2.44 ;
    %pushi/vec4 1, 0, 1;
    %assign/vec4 v0x558f67db2670_0, 0;
    %pushi/vec4 0, 0, 4;
    %assign/vec4 v0x558f67db1980_0, 0;
T_2.45 ;
    %jmp T_2.29;
T_2.28 ;
    %load/vec4 v0x558f67db2380_0;
    %cmpi/e 5, 0, 4;
    %jmp/0xz  T_2.46, 4;
    %pushi/vec4 3, 0, 3;
    %assign/vec4 v0x558f67db1c00_0, 0;
    %pushi/vec4 1, 0, 1;
    %assign/vec4 v0x558f67db1da0_0, 0;
    %load/vec4 v0x558f67db28b0_0;
    %parti/s 5, 1, 2;
    %load/vec4 v0x558f67db1a60_0;
    %parti/s 5, 1, 2;
    %concat/vec4; draw_concat_vec4
    %pad/u 12;
    %assign/vec4 v0x558f67db1510_0, 0;
    %load/vec4 v0x558f67db21c0_0;
    %assign/vec4 v0x558f67db17e0_0, 0;
    %pushi/vec4 0, 0, 1;
    %assign/vec4 v0x558f67db2670_0, 0;
    %jmp T_2.47;
T_2.46 ;
    %load/vec4 v0x558f67db2380_0;
    %cmpi/e 6, 0, 4;
    %jmp/0xz  T_2.48, 4;
    %pushi/vec4 4, 0, 3;
    %assign/vec4 v0x558f67db1c00_0, 0;
    %pushi/vec4 1, 0, 1;
    %assign/vec4 v0x558f67db1da0_0, 0;
    %load/vec4 v0x558f67db28b0_0;
    %parti/s 5, 1, 2;
    %load/vec4 v0x558f67db1a60_0;
    %parti/s 5, 1, 2;
    %concat/vec4; draw_concat_vec4
    %pad/u 12;
    %assign/vec4 v0x558f67db1510_0, 0;
    %load/vec4 v0x558f67db21c0_0;
    %assign/vec4 v0x558f67db17e0_0, 0;
    %pushi/vec4 0, 0, 1;
    %assign/vec4 v0x558f67db2670_0, 0;
    %jmp T_2.49;
T_2.48 ;
    %load/vec4 v0x558f67db2380_0;
    %cmpi/e 7, 0, 4;
    %jmp/0xz  T_2.50, 4;
    %pushi/vec4 1, 0, 1;
    %assign/vec4 v0x558f67db1da0_0, 0;
    %load/vec4 v0x558f67db1ce0_0;
    %pad/u 32;
    %cmpi/e 0, 0, 32;
    %jmp/0xz  T_2.52, 4;
    %load/vec4 v0x558f67db28b0_0;
    %parti/s 5, 1, 2;
    %load/vec4 v0x558f67db1a60_0;
    %parti/s 5, 1, 2;
    %concat/vec4; draw_concat_vec4
    %concati/vec4 0, 0, 1;
    %pad/u 12;
    %assign/vec4 v0x558f67db1510_0, 0;
    %pushi/vec4 1, 0, 1;
    %assign/vec4 v0x558f67db1ce0_0, 0;
    %jmp T_2.53;
T_2.52 ;
    %load/vec4 v0x558f67db28b0_0;
    %parti/s 5, 1, 2;
    %load/vec4 v0x558f67db1a60_0;
    %parti/s 5, 1, 2;
    %concat/vec4; draw_concat_vec4
    %concati/vec4 1, 0, 1;
    %pad/u 12;
    %assign/vec4 v0x558f67db1510_0, 0;
    %pushi/vec4 0, 0, 1;
    %assign/vec4 v0x558f67db1ce0_0, 0;
T_2.53 ;
    %pushi/vec4 5, 0, 3;
    %assign/vec4 v0x558f67db1c00_0, 0;
    %load/vec4 v0x558f67db1a60_0;
    %pad/u 32;
    %cmpi/u 62, 0, 32;
    %jmp/0xz  T_2.54, 5;
    %load/vec4 v0x558f67db1a60_0;
    %addi 2, 0, 6;
    %assign/vec4 v0x558f67db1a60_0, 0;
    %jmp T_2.55;
T_2.54 ;
    %pushi/vec4 0, 0, 6;
    %assign/vec4 v0x558f67db1a60_0, 0;
    %load/vec4 v0x558f67db28b0_0;
    %addi 2, 0, 6;
    %assign/vec4 v0x558f67db28b0_0, 0;
T_2.55 ;
    %load/vec4 v0x558f67db1a60_0;
    %pad/u 32;
    %pushi/vec4 62, 0, 32;
    %cmp/e;
    %flag_get/vec4 4;
    %load/vec4 v0x558f67db28b0_0;
    %pad/u 32;
    %pushi/vec4 62, 0, 32;
    %cmp/e;
    %flag_get/vec4 4;
    %and;
    %flag_set/vec4 8;
    %jmp/0xz  T_2.56, 8;
    %pushi/vec4 1, 0, 1;
    %assign/vec4 v0x558f67d541e0_0, 0;
T_2.56 ;
T_2.50 ;
T_2.49 ;
T_2.47 ;
T_2.29 ;
T_2.21 ;
T_2.17 ;
T_2.3 ;
T_2.1 ;
    %jmp T_2;
    .thread T_2;
    .scope S_0x558f67d2c160;
T_3 ;
    %wait E_0x558f67d2c8b0;
    %load/vec4 v0x558f67db2100_0;
    %pad/u 32;
    %cmpi/e 0, 0, 32;
    %jmp/0xz  T_3.0, 4;
    %load/vec4 v0x558f67db1980_0;
    %dup/vec4;
    %pushi/vec4 1, 0, 4;
    %cmp/u;
    %jmp/1 T_3.2, 6;
    %dup/vec4;
    %pushi/vec4 2, 0, 4;
    %cmp/u;
    %jmp/1 T_3.3, 6;
    %dup/vec4;
    %pushi/vec4 3, 0, 4;
    %cmp/u;
    %jmp/1 T_3.4, 6;
    %dup/vec4;
    %pushi/vec4 4, 0, 4;
    %cmp/u;
    %jmp/1 T_3.5, 6;
    %dup/vec4;
    %pushi/vec4 5, 0, 4;
    %cmp/u;
    %jmp/1 T_3.6, 6;
    %dup/vec4;
    %pushi/vec4 6, 0, 4;
    %cmp/u;
    %jmp/1 T_3.7, 6;
    %dup/vec4;
    %pushi/vec4 7, 0, 4;
    %cmp/u;
    %jmp/1 T_3.8, 6;
    %dup/vec4;
    %pushi/vec4 8, 0, 4;
    %cmp/u;
    %jmp/1 T_3.9, 6;
    %dup/vec4;
    %pushi/vec4 9, 0, 4;
    %cmp/u;
    %jmp/1 T_3.10, 6;
    %pushi/vec4 0, 0, 20;
    %store/vec4 v0x558f67db2020_0, 0, 20;
    %jmp T_3.12;
T_3.2 ;
    %pushi/vec4 43166, 0, 20;
    %store/vec4 v0x558f67db2020_0, 0, 20;
    %jmp T_3.12;
T_3.3 ;
    %pushi/vec4 37589, 0, 20;
    %store/vec4 v0x558f67db2020_0, 0, 20;
    %jmp T_3.12;
T_3.4 ;
    %pushi/vec4 27971, 0, 20;
    %store/vec4 v0x558f67db2020_0, 0, 20;
    %jmp T_3.12;
T_3.5 ;
    %pushi/vec4 4100, 0, 20;
    %store/vec4 v0x558f67db2020_0, 0, 20;
    %jmp T_3.12;
T_3.6 ;
    %pushi/vec4 1019761, 0, 20;
    %store/vec4 v0x558f67db2020_0, 0, 20;
    %jmp T_3.12;
T_3.7 ;
    %pushi/vec4 1011284, 0, 20;
    %store/vec4 v0x558f67db2020_0, 0, 20;
    %jmp T_3.12;
T_3.8 ;
    %pushi/vec4 1025751, 0, 20;
    %store/vec4 v0x558f67db2020_0, 0, 20;
    %jmp T_3.12;
T_3.9 ;
    %pushi/vec4 1034292, 0, 20;
    %store/vec4 v0x558f67db2020_0, 0, 20;
    %jmp T_3.12;
T_3.10 ;
    %pushi/vec4 1027097, 0, 20;
    %store/vec4 v0x558f67db2020_0, 0, 20;
    %jmp T_3.12;
T_3.12 ;
    %pop/vec4 1;
    %jmp T_3.1;
T_3.0 ;
    %load/vec4 v0x558f67db1980_0;
    %dup/vec4;
    %pushi/vec4 1, 0, 4;
    %cmp/u;
    %jmp/1 T_3.13, 6;
    %dup/vec4;
    %pushi/vec4 2, 0, 4;
    %cmp/u;
    %jmp/1 T_3.14, 6;
    %dup/vec4;
    %pushi/vec4 3, 0, 4;
    %cmp/u;
    %jmp/1 T_3.15, 6;
    %dup/vec4;
    %pushi/vec4 4, 0, 4;
    %cmp/u;
    %jmp/1 T_3.16, 6;
    %dup/vec4;
    %pushi/vec4 5, 0, 4;
    %cmp/u;
    %jmp/1 T_3.17, 6;
    %dup/vec4;
    %pushi/vec4 6, 0, 4;
    %cmp/u;
    %jmp/1 T_3.18, 6;
    %dup/vec4;
    %pushi/vec4 7, 0, 4;
    %cmp/u;
    %jmp/1 T_3.19, 6;
    %dup/vec4;
    %pushi/vec4 8, 0, 4;
    %cmp/u;
    %jmp/1 T_3.20, 6;
    %dup/vec4;
    %pushi/vec4 9, 0, 4;
    %cmp/u;
    %jmp/1 T_3.21, 6;
    %pushi/vec4 0, 0, 20;
    %store/vec4 v0x558f67db2020_0, 0, 20;
    %jmp T_3.23;
T_3.13 ;
    %pushi/vec4 1039189, 0, 20;
    %store/vec4 v0x558f67db2020_0, 0, 20;
    %jmp T_3.23;
T_3.14 ;
    %pushi/vec4 10642, 0, 20;
    %store/vec4 v0x558f67db2020_0, 0, 20;
    %jmp T_3.23;
T_3.15 ;
    %pushi/vec4 1034644, 0, 20;
    %store/vec4 v0x558f67db2020_0, 0, 20;
    %jmp T_3.23;
T_3.16 ;
    %pushi/vec4 20733, 0, 20;
    %store/vec4 v0x558f67db2020_0, 0, 20;
    %jmp T_3.23;
T_3.17 ;
    %pushi/vec4 12064, 0, 20;
    %store/vec4 v0x558f67db2020_0, 0, 20;
    %jmp T_3.23;
T_3.18 ;
    %pushi/vec4 8237, 0, 20;
    %store/vec4 v0x558f67db2020_0, 0, 20;
    %jmp T_3.23;
T_3.19 ;
    %pushi/vec4 15319, 0, 20;
    %store/vec4 v0x558f67db2020_0, 0, 20;
    %jmp T_3.23;
T_3.20 ;
    %pushi/vec4 1037161, 0, 20;
    %store/vec4 v0x558f67db2020_0, 0, 20;
    %jmp T_3.23;
T_3.21 ;
    %pushi/vec4 24168, 0, 20;
    %store/vec4 v0x558f67db2020_0, 0, 20;
    %jmp T_3.23;
T_3.23 ;
    %pop/vec4 1;
T_3.1 ;
    %jmp T_3;
    .thread T_3, $push;
    .scope S_0x558f67d2c160;
T_4 ;
    %wait E_0x558f67d61520;
    %load/vec4 v0x558f67db27f0_0;
    %flag_set/vec4 8;
    %jmp/0xz  T_4.0, 8;
    %pushi/vec4 0, 0, 44;
    %assign/vec4 v0x558f67db11b0_0, 0;
    %jmp T_4.1;
T_4.0 ;
    %load/vec4 v0x558f67db1980_0;
    %dup/vec4;
    %pushi/vec4 0, 0, 4;
    %cmp/u;
    %jmp/1 T_4.2, 6;
    %dup/vec4;
    %pushi/vec4 1, 0, 4;
    %cmp/u;
    %jmp/1 T_4.3, 6;
    %dup/vec4;
    %pushi/vec4 2, 0, 4;
    %cmp/u;
    %jmp/1 T_4.4, 6;
    %dup/vec4;
    %pushi/vec4 3, 0, 4;
    %cmp/u;
    %jmp/1 T_4.5, 6;
    %dup/vec4;
    %pushi/vec4 4, 0, 4;
    %cmp/u;
    %jmp/1 T_4.6, 6;
    %dup/vec4;
    %pushi/vec4 5, 0, 4;
    %cmp/u;
    %jmp/1 T_4.7, 6;
    %dup/vec4;
    %pushi/vec4 6, 0, 4;
    %cmp/u;
    %jmp/1 T_4.8, 6;
    %dup/vec4;
    %pushi/vec4 7, 0, 4;
    %cmp/u;
    %jmp/1 T_4.9, 6;
    %dup/vec4;
    %pushi/vec4 8, 0, 4;
    %cmp/u;
    %jmp/1 T_4.10, 6;
    %dup/vec4;
    %pushi/vec4 9, 0, 4;
    %cmp/u;
    %jmp/1 T_4.11, 6;
    %dup/vec4;
    %pushi/vec4 10, 0, 4;
    %cmp/u;
    %jmp/1 T_4.12, 6;
    %jmp T_4.13;
T_4.2 ;
    %pushi/vec4 0, 0, 44;
    %assign/vec4 v0x558f67db11b0_0, 0;
    %jmp T_4.13;
T_4.3 ;
    %load/vec4 v0x558f67db28b0_0;
    %pad/u 32;
    %pushi/vec4 0, 0, 32;
    %cmp/e;
    %flag_get/vec4 4;
    %inv;
    %load/vec4 v0x558f67db1a60_0;
    %pad/u 32;
    %pushi/vec4 0, 0, 32;
    %cmp/e;
    %flag_get/vec4 4;
    %inv;
    %and;
    %flag_set/vec4 8;
    %jmp/0xz  T_4.14, 8;
    %load/vec4 v0x558f67db22a0_0;
    %pad/s 44;
    %assign/vec4 v0x558f67db11b0_0, 0;
T_4.14 ;
    %jmp T_4.13;
T_4.4 ;
    %load/vec4 v0x558f67db28b0_0;
    %pad/u 32;
    %cmpi/ne 0, 0, 32;
    %jmp/0xz  T_4.16, 4;
    %load/vec4 v0x558f67db22a0_0;
    %pad/s 44;
    %load/vec4 v0x558f67db11b0_0;
    %add;
    %assign/vec4 v0x558f67db11b0_0, 0;
T_4.16 ;
    %jmp T_4.13;
T_4.5 ;
    %load/vec4 v0x558f67db28b0_0;
    %pad/u 32;
    %pushi/vec4 0, 0, 32;
    %cmp/e;
    %flag_get/vec4 4;
    %inv;
    %load/vec4 v0x558f67db1a60_0;
    %pad/u 32;
    %pushi/vec4 63, 0, 32;
    %cmp/e;
    %flag_get/vec4 4;
    %inv;
    %and;
    %flag_set/vec4 8;
    %jmp/0xz  T_4.18, 8;
    %load/vec4 v0x558f67db22a0_0;
    %pad/s 44;
    %load/vec4 v0x558f67db11b0_0;
    %add;
    %assign/vec4 v0x558f67db11b0_0, 0;
T_4.18 ;
    %jmp T_4.13;
T_4.6 ;
    %load/vec4 v0x558f67db1a60_0;
    %pad/u 32;
    %cmpi/ne 0, 0, 32;
    %jmp/0xz  T_4.20, 4;
    %load/vec4 v0x558f67db22a0_0;
    %pad/s 44;
    %load/vec4 v0x558f67db11b0_0;
    %add;
    %assign/vec4 v0x558f67db11b0_0, 0;
T_4.20 ;
    %jmp T_4.13;
T_4.7 ;
    %load/vec4 v0x558f67db22a0_0;
    %pad/s 44;
    %load/vec4 v0x558f67db11b0_0;
    %add;
    %assign/vec4 v0x558f67db11b0_0, 0;
    %jmp T_4.13;
T_4.8 ;
    %load/vec4 v0x558f67db1a60_0;
    %pad/u 32;
    %cmpi/ne 63, 0, 32;
    %jmp/0xz  T_4.22, 4;
    %load/vec4 v0x558f67db22a0_0;
    %pad/s 44;
    %load/vec4 v0x558f67db11b0_0;
    %add;
    %assign/vec4 v0x558f67db11b0_0, 0;
T_4.22 ;
    %jmp T_4.13;
T_4.9 ;
    %load/vec4 v0x558f67db1a60_0;
    %pad/u 32;
    %pushi/vec4 0, 0, 32;
    %cmp/e;
    %flag_get/vec4 4;
    %inv;
    %load/vec4 v0x558f67db28b0_0;
    %pad/u 32;
    %pushi/vec4 63, 0, 32;
    %cmp/e;
    %flag_get/vec4 4;
    %inv;
    %and;
    %flag_set/vec4 8;
    %jmp/0xz  T_4.24, 8;
    %load/vec4 v0x558f67db22a0_0;
    %pad/s 44;
    %load/vec4 v0x558f67db11b0_0;
    %add;
    %assign/vec4 v0x558f67db11b0_0, 0;
T_4.24 ;
    %jmp T_4.13;
T_4.10 ;
    %load/vec4 v0x558f67db1a60_0;
    %pad/u 32;
    %cmpi/ne 0, 0, 32;
    %jmp/0xz  T_4.26, 4;
    %load/vec4 v0x558f67db22a0_0;
    %pad/s 44;
    %load/vec4 v0x558f67db11b0_0;
    %add;
    %assign/vec4 v0x558f67db11b0_0, 0;
T_4.26 ;
    %jmp T_4.13;
T_4.11 ;
    %load/vec4 v0x558f67db1a60_0;
    %pad/u 32;
    %pushi/vec4 63, 0, 32;
    %cmp/e;
    %flag_get/vec4 4;
    %inv;
    %load/vec4 v0x558f67db28b0_0;
    %pad/u 32;
    %pushi/vec4 63, 0, 32;
    %cmp/e;
    %flag_get/vec4 4;
    %inv;
    %and;
    %flag_set/vec4 8;
    %jmp/0xz  T_4.28, 8;
    %load/vec4 v0x558f67db22a0_0;
    %pad/s 44;
    %load/vec4 v0x558f67db11b0_0;
    %add;
    %assign/vec4 v0x558f67db11b0_0, 0;
T_4.28 ;
    %jmp T_4.13;
T_4.12 ;
    %load/vec4 v0x558f67db2100_0;
    %pad/u 32;
    %cmpi/e 0, 0, 32;
    %flag_mov 8, 4;
    %jmp/0 T_4.30, 8;
    %load/vec4 v0x558f67db11b0_0;
    %addi 4880, 0, 44;
    %jmp/1 T_4.31, 8;
T_4.30 ; End of true expr.
    %load/vec4 v0x558f67db11b0_0;
    %pushi/vec4 4294967287, 0, 32;
    %concati/vec4 661, 0, 12;
    %add;
    %jmp/0 T_4.31, 8;
 ; End of false expr.
    %blend;
T_4.31;
    %assign/vec4 v0x558f67db11b0_0, 0;
    %jmp T_4.13;
T_4.13 ;
    %pop/vec4 1;
T_4.1 ;
    %jmp T_4;
    .thread T_4;
# The file index is used to find the file name in the following table.
:file_names 3;
    "N/A";
    "<interactive>";
    "CONV.v";
