#! /usr/bin/vvp
:ivl_version "10.3 (stable)";
:ivl_delay_selection "TYPICAL";
:vpi_time_precision - 11;
:vpi_module "system";
:vpi_module "vhdl_sys";
:vpi_module "v2005_math";
:vpi_module "va_math";
S_0x558ee69c0120 .scope module, "LBP" "LBP" 2 2;
 .timescale -9 -11;
    .port_info 0 /INPUT 1 "clk"
    .port_info 1 /INPUT 1 "reset"
    .port_info 2 /OUTPUT 14 "gray_addr"
    .port_info 3 /OUTPUT 1 "gray_req"
    .port_info 4 /INPUT 1 "gray_ready"
    .port_info 5 /INPUT 8 "gray_data"
    .port_info 6 /OUTPUT 14 "lbp_addr"
    .port_info 7 /OUTPUT 1 "lbp_valid"
    .port_info 8 /OUTPUT 8 "lbp_data"
    .port_info 9 /OUTPUT 1 "finish"
P_0x558ee69c02a0 .param/l "CAL" 0 2 19, C4<010>;
P_0x558ee69c02e0 .param/l "FINISH" 0 2 21, C4<100>;
P_0x558ee69c0320 .param/l "IDLE" 0 2 17, C4<000>;
P_0x558ee69c0360 .param/l "READ" 0 2 18, C4<001>;
P_0x558ee69c03a0 .param/l "WRITE" 0 2 20, C4<011>;
v0x558ee69e6450_0 .net *"_s10", 1 0, L_0x558ee6a3e620;  1 drivers
v0x558ee69e6550_0 .net *"_s14", 7 0, L_0x558ee6a3e900;  1 drivers
L_0x7fe9cd1de018 .functor BUFT 1, C4<100>, C4<0>, C4<0>, C4<0>;
v0x558ee69e8fb0_0 .net/2u *"_s2", 2 0, L_0x7fe9cd1de018;  1 drivers
v0x558ee69e9050_0 .net *"_s4", 0 0, L_0x558ee6a3e4f0;  1 drivers
L_0x7fe9cd1de060 .functor BUFT 1, C4<01>, C4<0>, C4<0>, C4<0>;
v0x558ee69edf10_0 .net/2s *"_s6", 1 0, L_0x7fe9cd1de060;  1 drivers
L_0x7fe9cd1de0a8 .functor BUFT 1, C4<00>, C4<0>, C4<0>, C4<0>;
v0x558ee69edfb0_0 .net/2s *"_s8", 1 0, L_0x7fe9cd1de0a8;  1 drivers
v0x558ee6a1be60_0 .var "add1", 7 0;
v0x558ee6a3cf20_0 .var "add2", 7 0;
v0x558ee6a3d000 .array "buff", 8 0, 7 0;
o0x7fe9cd227198 .functor BUFZ 1, C4<z>; HiZ drive
v0x558ee6a3d0c0_0 .net "clk", 0 0, o0x7fe9cd227198;  0 drivers
v0x558ee6a3d180_0 .var "cnt_cal", 3 0;
v0x558ee6a3d260_0 .var "cnt_read", 3 0;
v0x558ee6a3d340_0 .var "col", 6 0;
v0x558ee6a3d420_0 .net "finish", 0 0, L_0x558ee6a3e7e0;  1 drivers
v0x558ee6a3d4e0_0 .var "gray_addr", 13 0;
o0x7fe9cd2272b8 .functor BUFZ 8, C4<zzzzzzzz>; HiZ drive
v0x558ee6a3d5c0_0 .net "gray_data", 7 0, o0x7fe9cd2272b8;  0 drivers
o0x7fe9cd2272e8 .functor BUFZ 1, C4<z>; HiZ drive
v0x558ee6a3d6a0_0 .net "gray_ready", 0 0, o0x7fe9cd2272e8;  0 drivers
v0x558ee6a3d870_0 .var "gray_req", 0 0;
v0x558ee6a3d930_0 .var "is_edge", 0 0;
v0x558ee6a3d9f0_0 .net "lbp_addr", 13 0, L_0x558ee6a3e430;  1 drivers
v0x558ee6a3dad0_0 .var "lbp_data", 7 0;
v0x558ee6a3dbb0_0 .var "lbp_valid", 0 0;
v0x558ee6a3dc70_0 .var "next_state", 2 0;
v0x558ee6a3dd50 .array "pix", 8 0, 7 0;
v0x558ee6a3de10_0 .var "read_done", 0 0;
o0x7fe9cd227468 .functor BUFZ 1, C4<z>; HiZ drive
v0x558ee6a3ded0_0 .net "reset", 0 0, o0x7fe9cd227468;  0 drivers
o0x7fe9cd227498 .functor BUFZ 8, C4<zzzzzzzz>; HiZ drive
v0x558ee6a3df90_0 .net "result", 7 0, o0x7fe9cd227498;  0 drivers
v0x558ee6a3e070_0 .net "reuslt", 0 0, L_0x558ee6a3e9a0;  1 drivers
v0x558ee6a3e130_0 .var "row", 6 0;
v0x558ee6a3e210_0 .var "state", 2 0;
E_0x558ee6a12ec0 .event posedge, v0x558ee6a3d0c0_0;
E_0x558ee6a136b0 .event posedge, v0x558ee6a3ded0_0, v0x558ee6a3d0c0_0;
E_0x558ee69f77f0/0 .event edge, v0x558ee6a3ded0_0, v0x558ee6a3e210_0, v0x558ee6a3d6a0_0, v0x558ee6a3de10_0;
E_0x558ee69f77f0/1 .event edge, v0x558ee6a3d180_0, v0x558ee6a3e130_0, v0x558ee6a3d340_0;
E_0x558ee69f77f0 .event/or E_0x558ee69f77f0/0, E_0x558ee69f77f0/1;
L_0x558ee6a3e430 .concat [ 7 7 0 0], v0x558ee6a3d340_0, v0x558ee6a3e130_0;
L_0x558ee6a3e4f0 .cmp/eq 3, v0x558ee6a3e210_0, L_0x7fe9cd1de018;
L_0x558ee6a3e620 .functor MUXZ 2, L_0x7fe9cd1de0a8, L_0x7fe9cd1de060, L_0x558ee6a3e4f0, C4<>;
L_0x558ee6a3e7e0 .part L_0x558ee6a3e620, 0, 1;
L_0x558ee6a3e900 .arith/sum 8, v0x558ee6a1be60_0, v0x558ee6a3cf20_0;
L_0x558ee6a3e9a0 .part L_0x558ee6a3e900, 0, 1;
    .scope S_0x558ee69c0120;
T_0 ;
    %wait E_0x558ee6a136b0;
    %load/vec4 v0x558ee6a3dc70_0;
    %assign/vec4 v0x558ee6a3e210_0, 0;
    %jmp T_0;
    .thread T_0;
    .scope S_0x558ee69c0120;
T_1 ;
    %wait E_0x558ee69f77f0;
    %load/vec4 v0x558ee6a3ded0_0;
    %flag_set/vec4 8;
    %jmp/0xz  T_1.0, 8;
    %pushi/vec4 0, 0, 3;
    %store/vec4 v0x558ee6a3dc70_0, 0, 3;
    %jmp T_1.1;
T_1.0 ;
    %load/vec4 v0x558ee6a3e210_0;
    %dup/vec4;
    %pushi/vec4 0, 0, 3;
    %cmp/u;
    %jmp/1 T_1.2, 6;
    %dup/vec4;
    %pushi/vec4 1, 0, 3;
    %cmp/u;
    %jmp/1 T_1.3, 6;
    %dup/vec4;
    %pushi/vec4 2, 0, 3;
    %cmp/u;
    %jmp/1 T_1.4, 6;
    %dup/vec4;
    %pushi/vec4 3, 0, 3;
    %cmp/u;
    %jmp/1 T_1.5, 6;
    %pushi/vec4 0, 0, 3;
    %store/vec4 v0x558ee6a3dc70_0, 0, 3;
    %jmp T_1.7;
T_1.2 ;
    %load/vec4 v0x558ee6a3d6a0_0;
    %flag_set/vec4 8;
    %jmp/0xz  T_1.8, 8;
    %pushi/vec4 1, 0, 3;
    %store/vec4 v0x558ee6a3dc70_0, 0, 3;
    %jmp T_1.9;
T_1.8 ;
    %pushi/vec4 0, 0, 3;
    %store/vec4 v0x558ee6a3dc70_0, 0, 3;
T_1.9 ;
    %jmp T_1.7;
T_1.3 ;
    %load/vec4 v0x558ee6a3de10_0;
    %flag_set/vec4 8;
    %jmp/0xz  T_1.10, 8;
    %pushi/vec4 2, 0, 3;
    %store/vec4 v0x558ee6a3dc70_0, 0, 3;
    %jmp T_1.11;
T_1.10 ;
    %pushi/vec4 1, 0, 3;
    %store/vec4 v0x558ee6a3dc70_0, 0, 3;
T_1.11 ;
    %jmp T_1.7;
T_1.4 ;
    %load/vec4 v0x558ee6a3d180_0;
    %pad/u 32;
    %cmpi/e 9, 0, 32;
    %jmp/0xz  T_1.12, 4;
    %pushi/vec4 3, 0, 3;
    %store/vec4 v0x558ee6a3dc70_0, 0, 3;
    %jmp T_1.13;
T_1.12 ;
    %pushi/vec4 2, 0, 3;
    %store/vec4 v0x558ee6a3dc70_0, 0, 3;
T_1.13 ;
    %jmp T_1.7;
T_1.5 ;
    %load/vec4 v0x558ee6a3e130_0;
    %pad/u 32;
    %pushi/vec4 127, 0, 32;
    %cmp/e;
    %flag_get/vec4 4;
    %load/vec4 v0x558ee6a3d340_0;
    %pad/u 32;
    %pushi/vec4 127, 0, 32;
    %cmp/e;
    %flag_get/vec4 4;
    %and;
    %flag_set/vec4 8;
    %jmp/0xz  T_1.14, 8;
    %pushi/vec4 4, 0, 3;
    %store/vec4 v0x558ee6a3dc70_0, 0, 3;
    %jmp T_1.15;
T_1.14 ;
    %pushi/vec4 1, 0, 3;
    %store/vec4 v0x558ee6a3dc70_0, 0, 3;
T_1.15 ;
    %jmp T_1.7;
T_1.7 ;
    %pop/vec4 1;
T_1.1 ;
    %jmp T_1;
    .thread T_1, $push;
    .scope S_0x558ee69c0120;
T_2 ;
    %wait E_0x558ee6a136b0;
    %load/vec4 v0x558ee6a3ded0_0;
    %flag_set/vec4 8;
    %jmp/0xz  T_2.0, 8;
    %pushi/vec4 129, 0, 14;
    %split/vec4 7;
    %assign/vec4 v0x558ee6a3d340_0, 0;
    %assign/vec4 v0x558ee6a3e130_0, 0;
    %jmp T_2.1;
T_2.0 ;
    %load/vec4 v0x558ee6a3e210_0;
    %cmpi/e 3, 0, 3;
    %jmp/0xz  T_2.2, 4;
    %load/vec4 v0x558ee6a3d340_0;
    %pad/u 32;
    %cmpi/e 127, 0, 32;
    %jmp/0xz  T_2.4, 4;
    %load/vec4 v0x558ee6a3e130_0;
    %addi 1, 0, 7;
    %assign/vec4 v0x558ee6a3e130_0, 0;
T_2.4 ;
    %load/vec4 v0x558ee6a3d340_0;
    %addi 1, 0, 7;
    %assign/vec4 v0x558ee6a3d340_0, 0;
T_2.2 ;
T_2.1 ;
    %jmp T_2;
    .thread T_2;
    .scope S_0x558ee69c0120;
T_3 ;
    %wait E_0x558ee6a136b0;
    %load/vec4 v0x558ee6a3ded0_0;
    %flag_set/vec4 8;
    %jmp/0xz  T_3.0, 8;
    %pushi/vec4 0, 0, 14;
    %assign/vec4 v0x558ee6a3d4e0_0, 0;
    %pushi/vec4 0, 0, 4;
    %assign/vec4 v0x558ee6a3d260_0, 0;
    %pushi/vec4 0, 0, 1;
    %assign/vec4 v0x558ee6a3de10_0, 0;
    %pushi/vec4 0, 0, 1;
    %assign/vec4 v0x558ee6a3d930_0, 0;
    %jmp T_3.1;
T_3.0 ;
    %load/vec4 v0x558ee6a3e210_0;
    %cmpi/e 1, 0, 3;
    %jmp/0xz  T_3.2, 4;
    %load/vec4 v0x558ee6a3d340_0;
    %pad/u 32;
    %cmpi/e 0, 0, 32;
    %flag_mov 8, 4;
    %load/vec4 v0x558ee6a3d340_0;
    %pad/u 32;
    %cmpi/e 127, 0, 32;
    %flag_or 4, 8;
    %flag_mov 8, 4;
    %load/vec4 v0x558ee6a3e130_0;
    %pad/u 32;
    %cmpi/e 0, 0, 32;
    %flag_or 4, 8;
    %flag_mov 8, 4;
    %load/vec4 v0x558ee6a3e130_0;
    %pad/u 32;
    %cmpi/e 127, 0, 32;
    %flag_or 4, 8;
    %jmp/0xz  T_3.4, 4;
    %pushi/vec4 1, 0, 1;
    %assign/vec4 v0x558ee6a3de10_0, 0;
    %pushi/vec4 1, 0, 1;
    %assign/vec4 v0x558ee6a3d930_0, 0;
    %jmp T_3.5;
T_3.4 ;
    %load/vec4 v0x558ee6a3d340_0;
    %pad/u 32;
    %cmpi/e 1, 0, 32;
    %jmp/0xz  T_3.6, 4;
    %load/vec4 v0x558ee6a3d260_0;
    %dup/vec4;
    %pushi/vec4 1, 0, 4;
    %cmp/u;
    %jmp/1 T_3.8, 6;
    %dup/vec4;
    %pushi/vec4 2, 0, 4;
    %cmp/u;
    %jmp/1 T_3.9, 6;
    %dup/vec4;
    %pushi/vec4 3, 0, 4;
    %cmp/u;
    %jmp/1 T_3.10, 6;
    %dup/vec4;
    %pushi/vec4 4, 0, 4;
    %cmp/u;
    %jmp/1 T_3.11, 6;
    %dup/vec4;
    %pushi/vec4 5, 0, 4;
    %cmp/u;
    %jmp/1 T_3.12, 6;
    %dup/vec4;
    %pushi/vec4 6, 0, 4;
    %cmp/u;
    %jmp/1 T_3.13, 6;
    %dup/vec4;
    %pushi/vec4 7, 0, 4;
    %cmp/u;
    %jmp/1 T_3.14, 6;
    %dup/vec4;
    %pushi/vec4 8, 0, 4;
    %cmp/u;
    %jmp/1 T_3.15, 6;
    %dup/vec4;
    %pushi/vec4 9, 0, 4;
    %cmp/u;
    %jmp/1 T_3.16, 6;
    %jmp T_3.17;
T_3.8 ;
    %load/vec4 v0x558ee6a3e130_0;
    %load/vec4 v0x558ee6a3d340_0;
    %concat/vec4; draw_concat_vec4
    %assign/vec4 v0x558ee6a3d4e0_0, 0;
    %jmp T_3.17;
T_3.9 ;
    %load/vec4 v0x558ee6a3e130_0;
    %subi 1, 0, 7;
    %load/vec4 v0x558ee6a3d340_0;
    %subi 1, 0, 7;
    %concat/vec4; draw_concat_vec4
    %assign/vec4 v0x558ee6a3d4e0_0, 0;
    %jmp T_3.17;
T_3.10 ;
    %load/vec4 v0x558ee6a3e130_0;
    %subi 1, 0, 7;
    %load/vec4 v0x558ee6a3d340_0;
    %concat/vec4; draw_concat_vec4
    %assign/vec4 v0x558ee6a3d4e0_0, 0;
    %jmp T_3.17;
T_3.11 ;
    %load/vec4 v0x558ee6a3e130_0;
    %subi 1, 0, 7;
    %load/vec4 v0x558ee6a3d340_0;
    %addi 1, 0, 7;
    %concat/vec4; draw_concat_vec4
    %assign/vec4 v0x558ee6a3d4e0_0, 0;
    %jmp T_3.17;
T_3.12 ;
    %load/vec4 v0x558ee6a3e130_0;
    %load/vec4 v0x558ee6a3d340_0;
    %subi 1, 0, 7;
    %concat/vec4; draw_concat_vec4
    %assign/vec4 v0x558ee6a3d4e0_0, 0;
    %jmp T_3.17;
T_3.13 ;
    %load/vec4 v0x558ee6a3e130_0;
    %load/vec4 v0x558ee6a3d340_0;
    %subi 1, 0, 7;
    %concat/vec4; draw_concat_vec4
    %assign/vec4 v0x558ee6a3d4e0_0, 0;
    %jmp T_3.17;
T_3.14 ;
    %load/vec4 v0x558ee6a3e130_0;
    %addi 1, 0, 7;
    %load/vec4 v0x558ee6a3d340_0;
    %subi 1, 0, 7;
    %concat/vec4; draw_concat_vec4
    %assign/vec4 v0x558ee6a3d4e0_0, 0;
    %jmp T_3.17;
T_3.15 ;
    %load/vec4 v0x558ee6a3e130_0;
    %addi 1, 0, 7;
    %load/vec4 v0x558ee6a3d340_0;
    %concat/vec4; draw_concat_vec4
    %assign/vec4 v0x558ee6a3d4e0_0, 0;
    %jmp T_3.17;
T_3.16 ;
    %load/vec4 v0x558ee6a3e130_0;
    %addi 1, 0, 7;
    %load/vec4 v0x558ee6a3d340_0;
    %addi 1, 0, 7;
    %concat/vec4; draw_concat_vec4
    %assign/vec4 v0x558ee6a3d4e0_0, 0;
    %jmp T_3.17;
T_3.17 ;
    %pop/vec4 1;
    %load/vec4 v0x558ee6a3d260_0;
    %pad/u 32;
    %cmpi/u 10, 0, 32;
    %jmp/0xz  T_3.18, 5;
    %load/vec4 v0x558ee6a3d260_0;
    %addi 1, 0, 4;
    %assign/vec4 v0x558ee6a3d260_0, 0;
    %jmp T_3.19;
T_3.18 ;
    %pushi/vec4 0, 0, 4;
    %assign/vec4 v0x558ee6a3d260_0, 0;
T_3.19 ;
    %load/vec4 v0x558ee6a3d260_0;
    %pad/u 32;
    %cmpi/e 10, 0, 32;
    %jmp/0xz  T_3.20, 4;
    %pushi/vec4 1, 0, 1;
    %assign/vec4 v0x558ee6a3de10_0, 0;
T_3.20 ;
    %jmp T_3.7;
T_3.6 ;
    %load/vec4 v0x558ee6a3d260_0;
    %dup/vec4;
    %pushi/vec4 1, 0, 4;
    %cmp/u;
    %jmp/1 T_3.22, 6;
    %dup/vec4;
    %pushi/vec4 2, 0, 4;
    %cmp/u;
    %jmp/1 T_3.23, 6;
    %dup/vec4;
    %pushi/vec4 3, 0, 4;
    %cmp/u;
    %jmp/1 T_3.24, 6;
    %jmp T_3.25;
T_3.22 ;
    %load/vec4 v0x558ee6a3e130_0;
    %subi 1, 0, 7;
    %load/vec4 v0x558ee6a3d340_0;
    %addi 1, 0, 7;
    %concat/vec4; draw_concat_vec4
    %assign/vec4 v0x558ee6a3d4e0_0, 0;
    %jmp T_3.25;
T_3.23 ;
    %load/vec4 v0x558ee6a3e130_0;
    %load/vec4 v0x558ee6a3d340_0;
    %addi 1, 0, 7;
    %concat/vec4; draw_concat_vec4
    %assign/vec4 v0x558ee6a3d4e0_0, 0;
    %jmp T_3.25;
T_3.24 ;
    %load/vec4 v0x558ee6a3e130_0;
    %addi 1, 0, 7;
    %load/vec4 v0x558ee6a3d340_0;
    %addi 1, 0, 7;
    %concat/vec4; draw_concat_vec4
    %assign/vec4 v0x558ee6a3d4e0_0, 0;
    %jmp T_3.25;
T_3.25 ;
    %pop/vec4 1;
    %load/vec4 v0x558ee6a3d260_0;
    %pad/u 32;
    %cmpi/u 4, 0, 32;
    %jmp/0xz  T_3.26, 5;
    %load/vec4 v0x558ee6a3d260_0;
    %addi 1, 0, 4;
    %assign/vec4 v0x558ee6a3d260_0, 0;
    %jmp T_3.27;
T_3.26 ;
    %pushi/vec4 0, 0, 4;
    %assign/vec4 v0x558ee6a3d260_0, 0;
T_3.27 ;
    %load/vec4 v0x558ee6a3d260_0;
    %pad/u 32;
    %cmpi/e 4, 0, 32;
    %jmp/0xz  T_3.28, 4;
    %pushi/vec4 1, 0, 1;
    %assign/vec4 v0x558ee6a3de10_0, 0;
T_3.28 ;
T_3.7 ;
T_3.5 ;
    %jmp T_3.3;
T_3.2 ;
    %pushi/vec4 0, 0, 1;
    %assign/vec4 v0x558ee6a3de10_0, 0;
    %pushi/vec4 0, 0, 1;
    %assign/vec4 v0x558ee6a3d930_0, 0;
T_3.3 ;
T_3.1 ;
    %jmp T_3;
    .thread T_3;
    .scope S_0x558ee69c0120;
T_4 ;
    %wait E_0x558ee6a136b0;
    %load/vec4 v0x558ee6a3e210_0;
    %cmpi/e 1, 0, 3;
    %jmp/0xz  T_4.0, 4;
    %load/vec4 v0x558ee6a3d340_0;
    %pad/u 32;
    %cmpi/e 1, 0, 32;
    %jmp/0xz  T_4.2, 4;
    %load/vec4 v0x558ee6a3d260_0;
    %dup/vec4;
    %pushi/vec4 2, 0, 4;
    %cmp/u;
    %jmp/1 T_4.4, 6;
    %dup/vec4;
    %pushi/vec4 3, 0, 4;
    %cmp/u;
    %jmp/1 T_4.5, 6;
    %dup/vec4;
    %pushi/vec4 4, 0, 4;
    %cmp/u;
    %jmp/1 T_4.6, 6;
    %dup/vec4;
    %pushi/vec4 5, 0, 4;
    %cmp/u;
    %jmp/1 T_4.7, 6;
    %dup/vec4;
    %pushi/vec4 6, 0, 4;
    %cmp/u;
    %jmp/1 T_4.8, 6;
    %dup/vec4;
    %pushi/vec4 7, 0, 4;
    %cmp/u;
    %jmp/1 T_4.9, 6;
    %dup/vec4;
    %pushi/vec4 8, 0, 4;
    %cmp/u;
    %jmp/1 T_4.10, 6;
    %dup/vec4;
    %pushi/vec4 9, 0, 4;
    %cmp/u;
    %jmp/1 T_4.11, 6;
    %dup/vec4;
    %pushi/vec4 10, 0, 4;
    %cmp/u;
    %jmp/1 T_4.12, 6;
    %jmp T_4.13;
T_4.4 ;
    %load/vec4 v0x558ee6a3d5c0_0;
    %ix/load 3, 4, 0;
    %flag_set/imm 4, 0;
    %ix/load 4, 0, 0; Constant delay
    %assign/vec4/a/d v0x558ee6a3dd50, 0, 4;
    %jmp T_4.13;
T_4.5 ;
    %load/vec4 v0x558ee6a3d5c0_0;
    %ix/load 3, 4, 0;
    %flag_set/imm 4, 0;
    %ix/load 4, 0, 0; Constant delay
    %assign/vec4/a/d v0x558ee6a3dd50, 0, 4;
    %jmp T_4.13;
T_4.6 ;
    %load/vec4 v0x558ee6a3d5c0_0;
    %ix/load 3, 4, 0;
    %flag_set/imm 4, 0;
    %ix/load 4, 0, 0; Constant delay
    %assign/vec4/a/d v0x558ee6a3dd50, 0, 4;
    %jmp T_4.13;
T_4.7 ;
    %load/vec4 v0x558ee6a3d5c0_0;
    %ix/load 3, 4, 0;
    %flag_set/imm 4, 0;
    %ix/load 4, 0, 0; Constant delay
    %assign/vec4/a/d v0x558ee6a3dd50, 0, 4;
    %jmp T_4.13;
T_4.8 ;
    %load/vec4 v0x558ee6a3d5c0_0;
    %ix/load 3, 4, 0;
    %flag_set/imm 4, 0;
    %ix/load 4, 0, 0; Constant delay
    %assign/vec4/a/d v0x558ee6a3dd50, 0, 4;
    %jmp T_4.13;
T_4.9 ;
    %load/vec4 v0x558ee6a3d5c0_0;
    %ix/load 3, 4, 0;
    %flag_set/imm 4, 0;
    %ix/load 4, 0, 0; Constant delay
    %assign/vec4/a/d v0x558ee6a3dd50, 0, 4;
    %jmp T_4.13;
T_4.10 ;
    %load/vec4 v0x558ee6a3d5c0_0;
    %ix/load 3, 4, 0;
    %flag_set/imm 4, 0;
    %ix/load 4, 0, 0; Constant delay
    %assign/vec4/a/d v0x558ee6a3dd50, 0, 4;
    %jmp T_4.13;
T_4.11 ;
    %load/vec4 v0x558ee6a3d5c0_0;
    %ix/load 3, 4, 0;
    %flag_set/imm 4, 0;
    %ix/load 4, 0, 0; Constant delay
    %assign/vec4/a/d v0x558ee6a3dd50, 0, 4;
    %jmp T_4.13;
T_4.12 ;
    %load/vec4 v0x558ee6a3d5c0_0;
    %ix/load 3, 4, 0;
    %flag_set/imm 4, 0;
    %ix/load 4, 0, 0; Constant delay
    %assign/vec4/a/d v0x558ee6a3dd50, 0, 4;
    %jmp T_4.13;
T_4.13 ;
    %pop/vec4 1;
    %load/vec4 v0x558ee6a3d260_0;
    %dup/vec4;
    %pushi/vec4 3, 0, 4;
    %cmp/u;
    %jmp/1 T_4.14, 6;
    %dup/vec4;
    %pushi/vec4 4, 0, 4;
    %cmp/u;
    %jmp/1 T_4.15, 6;
    %dup/vec4;
    %pushi/vec4 5, 0, 4;
    %cmp/u;
    %jmp/1 T_4.16, 6;
    %dup/vec4;
    %pushi/vec4 6, 0, 4;
    %cmp/u;
    %jmp/1 T_4.17, 6;
    %dup/vec4;
    %pushi/vec4 7, 0, 4;
    %cmp/u;
    %jmp/1 T_4.18, 6;
    %dup/vec4;
    %pushi/vec4 8, 0, 4;
    %cmp/u;
    %jmp/1 T_4.19, 6;
    %dup/vec4;
    %pushi/vec4 9, 0, 4;
    %cmp/u;
    %jmp/1 T_4.20, 6;
    %dup/vec4;
    %pushi/vec4 10, 0, 4;
    %cmp/u;
    %jmp/1 T_4.21, 6;
    %jmp T_4.22;
T_4.14 ;
    %ix/load 4, 4, 0;
    %flag_set/imm 4, 0;
    %load/vec4a v0x558ee6a3dd50, 4;
    %load/vec4 v0x558ee6a3d5c0_0;
    %cmp/u;
    %flag_or 5, 4;
    %flag_mov 8, 5;
    %jmp/0 T_4.23, 8;
    %pushi/vec4 1, 0, 2;
    %jmp/1 T_4.24, 8;
T_4.23 ; End of true expr.
    %pushi/vec4 0, 0, 2;
    %jmp/0 T_4.24, 8;
 ; End of false expr.
    %blend;
T_4.24;
    %pad/s 1;
    %ix/load 3, 0, 0;
    %flag_set/imm 4, 0;
    %ix/load 4, 0, 0; Constant delay
    %assign/vec4/a/d v0x558ee6a3d000, 0, 4;
    %jmp T_4.22;
T_4.15 ;
    %ix/load 4, 4, 0;
    %flag_set/imm 4, 0;
    %load/vec4a v0x558ee6a3dd50, 4;
    %load/vec4 v0x558ee6a3d5c0_0;
    %cmp/u;
    %flag_or 5, 4;
    %flag_mov 8, 5;
    %jmp/0 T_4.25, 8;
    %pushi/vec4 1, 0, 2;
    %jmp/1 T_4.26, 8;
T_4.25 ; End of true expr.
    %pushi/vec4 0, 0, 2;
    %jmp/0 T_4.26, 8;
 ; End of false expr.
    %blend;
T_4.26;
    %pad/s 1;
    %ix/load 3, 1, 0;
    %flag_set/imm 4, 0;
    %ix/load 4, 1, 0; part off
    %ix/load 5, 0, 0; Constant delay
    %assign/vec4/a/d v0x558ee6a3d000, 4, 5;
    %jmp T_4.22;
T_4.16 ;
    %ix/load 4, 4, 0;
    %flag_set/imm 4, 0;
    %load/vec4a v0x558ee6a3dd50, 4;
    %load/vec4 v0x558ee6a3d5c0_0;
    %cmp/u;
    %flag_or 5, 4;
    %flag_mov 8, 5;
    %jmp/0 T_4.27, 8;
    %pushi/vec4 1, 0, 2;
    %jmp/1 T_4.28, 8;
T_4.27 ; End of true expr.
    %pushi/vec4 0, 0, 2;
    %jmp/0 T_4.28, 8;
 ; End of false expr.
    %blend;
T_4.28;
    %pad/s 1;
    %ix/load 3, 2, 0;
    %flag_set/imm 4, 0;
    %ix/load 4, 2, 0; part off
    %ix/load 5, 0, 0; Constant delay
    %assign/vec4/a/d v0x558ee6a3d000, 4, 5;
    %jmp T_4.22;
T_4.17 ;
    %ix/load 4, 4, 0;
    %flag_set/imm 4, 0;
    %load/vec4a v0x558ee6a3dd50, 4;
    %load/vec4 v0x558ee6a3d5c0_0;
    %cmp/u;
    %flag_or 5, 4;
    %flag_mov 8, 5;
    %jmp/0 T_4.29, 8;
    %pushi/vec4 1, 0, 2;
    %jmp/1 T_4.30, 8;
T_4.29 ; End of true expr.
    %pushi/vec4 0, 0, 2;
    %jmp/0 T_4.30, 8;
 ; End of false expr.
    %blend;
T_4.30;
    %pad/s 1;
    %ix/load 3, 3, 0;
    %flag_set/imm 4, 0;
    %ix/load 4, 3, 0; part off
    %ix/load 5, 0, 0; Constant delay
    %assign/vec4/a/d v0x558ee6a3d000, 4, 5;
    %jmp T_4.22;
T_4.18 ;
    %ix/load 4, 4, 0;
    %flag_set/imm 4, 0;
    %load/vec4a v0x558ee6a3dd50, 4;
    %load/vec4 v0x558ee6a3d5c0_0;
    %cmp/u;
    %flag_or 5, 4;
    %flag_mov 8, 5;
    %jmp/0 T_4.31, 8;
    %pushi/vec4 1, 0, 2;
    %jmp/1 T_4.32, 8;
T_4.31 ; End of true expr.
    %pushi/vec4 0, 0, 2;
    %jmp/0 T_4.32, 8;
 ; End of false expr.
    %blend;
T_4.32;
    %pad/s 1;
    %ix/load 3, 5, 0;
    %flag_set/imm 4, 0;
    %ix/load 4, 4, 0; part off
    %ix/load 5, 0, 0; Constant delay
    %assign/vec4/a/d v0x558ee6a3d000, 4, 5;
    %jmp T_4.22;
T_4.19 ;
    %ix/load 4, 4, 0;
    %flag_set/imm 4, 0;
    %load/vec4a v0x558ee6a3dd50, 4;
    %load/vec4 v0x558ee6a3d5c0_0;
    %cmp/u;
    %flag_or 5, 4;
    %flag_mov 8, 5;
    %jmp/0 T_4.33, 8;
    %pushi/vec4 1, 0, 2;
    %jmp/1 T_4.34, 8;
T_4.33 ; End of true expr.
    %pushi/vec4 0, 0, 2;
    %jmp/0 T_4.34, 8;
 ; End of false expr.
    %blend;
T_4.34;
    %pad/s 1;
    %ix/load 3, 6, 0;
    %flag_set/imm 4, 0;
    %ix/load 4, 5, 0; part off
    %ix/load 5, 0, 0; Constant delay
    %assign/vec4/a/d v0x558ee6a3d000, 4, 5;
    %jmp T_4.22;
T_4.20 ;
    %ix/load 4, 4, 0;
    %flag_set/imm 4, 0;
    %load/vec4a v0x558ee6a3dd50, 4;
    %load/vec4 v0x558ee6a3d5c0_0;
    %cmp/u;
    %flag_or 5, 4;
    %flag_mov 8, 5;
    %jmp/0 T_4.35, 8;
    %pushi/vec4 1, 0, 2;
    %jmp/1 T_4.36, 8;
T_4.35 ; End of true expr.
    %pushi/vec4 0, 0, 2;
    %jmp/0 T_4.36, 8;
 ; End of false expr.
    %blend;
T_4.36;
    %pad/s 1;
    %ix/load 3, 7, 0;
    %flag_set/imm 4, 0;
    %ix/load 4, 6, 0; part off
    %ix/load 5, 0, 0; Constant delay
    %assign/vec4/a/d v0x558ee6a3d000, 4, 5;
    %jmp T_4.22;
T_4.21 ;
    %ix/load 4, 4, 0;
    %flag_set/imm 4, 0;
    %load/vec4a v0x558ee6a3dd50, 4;
    %load/vec4 v0x558ee6a3d5c0_0;
    %cmp/u;
    %flag_or 5, 4;
    %flag_mov 8, 5;
    %jmp/0 T_4.37, 8;
    %pushi/vec4 1, 0, 2;
    %jmp/1 T_4.38, 8;
T_4.37 ; End of true expr.
    %pushi/vec4 0, 0, 2;
    %jmp/0 T_4.38, 8;
 ; End of false expr.
    %blend;
T_4.38;
    %pad/s 1;
    %ix/load 3, 8, 0;
    %flag_set/imm 4, 0;
    %ix/load 4, 7, 0; part off
    %ix/load 5, 0, 0; Constant delay
    %assign/vec4/a/d v0x558ee6a3d000, 4, 5;
    %jmp T_4.22;
T_4.22 ;
    %pop/vec4 1;
    %jmp T_4.3;
T_4.2 ;
    %load/vec4 v0x558ee6a3d260_0;
    %pad/u 32;
    %cmpi/e 0, 0, 32;
    %jmp/0xz  T_4.39, 4;
    %ix/load 4, 1, 0;
    %flag_set/imm 4, 0;
    %load/vec4a v0x558ee6a3dd50, 4;
    %ix/load 3, 0, 0;
    %flag_set/imm 4, 0;
    %ix/load 4, 0, 0; Constant delay
    %assign/vec4/a/d v0x558ee6a3dd50, 0, 4;
    %ix/load 4, 2, 0;
    %flag_set/imm 4, 0;
    %load/vec4a v0x558ee6a3dd50, 4;
    %ix/load 3, 1, 0;
    %flag_set/imm 4, 0;
    %ix/load 4, 0, 0; Constant delay
    %assign/vec4/a/d v0x558ee6a3dd50, 0, 4;
    %ix/load 4, 4, 0;
    %flag_set/imm 4, 0;
    %load/vec4a v0x558ee6a3dd50, 4;
    %ix/load 3, 3, 0;
    %flag_set/imm 4, 0;
    %ix/load 4, 0, 0; Constant delay
    %assign/vec4/a/d v0x558ee6a3dd50, 0, 4;
    %ix/load 4, 5, 0;
    %flag_set/imm 4, 0;
    %load/vec4a v0x558ee6a3dd50, 4;
    %ix/load 3, 4, 0;
    %flag_set/imm 4, 0;
    %ix/load 4, 0, 0; Constant delay
    %assign/vec4/a/d v0x558ee6a3dd50, 0, 4;
    %ix/load 4, 7, 0;
    %flag_set/imm 4, 0;
    %load/vec4a v0x558ee6a3dd50, 4;
    %ix/load 3, 6, 0;
    %flag_set/imm 4, 0;
    %ix/load 4, 0, 0; Constant delay
    %assign/vec4/a/d v0x558ee6a3dd50, 0, 4;
    %ix/load 4, 8, 0;
    %flag_set/imm 4, 0;
    %load/vec4a v0x558ee6a3dd50, 4;
    %ix/load 3, 7, 0;
    %flag_set/imm 4, 0;
    %ix/load 4, 0, 0; Constant delay
    %assign/vec4/a/d v0x558ee6a3dd50, 0, 4;
    %ix/load 4, 1, 0;
    %flag_set/imm 4, 0;
    %load/vec4a v0x558ee6a3dd50, 4;
    %ix/load 3, 0, 0;
    %flag_set/imm 4, 0;
    %ix/load 4, 0, 0; Constant delay
    %assign/vec4/a/d v0x558ee6a3dd50, 0, 4;
    %ix/load 4, 4, 0;
    %flag_set/imm 4, 0;
    %load/vec4a v0x558ee6a3dd50, 4;
    %ix/load 4, 0, 0;
    %flag_set/imm 4, 0;
    %load/vec4a v0x558ee6a3dd50, 4;
    %cmp/u;
    %flag_or 5, 4;
    %flag_mov 8, 5;
    %jmp/0 T_4.41, 8;
    %pushi/vec4 1, 0, 2;
    %jmp/1 T_4.42, 8;
T_4.41 ; End of true expr.
    %pushi/vec4 0, 0, 2;
    %jmp/0 T_4.42, 8;
 ; End of false expr.
    %blend;
T_4.42;
    %pad/s 1;
    %ix/load 3, 0, 0;
    %flag_set/imm 4, 0;
    %ix/load 4, 0, 0; Constant delay
    %assign/vec4/a/d v0x558ee6a3d000, 0, 4;
    %ix/load 4, 4, 0;
    %flag_set/imm 4, 0;
    %load/vec4a v0x558ee6a3dd50, 4;
    %ix/load 4, 1, 0;
    %flag_set/imm 4, 0;
    %load/vec4a v0x558ee6a3dd50, 4;
    %cmp/u;
    %flag_or 5, 4;
    %flag_mov 8, 5;
    %jmp/0 T_4.43, 8;
    %pushi/vec4 1, 0, 2;
    %jmp/1 T_4.44, 8;
T_4.43 ; End of true expr.
    %pushi/vec4 0, 0, 2;
    %jmp/0 T_4.44, 8;
 ; End of false expr.
    %blend;
T_4.44;
    %pad/s 1;
    %ix/load 3, 1, 0;
    %flag_set/imm 4, 0;
    %ix/load 4, 1, 0; part off
    %ix/load 5, 0, 0; Constant delay
    %assign/vec4/a/d v0x558ee6a3d000, 4, 5;
    %ix/load 4, 4, 0;
    %flag_set/imm 4, 0;
    %load/vec4a v0x558ee6a3dd50, 4;
    %ix/load 4, 3, 0;
    %flag_set/imm 4, 0;
    %load/vec4a v0x558ee6a3dd50, 4;
    %cmp/u;
    %flag_or 5, 4;
    %flag_mov 8, 5;
    %jmp/0 T_4.45, 8;
    %pushi/vec4 1, 0, 2;
    %jmp/1 T_4.46, 8;
T_4.45 ; End of true expr.
    %pushi/vec4 0, 0, 2;
    %jmp/0 T_4.46, 8;
 ; End of false expr.
    %blend;
T_4.46;
    %pad/s 1;
    %ix/load 3, 3, 0;
    %flag_set/imm 4, 0;
    %ix/load 4, 3, 0; part off
    %ix/load 5, 0, 0; Constant delay
    %assign/vec4/a/d v0x558ee6a3d000, 4, 5;
    %ix/load 4, 4, 0;
    %flag_set/imm 4, 0;
    %load/vec4a v0x558ee6a3dd50, 4;
    %ix/load 4, 6, 0;
    %flag_set/imm 4, 0;
    %load/vec4a v0x558ee6a3dd50, 4;
    %cmp/u;
    %flag_or 5, 4;
    %flag_mov 8, 5;
    %jmp/0 T_4.47, 8;
    %pushi/vec4 1, 0, 2;
    %jmp/1 T_4.48, 8;
T_4.47 ; End of true expr.
    %pushi/vec4 0, 0, 2;
    %jmp/0 T_4.48, 8;
 ; End of false expr.
    %blend;
T_4.48;
    %pad/s 1;
    %ix/load 3, 6, 0;
    %flag_set/imm 4, 0;
    %ix/load 4, 5, 0; part off
    %ix/load 5, 0, 0; Constant delay
    %assign/vec4/a/d v0x558ee6a3d000, 4, 5;
    %ix/load 4, 4, 0;
    %flag_set/imm 4, 0;
    %load/vec4a v0x558ee6a3dd50, 4;
    %ix/load 4, 7, 0;
    %flag_set/imm 4, 0;
    %load/vec4a v0x558ee6a3dd50, 4;
    %cmp/u;
    %flag_or 5, 4;
    %flag_mov 8, 5;
    %jmp/0 T_4.49, 8;
    %pushi/vec4 1, 0, 2;
    %jmp/1 T_4.50, 8;
T_4.49 ; End of true expr.
    %pushi/vec4 0, 0, 2;
    %jmp/0 T_4.50, 8;
 ; End of false expr.
    %blend;
T_4.50;
    %pad/s 1;
    %ix/load 3, 7, 0;
    %flag_set/imm 4, 0;
    %ix/load 4, 6, 0; part off
    %ix/load 5, 0, 0; Constant delay
    %assign/vec4/a/d v0x558ee6a3d000, 4, 5;
    %jmp T_4.40;
T_4.39 ;
    %load/vec4 v0x558ee6a3d260_0;
    %dup/vec4;
    %pushi/vec4 1, 0, 4;
    %cmp/u;
    %jmp/1 T_4.51, 6;
    %dup/vec4;
    %pushi/vec4 2, 0, 4;
    %cmp/u;
    %jmp/1 T_4.52, 6;
    %dup/vec4;
    %pushi/vec4 3, 0, 4;
    %cmp/u;
    %jmp/1 T_4.53, 6;
    %jmp T_4.54;
T_4.51 ;
    %load/vec4 v0x558ee6a3d5c0_0;
    %ix/load 3, 2, 0;
    %flag_set/imm 4, 0;
    %ix/load 4, 0, 0; Constant delay
    %assign/vec4/a/d v0x558ee6a3dd50, 0, 4;
    %ix/load 4, 4, 0;
    %flag_set/imm 4, 0;
    %load/vec4a v0x558ee6a3dd50, 4;
    %load/vec4 v0x558ee6a3d5c0_0;
    %cmp/u;
    %flag_or 5, 4;
    %flag_mov 8, 5;
    %jmp/0 T_4.55, 8;
    %pushi/vec4 1, 0, 2;
    %jmp/1 T_4.56, 8;
T_4.55 ; End of true expr.
    %pushi/vec4 0, 0, 2;
    %jmp/0 T_4.56, 8;
 ; End of false expr.
    %blend;
T_4.56;
    %pad/s 1;
    %ix/load 3, 2, 0;
    %flag_set/imm 4, 0;
    %ix/load 4, 2, 0; part off
    %ix/load 5, 0, 0; Constant delay
    %assign/vec4/a/d v0x558ee6a3d000, 4, 5;
    %jmp T_4.54;
T_4.52 ;
    %load/vec4 v0x558ee6a3d5c0_0;
    %ix/load 3, 5, 0;
    %flag_set/imm 4, 0;
    %ix/load 4, 0, 0; Constant delay
    %assign/vec4/a/d v0x558ee6a3dd50, 0, 4;
    %ix/load 4, 4, 0;
    %flag_set/imm 4, 0;
    %load/vec4a v0x558ee6a3dd50, 4;
    %load/vec4 v0x558ee6a3d5c0_0;
    %cmp/u;
    %flag_or 5, 4;
    %flag_mov 8, 5;
    %jmp/0 T_4.57, 8;
    %pushi/vec4 1, 0, 2;
    %jmp/1 T_4.58, 8;
T_4.57 ; End of true expr.
    %pushi/vec4 0, 0, 2;
    %jmp/0 T_4.58, 8;
 ; End of false expr.
    %blend;
T_4.58;
    %pad/s 1;
    %ix/load 3, 5, 0;
    %flag_set/imm 4, 0;
    %ix/load 4, 4, 0; part off
    %ix/load 5, 0, 0; Constant delay
    %assign/vec4/a/d v0x558ee6a3d000, 4, 5;
    %jmp T_4.54;
T_4.53 ;
    %load/vec4 v0x558ee6a3d5c0_0;
    %ix/load 3, 8, 0;
    %flag_set/imm 4, 0;
    %ix/load 4, 0, 0; Constant delay
    %assign/vec4/a/d v0x558ee6a3dd50, 0, 4;
    %ix/load 4, 4, 0;
    %flag_set/imm 4, 0;
    %load/vec4a v0x558ee6a3dd50, 4;
    %load/vec4 v0x558ee6a3d5c0_0;
    %cmp/u;
    %flag_or 5, 4;
    %flag_mov 8, 5;
    %jmp/0 T_4.59, 8;
    %pushi/vec4 1, 0, 2;
    %jmp/1 T_4.60, 8;
T_4.59 ; End of true expr.
    %pushi/vec4 0, 0, 2;
    %jmp/0 T_4.60, 8;
 ; End of false expr.
    %blend;
T_4.60;
    %pad/s 1;
    %ix/load 3, 8, 0;
    %flag_set/imm 4, 0;
    %ix/load 4, 7, 0; part off
    %ix/load 5, 0, 0; Constant delay
    %assign/vec4/a/d v0x558ee6a3d000, 4, 5;
    %jmp T_4.54;
T_4.54 ;
    %pop/vec4 1;
T_4.40 ;
T_4.3 ;
T_4.0 ;
    %jmp T_4;
    .thread T_4;
    .scope S_0x558ee69c0120;
T_5 ;
    %wait E_0x558ee6a12ec0;
    %load/vec4 v0x558ee6a3e210_0;
    %cmpi/e 2, 0, 3;
    %jmp/0xz  T_5.0, 4;
    %load/vec4 v0x558ee6a3d180_0;
    %pad/u 32;
    %cmpi/e 0, 0, 32;
    %jmp/0xz  T_5.2, 4;
    %pushi/vec4 0, 0, 8;
    %assign/vec4 v0x558ee6a1be60_0, 0;
    %ix/load 4, 0, 0;
    %flag_set/imm 4, 0;
    %load/vec4a v0x558ee6a3d000, 4;
    %assign/vec4 v0x558ee6a3cf20_0, 0;
    %jmp T_5.3;
T_5.2 ;
    %load/vec4 v0x558ee6a3df90_0;
    %assign/vec4 v0x558ee6a1be60_0, 0;
    %load/vec4 v0x558ee6a3d180_0;
    %pad/u 5;
    %ix/vec4 4;
    %load/vec4a v0x558ee6a3d000, 4;
    %assign/vec4 v0x558ee6a3cf20_0, 0;
T_5.3 ;
    %load/vec4 v0x558ee6a3d180_0;
    %pad/u 32;
    %cmpi/u 9, 0, 32;
    %jmp/0xz  T_5.4, 5;
    %load/vec4 v0x558ee6a3d180_0;
    %addi 1, 0, 4;
    %assign/vec4 v0x558ee6a3d180_0, 0;
    %jmp T_5.5;
T_5.4 ;
    %pushi/vec4 0, 0, 4;
    %assign/vec4 v0x558ee6a3d180_0, 0;
    %load/vec4 v0x558ee6a3df90_0;
    %ix/load 3, 4, 0;
    %flag_set/imm 4, 0;
    %ix/load 4, 0, 0; Constant delay
    %assign/vec4/a/d v0x558ee6a3d000, 0, 4;
T_5.5 ;
T_5.0 ;
    %jmp T_5;
    .thread T_5;
    .scope S_0x558ee69c0120;
T_6 ;
    %wait E_0x558ee6a12ec0;
    %load/vec4 v0x558ee6a3e210_0;
    %cmpi/e 3, 0, 3;
    %jmp/0xz  T_6.0, 4;
    %load/vec4 v0x558ee6a3d930_0;
    %pad/u 32;
    %cmpi/e 1, 0, 32;
    %jmp/0xz  T_6.2, 4;
    %pushi/vec4 0, 0, 8;
    %assign/vec4 v0x558ee6a3dad0_0, 0;
    %jmp T_6.3;
T_6.2 ;
    %ix/load 4, 4, 0;
    %flag_set/imm 4, 0;
    %load/vec4a v0x558ee6a3d000, 4;
    %assign/vec4 v0x558ee6a3dad0_0, 0;
T_6.3 ;
    %pushi/vec4 1, 0, 1;
    %assign/vec4 v0x558ee6a3dbb0_0, 0;
    %jmp T_6.1;
T_6.0 ;
    %pushi/vec4 0, 0, 1;
    %assign/vec4 v0x558ee6a3dbb0_0, 0;
T_6.1 ;
    %jmp T_6;
    .thread T_6;
# The file index is used to find the file name in the following table.
:file_names 3;
    "N/A";
    "<interactive>";
    "LBP.v";
