#! /usr/bin/vvp
:ivl_version "10.3 (stable)";
:ivl_delay_selection "TYPICAL";
:vpi_time_precision - 11;
:vpi_module "system";
:vpi_module "vhdl_sys";
:vpi_module "v2005_math";
:vpi_module "va_math";
S_0x561db38b1200 .scope module, "CONV" "CONV" 2 4;
 .timescale -9 -11;
    .port_info 0 /INPUT 1 "clk"
    .port_info 1 /INPUT 1 "reset"
    .port_info 2 /OUTPUT 1 "busy"
    .port_info 3 /INPUT 1 "ready"
    .port_info 4 /OUTPUT 12 "iaddr"
    .port_info 5 /INPUT 20 "idata"
    .port_info 6 /OUTPUT 1 "cwr"
    .port_info 7 /OUTPUT 12 "caddr_wr"
    .port_info 8 /OUTPUT 20 "cdata_wr"
    .port_info 9 /OUTPUT 1 "crd"
    .port_info 10 /OUTPUT 12 "caddr_rd"
    .port_info 11 /INPUT 20 "cdata_rd"
    .port_info 12 /OUTPUT 3 "csel"
P_0x561db3904180 .param/l "FINISH" 0 2 31, C4<101>;
P_0x561db39041c0 .param/l "IDLE" 0 2 26, C4<000>;
P_0x561db3904200 .param/l "READ" 0 2 27, C4<001>;
P_0x561db3904240 .param/l "READ_L0" 0 2 29, C4<011>;
P_0x561db3904280 .param/l "WRITE_L0" 0 2 28, C4<010>;
P_0x561db39042c0 .param/l "WRITE_L1" 0 2 30, C4<100>;
L_0x561db38e9120 .functor OR 1, L_0x561db3936640, L_0x561db39367c0, C4<0>, C4<0>;
v0x561db38d9180_0 .net *"_s0", 39 0, L_0x561db3926320;  1 drivers
L_0x7fb6dfaae0a8 .functor BUFT 1, C4<101>, C4<0>, C4<0>, C4<0>;
v0x561db38d9280_0 .net/2u *"_s10", 2 0, L_0x7fb6dfaae0a8;  1 drivers
v0x561db39240d0_0 .net *"_s12", 0 0, L_0x561db3936640;  1 drivers
L_0x7fb6dfaae0f0 .functor BUFT 1, C4<000>, C4<0>, C4<0>, C4<0>;
v0x561db3924170_0 .net/2u *"_s14", 2 0, L_0x7fb6dfaae0f0;  1 drivers
v0x561db3924250_0 .net *"_s16", 0 0, L_0x561db39367c0;  1 drivers
v0x561db3924360_0 .net *"_s18", 0 0, L_0x561db38e9120;  1 drivers
v0x561db3924420_0 .net *"_s23", 20 0, L_0x561db3936b00;  1 drivers
v0x561db3924500_0 .net *"_s25", 0 0, L_0x561db3936ba0;  1 drivers
v0x561db39245e0_0 .net *"_s26", 20 0, L_0x561db3936ce0;  1 drivers
L_0x7fb6dfaae138 .functor BUFT 1, C4<00000000000000000000>, C4<0>, C4<0>, C4<0>;
v0x561db39246c0_0 .net *"_s29", 19 0, L_0x7fb6dfaae138;  1 drivers
L_0x7fb6dfaae018 .functor BUFT 1, C4<00000000000000000000>, C4<0>, C4<0>, C4<0>;
v0x561db39247a0_0 .net *"_s3", 19 0, L_0x7fb6dfaae018;  1 drivers
v0x561db3924880_0 .net *"_s4", 39 0, L_0x561db39363f0;  1 drivers
L_0x7fb6dfaae060 .functor BUFT 1, C4<00000000000000000000>, C4<0>, C4<0>, C4<0>;
v0x561db3924960_0 .net *"_s7", 19 0, L_0x7fb6dfaae060;  1 drivers
v0x561db3924a40_0 .net "busy", 0 0, L_0x561db39369d0;  1 drivers
v0x561db3924b00_0 .var "caddr_rd", 11 0;
v0x561db3924be0_0 .var "caddr_wr", 11 0;
o0x7fb6dfaf7318 .functor BUFZ 20, C4<zzzzzzzzzzzzzzzzzzzz>; HiZ drive
v0x561db3924cc0_0 .net "cdata_rd", 19 0, o0x7fb6dfaf7318;  0 drivers
v0x561db3924eb0_0 .var "cdata_wr", 19 0;
o0x7fb6dfaf7378 .functor BUFZ 1, C4<z>; HiZ drive
v0x561db3924f90_0 .net "clk", 0 0, o0x7fb6dfaf7378;  0 drivers
v0x561db3925050_0 .var "cnt", 3 0;
v0x561db3925130_0 .var "col", 5 0;
v0x561db3925210_0 .var/s "conv_sum", 43 0;
v0x561db39252f0_0 .var "crd", 0 0;
v0x561db39253b0_0 .var "csel", 2 0;
v0x561db3925490_0 .var "cwr", 0 0;
v0x561db3925550_0 .var "give_pos", 0 0;
v0x561db3925610_0 .var "iaddr", 11 0;
o0x7fb6dfaf7528 .functor BUFZ 20, C4<zzzzzzzzzzzzzzzzzzzz>; HiZ drive
v0x561db39256f0_0 .net "idata", 19 0, o0x7fb6dfaf7528;  0 drivers
v0x561db39257d0_0 .var "kernel", 19 0;
v0x561db39258b0_0 .var/s "max", 19 0;
v0x561db3925990_0 .net/s "mul_tmp", 39 0, L_0x561db3936500;  1 drivers
v0x561db3925a70_0 .var "next_state", 2 0;
o0x7fb6dfaf7618 .functor BUFZ 1, C4<z>; HiZ drive
v0x561db3925b50_0 .net "ready", 0 0, o0x7fb6dfaf7618;  0 drivers
o0x7fb6dfaf7648 .functor BUFZ 1, C4<z>; HiZ drive
v0x561db3925e20_0 .net "reset", 0 0, o0x7fb6dfaf7648;  0 drivers
v0x561db3925ee0_0 .net/s "round_tmp", 20 0, L_0x561db3936e70;  1 drivers
v0x561db3925fc0_0 .var "row", 5 0;
v0x561db39260a0_0 .var "state", 2 0;
E_0x561db38e6520 .event edge, v0x561db3925050_0;
E_0x561db38b18b0 .event posedge, v0x561db3924f90_0;
E_0x561db38fc840 .event posedge, v0x561db3925e20_0, v0x561db3924f90_0;
E_0x561db38e9b10/0 .event edge, v0x561db3925e20_0, v0x561db39260a0_0, v0x561db3925b50_0, v0x561db3925050_0;
E_0x561db38e9b10/1 .event edge, v0x561db3925fc0_0, v0x561db3925130_0;
E_0x561db38e9b10 .event/or E_0x561db38e9b10/0, E_0x561db38e9b10/1;
L_0x561db3926320 .concat [ 20 20 0 0], o0x7fb6dfaf7528, L_0x7fb6dfaae018;
L_0x561db39363f0 .concat [ 20 20 0 0], v0x561db39257d0_0, L_0x7fb6dfaae060;
L_0x561db3936500 .arith/mult 40, L_0x561db3926320, L_0x561db39363f0;
L_0x561db3936640 .cmp/eq 3, v0x561db39260a0_0, L_0x7fb6dfaae0a8;
L_0x561db39367c0 .cmp/eq 3, v0x561db39260a0_0, L_0x7fb6dfaae0f0;
L_0x561db39369d0 .reduce/nor L_0x561db38e9120;
L_0x561db3936b00 .part v0x561db3925210_0, 15, 21;
L_0x561db3936ba0 .part v0x561db3925210_0, 15, 1;
L_0x561db3936ce0 .concat [ 1 20 0 0], L_0x561db3936ba0, L_0x7fb6dfaae138;
L_0x561db3936e70 .arith/sum 21, L_0x561db3936b00, L_0x561db3936ce0;
    .scope S_0x561db38b1200;
T_0 ;
    %wait E_0x561db38fc840;
    %load/vec4 v0x561db3925e20_0;
    %flag_set/vec4 8;
    %jmp/0xz  T_0.0, 8;
    %pushi/vec4 0, 0, 3;
    %assign/vec4 v0x561db39260a0_0, 0;
    %jmp T_0.1;
T_0.0 ;
    %load/vec4 v0x561db3925a70_0;
    %assign/vec4 v0x561db39260a0_0, 0;
T_0.1 ;
    %jmp T_0;
    .thread T_0;
    .scope S_0x561db38b1200;
T_1 ;
    %wait E_0x561db38e9b10;
    %load/vec4 v0x561db3925e20_0;
    %flag_set/vec4 8;
    %jmp/0xz  T_1.0, 8;
    %pushi/vec4 0, 0, 3;
    %store/vec4 v0x561db3925a70_0, 0, 3;
    %jmp T_1.1;
T_1.0 ;
    %load/vec4 v0x561db39260a0_0;
    %dup/vec4;
    %pushi/vec4 0, 0, 3;
    %cmp/u;
    %jmp/1 T_1.2, 6;
    %dup/vec4;
    %pushi/vec4 1, 0, 3;
    %cmp/u;
    %jmp/1 T_1.3, 6;
    %dup/vec4;
    %pushi/vec4 2, 0, 3;
    %cmp/u;
    %jmp/1 T_1.4, 6;
    %dup/vec4;
    %pushi/vec4 3, 0, 3;
    %cmp/u;
    %jmp/1 T_1.5, 6;
    %dup/vec4;
    %pushi/vec4 4, 0, 3;
    %cmp/u;
    %jmp/1 T_1.6, 6;
    %pushi/vec4 0, 0, 3;
    %store/vec4 v0x561db3925a70_0, 0, 3;
    %jmp T_1.8;
T_1.2 ;
    %load/vec4 v0x561db3925b50_0;
    %pad/u 32;
    %cmpi/e 1, 0, 32;
    %jmp/0xz  T_1.9, 4;
    %pushi/vec4 1, 0, 3;
    %store/vec4 v0x561db3925a70_0, 0, 3;
    %jmp T_1.10;
T_1.9 ;
    %pushi/vec4 0, 0, 3;
    %store/vec4 v0x561db3925a70_0, 0, 3;
T_1.10 ;
    %jmp T_1.8;
T_1.3 ;
    %load/vec4 v0x561db3925050_0;
    %pad/u 32;
    %cmpi/e 11, 0, 32;
    %jmp/0xz  T_1.11, 4;
    %pushi/vec4 2, 0, 3;
    %store/vec4 v0x561db3925a70_0, 0, 3;
    %jmp T_1.12;
T_1.11 ;
    %pushi/vec4 1, 0, 3;
    %store/vec4 v0x561db3925a70_0, 0, 3;
T_1.12 ;
    %jmp T_1.8;
T_1.4 ;
    %load/vec4 v0x561db3925fc0_0;
    %pad/u 32;
    %pushi/vec4 63, 0, 32;
    %cmp/e;
    %flag_get/vec4 4;
    %load/vec4 v0x561db3925130_0;
    %pad/u 32;
    %pushi/vec4 63, 0, 32;
    %cmp/e;
    %flag_get/vec4 4;
    %and;
    %flag_set/vec4 8;
    %jmp/0xz  T_1.13, 8;
    %pushi/vec4 3, 0, 3;
    %store/vec4 v0x561db3925a70_0, 0, 3;
    %jmp T_1.14;
T_1.13 ;
    %pushi/vec4 1, 0, 3;
    %store/vec4 v0x561db3925a70_0, 0, 3;
T_1.14 ;
    %jmp T_1.8;
T_1.5 ;
    %load/vec4 v0x561db3925050_0;
    %pad/u 32;
    %cmpi/e 5, 0, 32;
    %jmp/0xz  T_1.15, 4;
    %pushi/vec4 4, 0, 3;
    %store/vec4 v0x561db3925a70_0, 0, 3;
    %jmp T_1.16;
T_1.15 ;
    %pushi/vec4 3, 0, 3;
    %store/vec4 v0x561db3925a70_0, 0, 3;
T_1.16 ;
    %jmp T_1.8;
T_1.6 ;
    %load/vec4 v0x561db3925fc0_0;
    %pad/u 32;
    %pushi/vec4 63, 0, 32;
    %cmp/e;
    %flag_get/vec4 4;
    %load/vec4 v0x561db3925130_0;
    %pad/u 32;
    %pushi/vec4 63, 0, 32;
    %cmp/e;
    %flag_get/vec4 4;
    %and;
    %flag_set/vec4 8;
    %jmp/0xz  T_1.17, 8;
    %pushi/vec4 5, 0, 3;
    %store/vec4 v0x561db3925a70_0, 0, 3;
    %jmp T_1.18;
T_1.17 ;
    %pushi/vec4 3, 0, 3;
    %store/vec4 v0x561db3925a70_0, 0, 3;
T_1.18 ;
    %jmp T_1.8;
T_1.8 ;
    %pop/vec4 1;
T_1.1 ;
    %jmp T_1;
    .thread T_1, $push;
    .scope S_0x561db38b1200;
T_2 ;
    %wait E_0x561db38fc840;
    %load/vec4 v0x561db3925e20_0;
    %flag_set/vec4 8;
    %jmp/0xz  T_2.0, 8;
    %pushi/vec4 0, 0, 4;
    %assign/vec4 v0x561db3925050_0, 0;
    %pushi/vec4 0, 0, 1;
    %assign/vec4 v0x561db3925550_0, 0;
    %pushi/vec4 0, 0, 6;
    %assign/vec4 v0x561db3925fc0_0, 0;
    %pushi/vec4 0, 0, 6;
    %assign/vec4 v0x561db3925130_0, 0;
    %pushi/vec4 0, 0, 3;
    %assign/vec4 v0x561db39253b0_0, 0;
    %pushi/vec4 0, 0, 1;
    %assign/vec4 v0x561db39252f0_0, 0;
    %pushi/vec4 0, 0, 1;
    %assign/vec4 v0x561db3925490_0, 0;
    %jmp T_2.1;
T_2.0 ;
    %load/vec4 v0x561db3925a70_0;
    %cmpi/e 1, 0, 3;
    %jmp/0xz  T_2.2, 4;
    %load/vec4 v0x561db3925050_0;
    %dup/vec4;
    %pushi/vec4 0, 0, 4;
    %cmp/u;
    %jmp/1 T_2.4, 6;
    %dup/vec4;
    %pushi/vec4 1, 0, 4;
    %cmp/u;
    %jmp/1 T_2.5, 6;
    %dup/vec4;
    %pushi/vec4 2, 0, 4;
    %cmp/u;
    %jmp/1 T_2.6, 6;
    %dup/vec4;
    %pushi/vec4 3, 0, 4;
    %cmp/u;
    %jmp/1 T_2.7, 6;
    %dup/vec4;
    %pushi/vec4 4, 0, 4;
    %cmp/u;
    %jmp/1 T_2.8, 6;
    %dup/vec4;
    %pushi/vec4 5, 0, 4;
    %cmp/u;
    %jmp/1 T_2.9, 6;
    %dup/vec4;
    %pushi/vec4 6, 0, 4;
    %cmp/u;
    %jmp/1 T_2.10, 6;
    %dup/vec4;
    %pushi/vec4 7, 0, 4;
    %cmp/u;
    %jmp/1 T_2.11, 6;
    %dup/vec4;
    %pushi/vec4 8, 0, 4;
    %cmp/u;
    %jmp/1 T_2.12, 6;
    %jmp T_2.13;
T_2.4 ;
    %load/vec4 v0x561db3925fc0_0;
    %subi 1, 0, 6;
    %load/vec4 v0x561db3925130_0;
    %subi 1, 0, 6;
    %concat/vec4; draw_concat_vec4
    %assign/vec4 v0x561db3925610_0, 0;
    %jmp T_2.13;
T_2.5 ;
    %load/vec4 v0x561db3925fc0_0;
    %subi 1, 0, 6;
    %load/vec4 v0x561db3925130_0;
    %concat/vec4; draw_concat_vec4
    %assign/vec4 v0x561db3925610_0, 0;
    %jmp T_2.13;
T_2.6 ;
    %load/vec4 v0x561db3925fc0_0;
    %subi 1, 0, 6;
    %load/vec4 v0x561db3925130_0;
    %addi 1, 0, 6;
    %concat/vec4; draw_concat_vec4
    %assign/vec4 v0x561db3925610_0, 0;
    %jmp T_2.13;
T_2.7 ;
    %load/vec4 v0x561db3925fc0_0;
    %load/vec4 v0x561db3925130_0;
    %subi 1, 0, 6;
    %concat/vec4; draw_concat_vec4
    %assign/vec4 v0x561db3925610_0, 0;
    %jmp T_2.13;
T_2.8 ;
    %load/vec4 v0x561db3925fc0_0;
    %load/vec4 v0x561db3925130_0;
    %concat/vec4; draw_concat_vec4
    %assign/vec4 v0x561db3925610_0, 0;
    %jmp T_2.13;
T_2.9 ;
    %load/vec4 v0x561db3925fc0_0;
    %load/vec4 v0x561db3925130_0;
    %addi 1, 0, 6;
    %concat/vec4; draw_concat_vec4
    %assign/vec4 v0x561db3925610_0, 0;
    %jmp T_2.13;
T_2.10 ;
    %load/vec4 v0x561db3925fc0_0;
    %addi 1, 0, 6;
    %load/vec4 v0x561db3925130_0;
    %subi 1, 0, 6;
    %concat/vec4; draw_concat_vec4
    %assign/vec4 v0x561db3925610_0, 0;
    %jmp T_2.13;
T_2.11 ;
    %load/vec4 v0x561db3925fc0_0;
    %addi 1, 0, 6;
    %load/vec4 v0x561db3925130_0;
    %concat/vec4; draw_concat_vec4
    %assign/vec4 v0x561db3925610_0, 0;
    %jmp T_2.13;
T_2.12 ;
    %load/vec4 v0x561db3925fc0_0;
    %addi 1, 0, 6;
    %load/vec4 v0x561db3925130_0;
    %addi 1, 0, 6;
    %concat/vec4; draw_concat_vec4
    %assign/vec4 v0x561db3925610_0, 0;
    %jmp T_2.13;
T_2.13 ;
    %pop/vec4 1;
    %load/vec4 v0x561db3925050_0;
    %pad/u 32;
    %cmpi/u 11, 0, 32;
    %jmp/0xz  T_2.14, 5;
    %load/vec4 v0x561db3925050_0;
    %addi 1, 0, 4;
    %assign/vec4 v0x561db3925050_0, 0;
    %jmp T_2.15;
T_2.14 ;
    %pushi/vec4 0, 0, 4;
    %assign/vec4 v0x561db3925050_0, 0;
T_2.15 ;
    %jmp T_2.3;
T_2.2 ;
    %load/vec4 v0x561db3925a70_0;
    %cmpi/e 2, 0, 3;
    %jmp/0xz  T_2.16, 4;
    %pushi/vec4 1, 0, 1;
    %assign/vec4 v0x561db3925490_0, 0;
    %pushi/vec4 1, 0, 3;
    %assign/vec4 v0x561db39253b0_0, 0;
    %load/vec4 v0x561db3925ee0_0;
    %parti/s 1, 20, 6;
    %flag_set/vec4 8;
    %jmp/0 T_2.18, 8;
    %pushi/vec4 0, 0, 20;
    %jmp/1 T_2.19, 8;
T_2.18 ; End of true expr.
    %load/vec4 v0x561db3925ee0_0;
    %parti/s 20, 1, 2;
    %jmp/0 T_2.19, 8;
 ; End of false expr.
    %blend;
T_2.19;
    %assign/vec4 v0x561db3924eb0_0, 0;
    %load/vec4 v0x561db3925fc0_0;
    %load/vec4 v0x561db3925130_0;
    %concat/vec4; draw_concat_vec4
    %assign/vec4 v0x561db3924be0_0, 0;
    %load/vec4 v0x561db3925130_0;
    %pad/u 32;
    %cmpi/e 63, 0, 32;
    %jmp/0xz  T_2.20, 4;
    %pushi/vec4 0, 0, 6;
    %assign/vec4 v0x561db3925130_0, 0;
    %load/vec4 v0x561db3925fc0_0;
    %addi 1, 0, 6;
    %assign/vec4 v0x561db3925fc0_0, 0;
    %jmp T_2.21;
T_2.20 ;
    %load/vec4 v0x561db3925130_0;
    %addi 1, 0, 6;
    %assign/vec4 v0x561db3925130_0, 0;
T_2.21 ;
    %jmp T_2.17;
T_2.16 ;
    %load/vec4 v0x561db3925a70_0;
    %cmpi/e 3, 0, 3;
    %jmp/0xz  T_2.22, 4;
    %pushi/vec4 1, 0, 1;
    %assign/vec4 v0x561db39252f0_0, 0;
    %pushi/vec4 1, 0, 3;
    %assign/vec4 v0x561db39253b0_0, 0;
    %load/vec4 v0x561db3925050_0;
    %dup/vec4;
    %pushi/vec4 0, 0, 4;
    %cmp/u;
    %jmp/1 T_2.24, 6;
    %dup/vec4;
    %pushi/vec4 1, 0, 4;
    %cmp/u;
    %jmp/1 T_2.25, 6;
    %dup/vec4;
    %pushi/vec4 2, 0, 4;
    %cmp/u;
    %jmp/1 T_2.26, 6;
    %dup/vec4;
    %pushi/vec4 3, 0, 4;
    %cmp/u;
    %jmp/1 T_2.27, 6;
    %dup/vec4;
    %pushi/vec4 4, 0, 4;
    %cmp/u;
    %jmp/1 T_2.28, 6;
    %jmp T_2.29;
T_2.24 ;
    %load/vec4 v0x561db3925fc0_0;
    %load/vec4 v0x561db3925130_0;
    %concat/vec4; draw_concat_vec4
    %assign/vec4 v0x561db3924b00_0, 0;
    %jmp T_2.29;
T_2.25 ;
    %load/vec4 v0x561db3925fc0_0;
    %load/vec4 v0x561db3925130_0;
    %addi 1, 0, 6;
    %concat/vec4; draw_concat_vec4
    %assign/vec4 v0x561db3924b00_0, 0;
    %load/vec4 v0x561db3924cc0_0;
    %assign/vec4 v0x561db39258b0_0, 0;
    %jmp T_2.29;
T_2.26 ;
    %load/vec4 v0x561db3925fc0_0;
    %addi 1, 0, 6;
    %load/vec4 v0x561db3925130_0;
    %concat/vec4; draw_concat_vec4
    %assign/vec4 v0x561db3924b00_0, 0;
    %load/vec4 v0x561db39258b0_0;
    %load/vec4 v0x561db3924cc0_0;
    %cmp/u;
    %flag_mov 8, 5;
    %jmp/0 T_2.30, 8;
    %load/vec4 v0x561db3924cc0_0;
    %jmp/1 T_2.31, 8;
T_2.30 ; End of true expr.
    %load/vec4 v0x561db39258b0_0;
    %jmp/0 T_2.31, 8;
 ; End of false expr.
    %blend;
T_2.31;
    %assign/vec4 v0x561db39258b0_0, 0;
    %jmp T_2.29;
T_2.27 ;
    %load/vec4 v0x561db3925fc0_0;
    %addi 1, 0, 6;
    %load/vec4 v0x561db3925130_0;
    %addi 1, 0, 6;
    %concat/vec4; draw_concat_vec4
    %assign/vec4 v0x561db3924b00_0, 0;
    %load/vec4 v0x561db39258b0_0;
    %load/vec4 v0x561db3924cc0_0;
    %cmp/u;
    %flag_mov 8, 5;
    %jmp/0 T_2.32, 8;
    %load/vec4 v0x561db3924cc0_0;
    %jmp/1 T_2.33, 8;
T_2.32 ; End of true expr.
    %load/vec4 v0x561db39258b0_0;
    %jmp/0 T_2.33, 8;
 ; End of false expr.
    %blend;
T_2.33;
    %assign/vec4 v0x561db39258b0_0, 0;
    %jmp T_2.29;
T_2.28 ;
    %load/vec4 v0x561db39258b0_0;
    %load/vec4 v0x561db3924cc0_0;
    %cmp/u;
    %flag_mov 8, 5;
    %jmp/0 T_2.34, 8;
    %load/vec4 v0x561db3924cc0_0;
    %jmp/1 T_2.35, 8;
T_2.34 ; End of true expr.
    %load/vec4 v0x561db39258b0_0;
    %jmp/0 T_2.35, 8;
 ; End of false expr.
    %blend;
T_2.35;
    %assign/vec4 v0x561db39258b0_0, 0;
    %jmp T_2.29;
T_2.29 ;
    %pop/vec4 1;
    %load/vec4 v0x561db3925050_0;
    %pad/u 32;
    %cmpi/u 5, 0, 32;
    %jmp/0xz  T_2.36, 5;
    %load/vec4 v0x561db3925050_0;
    %addi 1, 0, 4;
    %assign/vec4 v0x561db3925050_0, 0;
    %jmp T_2.37;
T_2.36 ;
    %pushi/vec4 0, 0, 4;
    %assign/vec4 v0x561db3925050_0, 0;
T_2.37 ;
    %jmp T_2.23;
T_2.22 ;
    %load/vec4 v0x561db3925a70_0;
    %cmpi/e 4, 0, 3;
    %jmp/0xz  T_2.38, 4;
    %pushi/vec4 3, 0, 3;
    %assign/vec4 v0x561db39253b0_0, 0;
    %pushi/vec4 0, 0, 1;
    %assign/vec4 v0x561db3925490_0, 0;
    %load/vec4 v0x561db3925fc0_0;
    %parti/s 5, 1, 2;
    %load/vec4 v0x561db3925130_0;
    %parti/s 5, 1, 2;
    %concat/vec4; draw_concat_vec4
    %pad/u 12;
    %assign/vec4 v0x561db3924be0_0, 0;
    %load/vec4 v0x561db39258b0_0;
    %assign/vec4 v0x561db3924eb0_0, 0;
    %load/vec4 v0x561db3925130_0;
    %pad/u 32;
    %cmpi/e 62, 0, 32;
    %jmp/0xz  T_2.40, 4;
    %load/vec4 v0x561db3925fc0_0;
    %addi 2, 0, 6;
    %assign/vec4 v0x561db3925fc0_0, 0;
    %pushi/vec4 0, 0, 6;
    %assign/vec4 v0x561db3925130_0, 0;
    %jmp T_2.41;
T_2.40 ;
    %load/vec4 v0x561db3925130_0;
    %addi 2, 0, 6;
    %assign/vec4 v0x561db3925130_0, 0;
T_2.41 ;
T_2.38 ;
T_2.23 ;
T_2.17 ;
T_2.3 ;
T_2.1 ;
    %jmp T_2;
    .thread T_2;
    .scope S_0x561db38b1200;
T_3 ;
    %wait E_0x561db38b18b0;
    %load/vec4 v0x561db3925050_0;
    %dup/vec4;
    %pushi/vec4 1, 0, 4;
    %cmp/u;
    %jmp/1 T_3.0, 6;
    %dup/vec4;
    %pushi/vec4 2, 0, 4;
    %cmp/u;
    %jmp/1 T_3.1, 6;
    %dup/vec4;
    %pushi/vec4 3, 0, 4;
    %cmp/u;
    %jmp/1 T_3.2, 6;
    %dup/vec4;
    %pushi/vec4 4, 0, 4;
    %cmp/u;
    %jmp/1 T_3.3, 6;
    %dup/vec4;
    %pushi/vec4 5, 0, 4;
    %cmp/u;
    %jmp/1 T_3.4, 6;
    %dup/vec4;
    %pushi/vec4 6, 0, 4;
    %cmp/u;
    %jmp/1 T_3.5, 6;
    %dup/vec4;
    %pushi/vec4 7, 0, 4;
    %cmp/u;
    %jmp/1 T_3.6, 6;
    %dup/vec4;
    %pushi/vec4 8, 0, 4;
    %cmp/u;
    %jmp/1 T_3.7, 6;
    %dup/vec4;
    %pushi/vec4 9, 0, 4;
    %cmp/u;
    %jmp/1 T_3.8, 6;
    %dup/vec4;
    %pushi/vec4 10, 0, 4;
    %cmp/u;
    %jmp/1 T_3.9, 6;
    %jmp T_3.10;
T_3.0 ;
    %load/vec4 v0x561db3925130_0;
    %pad/u 32;
    %pushi/vec4 0, 0, 32;
    %cmp/e;
    %flag_get/vec4 4;
    %inv;
    %load/vec4 v0x561db3925fc0_0;
    %pad/u 32;
    %pushi/vec4 0, 0, 32;
    %cmp/e;
    %flag_get/vec4 4;
    %inv;
    %and;
    %flag_set/vec4 8;
    %jmp/0xz  T_3.11, 8;
    %load/vec4 v0x561db3925990_0;
    %pad/s 44;
    %assign/vec4 v0x561db3925210_0, 0;
T_3.11 ;
    %jmp T_3.10;
T_3.1 ;
    %load/vec4 v0x561db3925fc0_0;
    %pad/u 32;
    %cmpi/ne 0, 0, 32;
    %jmp/0xz  T_3.13, 4;
    %load/vec4 v0x561db3925990_0;
    %pad/s 44;
    %load/vec4 v0x561db3925210_0;
    %add;
    %assign/vec4 v0x561db3925210_0, 0;
T_3.13 ;
    %jmp T_3.10;
T_3.2 ;
    %load/vec4 v0x561db3925130_0;
    %pad/u 32;
    %pushi/vec4 63, 0, 32;
    %cmp/e;
    %flag_get/vec4 4;
    %inv;
    %load/vec4 v0x561db3925fc0_0;
    %pad/u 32;
    %pushi/vec4 0, 0, 32;
    %cmp/e;
    %flag_get/vec4 4;
    %inv;
    %and;
    %flag_set/vec4 8;
    %jmp/0xz  T_3.15, 8;
    %load/vec4 v0x561db3925990_0;
    %pad/s 44;
    %load/vec4 v0x561db3925210_0;
    %add;
    %assign/vec4 v0x561db3925210_0, 0;
T_3.15 ;
    %jmp T_3.10;
T_3.3 ;
    %load/vec4 v0x561db3925130_0;
    %pad/u 32;
    %cmpi/ne 0, 0, 32;
    %jmp/0xz  T_3.17, 4;
    %load/vec4 v0x561db3925990_0;
    %pad/s 44;
    %load/vec4 v0x561db3925210_0;
    %add;
    %assign/vec4 v0x561db3925210_0, 0;
T_3.17 ;
    %jmp T_3.10;
T_3.4 ;
    %load/vec4 v0x561db3925990_0;
    %pad/s 44;
    %load/vec4 v0x561db3925210_0;
    %add;
    %assign/vec4 v0x561db3925210_0, 0;
    %jmp T_3.10;
T_3.5 ;
    %load/vec4 v0x561db3925130_0;
    %pad/u 32;
    %cmpi/ne 63, 0, 32;
    %jmp/0xz  T_3.19, 4;
    %load/vec4 v0x561db3925990_0;
    %pad/s 44;
    %load/vec4 v0x561db3925210_0;
    %add;
    %assign/vec4 v0x561db3925210_0, 0;
T_3.19 ;
    %jmp T_3.10;
T_3.6 ;
    %load/vec4 v0x561db3925130_0;
    %pad/u 32;
    %pushi/vec4 0, 0, 32;
    %cmp/e;
    %flag_get/vec4 4;
    %inv;
    %load/vec4 v0x561db3925fc0_0;
    %pad/u 32;
    %pushi/vec4 63, 0, 32;
    %cmp/e;
    %flag_get/vec4 4;
    %inv;
    %and;
    %flag_set/vec4 8;
    %jmp/0xz  T_3.21, 8;
    %load/vec4 v0x561db3925990_0;
    %pad/s 44;
    %load/vec4 v0x561db3925210_0;
    %add;
    %assign/vec4 v0x561db3925210_0, 0;
T_3.21 ;
    %jmp T_3.10;
T_3.7 ;
    %load/vec4 v0x561db3925fc0_0;
    %pad/u 32;
    %cmpi/ne 63, 0, 32;
    %jmp/0xz  T_3.23, 4;
    %load/vec4 v0x561db3925990_0;
    %pad/s 44;
    %load/vec4 v0x561db3925210_0;
    %add;
    %assign/vec4 v0x561db3925210_0, 0;
T_3.23 ;
    %jmp T_3.10;
T_3.8 ;
    %load/vec4 v0x561db3925130_0;
    %pad/u 32;
    %pushi/vec4 63, 0, 32;
    %cmp/e;
    %flag_get/vec4 4;
    %inv;
    %load/vec4 v0x561db3925fc0_0;
    %pad/u 32;
    %pushi/vec4 63, 0, 32;
    %cmp/e;
    %flag_get/vec4 4;
    %inv;
    %and;
    %flag_set/vec4 8;
    %jmp/0xz  T_3.25, 8;
    %load/vec4 v0x561db3925990_0;
    %pad/s 44;
    %load/vec4 v0x561db3925210_0;
    %add;
    %assign/vec4 v0x561db3925210_0, 0;
T_3.25 ;
    %jmp T_3.10;
T_3.9 ;
    %load/vec4 v0x561db3925990_0;
    %pad/u 44;
    %addi 4880, 0, 44;
    %assign/vec4 v0x561db3925210_0, 0;
    %jmp T_3.10;
T_3.10 ;
    %pop/vec4 1;
    %jmp T_3;
    .thread T_3;
    .scope S_0x561db38b1200;
T_4 ;
    %wait E_0x561db38e6520;
    %load/vec4 v0x561db3925050_0;
    %dup/vec4;
    %pushi/vec4 1, 0, 4;
    %cmp/u;
    %jmp/1 T_4.0, 6;
    %dup/vec4;
    %pushi/vec4 2, 0, 4;
    %cmp/u;
    %jmp/1 T_4.1, 6;
    %dup/vec4;
    %pushi/vec4 3, 0, 4;
    %cmp/u;
    %jmp/1 T_4.2, 6;
    %dup/vec4;
    %pushi/vec4 4, 0, 4;
    %cmp/u;
    %jmp/1 T_4.3, 6;
    %dup/vec4;
    %pushi/vec4 5, 0, 4;
    %cmp/u;
    %jmp/1 T_4.4, 6;
    %dup/vec4;
    %pushi/vec4 6, 0, 4;
    %cmp/u;
    %jmp/1 T_4.5, 6;
    %dup/vec4;
    %pushi/vec4 7, 0, 4;
    %cmp/u;
    %jmp/1 T_4.6, 6;
    %dup/vec4;
    %pushi/vec4 8, 0, 4;
    %cmp/u;
    %jmp/1 T_4.7, 6;
    %dup/vec4;
    %pushi/vec4 9, 0, 4;
    %cmp/u;
    %jmp/1 T_4.8, 6;
    %pushi/vec4 0, 0, 20;
    %store/vec4 v0x561db39257d0_0, 0, 20;
    %jmp T_4.10;
T_4.0 ;
    %pushi/vec4 43166, 0, 20;
    %store/vec4 v0x561db39257d0_0, 0, 20;
    %jmp T_4.10;
T_4.1 ;
    %pushi/vec4 37589, 0, 20;
    %store/vec4 v0x561db39257d0_0, 0, 20;
    %jmp T_4.10;
T_4.2 ;
    %pushi/vec4 27971, 0, 20;
    %store/vec4 v0x561db39257d0_0, 0, 20;
    %jmp T_4.10;
T_4.3 ;
    %pushi/vec4 4100, 0, 20;
    %store/vec4 v0x561db39257d0_0, 0, 20;
    %jmp T_4.10;
T_4.4 ;
    %pushi/vec4 1019761, 0, 20;
    %store/vec4 v0x561db39257d0_0, 0, 20;
    %jmp T_4.10;
T_4.5 ;
    %pushi/vec4 1011284, 0, 20;
    %store/vec4 v0x561db39257d0_0, 0, 20;
    %jmp T_4.10;
T_4.6 ;
    %pushi/vec4 1025751, 0, 20;
    %store/vec4 v0x561db39257d0_0, 0, 20;
    %jmp T_4.10;
T_4.7 ;
    %pushi/vec4 1034292, 0, 20;
    %store/vec4 v0x561db39257d0_0, 0, 20;
    %jmp T_4.10;
T_4.8 ;
    %pushi/vec4 1027097, 0, 20;
    %store/vec4 v0x561db39257d0_0, 0, 20;
    %jmp T_4.10;
T_4.10 ;
    %pop/vec4 1;
    %jmp T_4;
    .thread T_4, $push;
# The file index is used to find the file name in the following table.
:file_names 3;
    "N/A";
    "<interactive>";
    "CONV.v";
