#! /usr/bin/vvp
:ivl_version "10.3 (stable)";
:ivl_delay_selection "TYPICAL";
:vpi_time_precision + 0;
:vpi_module "system";
:vpi_module "vhdl_sys";
:vpi_module "v2005_math";
:vpi_module "va_math";
S_0x55b3eba28100 .scope module, "DT" "DT" 2 1;
 .timescale 0 0;
    .port_info 0 /INPUT 1 "clk"
    .port_info 1 /INPUT 1 "reset"
    .port_info 2 /OUTPUT 1 "done"
    .port_info 3 /OUTPUT 1 "sti_rd"
    .port_info 4 /OUTPUT 10 "sti_addr"
    .port_info 5 /INPUT 16 "sti_di"
    .port_info 6 /OUTPUT 1 "res_wr"
    .port_info 7 /OUTPUT 1 "res_rd"
    .port_info 8 /OUTPUT 14 "res_addr"
    .port_info 9 /OUTPUT 8 "res_do"
    .port_info 10 /INPUT 8 "res_di"
P_0x55b3eba28280 .param/l "CHANGE_DIR" 0 2 20, C4<100>;
P_0x55b3eba282c0 .param/l "FINISH" 0 2 21, C4<101>;
P_0x55b3eba28300 .param/l "IDLE" 0 2 16, C4<000>;
P_0x55b3eba28340 .param/l "READ_RAM" 0 2 18, C4<010>;
P_0x55b3eba28380 .param/l "READ_ROM" 0 2 17, C4<001>;
P_0x55b3eba283c0 .param/l "WRITE_RAM" 0 2 19, C4<011>;
L_0x7f913d04f018 .functor BUFT 1, C4<101>, C4<0>, C4<0>, C4<0>;
v0x55b3eba53cd0_0 .net/2u *"_s0", 2 0, L_0x7f913d04f018;  1 drivers
o0x7f913d098048 .functor BUFZ 1, C4<z>; HiZ drive
v0x55b3eba83ff0_0 .net "clk", 0 0, o0x7f913d098048;  0 drivers
v0x55b3eba840b0_0 .var "cnt", 2 0;
v0x55b3eba84170_0 .var "col", 7 0;
v0x55b3eba84250_0 .var "dir", 0 0;
v0x55b3eba84360_0 .net "done", 0 0, L_0x55b3eba851d0;  1 drivers
v0x55b3eba84420_0 .var "min", 7 0;
v0x55b3eba84500_0 .var "next_state", 2 0;
v0x55b3eba845e0_0 .var "res_addr", 13 0;
o0x7f913d0981c8 .functor BUFZ 8, C4<zzzzzzzz>; HiZ drive
v0x55b3eba846c0_0 .net "res_di", 7 0, o0x7f913d0981c8;  0 drivers
v0x55b3eba847a0_0 .var "res_do", 7 0;
v0x55b3eba84880_0 .var "res_rd", 0 0;
v0x55b3eba84940_0 .var "res_wr", 0 0;
o0x7f913d098288 .functor BUFZ 1, C4<z>; HiZ drive
v0x55b3eba84a00_0 .net "reset", 0 0, o0x7f913d098288;  0 drivers
v0x55b3eba84ac0_0 .var "row", 7 0;
v0x55b3eba84ba0_0 .var "state", 2 0;
v0x55b3eba84c80_0 .var "sti_addr", 9 0;
o0x7f913d098348 .functor BUFZ 16, C4<zzzzzzzzzzzzzzzz>; HiZ drive
v0x55b3eba84e70_0 .net "sti_di", 15 0, o0x7f913d098348;  0 drivers
v0x55b3eba84f50_0 .var "sti_rd", 0 0;
E_0x55b3eba5f130 .event negedge, v0x55b3eba84a00_0, v0x55b3eba83ff0_0;
E_0x55b3eba5d970/0 .event negedge, v0x55b3eba84a00_0;
E_0x55b3eba5d970/1 .event posedge, v0x55b3eba83ff0_0;
E_0x55b3eba5d970 .event/or E_0x55b3eba5d970/0, E_0x55b3eba5d970/1;
E_0x55b3eba5dd70/0 .event edge, v0x55b3eba84a00_0, v0x55b3eba84ba0_0, v0x55b3eba84170_0, v0x55b3eba84e70_0;
E_0x55b3eba5dd70/1 .event edge, v0x55b3eba840b0_0, v0x55b3eba84ac0_0;
E_0x55b3eba5dd70 .event/or E_0x55b3eba5dd70/0, E_0x55b3eba5dd70/1;
E_0x55b3eba60650 .event posedge, v0x55b3eba83ff0_0;
L_0x55b3eba851d0 .cmp/eq 3, v0x55b3eba84ba0_0, L_0x7f913d04f018;
    .scope S_0x55b3eba28100;
T_0 ;
    %wait E_0x55b3eba60650;
    %load/vec4 v0x55b3eba84500_0;
    %assign/vec4 v0x55b3eba84ba0_0, 0;
    %jmp T_0;
    .thread T_0;
    .scope S_0x55b3eba28100;
T_1 ;
    %wait E_0x55b3eba5dd70;
    %load/vec4 v0x55b3eba84a00_0;
    %nor/r;
    %flag_set/vec4 8;
    %jmp/0xz  T_1.0, 8;
    %pushi/vec4 1, 0, 3;
    %store/vec4 v0x55b3eba84500_0, 0, 3;
    %jmp T_1.1;
T_1.0 ;
    %load/vec4 v0x55b3eba84ba0_0;
    %dup/vec4;
    %pushi/vec4 0, 0, 3;
    %cmp/u;
    %jmp/1 T_1.2, 6;
    %dup/vec4;
    %pushi/vec4 1, 0, 3;
    %cmp/u;
    %jmp/1 T_1.3, 6;
    %dup/vec4;
    %pushi/vec4 2, 0, 3;
    %cmp/u;
    %jmp/1 T_1.4, 6;
    %dup/vec4;
    %pushi/vec4 3, 0, 3;
    %cmp/u;
    %jmp/1 T_1.5, 6;
    %dup/vec4;
    %pushi/vec4 4, 0, 3;
    %cmp/u;
    %jmp/1 T_1.6, 6;
    %pushi/vec4 0, 0, 3;
    %store/vec4 v0x55b3eba84500_0, 0, 3;
    %jmp T_1.8;
T_1.2 ;
    %pushi/vec4 1, 0, 3;
    %store/vec4 v0x55b3eba84500_0, 0, 3;
    %jmp T_1.8;
T_1.3 ;
    %load/vec4 v0x55b3eba84e70_0;
    %load/vec4 v0x55b3eba84170_0;
    %parti/s 4, 0, 2;
    %part/u 1;
    %pad/u 32;
    %cmpi/e 1, 0, 32;
    %jmp/0xz  T_1.9, 4;
    %pushi/vec4 2, 0, 3;
    %store/vec4 v0x55b3eba84500_0, 0, 3;
    %jmp T_1.10;
T_1.9 ;
    %pushi/vec4 1, 0, 3;
    %store/vec4 v0x55b3eba84500_0, 0, 3;
T_1.10 ;
    %jmp T_1.8;
T_1.4 ;
    %load/vec4 v0x55b3eba840b0_0;
    %pad/u 32;
    %cmpi/e 4, 0, 32;
    %jmp/0xz  T_1.11, 4;
    %pushi/vec4 3, 0, 3;
    %store/vec4 v0x55b3eba84500_0, 0, 3;
    %jmp T_1.12;
T_1.11 ;
    %pushi/vec4 2, 0, 3;
    %store/vec4 v0x55b3eba84500_0, 0, 3;
T_1.12 ;
    %jmp T_1.8;
T_1.5 ;
    %load/vec4 v0x55b3eba84ac0_0;
    %pad/u 32;
    %pushi/vec4 126, 0, 32;
    %cmp/e;
    %flag_get/vec4 4;
    %load/vec4 v0x55b3eba84170_0;
    %pad/u 32;
    %pushi/vec4 126, 0, 32;
    %cmp/e;
    %flag_get/vec4 4;
    %and;
    %flag_set/vec4 8;
    %jmp/0xz  T_1.13, 8;
    %pushi/vec4 4, 0, 3;
    %store/vec4 v0x55b3eba84500_0, 0, 3;
    %jmp T_1.14;
T_1.13 ;
    %load/vec4 v0x55b3eba84ac0_0;
    %pad/u 32;
    %pushi/vec4 1, 0, 32;
    %cmp/e;
    %flag_get/vec4 4;
    %load/vec4 v0x55b3eba84170_0;
    %pad/u 32;
    %pushi/vec4 1, 0, 32;
    %cmp/e;
    %flag_get/vec4 4;
    %and;
    %flag_set/vec4 8;
    %jmp/0xz  T_1.15, 8;
    %pushi/vec4 5, 0, 3;
    %store/vec4 v0x55b3eba84500_0, 0, 3;
    %jmp T_1.16;
T_1.15 ;
    %pushi/vec4 1, 0, 3;
    %store/vec4 v0x55b3eba84500_0, 0, 3;
T_1.16 ;
T_1.14 ;
    %jmp T_1.8;
T_1.6 ;
    %pushi/vec4 1, 0, 3;
    %assign/vec4 v0x55b3eba84500_0, 0;
    %jmp T_1.8;
T_1.8 ;
    %pop/vec4 1;
T_1.1 ;
    %jmp T_1;
    .thread T_1, $push;
    .scope S_0x55b3eba28100;
T_2 ;
    %wait E_0x55b3eba5d970;
    %load/vec4 v0x55b3eba84a00_0;
    %nor/r;
    %flag_set/vec4 8;
    %jmp/0xz  T_2.0, 8;
    %pushi/vec4 8, 0, 10;
    %assign/vec4 v0x55b3eba84c80_0, 0;
    %pushi/vec4 0, 0, 1;
    %assign/vec4 v0x55b3eba84f50_0, 0;
    %pushi/vec4 0, 0, 1;
    %assign/vec4 v0x55b3eba84880_0, 0;
    %pushi/vec4 1, 0, 8;
    %assign/vec4 v0x55b3eba84ac0_0, 0;
    %pushi/vec4 1, 0, 8;
    %assign/vec4 v0x55b3eba84170_0, 0;
    %pushi/vec4 0, 0, 1;
    %assign/vec4 v0x55b3eba84250_0, 0;
    %jmp T_2.1;
T_2.0 ;
    %load/vec4 v0x55b3eba84500_0;
    %cmpi/e 0, 0, 3;
    %jmp/0xz  T_2.2, 4;
    %jmp T_2.3;
T_2.2 ;
    %load/vec4 v0x55b3eba84500_0;
    %cmpi/e 1, 0, 3;
    %jmp/0xz  T_2.4, 4;
    %pushi/vec4 1, 0, 1;
    %assign/vec4 v0x55b3eba84f50_0, 0;
    %load/vec4 v0x55b3eba84170_0;
    %pad/u 32;
    %cmpi/u 126, 0, 32;
    %jmp/0xz  T_2.6, 5;
    %load/vec4 v0x55b3eba84170_0;
    %addi 1, 0, 8;
    %assign/vec4 v0x55b3eba84170_0, 0;
    %jmp T_2.7;
T_2.6 ;
    %pushi/vec4 0, 0, 8;
    %assign/vec4 v0x55b3eba84170_0, 0;
    %load/vec4 v0x55b3eba84ac0_0;
    %addi 1, 0, 8;
    %assign/vec4 v0x55b3eba84ac0_0, 0;
T_2.7 ;
    %load/vec4 v0x55b3eba84170_0;
    %parti/s 4, 0, 2;
    %pad/u 32;
    %cmpi/e 15, 0, 32;
    %jmp/0xz  T_2.8, 4;
    %load/vec4 v0x55b3eba84c80_0;
    %addi 1, 0, 10;
    %assign/vec4 v0x55b3eba84c80_0, 0;
T_2.8 ;
    %jmp T_2.5;
T_2.4 ;
    %load/vec4 v0x55b3eba84500_0;
    %cmpi/e 2, 0, 3;
    %jmp/0xz  T_2.10, 4;
    %load/vec4 v0x55b3eba840b0_0;
    %dup/vec4;
    %pushi/vec4 0, 0, 3;
    %cmp/u;
    %jmp/1 T_2.12, 6;
    %dup/vec4;
    %pushi/vec4 1, 0, 3;
    %cmp/u;
    %jmp/1 T_2.13, 6;
    %dup/vec4;
    %pushi/vec4 2, 0, 3;
    %cmp/u;
    %jmp/1 T_2.14, 6;
    %dup/vec4;
    %pushi/vec4 3, 0, 3;
    %cmp/u;
    %jmp/1 T_2.15, 6;
    %dup/vec4;
    %pushi/vec4 4, 0, 3;
    %cmp/u;
    %jmp/1 T_2.16, 6;
    %jmp T_2.17;
T_2.12 ;
    %pushi/vec4 1, 0, 1;
    %assign/vec4 v0x55b3eba84880_0, 0;
    %load/vec4 v0x55b3eba84ac0_0;
    %subi 1, 0, 8;
    %load/vec4 v0x55b3eba84170_0;
    %subi 1, 0, 8;
    %concat/vec4; draw_concat_vec4
    %pad/u 14;
    %assign/vec4 v0x55b3eba845e0_0, 0;
    %jmp T_2.17;
T_2.13 ;
    %load/vec4 v0x55b3eba846c0_0;
    %assign/vec4 v0x55b3eba84420_0, 0;
    %load/vec4 v0x55b3eba84ac0_0;
    %subi 1, 0, 8;
    %load/vec4 v0x55b3eba84170_0;
    %concat/vec4; draw_concat_vec4
    %pad/u 14;
    %assign/vec4 v0x55b3eba845e0_0, 0;
    %jmp T_2.17;
T_2.14 ;
    %load/vec4 v0x55b3eba846c0_0;
    %load/vec4 v0x55b3eba84420_0;
    %cmp/u;
    %jmp/0xz  T_2.18, 5;
    %load/vec4 v0x55b3eba846c0_0;
    %assign/vec4 v0x55b3eba84420_0, 0;
T_2.18 ;
    %load/vec4 v0x55b3eba84ac0_0;
    %subi 1, 0, 8;
    %load/vec4 v0x55b3eba84170_0;
    %addi 1, 0, 8;
    %concat/vec4; draw_concat_vec4
    %pad/u 14;
    %assign/vec4 v0x55b3eba845e0_0, 0;
    %jmp T_2.17;
T_2.15 ;
    %load/vec4 v0x55b3eba846c0_0;
    %load/vec4 v0x55b3eba84420_0;
    %cmp/u;
    %jmp/0xz  T_2.20, 5;
    %load/vec4 v0x55b3eba846c0_0;
    %assign/vec4 v0x55b3eba84420_0, 0;
T_2.20 ;
    %load/vec4 v0x55b3eba84ac0_0;
    %load/vec4 v0x55b3eba84170_0;
    %subi 1, 0, 8;
    %concat/vec4; draw_concat_vec4
    %pad/u 14;
    %assign/vec4 v0x55b3eba845e0_0, 0;
    %jmp T_2.17;
T_2.16 ;
    %load/vec4 v0x55b3eba846c0_0;
    %load/vec4 v0x55b3eba84420_0;
    %cmp/u;
    %jmp/0xz  T_2.22, 5;
    %load/vec4 v0x55b3eba846c0_0;
    %assign/vec4 v0x55b3eba84420_0, 0;
T_2.22 ;
    %pushi/vec4 0, 0, 1;
    %assign/vec4 v0x55b3eba84880_0, 0;
    %jmp T_2.17;
T_2.17 ;
    %pop/vec4 1;
    %load/vec4 v0x55b3eba840b0_0;
    %pad/u 32;
    %cmpi/u 4, 0, 32;
    %jmp/0xz  T_2.24, 5;
    %load/vec4 v0x55b3eba840b0_0;
    %addi 1, 0, 3;
    %assign/vec4 v0x55b3eba840b0_0, 0;
    %jmp T_2.25;
T_2.24 ;
    %pushi/vec4 0, 0, 3;
    %assign/vec4 v0x55b3eba840b0_0, 0;
T_2.25 ;
    %jmp T_2.11;
T_2.10 ;
    %load/vec4 v0x55b3eba84500_0;
    %cmpi/e 4, 0, 3;
    %jmp/0xz  T_2.26, 4;
    %pushi/vec4 1, 0, 1;
    %assign/vec4 v0x55b3eba84250_0, 0;
T_2.26 ;
T_2.11 ;
T_2.5 ;
T_2.3 ;
T_2.1 ;
    %jmp T_2;
    .thread T_2;
    .scope S_0x55b3eba28100;
T_3 ;
    %wait E_0x55b3eba5f130;
    %load/vec4 v0x55b3eba84a00_0;
    %nor/r;
    %flag_set/vec4 8;
    %jmp/0xz  T_3.0, 8;
    %pushi/vec4 0, 0, 1;
    %assign/vec4 v0x55b3eba84940_0, 0;
    %pushi/vec4 0, 0, 8;
    %assign/vec4 v0x55b3eba847a0_0, 0;
    %jmp T_3.1;
T_3.0 ;
    %load/vec4 v0x55b3eba84500_0;
    %cmpi/e 3, 0, 3;
    %jmp/0xz  T_3.2, 4;
    %load/vec4 v0x55b3eba84ac0_0;
    %load/vec4 v0x55b3eba84170_0;
    %concat/vec4; draw_concat_vec4
    %pad/u 14;
    %assign/vec4 v0x55b3eba845e0_0, 0;
    %pushi/vec4 1, 0, 1;
    %assign/vec4 v0x55b3eba84940_0, 0;
    %load/vec4 v0x55b3eba84250_0;
    %pad/u 32;
    %cmpi/e 0, 0, 32;
    %jmp/0xz  T_3.4, 4;
    %load/vec4 v0x55b3eba84420_0;
    %addi 1, 0, 8;
    %assign/vec4 v0x55b3eba847a0_0, 0;
    %jmp T_3.5;
T_3.4 ;
    %load/vec4 v0x55b3eba84420_0;
    %assign/vec4 v0x55b3eba847a0_0, 0;
T_3.5 ;
T_3.2 ;
T_3.1 ;
    %jmp T_3;
    .thread T_3;
# The file index is used to find the file name in the following table.
:file_names 3;
    "N/A";
    "<interactive>";
    "DT.v";
