#! /usr/bin/vvp
:ivl_version "10.3 (stable)";
:ivl_delay_selection "TYPICAL";
:vpi_time_precision + 0;
:vpi_module "system";
:vpi_module "vhdl_sys";
:vpi_module "v2005_math";
:vpi_module "va_math";
S_0x558e6e684130 .scope module, "LCD_CTRL" "LCD_CTRL" 2 1;
 .timescale 0 0;
    .port_info 0 /INPUT 1 "clk"
    .port_info 1 /INPUT 1 "reset"
    .port_info 2 /INPUT 8 "datain"
    .port_info 3 /INPUT 3 "cmd"
    .port_info 4 /INPUT 1 "cmd_valid"
    .port_info 5 /OUTPUT 8 "dataout"
    .port_info 6 /OUTPUT 1 "output_valid"
    .port_info 7 /OUTPUT 1 "busy"
P_0x558e6e6af540 .param/l "LOAD_DATA" 1 2 27, C4<000>;
P_0x558e6e6af580 .param/l "PROCESS" 1 2 36, C4<1>;
P_0x558e6e6af5c0 .param/l "REFLASH" 1 2 34, C4<111>;
P_0x558e6e6af600 .param/l "SHIFT_DOWN" 1 2 33, C4<110>;
P_0x558e6e6af640 .param/l "SHIFT_LEFT" 1 2 31, C4<100>;
P_0x558e6e6af680 .param/l "SHIFT_RIGHT" 1 2 30, C4<011>;
P_0x558e6e6af6c0 .param/l "SHIFT_UP" 1 2 32, C4<101>;
P_0x558e6e6af700 .param/l "WAIT_CMD" 1 2 35, C4<0>;
P_0x558e6e6af740 .param/l "ZOOM_FIT" 1 2 29, C4<010>;
P_0x558e6e6af780 .param/l "ZOOM_IN" 1 2 28, C4<001>;
v0x558e6e697a00_0 .var "busy", 0 0;
o0x7f5058ef0048 .functor BUFZ 1, C4<z>; HiZ drive
v0x558e6e697ad0_0 .net "clk", 0 0, o0x7f5058ef0048;  0 drivers
o0x7f5058ef0078 .functor BUFZ 3, C4<zzz>; HiZ drive
v0x558e6e6e1090_0 .net "cmd", 2 0, o0x7f5058ef0078;  0 drivers
v0x558e6e6e1150_0 .var "cmd_reg", 2 0;
o0x7f5058ef00d8 .functor BUFZ 1, C4<z>; HiZ drive
v0x558e6e6e1230_0 .net "cmd_valid", 0 0, o0x7f5058ef00d8;  0 drivers
v0x558e6e6e1340_0 .var "col", 3 0;
v0x558e6e6e1420_0 .var "cur_state", 0 0;
v0x558e6e6e14e0 .array "data_buff", 0 107, 7 0;
o0x7f5058ef0168 .functor BUFZ 8, C4<zzzzzzzz>; HiZ drive
v0x558e6e6e15a0_0 .net "datain", 7 0, o0x7f5058ef0168;  0 drivers
v0x558e6e6e1680_0 .var "dataout", 7 0;
v0x558e6e6e1760_0 .var "img_counter", 7 0;
v0x558e6e6e1840_0 .var "next_state", 0 0;
v0x558e6e6e1900_0 .var "now_zoom", 0 0;
v0x558e6e6e19c0_0 .var "out_pos", 7 0;
v0x558e6e6e1aa0_0 .var "output_valid", 0 0;
o0x7f5058ef02b8 .functor BUFZ 1, C4<z>; HiZ drive
v0x558e6e6e1b60_0 .net "reset", 0 0, o0x7f5058ef02b8;  0 drivers
v0x558e6e6e1c20_0 .var "row", 3 0;
E_0x558e6e6baee0 .event posedge, v0x558e6e6e1b60_0, v0x558e6e697ad0_0;
E_0x558e6e6ba160 .event edge, v0x558e6e6e1900_0, v0x558e6e6e1c20_0, v0x558e6e6e1760_0, v0x558e6e6e1340_0;
E_0x558e6e6b9740 .event edge, v0x558e6e6e1420_0, v0x558e6e6e1230_0, v0x558e6e6e1150_0, v0x558e6e6e1760_0;
    .scope S_0x558e6e684130;
T_0 ;
    %wait E_0x558e6e6baee0;
    %load/vec4 v0x558e6e6e1b60_0;
    %flag_set/vec4 8;
    %jmp/0xz  T_0.0, 8;
    %pushi/vec4 0, 0, 1;
    %assign/vec4 v0x558e6e6e1420_0, 0;
    %jmp T_0.1;
T_0.0 ;
    %load/vec4 v0x558e6e6e1840_0;
    %assign/vec4 v0x558e6e6e1420_0, 0;
T_0.1 ;
    %jmp T_0;
    .thread T_0;
    .scope S_0x558e6e684130;
T_1 ;
    %wait E_0x558e6e6b9740;
    %load/vec4 v0x558e6e6e1420_0;
    %dup/vec4;
    %pushi/vec4 0, 0, 1;
    %cmp/u;
    %jmp/1 T_1.0, 6;
    %dup/vec4;
    %pushi/vec4 1, 0, 1;
    %cmp/u;
    %jmp/1 T_1.1, 6;
    %jmp T_1.2;
T_1.0 ;
    %load/vec4 v0x558e6e6e1230_0;
    %flag_set/vec4 8;
    %jmp/0xz  T_1.3, 8;
    %pushi/vec4 1, 0, 1;
    %store/vec4 v0x558e6e6e1840_0, 0, 1;
    %jmp T_1.4;
T_1.3 ;
    %pushi/vec4 0, 0, 1;
    %store/vec4 v0x558e6e6e1840_0, 0, 1;
T_1.4 ;
    %jmp T_1.2;
T_1.1 ;
    %load/vec4 v0x558e6e6e1150_0;
    %pushi/vec4 7, 0, 3;
    %cmp/e;
    %flag_get/vec4 4;
    %load/vec4 v0x558e6e6e1760_0;
    %parti/s 4, 4, 4;
    %pushi/vec4 3, 0, 4;
    %cmp/e;
    %flag_get/vec4 4;
    %and;
    %load/vec4 v0x558e6e6e1760_0;
    %parti/s 4, 0, 2;
    %pushi/vec4 3, 0, 4;
    %cmp/e;
    %flag_get/vec4 4;
    %and;
    %flag_set/vec4 8;
    %jmp/0xz  T_1.5, 8;
    %pushi/vec4 0, 0, 1;
    %store/vec4 v0x558e6e6e1840_0, 0, 1;
    %jmp T_1.6;
T_1.5 ;
    %pushi/vec4 1, 0, 1;
    %store/vec4 v0x558e6e6e1840_0, 0, 1;
T_1.6 ;
    %jmp T_1.2;
T_1.2 ;
    %pop/vec4 1;
    %jmp T_1;
    .thread T_1, $push;
    .scope S_0x558e6e684130;
T_2 ;
    %wait E_0x558e6e6ba160;
    %load/vec4 v0x558e6e6e1900_0;
    %pad/u 32;
    %cmpi/e 1, 0, 32;
    %jmp/0xz  T_2.0, 4;
    %load/vec4 v0x558e6e6e1c20_0;
    %pad/u 8;
    %load/vec4 v0x558e6e6e1760_0;
    %parti/s 4, 4, 4;
    %pad/u 8;
    %add;
    %subi 2, 0, 8;
    %muli 12, 0, 8;
    %load/vec4 v0x558e6e6e1760_0;
    %parti/s 4, 0, 2;
    %pad/u 8;
    %add;
    %load/vec4 v0x558e6e6e1340_0;
    %pad/u 8;
    %add;
    %subi 2, 0, 8;
    %store/vec4 v0x558e6e6e19c0_0, 0, 8;
    %jmp T_2.1;
T_2.0 ;
    %load/vec4 v0x558e6e6e1900_0;
    %pad/u 32;
    %cmpi/e 0, 0, 32;
    %jmp/0xz  T_2.2, 4;
    %load/vec4 v0x558e6e6e1760_0;
    %parti/s 4, 4, 4;
    %pad/u 8;
    %muli 24, 0, 8;
    %load/vec4 v0x558e6e6e1760_0;
    %parti/s 4, 0, 2;
    %pad/u 8;
    %muli 3, 0, 8;
    %add;
    %addi 13, 0, 8;
    %store/vec4 v0x558e6e6e19c0_0, 0, 8;
T_2.2 ;
T_2.1 ;
    %jmp T_2;
    .thread T_2, $push;
    .scope S_0x558e6e684130;
T_3 ;
    %wait E_0x558e6e6baee0;
    %load/vec4 v0x558e6e6e1b60_0;
    %flag_set/vec4 8;
    %jmp/0xz  T_3.0, 8;
    %pushi/vec4 5, 0, 4;
    %assign/vec4 v0x558e6e6e1c20_0, 0;
    %pushi/vec4 6, 0, 4;
    %assign/vec4 v0x558e6e6e1340_0, 0;
    %pushi/vec4 0, 0, 8;
    %assign/vec4 v0x558e6e6e1680_0, 0;
    %pushi/vec4 0, 0, 1;
    %assign/vec4 v0x558e6e6e1aa0_0, 0;
    %pushi/vec4 0, 0, 1;
    %assign/vec4 v0x558e6e697a00_0, 0;
    %pushi/vec4 7, 0, 3;
    %assign/vec4 v0x558e6e6e1150_0, 0;
    %pushi/vec4 0, 0, 8;
    %assign/vec4 v0x558e6e6e1760_0, 0;
    %jmp T_3.1;
T_3.0 ;
    %load/vec4 v0x558e6e6e1420_0;
    %cmpi/e 0, 0, 1;
    %jmp/0xz  T_3.2, 4;
    %load/vec4 v0x558e6e6e1230_0;
    %flag_set/vec4 8;
    %jmp/0xz  T_3.4, 8;
    %load/vec4 v0x558e6e6e1090_0;
    %assign/vec4 v0x558e6e6e1150_0, 0;
    %pushi/vec4 1, 0, 1;
    %assign/vec4 v0x558e6e697a00_0, 0;
T_3.4 ;
    %pushi/vec4 0, 0, 8;
    %assign/vec4 v0x558e6e6e1760_0, 0;
    %pushi/vec4 0, 0, 1;
    %assign/vec4 v0x558e6e6e1aa0_0, 0;
    %jmp T_3.3;
T_3.2 ;
    %load/vec4 v0x558e6e6e1150_0;
    %dup/vec4;
    %pushi/vec4 7, 0, 3;
    %cmp/u;
    %jmp/1 T_3.6, 6;
    %dup/vec4;
    %pushi/vec4 1, 0, 3;
    %cmp/u;
    %jmp/1 T_3.7, 6;
    %dup/vec4;
    %pushi/vec4 2, 0, 3;
    %cmp/u;
    %jmp/1 T_3.8, 6;
    %dup/vec4;
    %pushi/vec4 0, 0, 3;
    %cmp/u;
    %jmp/1 T_3.9, 6;
    %dup/vec4;
    %pushi/vec4 3, 0, 3;
    %cmp/u;
    %jmp/1 T_3.10, 6;
    %dup/vec4;
    %pushi/vec4 4, 0, 3;
    %cmp/u;
    %jmp/1 T_3.11, 6;
    %dup/vec4;
    %pushi/vec4 5, 0, 3;
    %cmp/u;
    %jmp/1 T_3.12, 6;
    %load/vec4 v0x558e6e6e1c20_0;
    %cmpi/ne 7, 0, 4;
    %jmp/0xz  T_3.15, 4;
    %load/vec4 v0x558e6e6e1c20_0;
    %addi 1, 0, 4;
    %assign/vec4 v0x558e6e6e1c20_0, 0;
T_3.15 ;
    %pushi/vec4 7, 0, 3;
    %assign/vec4 v0x558e6e6e1150_0, 0;
    %jmp T_3.14;
T_3.6 ;
    %ix/getv 4, v0x558e6e6e19c0_0;
    %load/vec4a v0x558e6e6e14e0, 4;
    %assign/vec4 v0x558e6e6e1680_0, 0;
    %load/vec4 v0x558e6e6e1760_0;
    %parti/s 4, 0, 2;
    %cmpi/e 3, 0, 4;
    %jmp/0xz  T_3.17, 4;
    %load/vec4 v0x558e6e6e1760_0;
    %parti/s 4, 4, 4;
    %addi 1, 0, 4;
    %ix/load 4, 4, 0;
    %ix/load 5, 0, 0;
    %flag_set/imm 4, 0;
    %assign/vec4/off/d v0x558e6e6e1760_0, 4, 5;
    %pushi/vec4 0, 0, 4;
    %ix/load 4, 0, 0;
    %ix/load 5, 0, 0;
    %flag_set/imm 4, 0;
    %assign/vec4/off/d v0x558e6e6e1760_0, 4, 5;
    %jmp T_3.18;
T_3.17 ;
    %load/vec4 v0x558e6e6e1760_0;
    %addi 1, 0, 8;
    %assign/vec4 v0x558e6e6e1760_0, 0;
T_3.18 ;
    %load/vec4 v0x558e6e6e1760_0;
    %parti/s 4, 4, 4;
    %pushi/vec4 3, 0, 4;
    %cmp/e;
    %flag_get/vec4 4;
    %load/vec4 v0x558e6e6e1760_0;
    %parti/s 4, 0, 2;
    %pushi/vec4 3, 0, 4;
    %cmp/e;
    %flag_get/vec4 4;
    %and;
    %flag_set/vec4 8;
    %jmp/0xz  T_3.19, 8;
    %pushi/vec4 0, 0, 1;
    %assign/vec4 v0x558e6e697a00_0, 0;
T_3.19 ;
    %pushi/vec4 1, 0, 1;
    %assign/vec4 v0x558e6e6e1aa0_0, 0;
    %jmp T_3.14;
T_3.7 ;
    %load/vec4 v0x558e6e6e1900_0;
    %pad/u 32;
    %cmpi/e 0, 0, 32;
    %jmp/0xz  T_3.21, 4;
    %pushi/vec4 1, 0, 1;
    %assign/vec4 v0x558e6e6e1900_0, 0;
    %pushi/vec4 5, 0, 4;
    %assign/vec4 v0x558e6e6e1c20_0, 0;
    %pushi/vec4 6, 0, 4;
    %assign/vec4 v0x558e6e6e1340_0, 0;
T_3.21 ;
    %pushi/vec4 7, 0, 3;
    %assign/vec4 v0x558e6e6e1150_0, 0;
    %jmp T_3.14;
T_3.8 ;
    %pushi/vec4 0, 0, 1;
    %assign/vec4 v0x558e6e6e1900_0, 0;
    %pushi/vec4 7, 0, 3;
    %assign/vec4 v0x558e6e6e1150_0, 0;
    %jmp T_3.14;
T_3.9 ;
    %load/vec4 v0x558e6e6e1760_0;
    %cmpi/e 107, 0, 8;
    %jmp/0xz  T_3.23, 4;
    %pushi/vec4 0, 0, 8;
    %assign/vec4 v0x558e6e6e1760_0, 0;
    %pushi/vec4 0, 0, 1;
    %assign/vec4 v0x558e6e6e1900_0, 0;
    %pushi/vec4 7, 0, 3;
    %assign/vec4 v0x558e6e6e1150_0, 0;
    %jmp T_3.24;
T_3.23 ;
    %load/vec4 v0x558e6e6e1760_0;
    %addi 1, 0, 8;
    %assign/vec4 v0x558e6e6e1760_0, 0;
T_3.24 ;
    %load/vec4 v0x558e6e6e15a0_0;
    %ix/getv 3, v0x558e6e6e1760_0;
    %ix/load 4, 0, 0; Constant delay
    %assign/vec4/a/d v0x558e6e6e14e0, 0, 4;
    %jmp T_3.14;
T_3.10 ;
    %load/vec4 v0x558e6e6e1340_0;
    %cmpi/ne 10, 0, 4;
    %jmp/0xz  T_3.25, 4;
    %load/vec4 v0x558e6e6e1340_0;
    %addi 1, 0, 4;
    %assign/vec4 v0x558e6e6e1340_0, 0;
T_3.25 ;
    %pushi/vec4 7, 0, 3;
    %assign/vec4 v0x558e6e6e1150_0, 0;
    %jmp T_3.14;
T_3.11 ;
    %load/vec4 v0x558e6e6e1340_0;
    %cmpi/ne 2, 0, 4;
    %jmp/0xz  T_3.27, 4;
    %load/vec4 v0x558e6e6e1340_0;
    %subi 1, 0, 4;
    %assign/vec4 v0x558e6e6e1340_0, 0;
T_3.27 ;
    %pushi/vec4 7, 0, 3;
    %assign/vec4 v0x558e6e6e1150_0, 0;
    %jmp T_3.14;
T_3.12 ;
    %load/vec4 v0x558e6e6e1c20_0;
    %cmpi/ne 2, 0, 4;
    %jmp/0xz  T_3.29, 4;
    %load/vec4 v0x558e6e6e1c20_0;
    %subi 1, 0, 4;
    %assign/vec4 v0x558e6e6e1c20_0, 0;
T_3.29 ;
    %pushi/vec4 7, 0, 3;
    %assign/vec4 v0x558e6e6e1150_0, 0;
    %jmp T_3.14;
T_3.14 ;
    %pop/vec4 1;
T_3.3 ;
T_3.1 ;
    %jmp T_3;
    .thread T_3;
# The file index is used to find the file name in the following table.
:file_names 3;
    "N/A";
    "<interactive>";
    "lcd_ctrl.v";
